{"numFailedTestSuites":5,"numFailedTests":3,"numPassedTestSuites":2,"numPassedTests":21,"numPendingTestSuites":0,"numPendingTests":0,"numRuntimeErrorTestSuites":4,"numTodoTests":0,"numTotalTestSuites":7,"numTotalTests":24,"openHandles":[],"snapshot":{"added":0,"didUpdate":false,"failure":false,"filesAdded":0,"filesRemoved":0,"filesRemovedList":[],"filesUnmatched":0,"filesUpdated":0,"matched":0,"total":0,"unchecked":0,"uncheckedKeysByFile":[],"unmatched":0,"updated":0},"startTime":1769613547573,"success":false,"testResults":[{"assertionResults":[{"ancestorTitles":["Phase 12 Frontend Integration","Dashboard Component"],"failureMessages":[],"fullName":"Phase 12 Frontend Integration Dashboard Component should render dashboard with metrics","location":null,"status":"passed","title":"should render dashboard with metrics"},{"ancestorTitles":["Phase 12 Frontend Integration","Dashboard Component"],"failureMessages":[],"fullName":"Phase 12 Frontend Integration Dashboard Component should fetch health data","location":null,"status":"passed","title":"should fetch health data"},{"ancestorTitles":["Phase 12 Frontend Integration","Dashboard Component"],"failureMessages":[],"fullName":"Phase 12 Frontend Integration Dashboard Component should auto-refresh every 5 seconds","location":null,"status":"passed","title":"should auto-refresh every 5 seconds"},{"ancestorTitles":["Phase 12 Frontend Integration","Search Component"],"failureMessages":[],"fullName":"Phase 12 Frontend Integration Search Component should render search form","location":null,"status":"passed","title":"should render search form"},{"ancestorTitles":["Phase 12 Frontend Integration","Search Component"],"failureMessages":[],"fullName":"Phase 12 Frontend Integration Search Component should perform full-text search","location":null,"status":"passed","title":"should perform full-text search"},{"ancestorTitles":["Phase 12 Frontend Integration","Search Component"],"failureMessages":[],"fullName":"Phase 12 Frontend Integration Search Component should show suggestions","location":null,"status":"passed","title":"should show suggestions"},{"ancestorTitles":["Phase 12 Frontend Integration","Search Component"],"failureMessages":[],"fullName":"Phase 12 Frontend Integration Search Component should export results to JSON","location":null,"status":"passed","title":"should export results to JSON"},{"ancestorTitles":["Phase 12 Frontend Integration","Validation Component"],"failureMessages":[],"fullName":"Phase 12 Frontend Integration Validation Component should validate email","location":null,"status":"passed","title":"should validate email"},{"ancestorTitles":["Phase 12 Frontend Integration","Validation Component"],"failureMessages":[],"fullName":"Phase 12 Frontend Integration Validation Component should validate phone","location":null,"status":"passed","title":"should validate phone"},{"ancestorTitles":["Phase 12 Frontend Integration","Validation Component"],"failureMessages":[],"fullName":"Phase 12 Frontend Integration Validation Component should validate URL","location":null,"status":"passed","title":"should validate URL"},{"ancestorTitles":["Phase 12 Frontend Integration","Validation Component"],"failureMessages":[],"fullName":"Phase 12 Frontend Integration Validation Component should validate schema","location":null,"status":"passed","title":"should validate schema"},{"ancestorTitles":["Phase 12 Frontend Integration","Admin Component"],"failureMessages":[],"fullName":"Phase 12 Frontend Integration Admin Component should load admin overview","location":null,"status":"passed","title":"should load admin overview"},{"ancestorTitles":["Phase 12 Frontend Integration","Admin Component"],"failureMessages":[],"fullName":"Phase 12 Frontend Integration Admin Component should display users table","location":null,"status":"passed","title":"should display users table"},{"ancestorTitles":["Phase 12 Frontend Integration","Admin Component"],"failureMessages":[],"fullName":"Phase 12 Frontend Integration Admin Component should show alerts","location":null,"status":"passed","title":"should show alerts"},{"ancestorTitles":["Phase 12 Frontend Integration","Admin Component"],"failureMessages":[],"fullName":"Phase 12 Frontend Integration Admin Component should export data","location":null,"status":"passed","title":"should export data"},{"ancestorTitles":["Phase 12 Frontend Integration","Router Integration"],"failureMessages":[],"fullName":"Phase 12 Frontend Integration Router Integration should navigate to dashboard","location":null,"status":"passed","title":"should navigate to dashboard"},{"ancestorTitles":["Phase 12 Frontend Integration","Router Integration"],"failureMessages":[],"fullName":"Phase 12 Frontend Integration Router Integration should navigate to search","location":null,"status":"passed","title":"should navigate to search"},{"ancestorTitles":["Phase 12 Frontend Integration","Router Integration"],"failureMessages":[],"fullName":"Phase 12 Frontend Integration Router Integration should handle 404","location":null,"status":"passed","title":"should handle 404"}],"endTime":1769613549438,"message":"","name":"C:\\Users\\x-be\\OneDrive\\المستندات\\04-10-2025\\66666\\frontend\\src\\__tests__\\Phase12Integration.test.js","startTime":1769613548809,"status":"passed","summary":""},{"assertionResults":[],"coverage":{},"endTime":1769613558997,"message":"  \u001b[1m● \u001b[22mTest suite failed to run\n\n    Cannot find module 'redux-mock-store' from 'src/__tests__/Login.test.js'\n\n    \u001b[0m \u001b[90m  8 |\u001b[39m \u001b[36mimport\u001b[39m { \u001b[33mBrowserRouter\u001b[39m } \u001b[36mfrom\u001b[39m \u001b[32m'react-router-dom'\u001b[39m\u001b[33m;\u001b[39m\n     \u001b[90m  9 |\u001b[39m \u001b[36mimport\u001b[39m { \u001b[33mProvider\u001b[39m } \u001b[36mfrom\u001b[39m \u001b[32m'react-redux'\u001b[39m\u001b[33m;\u001b[39m\n    \u001b[31m\u001b[1m>\u001b[22m\u001b[39m\u001b[90m 10 |\u001b[39m \u001b[36mimport\u001b[39m configureMockStore \u001b[36mfrom\u001b[39m \u001b[32m'redux-mock-store'\u001b[39m\u001b[33m;\u001b[39m\n     \u001b[90m    |\u001b[39m \u001b[31m\u001b[1m^\u001b[22m\u001b[39m\n     \u001b[90m 11 |\u001b[39m \u001b[36mimport\u001b[39m \u001b[33mLogin\u001b[39m \u001b[36mfrom\u001b[39m \u001b[32m'../pages/Auth/Login'\u001b[39m\u001b[33m;\u001b[39m\n     \u001b[90m 12 |\u001b[39m\n     \u001b[90m 13 |\u001b[39m \u001b[36mconst\u001b[39m mockStore \u001b[33m=\u001b[39m configureMockStore()\u001b[33m;\u001b[39m\u001b[0m\n\n      \u001b[2mat Resolver.resolveModule (\u001b[22mnode_modules/jest-resolve/build/resolver.js\u001b[2m:324:11)\u001b[22m\n      \u001b[2mat Object.<anonymous> (\u001b[22m\u001b[0m\u001b[36msrc/__tests__/Login.test.js\u001b[39m\u001b[0m\u001b[2m:10:1)\u001b[22m\n","name":"C:\\Users\\x-be\\OneDrive\\المستندات\\04-10-2025\\66666\\frontend\\src\\__tests__\\Login.test.js","startTime":1769613558997,"status":"failed","summary":""},{"assertionResults":[],"coverage":{},"endTime":1769613558997,"message":"  \u001b[1m● \u001b[22mTest suite failed to run\n\n    Cannot find module '../utils/api' from 'src/store/slices/authSlice.js'\n\n    Require stack:\n      src/store/slices/authSlice.js\n      src/__tests__/authSlice.test.js\n\n    \u001b[0m \u001b[90m 2 |\u001b[39m\n     \u001b[90m 3 |\u001b[39m \u001b[36mimport\u001b[39m { createSlice\u001b[33m,\u001b[39m createAsyncThunk } \u001b[36mfrom\u001b[39m \u001b[32m'@reduxjs/toolkit'\u001b[39m\u001b[33m;\u001b[39m\n    \u001b[31m\u001b[1m>\u001b[22m\u001b[39m\u001b[90m 4 |\u001b[39m \u001b[36mimport\u001b[39m api \u001b[36mfrom\u001b[39m \u001b[32m'../utils/api'\u001b[39m\u001b[33m;\u001b[39m\n     \u001b[90m   |\u001b[39m \u001b[31m\u001b[1m^\u001b[22m\u001b[39m\n     \u001b[90m 5 |\u001b[39m\n     \u001b[90m 6 |\u001b[39m \u001b[90m// تسجيل الدخول\u001b[39m\n     \u001b[90m 7 |\u001b[39m \u001b[36mexport\u001b[39m \u001b[36mconst\u001b[39m login \u001b[33m=\u001b[39m createAsyncThunk(\u001b[32m'auth/login'\u001b[39m\u001b[33m,\u001b[39m \u001b[36masync\u001b[39m (credentials\u001b[33m,\u001b[39m { rejectWithValue }) \u001b[33m=>\u001b[39m {\u001b[0m\n\n      \u001b[2mat Resolver.resolveModule (\u001b[22mnode_modules/jest-resolve/build/resolver.js\u001b[2m:324:11)\u001b[22m\n      \u001b[2mat Object.<anonymous> (\u001b[22msrc/store/slices/authSlice.js\u001b[2m:4:1)\u001b[22m\n      \u001b[2mat Object.<anonymous> (\u001b[22m\u001b[0m\u001b[36msrc/__tests__/authSlice.test.js\u001b[39m\u001b[0m\u001b[2m:5:1)\u001b[22m\n","name":"C:\\Users\\x-be\\OneDrive\\المستندات\\04-10-2025\\66666\\frontend\\src\\__tests__\\authSlice.test.js","startTime":1769613558997,"status":"failed","summary":""},{"assertionResults":[],"coverage":{},"endTime":1769613558997,"message":"  \u001b[1m● \u001b[22mTest suite failed to run\n\n    ReferenceError: TextEncoder is not defined\n\n    \u001b[0m \u001b[90m 1 |\u001b[39m \u001b[36mimport\u001b[39m \u001b[33m*\u001b[39m \u001b[36mas\u001b[39m \u001b[33mXLSX\u001b[39m \u001b[36mfrom\u001b[39m \u001b[32m'xlsx'\u001b[39m\u001b[33m;\u001b[39m\n    \u001b[31m\u001b[1m>\u001b[22m\u001b[39m\u001b[90m 2 |\u001b[39m \u001b[36mimport\u001b[39m { jsPDF } \u001b[36mfrom\u001b[39m \u001b[32m'jspdf'\u001b[39m\u001b[33m;\u001b[39m\n     \u001b[90m   |\u001b[39m \u001b[31m\u001b[1m^\u001b[22m\u001b[39m\n     \u001b[90m 3 |\u001b[39m \u001b[36mimport\u001b[39m html2canvas \u001b[36mfrom\u001b[39m \u001b[32m'html2canvas'\u001b[39m\u001b[33m;\u001b[39m\n     \u001b[90m 4 |\u001b[39m\n     \u001b[90m 5 |\u001b[39m \u001b[90m// إعدادات التخصيص المؤسسي (شعار/ألوان)\u001b[39m\u001b[0m\n\n      \u001b[2mat Object.<anonymous> (\u001b[22mnode_modules/iobuffer/src/text.ts\u001b[2m:6:17)\u001b[22m\n      \u001b[2mat Object.<anonymous> (\u001b[22mnode_modules/iobuffer/src/IOBuffer.ts\u001b[2m:1:1)\u001b[22m\n      \u001b[2mat Object.<anonymous> (\u001b[22mnode_modules/fast-png/src/PngDecoder.ts\u001b[2m:1:1)\u001b[22m\n      \u001b[2mat Object.<anonymous> (\u001b[22mnode_modules/fast-png/src/index.ts\u001b[2m:1:1)\u001b[22m\n      \u001b[2mat Object.<anonymous> (\u001b[22mnode_modules/jspdf/dist/jspdf.node.min.js\u001b[2m:51:82)\u001b[22m\n      \u001b[2mat Object.<anonymous> (\u001b[22msrc/services/exportService.js\u001b[2m:2:1)\u001b[22m\n      \u001b[2mat Object.<anonymous> (\u001b[22m\u001b[0m\u001b[36msrc/__tests__/advancedFeatures.test.js\u001b[39m\u001b[0m\u001b[2m:11:1)\u001b[22m\n","name":"C:\\Users\\x-be\\OneDrive\\المستندات\\04-10-2025\\66666\\frontend\\src\\__tests__\\advancedFeatures.test.js","startTime":1769613558997,"status":"failed","summary":""},{"assertionResults":[],"coverage":{},"endTime":1769613558997,"message":"  \u001b[1m● \u001b[22mTest suite failed to run\n\n    Cannot find module '../utils/api' from 'src/store/slices/beneficiariesSlice.js'\n\n    Require stack:\n      src/store/slices/beneficiariesSlice.js\n      src/pages/BeneficiariesPage.jsx\n      src/__tests__/beneficiaries.test.js\n\n    \u001b[0m \u001b[90m 2 |\u001b[39m\n     \u001b[90m 3 |\u001b[39m \u001b[36mimport\u001b[39m { createSlice\u001b[33m,\u001b[39m createAsyncThunk } \u001b[36mfrom\u001b[39m \u001b[32m'@reduxjs/toolkit'\u001b[39m\u001b[33m;\u001b[39m\n    \u001b[31m\u001b[1m>\u001b[22m\u001b[39m\u001b[90m 4 |\u001b[39m \u001b[36mimport\u001b[39m api \u001b[36mfrom\u001b[39m \u001b[32m'../utils/api'\u001b[39m\u001b[33m;\u001b[39m\n     \u001b[90m   |\u001b[39m \u001b[31m\u001b[1m^\u001b[22m\u001b[39m\n     \u001b[90m 5 |\u001b[39m\n     \u001b[90m 6 |\u001b[39m \u001b[90m// جلب قائمة المستفيدين\u001b[39m\n     \u001b[90m 7 |\u001b[39m \u001b[36mexport\u001b[39m \u001b[36mconst\u001b[39m fetchBeneficiaries \u001b[33m=\u001b[39m createAsyncThunk(\u001b[32m'beneficiaries/fetchBeneficiaries'\u001b[39m\u001b[33m,\u001b[39m \u001b[36masync\u001b[39m (params\u001b[33m,\u001b[39m { rejectWithValue }) \u001b[33m=>\u001b[39m {\u001b[0m\n\n      \u001b[2mat Resolver.resolveModule (\u001b[22mnode_modules/jest-resolve/build/resolver.js\u001b[2m:324:11)\u001b[22m\n      \u001b[2mat Object.<anonymous> (\u001b[22msrc/store/slices/beneficiariesSlice.js\u001b[2m:4:1)\u001b[22m\n      \u001b[2mat Object.<anonymous> (\u001b[22msrc/pages/BeneficiariesPage.jsx\u001b[2m:36:1)\u001b[22m\n      \u001b[2mat Object.<anonymous> (\u001b[22m\u001b[0m\u001b[36msrc/__tests__/beneficiaries.test.js\u001b[39m\u001b[0m\u001b[2m:7:1)\u001b[22m\n","name":"C:\\Users\\x-be\\OneDrive\\المستندات\\04-10-2025\\66666\\frontend\\src\\__tests__\\beneficiaries.test.js","startTime":1769613558997,"status":"failed","summary":""},{"assertionResults":[{"ancestorTitles":["SmartNotificationPanel UI"],"failureMessages":["TestingLibraryElementError: Unable to find an element with the text: Test notification 1. This could be because the text is broken up by multiple elements. In this case, you can provide a function for your text matcher to make your matcher more flexible.\n\nIgnored nodes: comments, script, style\n\u001b[36m<body>\u001b[39m\n  \u001b[36m<div>\u001b[39m\n    \u001b[36m<button\u001b[39m\n      \u001b[33mclass\u001b[39m=\u001b[32m\"MuiButtonBase-root MuiIconButton-root MuiIconButton-sizeMedium css-1i49ina-MuiButtonBase-root-MuiIconButton-root\"\u001b[39m\n      \u001b[33mtabindex\u001b[39m=\u001b[32m\"0\"\u001b[39m\n      \u001b[33mtype\u001b[39m=\u001b[32m\"button\"\u001b[39m\n    \u001b[36m>\u001b[39m\n      \u001b[36m<span\u001b[39m\n        \u001b[33mclass\u001b[39m=\u001b[32m\"MuiBadge-root css-1c32n2y-MuiBadge-root\"\u001b[39m\n      \u001b[36m>\u001b[39m\n        \u001b[36m<svg\u001b[39m\n          \u001b[33maria-hidden\u001b[39m=\u001b[32m\"true\"\u001b[39m\n          \u001b[33mclass\u001b[39m=\u001b[32m\"MuiSvgIcon-root MuiSvgIcon-fontSizeMedium css-i4bv87-MuiSvgIcon-root\"\u001b[39m\n          \u001b[33mdata-testid\u001b[39m=\u001b[32m\"NotificationsIcon\"\u001b[39m\n          \u001b[33mfocusable\u001b[39m=\u001b[32m\"false\"\u001b[39m\n          \u001b[33mviewBox\u001b[39m=\u001b[32m\"0 0 24 24\"\u001b[39m\n        \u001b[36m>\u001b[39m\n          \u001b[36m<path\u001b[39m\n            \u001b[33md\u001b[39m=\u001b[32m\"M12 22c1.1 0 2-.9 2-2h-4c0 1.1.89 2 2 2m6-6v-5c0-3.07-1.64-5.64-4.5-6.32V4c0-.83-.67-1.5-1.5-1.5s-1.5.67-1.5 1.5v.68C7.63 5.36 6 7.92 6 11v5l-2 2v1h16v-1z\"\u001b[39m\n          \u001b[36m/>\u001b[39m\n        \u001b[36m</svg>\u001b[39m\n        \u001b[36m<span\u001b[39m\n          \u001b[33mclass\u001b[39m=\u001b[32m\"MuiBadge-badge MuiBadge-standard MuiBadge-invisible MuiBadge-anchorOriginTopRight MuiBadge-anchorOriginTopRightRectangular MuiBadge-overlapRectangular MuiBadge-colorError css-118y05j-MuiBadge-badge\"\u001b[39m\n        \u001b[36m/>\u001b[39m\n      \u001b[36m</span>\u001b[39m\n      \u001b[36m<span\u001b[39m\n        \u001b[33mclass\u001b[39m=\u001b[32m\"MuiTouchRipple-root css-8je8zh-MuiTouchRipple-root\"\u001b[39m\n      \u001b[36m/>\u001b[39m\n    \u001b[36m</button>\u001b[39m\n  \u001b[36m</div>\u001b[39m\n\u001b[36m</body>\u001b[39m\n    at Object.getElementError (C:\\Users\\x-be\\OneDrive\\المستندات\\04-10-2025\\66666\\frontend\\node_modules\\@testing-library\\react\\node_modules\\@testing-library\\dom\\dist\\config.js:37:19)\n    at C:\\Users\\x-be\\OneDrive\\المستندات\\04-10-2025\\66666\\frontend\\node_modules\\@testing-library\\react\\node_modules\\@testing-library\\dom\\dist\\query-helpers.js:76:38\n    at C:\\Users\\x-be\\OneDrive\\المستندات\\04-10-2025\\66666\\frontend\\node_modules\\@testing-library\\react\\node_modules\\@testing-library\\dom\\dist\\query-helpers.js:52:17\n    at getByText (C:\\Users\\x-be\\OneDrive\\المستندات\\04-10-2025\\66666\\frontend\\node_modules\\@testing-library\\react\\node_modules\\@testing-library\\dom\\dist\\query-helpers.js:95:19)\n    at Object.<anonymous> (C:\\Users\\x-be\\OneDrive\\المستندات\\04-10-2025\\66666\\frontend\\src\\components\\SmartNotificationPanel.test.jsx:56:19)\n    at Promise.then.completed (C:\\Users\\x-be\\OneDrive\\المستندات\\04-10-2025\\66666\\frontend\\node_modules\\jest-circus\\build\\utils.js:391:28)\n    at new Promise (<anonymous>)\n    at callAsyncCircusFn (C:\\Users\\x-be\\OneDrive\\المستندات\\04-10-2025\\66666\\frontend\\node_modules\\jest-circus\\build\\utils.js:316:10)\n    at _callCircusTest (C:\\Users\\x-be\\OneDrive\\المستندات\\04-10-2025\\66666\\frontend\\node_modules\\jest-circus\\build\\run.js:218:40)\n    at processTicksAndRejections (node:internal/process/task_queues:105:5)\n    at _runTest (C:\\Users\\x-be\\OneDrive\\المستندات\\04-10-2025\\66666\\frontend\\node_modules\\jest-circus\\build\\run.js:155:3)\n    at _runTestsForDescribeBlock (C:\\Users\\x-be\\OneDrive\\المستندات\\04-10-2025\\66666\\frontend\\node_modules\\jest-circus\\build\\run.js:66:9)\n    at _runTestsForDescribeBlock (C:\\Users\\x-be\\OneDrive\\المستندات\\04-10-2025\\66666\\frontend\\node_modules\\jest-circus\\build\\run.js:60:9)\n    at run (C:\\Users\\x-be\\OneDrive\\المستندات\\04-10-2025\\66666\\frontend\\node_modules\\jest-circus\\build\\run.js:25:3)\n    at runAndTransformResultsToJestFormat (C:\\Users\\x-be\\OneDrive\\المستندات\\04-10-2025\\66666\\frontend\\node_modules\\jest-circus\\build\\legacy-code-todo-rewrite\\jestAdapterInit.js:170:21)\n    at jestAdapter (C:\\Users\\x-be\\OneDrive\\المستندات\\04-10-2025\\66666\\frontend\\node_modules\\jest-circus\\build\\legacy-code-todo-rewrite\\jestAdapter.js:82:19)\n    at runTestInternal (C:\\Users\\x-be\\OneDrive\\المستندات\\04-10-2025\\66666\\frontend\\node_modules\\jest-runner\\build\\runTest.js:389:16)\n    at runTest (C:\\Users\\x-be\\OneDrive\\المستندات\\04-10-2025\\66666\\frontend\\node_modules\\jest-runner\\build\\runTest.js:475:34)\n    at Object.worker (C:\\Users\\x-be\\OneDrive\\المستندات\\04-10-2025\\66666\\frontend\\node_modules\\jest-runner\\build\\testWorker.js:133:12)"],"fullName":"SmartNotificationPanel UI renders notifications and allows marking as read","location":null,"status":"failed","title":"renders notifications and allows marking as read"},{"ancestorTitles":["SmartNotificationPanel UI"],"failureMessages":["TestingLibraryElementError: Unable to find an element with the text: /loading/i. This could be because the text is broken up by multiple elements. In this case, you can provide a function for your text matcher to make your matcher more flexible.\n\nIgnored nodes: comments, script, style\n\u001b[36m<body>\u001b[39m\n  \u001b[36m<div>\u001b[39m\n    \u001b[36m<button\u001b[39m\n      \u001b[33mclass\u001b[39m=\u001b[32m\"MuiButtonBase-root MuiIconButton-root MuiIconButton-sizeMedium css-1i49ina-MuiButtonBase-root-MuiIconButton-root\"\u001b[39m\n      \u001b[33mtabindex\u001b[39m=\u001b[32m\"0\"\u001b[39m\n      \u001b[33mtype\u001b[39m=\u001b[32m\"button\"\u001b[39m\n    \u001b[36m>\u001b[39m\n      \u001b[36m<span\u001b[39m\n        \u001b[33mclass\u001b[39m=\u001b[32m\"MuiBadge-root css-1c32n2y-MuiBadge-root\"\u001b[39m\n      \u001b[36m>\u001b[39m\n        \u001b[36m<svg\u001b[39m\n          \u001b[33maria-hidden\u001b[39m=\u001b[32m\"true\"\u001b[39m\n          \u001b[33mclass\u001b[39m=\u001b[32m\"MuiSvgIcon-root MuiSvgIcon-fontSizeMedium css-i4bv87-MuiSvgIcon-root\"\u001b[39m\n          \u001b[33mdata-testid\u001b[39m=\u001b[32m\"NotificationsIcon\"\u001b[39m\n          \u001b[33mfocusable\u001b[39m=\u001b[32m\"false\"\u001b[39m\n          \u001b[33mviewBox\u001b[39m=\u001b[32m\"0 0 24 24\"\u001b[39m\n        \u001b[36m>\u001b[39m\n          \u001b[36m<path\u001b[39m\n            \u001b[33md\u001b[39m=\u001b[32m\"M12 22c1.1 0 2-.9 2-2h-4c0 1.1.89 2 2 2m6-6v-5c0-3.07-1.64-5.64-4.5-6.32V4c0-.83-.67-1.5-1.5-1.5s-1.5.67-1.5 1.5v.68C7.63 5.36 6 7.92 6 11v5l-2 2v1h16v-1z\"\u001b[39m\n          \u001b[36m/>\u001b[39m\n        \u001b[36m</svg>\u001b[39m\n        \u001b[36m<span\u001b[39m\n          \u001b[33mclass\u001b[39m=\u001b[32m\"MuiBadge-badge MuiBadge-standard MuiBadge-invisible MuiBadge-anchorOriginTopRight MuiBadge-anchorOriginTopRightRectangular MuiBadge-overlapRectangular MuiBadge-colorError css-118y05j-MuiBadge-badge\"\u001b[39m\n        \u001b[36m/>\u001b[39m\n      \u001b[36m</span>\u001b[39m\n      \u001b[36m<span\u001b[39m\n        \u001b[33mclass\u001b[39m=\u001b[32m\"MuiTouchRipple-root css-8je8zh-MuiTouchRipple-root\"\u001b[39m\n      \u001b[36m/>\u001b[39m\n    \u001b[36m</button>\u001b[39m\n  \u001b[36m</div>\u001b[39m\n\u001b[36m</body>\u001b[39m\n    at Object.getElementError (C:\\Users\\x-be\\OneDrive\\المستندات\\04-10-2025\\66666\\frontend\\node_modules\\@testing-library\\react\\node_modules\\@testing-library\\dom\\dist\\config.js:37:19)\n    at C:\\Users\\x-be\\OneDrive\\المستندات\\04-10-2025\\66666\\frontend\\node_modules\\@testing-library\\react\\node_modules\\@testing-library\\dom\\dist\\query-helpers.js:76:38\n    at C:\\Users\\x-be\\OneDrive\\المستندات\\04-10-2025\\66666\\frontend\\node_modules\\@testing-library\\react\\node_modules\\@testing-library\\dom\\dist\\query-helpers.js:52:17\n    at getByText (C:\\Users\\x-be\\OneDrive\\المستندات\\04-10-2025\\66666\\frontend\\node_modules\\@testing-library\\react\\node_modules\\@testing-library\\dom\\dist\\query-helpers.js:95:19)\n    at Object.<anonymous> (C:\\Users\\x-be\\OneDrive\\المستندات\\04-10-2025\\66666\\frontend\\src\\components\\SmartNotificationPanel.test.jsx:80:19)\n    at Promise.then.completed (C:\\Users\\x-be\\OneDrive\\المستندات\\04-10-2025\\66666\\frontend\\node_modules\\jest-circus\\build\\utils.js:391:28)\n    at new Promise (<anonymous>)\n    at callAsyncCircusFn (C:\\Users\\x-be\\OneDrive\\المستندات\\04-10-2025\\66666\\frontend\\node_modules\\jest-circus\\build\\utils.js:316:10)\n    at _callCircusTest (C:\\Users\\x-be\\OneDrive\\المستندات\\04-10-2025\\66666\\frontend\\node_modules\\jest-circus\\build\\run.js:218:40)\n    at processTicksAndRejections (node:internal/process/task_queues:105:5)\n    at _runTest (C:\\Users\\x-be\\OneDrive\\المستندات\\04-10-2025\\66666\\frontend\\node_modules\\jest-circus\\build\\run.js:155:3)\n    at _runTestsForDescribeBlock (C:\\Users\\x-be\\OneDrive\\المستندات\\04-10-2025\\66666\\frontend\\node_modules\\jest-circus\\build\\run.js:66:9)\n    at _runTestsForDescribeBlock (C:\\Users\\x-be\\OneDrive\\المستندات\\04-10-2025\\66666\\frontend\\node_modules\\jest-circus\\build\\run.js:60:9)\n    at run (C:\\Users\\x-be\\OneDrive\\المستندات\\04-10-2025\\66666\\frontend\\node_modules\\jest-circus\\build\\run.js:25:3)\n    at runAndTransformResultsToJestFormat (C:\\Users\\x-be\\OneDrive\\المستندات\\04-10-2025\\66666\\frontend\\node_modules\\jest-circus\\build\\legacy-code-todo-rewrite\\jestAdapterInit.js:170:21)\n    at jestAdapter (C:\\Users\\x-be\\OneDrive\\المستندات\\04-10-2025\\66666\\frontend\\node_modules\\jest-circus\\build\\legacy-code-todo-rewrite\\jestAdapter.js:82:19)\n    at runTestInternal (C:\\Users\\x-be\\OneDrive\\المستندات\\04-10-2025\\66666\\frontend\\node_modules\\jest-runner\\build\\runTest.js:389:16)\n    at runTest (C:\\Users\\x-be\\OneDrive\\المستندات\\04-10-2025\\66666\\frontend\\node_modules\\jest-runner\\build\\runTest.js:475:34)\n    at Object.worker (C:\\Users\\x-be\\OneDrive\\المستندات\\04-10-2025\\66666\\frontend\\node_modules\\jest-runner\\build\\testWorker.js:133:12)"],"fullName":"SmartNotificationPanel UI shows loading state if loading","location":null,"status":"failed","title":"shows loading state if loading"},{"ancestorTitles":["SmartNotificationPanel UI"],"failureMessages":["TestingLibraryElementError: Unable to find an element with the text: /failed to load/i. This could be because the text is broken up by multiple elements. In this case, you can provide a function for your text matcher to make your matcher more flexible.\n\nIgnored nodes: comments, script, style\n\u001b[36m<body>\u001b[39m\n  \u001b[36m<div>\u001b[39m\n    \u001b[36m<button\u001b[39m\n      \u001b[33mclass\u001b[39m=\u001b[32m\"MuiButtonBase-root MuiIconButton-root MuiIconButton-sizeMedium css-1i49ina-MuiButtonBase-root-MuiIconButton-root\"\u001b[39m\n      \u001b[33mtabindex\u001b[39m=\u001b[32m\"0\"\u001b[39m\n      \u001b[33mtype\u001b[39m=\u001b[32m\"button\"\u001b[39m\n    \u001b[36m>\u001b[39m\n      \u001b[36m<span\u001b[39m\n        \u001b[33mclass\u001b[39m=\u001b[32m\"MuiBadge-root css-1c32n2y-MuiBadge-root\"\u001b[39m\n      \u001b[36m>\u001b[39m\n        \u001b[36m<svg\u001b[39m\n          \u001b[33maria-hidden\u001b[39m=\u001b[32m\"true\"\u001b[39m\n          \u001b[33mclass\u001b[39m=\u001b[32m\"MuiSvgIcon-root MuiSvgIcon-fontSizeMedium css-i4bv87-MuiSvgIcon-root\"\u001b[39m\n          \u001b[33mdata-testid\u001b[39m=\u001b[32m\"NotificationsIcon\"\u001b[39m\n          \u001b[33mfocusable\u001b[39m=\u001b[32m\"false\"\u001b[39m\n          \u001b[33mviewBox\u001b[39m=\u001b[32m\"0 0 24 24\"\u001b[39m\n        \u001b[36m>\u001b[39m\n          \u001b[36m<path\u001b[39m\n            \u001b[33md\u001b[39m=\u001b[32m\"M12 22c1.1 0 2-.9 2-2h-4c0 1.1.89 2 2 2m6-6v-5c0-3.07-1.64-5.64-4.5-6.32V4c0-.83-.67-1.5-1.5-1.5s-1.5.67-1.5 1.5v.68C7.63 5.36 6 7.92 6 11v5l-2 2v1h16v-1z\"\u001b[39m\n          \u001b[36m/>\u001b[39m\n        \u001b[36m</svg>\u001b[39m\n        \u001b[36m<span\u001b[39m\n          \u001b[33mclass\u001b[39m=\u001b[32m\"MuiBadge-badge MuiBadge-standard MuiBadge-invisible MuiBadge-anchorOriginTopRight MuiBadge-anchorOriginTopRightRectangular MuiBadge-overlapRectangular MuiBadge-colorError css-118y05j-MuiBadge-badge\"\u001b[39m\n        \u001b[36m/>\u001b[39m\n      \u001b[36m</span>\u001b[39m\n      \u001b[36m<span\u001b[39m\n        \u001b[33mclass\u001b[39m=\u001b[32m\"MuiTouchRipple-root css-8je8zh-MuiTouchRipple-root\"\u001b[39m\n      \u001b[36m/>\u001b[39m\n    \u001b[36m</button>\u001b[39m\n  \u001b[36m</div>\u001b[39m\n\u001b[36m</body>\u001b[39m\n    at Object.getElementError (C:\\Users\\x-be\\OneDrive\\المستندات\\04-10-2025\\66666\\frontend\\node_modules\\@testing-library\\react\\node_modules\\@testing-library\\dom\\dist\\config.js:37:19)\n    at C:\\Users\\x-be\\OneDrive\\المستندات\\04-10-2025\\66666\\frontend\\node_modules\\@testing-library\\react\\node_modules\\@testing-library\\dom\\dist\\query-helpers.js:76:38\n    at C:\\Users\\x-be\\OneDrive\\المستندات\\04-10-2025\\66666\\frontend\\node_modules\\@testing-library\\react\\node_modules\\@testing-library\\dom\\dist\\query-helpers.js:52:17\n    at getByText (C:\\Users\\x-be\\OneDrive\\المستندات\\04-10-2025\\66666\\frontend\\node_modules\\@testing-library\\react\\node_modules\\@testing-library\\dom\\dist\\query-helpers.js:95:19)\n    at Object.<anonymous> (C:\\Users\\x-be\\OneDrive\\المستندات\\04-10-2025\\66666\\frontend\\src\\components\\SmartNotificationPanel.test.jsx:101:19)\n    at Promise.then.completed (C:\\Users\\x-be\\OneDrive\\المستندات\\04-10-2025\\66666\\frontend\\node_modules\\jest-circus\\build\\utils.js:391:28)\n    at new Promise (<anonymous>)\n    at callAsyncCircusFn (C:\\Users\\x-be\\OneDrive\\المستندات\\04-10-2025\\66666\\frontend\\node_modules\\jest-circus\\build\\utils.js:316:10)\n    at _callCircusTest (C:\\Users\\x-be\\OneDrive\\المستندات\\04-10-2025\\66666\\frontend\\node_modules\\jest-circus\\build\\run.js:218:40)\n    at processTicksAndRejections (node:internal/process/task_queues:105:5)\n    at _runTest (C:\\Users\\x-be\\OneDrive\\المستندات\\04-10-2025\\66666\\frontend\\node_modules\\jest-circus\\build\\run.js:155:3)\n    at _runTestsForDescribeBlock (C:\\Users\\x-be\\OneDrive\\المستندات\\04-10-2025\\66666\\frontend\\node_modules\\jest-circus\\build\\run.js:66:9)\n    at _runTestsForDescribeBlock (C:\\Users\\x-be\\OneDrive\\المستندات\\04-10-2025\\66666\\frontend\\node_modules\\jest-circus\\build\\run.js:60:9)\n    at run (C:\\Users\\x-be\\OneDrive\\المستندات\\04-10-2025\\66666\\frontend\\node_modules\\jest-circus\\build\\run.js:25:3)\n    at runAndTransformResultsToJestFormat (C:\\Users\\x-be\\OneDrive\\المستندات\\04-10-2025\\66666\\frontend\\node_modules\\jest-circus\\build\\legacy-code-todo-rewrite\\jestAdapterInit.js:170:21)\n    at jestAdapter (C:\\Users\\x-be\\OneDrive\\المستندات\\04-10-2025\\66666\\frontend\\node_modules\\jest-circus\\build\\legacy-code-todo-rewrite\\jestAdapter.js:82:19)\n    at runTestInternal (C:\\Users\\x-be\\OneDrive\\المستندات\\04-10-2025\\66666\\frontend\\node_modules\\jest-runner\\build\\runTest.js:389:16)\n    at runTest (C:\\Users\\x-be\\OneDrive\\المستندات\\04-10-2025\\66666\\frontend\\node_modules\\jest-runner\\build\\runTest.js:475:34)\n    at Object.worker (C:\\Users\\x-be\\OneDrive\\المستندات\\04-10-2025\\66666\\frontend\\node_modules\\jest-runner\\build\\testWorker.js:133:12)"],"fullName":"SmartNotificationPanel UI shows error state if error","location":null,"status":"failed","title":"shows error state if error"}],"endTime":1769613558417,"message":"\u001b[1m\u001b[31m  \u001b[1m● \u001b[22m\u001b[1mSmartNotificationPanel UI › renders notifications and allows marking as read\u001b[39m\u001b[22m\n\n    TestingLibraryElementError: Unable to find an element with the text: Test notification 1. This could be because the text is broken up by multiple elements. In this case, you can provide a function for your text matcher to make your matcher more flexible.\n\n    Ignored nodes: comments, script, style\n    \u001b[36m<body>\u001b[39m\n      \u001b[36m<div>\u001b[39m\n        \u001b[36m<button\u001b[39m\n          \u001b[33mclass\u001b[39m=\u001b[32m\"MuiButtonBase-root MuiIconButton-root MuiIconButton-sizeMedium css-1i49ina-MuiButtonBase-root-MuiIconButton-root\"\u001b[39m\n          \u001b[33mtabindex\u001b[39m=\u001b[32m\"0\"\u001b[39m\n          \u001b[33mtype\u001b[39m=\u001b[32m\"button\"\u001b[39m\n        \u001b[36m>\u001b[39m\n          \u001b[36m<span\u001b[39m\n            \u001b[33mclass\u001b[39m=\u001b[32m\"MuiBadge-root css-1c32n2y-MuiBadge-root\"\u001b[39m\n          \u001b[36m>\u001b[39m\n            \u001b[36m<svg\u001b[39m\n              \u001b[33maria-hidden\u001b[39m=\u001b[32m\"true\"\u001b[39m\n              \u001b[33mclass\u001b[39m=\u001b[32m\"MuiSvgIcon-root MuiSvgIcon-fontSizeMedium css-i4bv87-MuiSvgIcon-root\"\u001b[39m\n              \u001b[33mdata-testid\u001b[39m=\u001b[32m\"NotificationsIcon\"\u001b[39m\n              \u001b[33mfocusable\u001b[39m=\u001b[32m\"false\"\u001b[39m\n              \u001b[33mviewBox\u001b[39m=\u001b[32m\"0 0 24 24\"\u001b[39m\n            \u001b[36m>\u001b[39m\n              \u001b[36m<path\u001b[39m\n                \u001b[33md\u001b[39m=\u001b[32m\"M12 22c1.1 0 2-.9 2-2h-4c0 1.1.89 2 2 2m6-6v-5c0-3.07-1.64-5.64-4.5-6.32V4c0-.83-.67-1.5-1.5-1.5s-1.5.67-1.5 1.5v.68C7.63 5.36 6 7.92 6 11v5l-2 2v1h16v-1z\"\u001b[39m\n              \u001b[36m/>\u001b[39m\n            \u001b[36m</svg>\u001b[39m\n            \u001b[36m<span\u001b[39m\n              \u001b[33mclass\u001b[39m=\u001b[32m\"MuiBadge-badge MuiBadge-standard MuiBadge-invisible MuiBadge-anchorOriginTopRight MuiBadge-anchorOriginTopRightRectangular MuiBadge-overlapRectangular MuiBadge-colorError css-118y05j-MuiBadge-badge\"\u001b[39m\n            \u001b[36m/>\u001b[39m\n          \u001b[36m</span>\u001b[39m\n          \u001b[36m<span\u001b[39m\n            \u001b[33mclass\u001b[39m=\u001b[32m\"MuiTouchRipple-root css-8je8zh-MuiTouchRipple-root\"\u001b[39m\n          \u001b[36m/>\u001b[39m\n        \u001b[36m</button>\u001b[39m\n      \u001b[36m</div>\u001b[39m\n    \u001b[36m</body>\u001b[39m\n\u001b[2m\u001b[22m\n\u001b[2m    \u001b[0m \u001b[90m 54 |\u001b[39m       \u001b[33m<\u001b[39m\u001b[33m/\u001b[39m\u001b[33mNotificationProvider\u001b[39m\u001b[33m>\u001b[39m\u001b[22m\n\u001b[2m     \u001b[90m 55 |\u001b[39m     )\u001b[33m;\u001b[39m\u001b[22m\n\u001b[2m    \u001b[31m\u001b[1m>\u001b[22m\u001b[2m\u001b[39m\u001b[90m 56 |\u001b[39m     expect(screen\u001b[33m.\u001b[39mgetByText(\u001b[32m'Test notification 1'\u001b[39m))\u001b[33m.\u001b[39mtoBeInTheDocument()\u001b[33m;\u001b[39m\u001b[22m\n\u001b[2m     \u001b[90m    |\u001b[39m                   \u001b[31m\u001b[1m^\u001b[22m\u001b[2m\u001b[39m\u001b[22m\n\u001b[2m     \u001b[90m 57 |\u001b[39m     expect(screen\u001b[33m.\u001b[39mgetByText(\u001b[32m'Test notification 2'\u001b[39m))\u001b[33m.\u001b[39mtoBeInTheDocument()\u001b[33m;\u001b[39m\u001b[22m\n\u001b[2m     \u001b[90m 58 |\u001b[39m     \u001b[36mconst\u001b[39m markAllBtn \u001b[33m=\u001b[39m screen\u001b[33m.\u001b[39mgetByRole(\u001b[32m'button'\u001b[39m\u001b[33m,\u001b[39m { name\u001b[33m:\u001b[39m \u001b[35m/mark all as read/i\u001b[39m })\u001b[33m;\u001b[39m\u001b[22m\n\u001b[2m     \u001b[90m 59 |\u001b[39m     fireEvent\u001b[33m.\u001b[39mclick(markAllBtn)\u001b[33m;\u001b[39m\u001b[0m\u001b[22m\n\u001b[2m\u001b[22m\n\u001b[2m      \u001b[2mat Object.getElementError (\u001b[22m\u001b[2mnode_modules/@testing-library/react/node_modules/@testing-library/dom/dist/config.js\u001b[2m:37:19)\u001b[22m\u001b[2m\u001b[22m\n\u001b[2m      \u001b[2mat \u001b[22m\u001b[2mnode_modules/@testing-library/react/node_modules/@testing-library/dom/dist/query-helpers.js\u001b[2m:76:38\u001b[22m\u001b[2m\u001b[22m\n\u001b[2m      \u001b[2mat \u001b[22m\u001b[2mnode_modules/@testing-library/react/node_modules/@testing-library/dom/dist/query-helpers.js\u001b[2m:52:17\u001b[22m\u001b[2m\u001b[22m\n\u001b[2m      \u001b[2mat getByText (\u001b[22m\u001b[2mnode_modules/@testing-library/react/node_modules/@testing-library/dom/dist/query-helpers.js\u001b[2m:95:19)\u001b[22m\u001b[2m\u001b[22m\n\u001b[2m      \u001b[2mat Object.<anonymous> (\u001b[22m\u001b[2m\u001b[0m\u001b[36msrc/components/SmartNotificationPanel.test.jsx\u001b[39m\u001b[0m\u001b[2m:56:19)\u001b[22m\u001b[2m\u001b[22m\n\n\u001b[1m\u001b[31m  \u001b[1m● \u001b[22m\u001b[1mSmartNotificationPanel UI › shows loading state if loading\u001b[39m\u001b[22m\n\n    TestingLibraryElementError: Unable to find an element with the text: /loading/i. This could be because the text is broken up by multiple elements. In this case, you can provide a function for your text matcher to make your matcher more flexible.\n\n    Ignored nodes: comments, script, style\n    \u001b[36m<body>\u001b[39m\n      \u001b[36m<div>\u001b[39m\n        \u001b[36m<button\u001b[39m\n          \u001b[33mclass\u001b[39m=\u001b[32m\"MuiButtonBase-root MuiIconButton-root MuiIconButton-sizeMedium css-1i49ina-MuiButtonBase-root-MuiIconButton-root\"\u001b[39m\n          \u001b[33mtabindex\u001b[39m=\u001b[32m\"0\"\u001b[39m\n          \u001b[33mtype\u001b[39m=\u001b[32m\"button\"\u001b[39m\n        \u001b[36m>\u001b[39m\n          \u001b[36m<span\u001b[39m\n            \u001b[33mclass\u001b[39m=\u001b[32m\"MuiBadge-root css-1c32n2y-MuiBadge-root\"\u001b[39m\n          \u001b[36m>\u001b[39m\n            \u001b[36m<svg\u001b[39m\n              \u001b[33maria-hidden\u001b[39m=\u001b[32m\"true\"\u001b[39m\n              \u001b[33mclass\u001b[39m=\u001b[32m\"MuiSvgIcon-root MuiSvgIcon-fontSizeMedium css-i4bv87-MuiSvgIcon-root\"\u001b[39m\n              \u001b[33mdata-testid\u001b[39m=\u001b[32m\"NotificationsIcon\"\u001b[39m\n              \u001b[33mfocusable\u001b[39m=\u001b[32m\"false\"\u001b[39m\n              \u001b[33mviewBox\u001b[39m=\u001b[32m\"0 0 24 24\"\u001b[39m\n            \u001b[36m>\u001b[39m\n              \u001b[36m<path\u001b[39m\n                \u001b[33md\u001b[39m=\u001b[32m\"M12 22c1.1 0 2-.9 2-2h-4c0 1.1.89 2 2 2m6-6v-5c0-3.07-1.64-5.64-4.5-6.32V4c0-.83-.67-1.5-1.5-1.5s-1.5.67-1.5 1.5v.68C7.63 5.36 6 7.92 6 11v5l-2 2v1h16v-1z\"\u001b[39m\n              \u001b[36m/>\u001b[39m\n            \u001b[36m</svg>\u001b[39m\n            \u001b[36m<span\u001b[39m\n              \u001b[33mclass\u001b[39m=\u001b[32m\"MuiBadge-badge MuiBadge-standard MuiBadge-invisible MuiBadge-anchorOriginTopRight MuiBadge-anchorOriginTopRightRectangular MuiBadge-overlapRectangular MuiBadge-colorError css-118y05j-MuiBadge-badge\"\u001b[39m\n            \u001b[36m/>\u001b[39m\n          \u001b[36m</span>\u001b[39m\n          \u001b[36m<span\u001b[39m\n            \u001b[33mclass\u001b[39m=\u001b[32m\"MuiTouchRipple-root css-8je8zh-MuiTouchRipple-root\"\u001b[39m\n          \u001b[36m/>\u001b[39m\n        \u001b[36m</button>\u001b[39m\n      \u001b[36m</div>\u001b[39m\n    \u001b[36m</body>\u001b[39m\n\u001b[2m\u001b[22m\n\u001b[2m    \u001b[0m \u001b[90m 78 |\u001b[39m       \u001b[33m<\u001b[39m\u001b[33m/\u001b[39m\u001b[33mNotificationProvider\u001b[39m\u001b[33m>\u001b[39m\u001b[22m\n\u001b[2m     \u001b[90m 79 |\u001b[39m     )\u001b[33m;\u001b[39m\u001b[22m\n\u001b[2m    \u001b[31m\u001b[1m>\u001b[22m\u001b[2m\u001b[39m\u001b[90m 80 |\u001b[39m     expect(screen\u001b[33m.\u001b[39mgetByText(\u001b[35m/loading/i\u001b[39m))\u001b[33m.\u001b[39mtoBeInTheDocument()\u001b[33m;\u001b[39m\u001b[22m\n\u001b[2m     \u001b[90m    |\u001b[39m                   \u001b[31m\u001b[1m^\u001b[22m\u001b[2m\u001b[39m\u001b[22m\n\u001b[2m     \u001b[90m 81 |\u001b[39m   })\u001b[33m;\u001b[39m\u001b[22m\n\u001b[2m     \u001b[90m 82 |\u001b[39m\u001b[22m\n\u001b[2m     \u001b[90m 83 |\u001b[39m   it(\u001b[32m'shows error state if error'\u001b[39m\u001b[33m,\u001b[39m () \u001b[33m=>\u001b[39m {\u001b[0m\u001b[22m\n\u001b[2m\u001b[22m\n\u001b[2m      \u001b[2mat Object.getElementError (\u001b[22m\u001b[2mnode_modules/@testing-library/react/node_modules/@testing-library/dom/dist/config.js\u001b[2m:37:19)\u001b[22m\u001b[2m\u001b[22m\n\u001b[2m      \u001b[2mat \u001b[22m\u001b[2mnode_modules/@testing-library/react/node_modules/@testing-library/dom/dist/query-helpers.js\u001b[2m:76:38\u001b[22m\u001b[2m\u001b[22m\n\u001b[2m      \u001b[2mat \u001b[22m\u001b[2mnode_modules/@testing-library/react/node_modules/@testing-library/dom/dist/query-helpers.js\u001b[2m:52:17\u001b[22m\u001b[2m\u001b[22m\n\u001b[2m      \u001b[2mat getByText (\u001b[22m\u001b[2mnode_modules/@testing-library/react/node_modules/@testing-library/dom/dist/query-helpers.js\u001b[2m:95:19)\u001b[22m\u001b[2m\u001b[22m\n\u001b[2m      \u001b[2mat Object.<anonymous> (\u001b[22m\u001b[2m\u001b[0m\u001b[36msrc/components/SmartNotificationPanel.test.jsx\u001b[39m\u001b[0m\u001b[2m:80:19)\u001b[22m\u001b[2m\u001b[22m\n\n\u001b[1m\u001b[31m  \u001b[1m● \u001b[22m\u001b[1mSmartNotificationPanel UI › shows error state if error\u001b[39m\u001b[22m\n\n    TestingLibraryElementError: Unable to find an element with the text: /failed to load/i. This could be because the text is broken up by multiple elements. In this case, you can provide a function for your text matcher to make your matcher more flexible.\n\n    Ignored nodes: comments, script, style\n    \u001b[36m<body>\u001b[39m\n      \u001b[36m<div>\u001b[39m\n        \u001b[36m<button\u001b[39m\n          \u001b[33mclass\u001b[39m=\u001b[32m\"MuiButtonBase-root MuiIconButton-root MuiIconButton-sizeMedium css-1i49ina-MuiButtonBase-root-MuiIconButton-root\"\u001b[39m\n          \u001b[33mtabindex\u001b[39m=\u001b[32m\"0\"\u001b[39m\n          \u001b[33mtype\u001b[39m=\u001b[32m\"button\"\u001b[39m\n        \u001b[36m>\u001b[39m\n          \u001b[36m<span\u001b[39m\n            \u001b[33mclass\u001b[39m=\u001b[32m\"MuiBadge-root css-1c32n2y-MuiBadge-root\"\u001b[39m\n          \u001b[36m>\u001b[39m\n            \u001b[36m<svg\u001b[39m\n              \u001b[33maria-hidden\u001b[39m=\u001b[32m\"true\"\u001b[39m\n              \u001b[33mclass\u001b[39m=\u001b[32m\"MuiSvgIcon-root MuiSvgIcon-fontSizeMedium css-i4bv87-MuiSvgIcon-root\"\u001b[39m\n              \u001b[33mdata-testid\u001b[39m=\u001b[32m\"NotificationsIcon\"\u001b[39m\n              \u001b[33mfocusable\u001b[39m=\u001b[32m\"false\"\u001b[39m\n              \u001b[33mviewBox\u001b[39m=\u001b[32m\"0 0 24 24\"\u001b[39m\n            \u001b[36m>\u001b[39m\n              \u001b[36m<path\u001b[39m\n                \u001b[33md\u001b[39m=\u001b[32m\"M12 22c1.1 0 2-.9 2-2h-4c0 1.1.89 2 2 2m6-6v-5c0-3.07-1.64-5.64-4.5-6.32V4c0-.83-.67-1.5-1.5-1.5s-1.5.67-1.5 1.5v.68C7.63 5.36 6 7.92 6 11v5l-2 2v1h16v-1z\"\u001b[39m\n              \u001b[36m/>\u001b[39m\n            \u001b[36m</svg>\u001b[39m\n            \u001b[36m<span\u001b[39m\n              \u001b[33mclass\u001b[39m=\u001b[32m\"MuiBadge-badge MuiBadge-standard MuiBadge-invisible MuiBadge-anchorOriginTopRight MuiBadge-anchorOriginTopRightRectangular MuiBadge-overlapRectangular MuiBadge-colorError css-118y05j-MuiBadge-badge\"\u001b[39m\n            \u001b[36m/>\u001b[39m\n          \u001b[36m</span>\u001b[39m\n          \u001b[36m<span\u001b[39m\n            \u001b[33mclass\u001b[39m=\u001b[32m\"MuiTouchRipple-root css-8je8zh-MuiTouchRipple-root\"\u001b[39m\n          \u001b[36m/>\u001b[39m\n        \u001b[36m</button>\u001b[39m\n      \u001b[36m</div>\u001b[39m\n    \u001b[36m</body>\u001b[39m\n\u001b[2m\u001b[22m\n\u001b[2m    \u001b[0m \u001b[90m  99 |\u001b[39m       \u001b[33m<\u001b[39m\u001b[33m/\u001b[39m\u001b[33mNotificationProvider\u001b[39m\u001b[33m>\u001b[39m\u001b[22m\n\u001b[2m     \u001b[90m 100 |\u001b[39m     )\u001b[33m;\u001b[39m\u001b[22m\n\u001b[2m    \u001b[31m\u001b[1m>\u001b[22m\u001b[2m\u001b[39m\u001b[90m 101 |\u001b[39m     expect(screen\u001b[33m.\u001b[39mgetByText(\u001b[35m/failed to load/i\u001b[39m))\u001b[33m.\u001b[39mtoBeInTheDocument()\u001b[33m;\u001b[39m\u001b[22m\n\u001b[2m     \u001b[90m     |\u001b[39m                   \u001b[31m\u001b[1m^\u001b[22m\u001b[2m\u001b[39m\u001b[22m\n\u001b[2m     \u001b[90m 102 |\u001b[39m   })\u001b[33m;\u001b[39m\u001b[22m\n\u001b[2m     \u001b[90m 103 |\u001b[39m })\u001b[33m;\u001b[39m\u001b[22m\n\u001b[2m     \u001b[90m 104 |\u001b[39m\u001b[0m\u001b[22m\n\u001b[2m\u001b[22m\n\u001b[2m      \u001b[2mat Object.getElementError (\u001b[22m\u001b[2mnode_modules/@testing-library/react/node_modules/@testing-library/dom/dist/config.js\u001b[2m:37:19)\u001b[22m\u001b[2m\u001b[22m\n\u001b[2m      \u001b[2mat \u001b[22m\u001b[2mnode_modules/@testing-library/react/node_modules/@testing-library/dom/dist/query-helpers.js\u001b[2m:76:38\u001b[22m\u001b[2m\u001b[22m\n\u001b[2m      \u001b[2mat \u001b[22m\u001b[2mnode_modules/@testing-library/react/node_modules/@testing-library/dom/dist/query-helpers.js\u001b[2m:52:17\u001b[22m\u001b[2m\u001b[22m\n\u001b[2m      \u001b[2mat getByText (\u001b[22m\u001b[2mnode_modules/@testing-library/react/node_modules/@testing-library/dom/dist/query-helpers.js\u001b[2m:95:19)\u001b[22m\u001b[2m\u001b[22m\n\u001b[2m      \u001b[2mat Object.<anonymous> (\u001b[22m\u001b[2m\u001b[0m\u001b[36msrc/components/SmartNotificationPanel.test.jsx\u001b[39m\u001b[0m\u001b[2m:101:19)\u001b[22m\u001b[2m\u001b[22m\n","name":"C:\\Users\\x-be\\OneDrive\\المستندات\\04-10-2025\\66666\\frontend\\src\\components\\SmartNotificationPanel.test.jsx","startTime":1769613548733,"status":"failed","summary":""},{"assertionResults":[{"ancestorTitles":["SmartNotificationPanel UI"],"failureMessages":[],"fullName":"SmartNotificationPanel UI renders notifications and allows marking as read","location":null,"status":"passed","title":"renders notifications and allows marking as read"},{"ancestorTitles":["SmartNotificationPanel UI"],"failureMessages":[],"fullName":"SmartNotificationPanel UI does not show no notifications message when loading","location":null,"status":"passed","title":"does not show no notifications message when loading"},{"ancestorTitles":["SmartNotificationPanel UI"],"failureMessages":[],"fullName":"SmartNotificationPanel UI shows no notifications when error","location":null,"status":"passed","title":"shows no notifications when error"}],"endTime":1769613558923,"message":"","name":"C:\\Users\\x-be\\OneDrive\\المستندات\\04-10-2025\\66666\\frontend\\src\\components\\__tests__\\SmartNotificationPanel.test.js","startTime":1769613548786,"status":"passed","summary":""}],"wasInterrupted":false}