{"C:\\Users\\x-be\\OneDrive\\المستندات\\04-10-2025\\66666\\backend\\attendance-service\\AdvancedAnalyticsEngine.js": {"path":"C:\\Users\\x-be\\OneDrive\\المستندات\\04-10-2025\\66666\\backend\\attendance-service\\AdvancedAnalyticsEngine.js","statementMap":{"0":{"start":{"line":7,"column":25},"end":{"line":7,"column":42}},"1":{"start":{"line":11,"column":4},"end":{"line":11,"column":12}},"2":{"start":{"line":12,"column":4},"end":{"line":12,"column":25}},"3":{"start":{"line":13,"column":4},"end":{"line":13,"column":36}},"4":{"start":{"line":14,"column":4},"end":{"line":14,"column":33}},"5":{"start":{"line":15,"column":4},"end":{"line":15,"column":24}},"6":{"start":{"line":16,"column":4},"end":{"line":16,"column":28}},"7":{"start":{"line":27,"column":4},"end":{"line":86,"column":5}},"8":{"start":{"line":28,"column":6},"end":{"line":30,"column":7}},"9":{"start":{"line":29,"column":8},"end":{"line":29,"column":41}},"10":{"start":{"line":32,"column":6},"end":{"line":34,"column":7}},"11":{"start":{"line":33,"column":8},"end":{"line":33,"column":55}},"12":{"start":{"line":37,"column":20},"end":{"line":39,"column":44}},"13":{"start":{"line":38,"column":18},"end":{"line":38,"column":42}},"14":{"start":{"line":39,"column":23},"end":{"line":39,"column":43}},"15":{"start":{"line":41,"column":6},"end":{"line":43,"column":7}},"16":{"start":{"line":42,"column":8},"end":{"line":42,"column":55}},"17":{"start":{"line":46,"column":20},"end":{"line":49,"column":7}},"18":{"start":{"line":47,"column":55},"end":{"line":47,"column":56}},"19":{"start":{"line":52,"column":26},"end":{"line":52,"column":28}},"20":{"start":{"line":53,"column":6},"end":{"line":65,"column":7}},"21":{"start":{"line":53,"column":19},"end":{"line":53,"column":20}},"22":{"start":{"line":54,"column":30},"end":{"line":57,"column":9}},"23":{"start":{"line":59,"column":8},"end":{"line":64,"column":11}},"24":{"start":{"line":67,"column":25},"end":{"line":77,"column":7}},"25":{"start":{"line":73,"column":41},"end":{"line":73,"column":62}},"26":{"start":{"line":79,"column":6},"end":{"line":79,"column":57}},"27":{"start":{"line":80,"column":6},"end":{"line":80,"column":51}},"28":{"start":{"line":82,"column":6},"end":{"line":82,"column":24}},"29":{"start":{"line":84,"column":6},"end":{"line":84,"column":59}},"30":{"start":{"line":85,"column":6},"end":{"line":85,"column":38}},"31":{"start":{"line":93,"column":4},"end":{"line":140,"column":5}},"32":{"start":{"line":94,"column":6},"end":{"line":96,"column":7}},"33":{"start":{"line":95,"column":8},"end":{"line":95,"column":41}},"34":{"start":{"line":98,"column":21},"end":{"line":100,"column":44}},"35":{"start":{"line":99,"column":18},"end":{"line":99,"column":44}},"36":{"start":{"line":100,"column":23},"end":{"line":100,"column":43}},"37":{"start":{"line":102,"column":6},"end":{"line":104,"column":7}},"38":{"start":{"line":103,"column":8},"end":{"line":103,"column":46}},"39":{"start":{"line":107,"column":20},"end":{"line":110,"column":7}},"40":{"start":{"line":108,"column":56},"end":{"line":108,"column":57}},"41":{"start":{"line":113,"column":23},"end":{"line":113,"column":53}},"42":{"start":{"line":114,"column":27},"end":{"line":114,"column":62}},"43":{"start":{"line":117,"column":24},"end":{"line":117,"column":69}},"44":{"start":{"line":118,"column":25},"end":{"line":118,"column":53}},"45":{"start":{"line":119,"column":25},"end":{"line":119,"column":53}},"46":{"start":{"line":121,"column":26},"end":{"line":121,"column":86}},"47":{"start":{"line":123,"column":25},"end":{"line":134,"column":7}},"48":{"start":{"line":136,"column":6},"end":{"line":136,"column":24}},"49":{"start":{"line":138,"column":6},"end":{"line":138,"column":60}},"50":{"start":{"line":139,"column":6},"end":{"line":139,"column":38}},"51":{"start":{"line":151,"column":4},"end":{"line":201,"column":5}},"52":{"start":{"line":152,"column":6},"end":{"line":154,"column":7}},"53":{"start":{"line":153,"column":8},"end":{"line":153,"column":18}},"54":{"start":{"line":156,"column":28},"end":{"line":156,"column":84}},"55":{"start":{"line":156,"column":55},"end":{"line":156,"column":76}},"56":{"start":{"line":157,"column":23},"end":{"line":157,"column":25}},"57":{"start":{"line":159,"column":28},"end":{"line":159,"column":69}},"58":{"start":{"line":160,"column":32},"end":{"line":162,"column":7}},"59":{"start":{"line":165,"column":6},"end":{"line":171,"column":7}},"60":{"start":{"line":166,"column":8},"end":{"line":170,"column":11}},"61":{"start":{"line":174,"column":6},"end":{"line":184,"column":7}},"62":{"start":{"line":175,"column":8},"end":{"line":183,"column":13}},"63":{"start":{"line":176,"column":23},"end":{"line":176,"column":44}},"64":{"start":{"line":178,"column":12},"end":{"line":182,"column":15}},"65":{"start":{"line":187,"column":26},"end":{"line":187,"column":63}},"66":{"start":{"line":188,"column":6},"end":{"line":194,"column":7}},"67":{"start":{"line":189,"column":8},"end":{"line":193,"column":11}},"68":{"start":{"line":196,"column":6},"end":{"line":196,"column":46}},"69":{"start":{"line":197,"column":6},"end":{"line":197,"column":22}},"70":{"start":{"line":199,"column":6},"end":{"line":199,"column":55}},"71":{"start":{"line":200,"column":6},"end":{"line":200,"column":16}},"72":{"start":{"line":208,"column":4},"end":{"line":214,"column":5}},"73":{"start":{"line":209,"column":6},"end":{"line":213,"column":8}},"74":{"start":{"line":216,"column":21},"end":{"line":224,"column":5}},"75":{"start":{"line":226,"column":17},"end":{"line":226,"column":95}},"76":{"start":{"line":228,"column":4},"end":{"line":239,"column":5}},"77":{"start":{"line":229,"column":19},"end":{"line":229,"column":40}},"78":{"start":{"line":230,"column":22},"end":{"line":230,"column":41}},"79":{"start":{"line":231,"column":6},"end":{"line":233,"column":7}},"80":{"start":{"line":232,"column":8},"end":{"line":232,"column":17}},"81":{"start":{"line":235,"column":6},"end":{"line":235,"column":32}},"82":{"start":{"line":236,"column":6},"end":{"line":238,"column":7}},"83":{"start":{"line":237,"column":8},"end":{"line":237,"column":35}},"84":{"start":{"line":242,"column":28},"end":{"line":242,"column":30}},"85":{"start":{"line":243,"column":4},"end":{"line":245,"column":5}},"86":{"start":{"line":244,"column":6},"end":{"line":244,"column":99}},"87":{"start":{"line":247,"column":23},"end":{"line":247,"column":84}},"88":{"start":{"line":247,"column":78},"end":{"line":247,"column":83}},"89":{"start":{"line":248,"column":26},"end":{"line":248,"column":73}},"90":{"start":{"line":250,"column":4},"end":{"line":254,"column":6}},"91":{"start":{"line":261,"column":4},"end":{"line":267,"column":5}},"92":{"start":{"line":262,"column":6},"end":{"line":266,"column":8}},"93":{"start":{"line":269,"column":23},"end":{"line":269,"column":25}},"94":{"start":{"line":271,"column":4},"end":{"line":283,"column":5}},"95":{"start":{"line":272,"column":19},"end":{"line":272,"column":40}},"96":{"start":{"line":273,"column":20},"end":{"line":273,"column":67}},"97":{"start":{"line":275,"column":6},"end":{"line":277,"column":7}},"98":{"start":{"line":276,"column":8},"end":{"line":276,"column":52}},"99":{"start":{"line":279,"column":6},"end":{"line":279,"column":32}},"100":{"start":{"line":280,"column":6},"end":{"line":282,"column":7}},"101":{"start":{"line":281,"column":8},"end":{"line":281,"column":35}},"102":{"start":{"line":286,"column":30},"end":{"line":286,"column":32}},"103":{"start":{"line":287,"column":4},"end":{"line":290,"column":5}},"104":{"start":{"line":288,"column":6},"end":{"line":289,"column":78}},"105":{"start":{"line":292,"column":25},"end":{"line":292,"column":88}},"106":{"start":{"line":292,"column":82},"end":{"line":292,"column":87}},"107":{"start":{"line":294,"column":4},"end":{"line":298,"column":6}},"108":{"start":{"line":305,"column":25},"end":{"line":305,"column":27}},"109":{"start":{"line":308,"column":29},"end":{"line":308,"column":63}},"110":{"start":{"line":309,"column":4},"end":{"line":315,"column":5}},"111":{"start":{"line":310,"column":6},"end":{"line":314,"column":9}},"112":{"start":{"line":317,"column":4},"end":{"line":317,"column":24}},"113":{"start":{"line":325,"column":29},"end":{"line":325,"column":48}},"114":{"start":{"line":326,"column":4},"end":{"line":326,"column":45}},"115":{"start":{"line":337,"column":4},"end":{"line":417,"column":5}},"116":{"start":{"line":339,"column":32},"end":{"line":339,"column":84}},"117":{"start":{"line":340,"column":33},"end":{"line":340,"column":86}},"118":{"start":{"line":342,"column":24},"end":{"line":342,"column":26}},"119":{"start":{"line":345,"column":6},"end":{"line":369,"column":7}},"120":{"start":{"line":346,"column":23},"end":{"line":348,"column":42}},"121":{"start":{"line":347,"column":20},"end":{"line":347,"column":46}},"122":{"start":{"line":348,"column":23},"end":{"line":348,"column":41}},"123":{"start":{"line":350,"column":8},"end":{"line":368,"column":9}},"124":{"start":{"line":351,"column":23},"end":{"line":351,"column":72}},"125":{"start":{"line":351,"column":47},"end":{"line":351,"column":52}},"126":{"start":{"line":353,"column":12},"end":{"line":353,"column":89}},"127":{"start":{"line":353,"column":40},"end":{"line":353,"column":69}},"128":{"start":{"line":354,"column":25},"end":{"line":354,"column":49}},"129":{"start":{"line":356,"column":10},"end":{"line":367,"column":13}},"130":{"start":{"line":357,"column":27},"end":{"line":357,"column":66}},"131":{"start":{"line":358,"column":12},"end":{"line":366,"column":13}},"132":{"start":{"line":359,"column":14},"end":{"line":365,"column":17}},"133":{"start":{"line":372,"column":6},"end":{"line":410,"column":7}},"134":{"start":{"line":373,"column":23},"end":{"line":373,"column":82}},"135":{"start":{"line":373,"column":51},"end":{"line":373,"column":80}},"136":{"start":{"line":375,"column":8},"end":{"line":409,"column":9}},"137":{"start":{"line":376,"column":23},"end":{"line":376,"column":72}},"138":{"start":{"line":376,"column":47},"end":{"line":376,"column":52}},"139":{"start":{"line":378,"column":12},"end":{"line":378,"column":89}},"140":{"start":{"line":378,"column":40},"end":{"line":378,"column":69}},"141":{"start":{"line":379,"column":25},"end":{"line":379,"column":49}},"142":{"start":{"line":381,"column":10},"end":{"line":393,"column":13}},"143":{"start":{"line":382,"column":27},"end":{"line":382,"column":66}},"144":{"start":{"line":384,"column":12},"end":{"line":392,"column":13}},"145":{"start":{"line":385,"column":14},"end":{"line":391,"column":17}},"146":{"start":{"line":396,"column":23},"end":{"line":396,"column":24}},"147":{"start":{"line":397,"column":10},"end":{"line":408,"column":11}},"148":{"start":{"line":398,"column":12},"end":{"line":398,"column":64}},"149":{"start":{"line":399,"column":12},"end":{"line":407,"column":13}},"150":{"start":{"line":400,"column":14},"end":{"line":406,"column":17}},"151":{"start":{"line":412,"column":6},"end":{"line":412,"column":33}},"152":{"start":{"line":413,"column":6},"end":{"line":413,"column":23}},"153":{"start":{"line":415,"column":6},"end":{"line":415,"column":55}},"154":{"start":{"line":416,"column":6},"end":{"line":416,"column":16}},"155":{"start":{"line":428,"column":14},"end":{"line":428,"column":22}},"156":{"start":{"line":429,"column":17},"end":{"line":429,"column":45}},"157":{"start":{"line":429,"column":36},"end":{"line":429,"column":41}},"158":{"start":{"line":430,"column":17},"end":{"line":430,"column":45}},"159":{"start":{"line":430,"column":36},"end":{"line":430,"column":41}},"160":{"start":{"line":431,"column":18},"end":{"line":431,"column":62}},"161":{"start":{"line":431,"column":43},"end":{"line":431,"column":58}},"162":{"start":{"line":432,"column":18},"end":{"line":432,"column":57}},"163":{"start":{"line":432,"column":40},"end":{"line":432,"column":53}},"164":{"start":{"line":434,"column":18},"end":{"line":434,"column":71}},"165":{"start":{"line":435,"column":22},"end":{"line":435,"column":47}},"166":{"start":{"line":437,"column":4},"end":{"line":437,"column":32}},"167":{"start":{"line":444,"column":17},"end":{"line":444,"column":59}},"168":{"start":{"line":444,"column":39},"end":{"line":444,"column":44}},"169":{"start":{"line":445,"column":4},"end":{"line":445,"column":85}},"170":{"start":{"line":445,"column":37},"end":{"line":445,"column":66}},"171":{"start":{"line":452,"column":22},"end":{"line":452,"column":95}},"172":{"start":{"line":452,"column":43},"end":{"line":452,"column":94}},"173":{"start":{"line":454,"column":25},"end":{"line":454,"column":77}},"174":{"start":{"line":454,"column":52},"end":{"line":454,"column":57}},"175":{"start":{"line":455,"column":23},"end":{"line":455,"column":57}},"176":{"start":{"line":457,"column":4},"end":{"line":457,"column":22}},"177":{"start":{"line":468,"column":4},"end":{"line":476,"column":5}},"178":{"start":{"line":469,"column":6},"end":{"line":469,"column":24}},"179":{"start":{"line":470,"column":11},"end":{"line":476,"column":5}},"180":{"start":{"line":471,"column":6},"end":{"line":471,"column":20}},"181":{"start":{"line":472,"column":11},"end":{"line":476,"column":5}},"182":{"start":{"line":473,"column":6},"end":{"line":473,"column":22}},"183":{"start":{"line":475,"column":6},"end":{"line":475,"column":19}},"184":{"start":{"line":483,"column":28},"end":{"line":483,"column":30}},"185":{"start":{"line":485,"column":4},"end":{"line":487,"column":5}},"186":{"start":{"line":486,"column":6},"end":{"line":486,"column":67}},"187":{"start":{"line":489,"column":4},"end":{"line":491,"column":5}},"188":{"start":{"line":490,"column":6},"end":{"line":490,"column":62}},"189":{"start":{"line":493,"column":4},"end":{"line":495,"column":5}},"190":{"start":{"line":494,"column":6},"end":{"line":494,"column":59}},"191":{"start":{"line":497,"column":4},"end":{"line":497,"column":95}},"192":{"start":{"line":508,"column":4},"end":{"line":527,"column":6}},"193":{"start":{"line":534,"column":4},"end":{"line":534,"column":66}},"194":{"start":{"line":541,"column":4},"end":{"line":541,"column":47}},"195":{"start":{"line":541,"column":38},"end":{"line":541,"column":47}},"196":{"start":{"line":543,"column":21},"end":{"line":543,"column":89}},"197":{"start":{"line":543,"column":69},"end":{"line":543,"column":87}},"198":{"start":{"line":544,"column":24},"end":{"line":544,"column":55}},"199":{"start":{"line":546,"column":4},"end":{"line":546,"column":48}},"200":{"start":{"line":553,"column":4},"end":{"line":553,"column":46}},"201":{"start":{"line":553,"column":37},"end":{"line":553,"column":46}},"202":{"start":{"line":555,"column":24},"end":{"line":555,"column":81}},"203":{"start":{"line":555,"column":51},"end":{"line":555,"column":73}},"204":{"start":{"line":556,"column":24},"end":{"line":556,"column":67}},"205":{"start":{"line":558,"column":4},"end":{"line":558,"column":40}},"206":{"start":{"line":565,"column":30},"end":{"line":565,"column":79}},"207":{"start":{"line":566,"column":29},"end":{"line":566,"column":83}},"208":{"start":{"line":568,"column":4},"end":{"line":570,"column":5}},"209":{"start":{"line":569,"column":6},"end":{"line":569,"column":33}},"210":{"start":{"line":573,"column":6},"end":{"line":573,"column":94}},"211":{"start":{"line":573,"column":41},"end":{"line":573,"column":63}},"212":{"start":{"line":575,"column":6},"end":{"line":575,"column":92}},"213":{"start":{"line":575,"column":40},"end":{"line":575,"column":62}},"214":{"start":{"line":577,"column":4},"end":{"line":577,"column":53}},"215":{"start":{"line":577,"column":34},"end":{"line":577,"column":53}},"216":{"start":{"line":578,"column":4},"end":{"line":578,"column":53}},"217":{"start":{"line":578,"column":34},"end":{"line":578,"column":53}},"218":{"start":{"line":579,"column":4},"end":{"line":579,"column":20}},"219":{"start":{"line":586,"column":28},"end":{"line":586,"column":30}},"220":{"start":{"line":589,"column":4},"end":{"line":595,"column":5}},"221":{"start":{"line":590,"column":6},"end":{"line":594,"column":9}},"222":{"start":{"line":598,"column":4},"end":{"line":604,"column":5}},"223":{"start":{"line":599,"column":6},"end":{"line":603,"column":9}},"224":{"start":{"line":606,"column":4},"end":{"line":606,"column":27}},"225":{"start":{"line":613,"column":24},"end":{"line":613,"column":26}},"226":{"start":{"line":615,"column":4},"end":{"line":615,"column":80}},"227":{"start":{"line":615,"column":44},"end":{"line":615,"column":80}},"228":{"start":{"line":616,"column":4},"end":{"line":616,"column":78}},"229":{"start":{"line":616,"column":42},"end":{"line":616,"column":78}},"230":{"start":{"line":617,"column":4},"end":{"line":620,"column":5}},"231":{"start":{"line":618,"column":20},"end":{"line":618,"column":60}},"232":{"start":{"line":619,"column":6},"end":{"line":619,"column":75}},"233":{"start":{"line":619,"column":33},"end":{"line":619,"column":75}},"234":{"start":{"line":622,"column":4},"end":{"line":626,"column":6}},"235":{"start":{"line":633,"column":20},"end":{"line":633,"column":22}},"236":{"start":{"line":635,"column":4},"end":{"line":637,"column":5}},"237":{"start":{"line":636,"column":6},"end":{"line":636,"column":39}},"238":{"start":{"line":639,"column":4},"end":{"line":641,"column":5}},"239":{"start":{"line":640,"column":6},"end":{"line":640,"column":40}},"240":{"start":{"line":643,"column":4},"end":{"line":645,"column":5}},"241":{"start":{"line":644,"column":6},"end":{"line":644,"column":39}},"242":{"start":{"line":647,"column":4},"end":{"line":647,"column":19}},"243":{"start":{"line":651,"column":0},"end":{"line":651,"column":41}}},"fnMap":{"0":{"name":"(anonymous_0)","decl":{"start":{"line":10,"column":2},"end":{"line":10,"column":3}},"loc":{"start":{"line":10,"column":27},"end":{"line":17,"column":3}},"line":10},"1":{"name":"(anonymous_1)","decl":{"start":{"line":26,"column":2},"end":{"line":26,"column":3}},"loc":{"start":{"line":26,"column":56},"end":{"line":87,"column":3}},"line":26},"2":{"name":"(anonymous_2)","decl":{"start":{"line":38,"column":13},"end":{"line":38,"column":14}},"loc":{"start":{"line":38,"column":18},"end":{"line":38,"column":42}},"line":38},"3":{"name":"(anonymous_3)","decl":{"start":{"line":39,"column":16},"end":{"line":39,"column":17}},"loc":{"start":{"line":39,"column":23},"end":{"line":39,"column":43}},"line":39},"4":{"name":"(anonymous_4)","decl":{"start":{"line":47,"column":45},"end":{"line":47,"column":46}},"loc":{"start":{"line":47,"column":55},"end":{"line":47,"column":56}},"line":47},"5":{"name":"(anonymous_5)","decl":{"start":{"line":73,"column":29},"end":{"line":73,"column":30}},"loc":{"start":{"line":73,"column":41},"end":{"line":73,"column":62}},"line":73},"6":{"name":"(anonymous_6)","decl":{"start":{"line":92,"column":2},"end":{"line":92,"column":3}},"loc":{"start":{"line":92,"column":45},"end":{"line":141,"column":3}},"line":92},"7":{"name":"(anonymous_7)","decl":{"start":{"line":99,"column":13},"end":{"line":99,"column":14}},"loc":{"start":{"line":99,"column":18},"end":{"line":99,"column":44}},"line":99},"8":{"name":"(anonymous_8)","decl":{"start":{"line":100,"column":16},"end":{"line":100,"column":17}},"loc":{"start":{"line":100,"column":23},"end":{"line":100,"column":43}},"line":100},"9":{"name":"(anonymous_9)","decl":{"start":{"line":108,"column":46},"end":{"line":108,"column":47}},"loc":{"start":{"line":108,"column":56},"end":{"line":108,"column":57}},"line":108},"10":{"name":"(anonymous_10)","decl":{"start":{"line":150,"column":2},"end":{"line":150,"column":3}},"loc":{"start":{"line":150,"column":40},"end":{"line":202,"column":3}},"line":150},"11":{"name":"(anonymous_11)","decl":{"start":{"line":156,"column":50},"end":{"line":156,"column":51}},"loc":{"start":{"line":156,"column":55},"end":{"line":156,"column":76}},"line":156},"12":{"name":"(anonymous_12)","decl":{"start":{"line":176,"column":18},"end":{"line":176,"column":19}},"loc":{"start":{"line":176,"column":23},"end":{"line":176,"column":44}},"line":176},"13":{"name":"(anonymous_13)","decl":{"start":{"line":177,"column":19},"end":{"line":177,"column":20}},"loc":{"start":{"line":177,"column":29},"end":{"line":183,"column":11}},"line":177},"14":{"name":"(anonymous_14)","decl":{"start":{"line":207,"column":2},"end":{"line":207,"column":3}},"loc":{"start":{"line":207,"column":29},"end":{"line":255,"column":3}},"line":207},"15":{"name":"(anonymous_15)","decl":{"start":{"line":247,"column":60},"end":{"line":247,"column":61}},"loc":{"start":{"line":247,"column":78},"end":{"line":247,"column":83}},"line":247},"16":{"name":"(anonymous_16)","decl":{"start":{"line":260,"column":2},"end":{"line":260,"column":3}},"loc":{"start":{"line":260,"column":31},"end":{"line":299,"column":3}},"line":260},"17":{"name":"(anonymous_17)","decl":{"start":{"line":292,"column":64},"end":{"line":292,"column":65}},"loc":{"start":{"line":292,"column":82},"end":{"line":292,"column":87}},"line":292},"18":{"name":"(anonymous_18)","decl":{"start":{"line":304,"column":2},"end":{"line":304,"column":3}},"loc":{"start":{"line":304,"column":25},"end":{"line":318,"column":3}},"line":304},"19":{"name":"(anonymous_19)","decl":{"start":{"line":323,"column":2},"end":{"line":323,"column":3}},"loc":{"start":{"line":323,"column":33},"end":{"line":327,"column":3}},"line":323},"20":{"name":"(anonymous_20)","decl":{"start":{"line":336,"column":2},"end":{"line":336,"column":3}},"loc":{"start":{"line":336,"column":24},"end":{"line":418,"column":3}},"line":336},"21":{"name":"(anonymous_21)","decl":{"start":{"line":347,"column":15},"end":{"line":347,"column":16}},"loc":{"start":{"line":347,"column":20},"end":{"line":347,"column":46}},"line":347},"22":{"name":"(anonymous_22)","decl":{"start":{"line":348,"column":18},"end":{"line":348,"column":19}},"loc":{"start":{"line":348,"column":23},"end":{"line":348,"column":41}},"line":348},"23":{"name":"(anonymous_23)","decl":{"start":{"line":351,"column":37},"end":{"line":351,"column":38}},"loc":{"start":{"line":351,"column":47},"end":{"line":351,"column":52}},"line":351},"24":{"name":"(anonymous_24)","decl":{"start":{"line":353,"column":26},"end":{"line":353,"column":27}},"loc":{"start":{"line":353,"column":40},"end":{"line":353,"column":69}},"line":353},"25":{"name":"(anonymous_25)","decl":{"start":{"line":356,"column":37},"end":{"line":356,"column":38}},"loc":{"start":{"line":356,"column":53},"end":{"line":367,"column":11}},"line":356},"26":{"name":"(anonymous_26)","decl":{"start":{"line":373,"column":45},"end":{"line":373,"column":46}},"loc":{"start":{"line":373,"column":51},"end":{"line":373,"column":80}},"line":373},"27":{"name":"(anonymous_27)","decl":{"start":{"line":376,"column":37},"end":{"line":376,"column":38}},"loc":{"start":{"line":376,"column":47},"end":{"line":376,"column":52}},"line":376},"28":{"name":"(anonymous_28)","decl":{"start":{"line":378,"column":26},"end":{"line":378,"column":27}},"loc":{"start":{"line":378,"column":40},"end":{"line":378,"column":69}},"line":378},"29":{"name":"(anonymous_29)","decl":{"start":{"line":381,"column":36},"end":{"line":381,"column":37}},"loc":{"start":{"line":381,"column":52},"end":{"line":393,"column":11}},"line":381},"30":{"name":"(anonymous_30)","decl":{"start":{"line":427,"column":2},"end":{"line":427,"column":3}},"loc":{"start":{"line":427,"column":34},"end":{"line":438,"column":3}},"line":427},"31":{"name":"(anonymous_31)","decl":{"start":{"line":429,"column":26},"end":{"line":429,"column":27}},"loc":{"start":{"line":429,"column":36},"end":{"line":429,"column":41}},"line":429},"32":{"name":"(anonymous_32)","decl":{"start":{"line":430,"column":26},"end":{"line":430,"column":27}},"loc":{"start":{"line":430,"column":36},"end":{"line":430,"column":41}},"line":430},"33":{"name":"(anonymous_33)","decl":{"start":{"line":431,"column":27},"end":{"line":431,"column":28}},"loc":{"start":{"line":431,"column":43},"end":{"line":431,"column":58}},"line":431},"34":{"name":"(anonymous_34)","decl":{"start":{"line":432,"column":27},"end":{"line":432,"column":28}},"loc":{"start":{"line":432,"column":40},"end":{"line":432,"column":53}},"line":432},"35":{"name":"(anonymous_35)","decl":{"start":{"line":443,"column":2},"end":{"line":443,"column":3}},"loc":{"start":{"line":443,"column":26},"end":{"line":446,"column":3}},"line":443},"36":{"name":"(anonymous_36)","decl":{"start":{"line":444,"column":29},"end":{"line":444,"column":30}},"loc":{"start":{"line":444,"column":39},"end":{"line":444,"column":44}},"line":444},"37":{"name":"(anonymous_37)","decl":{"start":{"line":445,"column":23},"end":{"line":445,"column":24}},"loc":{"start":{"line":445,"column":37},"end":{"line":445,"column":66}},"line":445},"38":{"name":"(anonymous_38)","decl":{"start":{"line":451,"column":2},"end":{"line":451,"column":3}},"loc":{"start":{"line":451,"column":35},"end":{"line":458,"column":3}},"line":451},"39":{"name":"(anonymous_39)","decl":{"start":{"line":452,"column":31},"end":{"line":452,"column":32}},"loc":{"start":{"line":452,"column":43},"end":{"line":452,"column":94}},"line":452},"40":{"name":"(anonymous_40)","decl":{"start":{"line":454,"column":42},"end":{"line":454,"column":43}},"loc":{"start":{"line":454,"column":52},"end":{"line":454,"column":57}},"line":454},"41":{"name":"(anonymous_41)","decl":{"start":{"line":467,"column":2},"end":{"line":467,"column":3}},"loc":{"start":{"line":467,"column":44},"end":{"line":477,"column":3}},"line":467},"42":{"name":"(anonymous_42)","decl":{"start":{"line":482,"column":2},"end":{"line":482,"column":3}},"loc":{"start":{"line":482,"column":46},"end":{"line":498,"column":3}},"line":482},"43":{"name":"(anonymous_43)","decl":{"start":{"line":507,"column":2},"end":{"line":507,"column":3}},"loc":{"start":{"line":507,"column":52},"end":{"line":528,"column":3}},"line":507},"44":{"name":"(anonymous_44)","decl":{"start":{"line":533,"column":2},"end":{"line":533,"column":3}},"loc":{"start":{"line":533,"column":32},"end":{"line":535,"column":3}},"line":533},"45":{"name":"(anonymous_45)","decl":{"start":{"line":540,"column":2},"end":{"line":540,"column":3}},"loc":{"start":{"line":540,"column":40},"end":{"line":547,"column":3}},"line":540},"46":{"name":"(anonymous_46)","decl":{"start":{"line":543,"column":64},"end":{"line":543,"column":65}},"loc":{"start":{"line":543,"column":69},"end":{"line":543,"column":87}},"line":543},"47":{"name":"(anonymous_47)","decl":{"start":{"line":552,"column":2},"end":{"line":552,"column":3}},"loc":{"start":{"line":552,"column":39},"end":{"line":559,"column":3}},"line":552},"48":{"name":"(anonymous_48)","decl":{"start":{"line":555,"column":46},"end":{"line":555,"column":47}},"loc":{"start":{"line":555,"column":51},"end":{"line":555,"column":73}},"line":555},"49":{"name":"(anonymous_49)","decl":{"start":{"line":564,"column":2},"end":{"line":564,"column":3}},"loc":{"start":{"line":564,"column":38},"end":{"line":580,"column":3}},"line":564},"50":{"name":"(anonymous_50)","decl":{"start":{"line":573,"column":31},"end":{"line":573,"column":32}},"loc":{"start":{"line":573,"column":41},"end":{"line":573,"column":63}},"line":573},"51":{"name":"(anonymous_51)","decl":{"start":{"line":575,"column":30},"end":{"line":575,"column":31}},"loc":{"start":{"line":575,"column":40},"end":{"line":575,"column":62}},"line":575},"52":{"name":"(anonymous_52)","decl":{"start":{"line":585,"column":2},"end":{"line":585,"column":3}},"loc":{"start":{"line":585,"column":48},"end":{"line":607,"column":3}},"line":585},"53":{"name":"(anonymous_53)","decl":{"start":{"line":612,"column":2},"end":{"line":612,"column":3}},"loc":{"start":{"line":612,"column":34},"end":{"line":627,"column":3}},"line":612},"54":{"name":"(anonymous_54)","decl":{"start":{"line":632,"column":2},"end":{"line":632,"column":3}},"loc":{"start":{"line":632,"column":32},"end":{"line":648,"column":3}},"line":632}},"branchMap":{"0":{"loc":{"start":{"line":10,"column":14},"end":{"line":10,"column":25}},"type":"default-arg","locations":[{"start":{"line":10,"column":23},"end":{"line":10,"column":25}}],"line":10},"1":{"loc":{"start":{"line":26,"column":40},"end":{"line":26,"column":54}},"type":"default-arg","locations":[{"start":{"line":26,"column":52},"end":{"line":26,"column":54}}],"line":26},"2":{"loc":{"start":{"line":28,"column":6},"end":{"line":30,"column":7}},"type":"if","locations":[{"start":{"line":28,"column":6},"end":{"line":30,"column":7}},{"start":{},"end":{}}],"line":28},"3":{"loc":{"start":{"line":32,"column":6},"end":{"line":34,"column":7}},"type":"if","locations":[{"start":{"line":32,"column":6},"end":{"line":34,"column":7}},{"start":{},"end":{}}],"line":32},"4":{"loc":{"start":{"line":41,"column":6},"end":{"line":43,"column":7}},"type":"if","locations":[{"start":{"line":41,"column":6},"end":{"line":43,"column":7}},{"start":{},"end":{}}],"line":41},"5":{"loc":{"start":{"line":63,"column":17},"end":{"line":63,"column":94}},"type":"cond-expr","locations":[{"start":{"line":63,"column":37},"end":{"line":63,"column":48}},{"start":{"line":63,"column":51},"end":{"line":63,"column":94}}],"line":63},"6":{"loc":{"start":{"line":63,"column":51},"end":{"line":63,"column":94}},"type":"cond-expr","locations":[{"start":{"line":63,"column":72},"end":{"line":63,"column":83}},{"start":{"line":63,"column":86},"end":{"line":63,"column":94}}],"line":63},"7":{"loc":{"start":{"line":75,"column":15},"end":{"line":75,"column":92}},"type":"cond-expr","locations":[{"start":{"line":75,"column":35},"end":{"line":75,"column":46}},{"start":{"line":75,"column":49},"end":{"line":75,"column":92}}],"line":75},"8":{"loc":{"start":{"line":75,"column":49},"end":{"line":75,"column":92}},"type":"cond-expr","locations":[{"start":{"line":75,"column":70},"end":{"line":75,"column":81}},{"start":{"line":75,"column":84},"end":{"line":75,"column":92}}],"line":75},"9":{"loc":{"start":{"line":76,"column":22},"end":{"line":76,"column":53}},"type":"binary-expr","locations":[{"start":{"line":76,"column":22},"end":{"line":76,"column":48}},{"start":{"line":76,"column":52},"end":{"line":76,"column":53}}],"line":76},"10":{"loc":{"start":{"line":94,"column":6},"end":{"line":96,"column":7}},"type":"if","locations":[{"start":{"line":94,"column":6},"end":{"line":96,"column":7}},{"start":{},"end":{}}],"line":94},"11":{"loc":{"start":{"line":102,"column":6},"end":{"line":104,"column":7}},"type":"if","locations":[{"start":{"line":102,"column":6},"end":{"line":104,"column":7}},{"start":{},"end":{}}],"line":102},"12":{"loc":{"start":{"line":130,"column":20},"end":{"line":130,"column":93}},"type":"cond-expr","locations":[{"start":{"line":130,"column":38},"end":{"line":130,"column":49}},{"start":{"line":130,"column":52},"end":{"line":130,"column":93}}],"line":130},"13":{"loc":{"start":{"line":130,"column":52},"end":{"line":130,"column":93}},"type":"cond-expr","locations":[{"start":{"line":130,"column":71},"end":{"line":130,"column":82}},{"start":{"line":130,"column":85},"end":{"line":130,"column":93}}],"line":130},"14":{"loc":{"start":{"line":152,"column":6},"end":{"line":154,"column":7}},"type":"if","locations":[{"start":{"line":152,"column":6},"end":{"line":154,"column":7}},{"start":{},"end":{}}],"line":152},"15":{"loc":{"start":{"line":152,"column":10},"end":{"line":152,"column":71}},"type":"binary-expr","locations":[{"start":{"line":152,"column":10},"end":{"line":152,"column":40}},{"start":{"line":152,"column":44},"end":{"line":152,"column":71}}],"line":152},"16":{"loc":{"start":{"line":161,"column":25},"end":{"line":161,"column":60}},"type":"binary-expr","locations":[{"start":{"line":161,"column":25},"end":{"line":161,"column":54}},{"start":{"line":161,"column":58},"end":{"line":161,"column":60}}],"line":161},"17":{"loc":{"start":{"line":165,"column":6},"end":{"line":171,"column":7}},"type":"if","locations":[{"start":{"line":165,"column":6},"end":{"line":171,"column":7}},{"start":{},"end":{}}],"line":165},"18":{"loc":{"start":{"line":165,"column":10},"end":{"line":165,"column":91}},"type":"binary-expr","locations":[{"start":{"line":165,"column":10},"end":{"line":165,"column":28}},{"start":{"line":165,"column":32},"end":{"line":165,"column":66}},{"start":{"line":165,"column":70},"end":{"line":165,"column":91}}],"line":165},"19":{"loc":{"start":{"line":169,"column":20},"end":{"line":169,"column":95}},"type":"cond-expr","locations":[{"start":{"line":169,"column":45},"end":{"line":169,"column":51}},{"start":{"line":169,"column":54},"end":{"line":169,"column":95}}],"line":169},"20":{"loc":{"start":{"line":169,"column":54},"end":{"line":169,"column":95}},"type":"cond-expr","locations":[{"start":{"line":169,"column":79},"end":{"line":169,"column":87}},{"start":{"line":169,"column":90},"end":{"line":169,"column":95}}],"line":169},"21":{"loc":{"start":{"line":174,"column":6},"end":{"line":184,"column":7}},"type":"if","locations":[{"start":{"line":174,"column":6},"end":{"line":184,"column":7}},{"start":{},"end":{}}],"line":174},"22":{"loc":{"start":{"line":174,"column":10},"end":{"line":174,"column":49}},"type":"binary-expr","locations":[{"start":{"line":174,"column":10},"end":{"line":174,"column":27}},{"start":{"line":174,"column":31},"end":{"line":174,"column":49}}],"line":174},"23":{"loc":{"start":{"line":188,"column":6},"end":{"line":194,"column":7}},"type":"if","locations":[{"start":{"line":188,"column":6},"end":{"line":194,"column":7}},{"start":{},"end":{}}],"line":188},"24":{"loc":{"start":{"line":208,"column":4},"end":{"line":214,"column":5}},"type":"if","locations":[{"start":{"line":208,"column":4},"end":{"line":214,"column":5}},{"start":{},"end":{}}],"line":208},"25":{"loc":{"start":{"line":208,"column":8},"end":{"line":208,"column":49}},"type":"binary-expr","locations":[{"start":{"line":208,"column":8},"end":{"line":208,"column":28}},{"start":{"line":208,"column":32},"end":{"line":208,"column":49}}],"line":208},"26":{"loc":{"start":{"line":231,"column":6},"end":{"line":233,"column":7}},"type":"if","locations":[{"start":{"line":231,"column":6},"end":{"line":233,"column":7}},{"start":{},"end":{}}],"line":231},"27":{"loc":{"start":{"line":236,"column":6},"end":{"line":238,"column":7}},"type":"if","locations":[{"start":{"line":236,"column":6},"end":{"line":238,"column":7}},{"start":{},"end":{}}],"line":236},"28":{"loc":{"start":{"line":244,"column":29},"end":{"line":244,"column":98}},"type":"cond-expr","locations":[{"start":{"line":244,"column":47},"end":{"line":244,"column":94}},{"start":{"line":244,"column":97},"end":{"line":244,"column":98}}],"line":244},"29":{"loc":{"start":{"line":248,"column":26},"end":{"line":248,"column":73}},"type":"cond-expr","locations":[{"start":{"line":248,"column":50},"end":{"line":248,"column":66}},{"start":{"line":248,"column":69},"end":{"line":248,"column":73}}],"line":248},"30":{"loc":{"start":{"line":253,"column":22},"end":{"line":253,"column":89}},"type":"cond-expr","locations":[{"start":{"line":253,"column":46},"end":{"line":253,"column":82}},{"start":{"line":253,"column":85},"end":{"line":253,"column":89}}],"line":253},"31":{"loc":{"start":{"line":261,"column":4},"end":{"line":267,"column":5}},"type":"if","locations":[{"start":{"line":261,"column":4},"end":{"line":267,"column":5}},{"start":{},"end":{}}],"line":261},"32":{"loc":{"start":{"line":261,"column":8},"end":{"line":261,"column":49}},"type":"binary-expr","locations":[{"start":{"line":261,"column":8},"end":{"line":261,"column":28}},{"start":{"line":261,"column":32},"end":{"line":261,"column":49}}],"line":261},"33":{"loc":{"start":{"line":275,"column":6},"end":{"line":277,"column":7}},"type":"if","locations":[{"start":{"line":275,"column":6},"end":{"line":277,"column":7}},{"start":{},"end":{}}],"line":275},"34":{"loc":{"start":{"line":280,"column":6},"end":{"line":282,"column":7}},"type":"if","locations":[{"start":{"line":280,"column":6},"end":{"line":282,"column":7}},{"start":{},"end":{}}],"line":280},"35":{"loc":{"start":{"line":289,"column":8},"end":{"line":289,"column":77}},"type":"cond-expr","locations":[{"start":{"line":289,"column":26},"end":{"line":289,"column":73}},{"start":{"line":289,"column":76},"end":{"line":289,"column":77}}],"line":289},"36":{"loc":{"start":{"line":296,"column":27},"end":{"line":296,"column":78}},"type":"cond-expr","locations":[{"start":{"line":296,"column":53},"end":{"line":296,"column":71}},{"start":{"line":296,"column":74},"end":{"line":296,"column":78}}],"line":296},"37":{"loc":{"start":{"line":297,"column":26},"end":{"line":297,"column":99}},"type":"cond-expr","locations":[{"start":{"line":297,"column":52},"end":{"line":297,"column":92}},{"start":{"line":297,"column":95},"end":{"line":297,"column":99}}],"line":297},"38":{"loc":{"start":{"line":309,"column":4},"end":{"line":315,"column":5}},"type":"if","locations":[{"start":{"line":309,"column":4},"end":{"line":315,"column":5}},{"start":{},"end":{}}],"line":309},"39":{"loc":{"start":{"line":339,"column":32},"end":{"line":339,"column":84}},"type":"cond-expr","locations":[{"start":{"line":339,"column":54},"end":{"line":339,"column":58}},{"start":{"line":339,"column":61},"end":{"line":339,"column":84}}],"line":339},"40":{"loc":{"start":{"line":340,"column":33},"end":{"line":340,"column":86}},"type":"cond-expr","locations":[{"start":{"line":340,"column":55},"end":{"line":340,"column":59}},{"start":{"line":340,"column":62},"end":{"line":340,"column":86}}],"line":340},"41":{"loc":{"start":{"line":345,"column":6},"end":{"line":369,"column":7}},"type":"if","locations":[{"start":{"line":345,"column":6},"end":{"line":369,"column":7}},{"start":{},"end":{}}],"line":345},"42":{"loc":{"start":{"line":345,"column":10},"end":{"line":345,"column":76}},"type":"binary-expr","locations":[{"start":{"line":345,"column":10},"end":{"line":345,"column":43}},{"start":{"line":345,"column":47},"end":{"line":345,"column":76}}],"line":345},"43":{"loc":{"start":{"line":350,"column":8},"end":{"line":368,"column":9}},"type":"if","locations":[{"start":{"line":350,"column":8},"end":{"line":368,"column":9}},{"start":{},"end":{}}],"line":350},"44":{"loc":{"start":{"line":354,"column":25},"end":{"line":354,"column":49}},"type":"binary-expr","locations":[{"start":{"line":354,"column":25},"end":{"line":354,"column":44}},{"start":{"line":354,"column":48},"end":{"line":354,"column":49}}],"line":354},"45":{"loc":{"start":{"line":358,"column":12},"end":{"line":366,"column":13}},"type":"if","locations":[{"start":{"line":358,"column":12},"end":{"line":366,"column":13}},{"start":{},"end":{}}],"line":358},"46":{"loc":{"start":{"line":364,"column":26},"end":{"line":364,"column":56}},"type":"cond-expr","locations":[{"start":{"line":364,"column":39},"end":{"line":364,"column":45}},{"start":{"line":364,"column":48},"end":{"line":364,"column":56}}],"line":364},"47":{"loc":{"start":{"line":372,"column":6},"end":{"line":410,"column":7}},"type":"if","locations":[{"start":{"line":372,"column":6},"end":{"line":410,"column":7}},{"start":{},"end":{}}],"line":372},"48":{"loc":{"start":{"line":372,"column":10},"end":{"line":372,"column":74}},"type":"binary-expr","locations":[{"start":{"line":372,"column":10},"end":{"line":372,"column":42}},{"start":{"line":372,"column":46},"end":{"line":372,"column":74}}],"line":372},"49":{"loc":{"start":{"line":373,"column":51},"end":{"line":373,"column":80}},"type":"cond-expr","locations":[{"start":{"line":373,"column":75},"end":{"line":373,"column":76}},{"start":{"line":373,"column":79},"end":{"line":373,"column":80}}],"line":373},"50":{"loc":{"start":{"line":375,"column":8},"end":{"line":409,"column":9}},"type":"if","locations":[{"start":{"line":375,"column":8},"end":{"line":409,"column":9}},{"start":{},"end":{}}],"line":375},"51":{"loc":{"start":{"line":379,"column":25},"end":{"line":379,"column":49}},"type":"binary-expr","locations":[{"start":{"line":379,"column":25},"end":{"line":379,"column":44}},{"start":{"line":379,"column":48},"end":{"line":379,"column":49}}],"line":379},"52":{"loc":{"start":{"line":384,"column":12},"end":{"line":392,"column":13}},"type":"if","locations":[{"start":{"line":384,"column":12},"end":{"line":392,"column":13}},{"start":{},"end":{}}],"line":384},"53":{"loc":{"start":{"line":390,"column":26},"end":{"line":390,"column":56}},"type":"cond-expr","locations":[{"start":{"line":390,"column":39},"end":{"line":390,"column":45}},{"start":{"line":390,"column":48},"end":{"line":390,"column":56}}],"line":390},"54":{"loc":{"start":{"line":398,"column":21},"end":{"line":398,"column":63}},"type":"cond-expr","locations":[{"start":{"line":398,"column":49},"end":{"line":398,"column":59}},{"start":{"line":398,"column":62},"end":{"line":398,"column":63}}],"line":398},"55":{"loc":{"start":{"line":399,"column":12},"end":{"line":407,"column":13}},"type":"if","locations":[{"start":{"line":399,"column":12},"end":{"line":407,"column":13}},{"start":{},"end":{}}],"line":399},"56":{"loc":{"start":{"line":468,"column":4},"end":{"line":476,"column":5}},"type":"if","locations":[{"start":{"line":468,"column":4},"end":{"line":476,"column":5}},{"start":{"line":470,"column":11},"end":{"line":476,"column":5}}],"line":468},"57":{"loc":{"start":{"line":470,"column":11},"end":{"line":476,"column":5}},"type":"if","locations":[{"start":{"line":470,"column":11},"end":{"line":476,"column":5}},{"start":{"line":472,"column":11},"end":{"line":476,"column":5}}],"line":470},"58":{"loc":{"start":{"line":472,"column":11},"end":{"line":476,"column":5}},"type":"if","locations":[{"start":{"line":472,"column":11},"end":{"line":476,"column":5}},{"start":{"line":474,"column":11},"end":{"line":476,"column":5}}],"line":472},"59":{"loc":{"start":{"line":485,"column":4},"end":{"line":487,"column":5}},"type":"if","locations":[{"start":{"line":485,"column":4},"end":{"line":487,"column":5}},{"start":{},"end":{}}],"line":485},"60":{"loc":{"start":{"line":489,"column":4},"end":{"line":491,"column":5}},"type":"if","locations":[{"start":{"line":489,"column":4},"end":{"line":491,"column":5}},{"start":{},"end":{}}],"line":489},"61":{"loc":{"start":{"line":493,"column":4},"end":{"line":495,"column":5}},"type":"if","locations":[{"start":{"line":493,"column":4},"end":{"line":495,"column":5}},{"start":{},"end":{}}],"line":493},"62":{"loc":{"start":{"line":493,"column":8},"end":{"line":493,"column":31}},"type":"binary-expr","locations":[{"start":{"line":493,"column":8},"end":{"line":493,"column":18}},{"start":{"line":493,"column":22},"end":{"line":493,"column":31}}],"line":493},"63":{"loc":{"start":{"line":497,"column":11},"end":{"line":497,"column":94}},"type":"cond-expr","locations":[{"start":{"line":497,"column":40},"end":{"line":497,"column":55}},{"start":{"line":497,"column":58},"end":{"line":497,"column":94}}],"line":497},"64":{"loc":{"start":{"line":515,"column":47},"end":{"line":515,"column":83}},"type":"binary-expr","locations":[{"start":{"line":515,"column":47},"end":{"line":515,"column":77}},{"start":{"line":515,"column":81},"end":{"line":515,"column":83}}],"line":515},"65":{"loc":{"start":{"line":516,"column":45},"end":{"line":516,"column":82}},"type":"binary-expr","locations":[{"start":{"line":516,"column":45},"end":{"line":516,"column":76}},{"start":{"line":516,"column":80},"end":{"line":516,"column":82}}],"line":516},"66":{"loc":{"start":{"line":518,"column":43},"end":{"line":518,"column":79}},"type":"binary-expr","locations":[{"start":{"line":518,"column":43},"end":{"line":518,"column":73}},{"start":{"line":518,"column":77},"end":{"line":518,"column":79}}],"line":518},"67":{"loc":{"start":{"line":521,"column":47},"end":{"line":521,"column":84}},"type":"binary-expr","locations":[{"start":{"line":521,"column":47},"end":{"line":521,"column":78}},{"start":{"line":521,"column":82},"end":{"line":521,"column":84}}],"line":521},"68":{"loc":{"start":{"line":522,"column":47},"end":{"line":522,"column":83}},"type":"binary-expr","locations":[{"start":{"line":522,"column":47},"end":{"line":522,"column":77}},{"start":{"line":522,"column":81},"end":{"line":522,"column":83}}],"line":522},"69":{"loc":{"start":{"line":541,"column":4},"end":{"line":541,"column":47}},"type":"if","locations":[{"start":{"line":541,"column":4},"end":{"line":541,"column":47}},{"start":{},"end":{}}],"line":541},"70":{"loc":{"start":{"line":553,"column":4},"end":{"line":553,"column":46}},"type":"if","locations":[{"start":{"line":553,"column":4},"end":{"line":553,"column":46}},{"start":{},"end":{}}],"line":553},"71":{"loc":{"start":{"line":565,"column":31},"end":{"line":565,"column":68}},"type":"binary-expr","locations":[{"start":{"line":565,"column":31},"end":{"line":565,"column":62}},{"start":{"line":565,"column":66},"end":{"line":565,"column":68}}],"line":565},"72":{"loc":{"start":{"line":566,"column":30},"end":{"line":566,"column":67}},"type":"binary-expr","locations":[{"start":{"line":566,"column":30},"end":{"line":566,"column":61}},{"start":{"line":566,"column":65},"end":{"line":566,"column":67}}],"line":566},"73":{"loc":{"start":{"line":568,"column":4},"end":{"line":570,"column":5}},"type":"if","locations":[{"start":{"line":568,"column":4},"end":{"line":570,"column":5}},{"start":{},"end":{}}],"line":568},"74":{"loc":{"start":{"line":568,"column":8},"end":{"line":568,"column":71}},"type":"binary-expr","locations":[{"start":{"line":568,"column":8},"end":{"line":568,"column":38}},{"start":{"line":568,"column":42},"end":{"line":568,"column":71}}],"line":568},"75":{"loc":{"start":{"line":577,"column":4},"end":{"line":577,"column":53}},"type":"if","locations":[{"start":{"line":577,"column":4},"end":{"line":577,"column":53}},{"start":{},"end":{}}],"line":577},"76":{"loc":{"start":{"line":578,"column":4},"end":{"line":578,"column":53}},"type":"if","locations":[{"start":{"line":578,"column":4},"end":{"line":578,"column":53}},{"start":{},"end":{}}],"line":578},"77":{"loc":{"start":{"line":589,"column":4},"end":{"line":595,"column":5}},"type":"if","locations":[{"start":{"line":589,"column":4},"end":{"line":595,"column":5}},{"start":{},"end":{}}],"line":589},"78":{"loc":{"start":{"line":598,"column":4},"end":{"line":604,"column":5}},"type":"if","locations":[{"start":{"line":598,"column":4},"end":{"line":604,"column":5}},{"start":{},"end":{}}],"line":598},"79":{"loc":{"start":{"line":615,"column":4},"end":{"line":615,"column":80}},"type":"if","locations":[{"start":{"line":615,"column":4},"end":{"line":615,"column":80}},{"start":{},"end":{}}],"line":615},"80":{"loc":{"start":{"line":616,"column":4},"end":{"line":616,"column":78}},"type":"if","locations":[{"start":{"line":616,"column":4},"end":{"line":616,"column":78}},{"start":{},"end":{}}],"line":616},"81":{"loc":{"start":{"line":617,"column":4},"end":{"line":620,"column":5}},"type":"if","locations":[{"start":{"line":617,"column":4},"end":{"line":620,"column":5}},{"start":{},"end":{}}],"line":617},"82":{"loc":{"start":{"line":617,"column":9},"end":{"line":617,"column":46}},"type":"binary-expr","locations":[{"start":{"line":617,"column":9},"end":{"line":617,"column":40}},{"start":{"line":617,"column":44},"end":{"line":617,"column":46}}],"line":617},"83":{"loc":{"start":{"line":619,"column":6},"end":{"line":619,"column":75}},"type":"if","locations":[{"start":{"line":619,"column":6},"end":{"line":619,"column":75}},{"start":{},"end":{}}],"line":619},"84":{"loc":{"start":{"line":623,"column":19},"end":{"line":623,"column":94}},"type":"cond-expr","locations":[{"start":{"line":623,"column":44},"end":{"line":623,"column":50}},{"start":{"line":623,"column":53},"end":{"line":623,"column":94}}],"line":623},"85":{"loc":{"start":{"line":623,"column":53},"end":{"line":623,"column":94}},"type":"cond-expr","locations":[{"start":{"line":623,"column":78},"end":{"line":623,"column":86}},{"start":{"line":623,"column":89},"end":{"line":623,"column":94}}],"line":623},"86":{"loc":{"start":{"line":635,"column":4},"end":{"line":637,"column":5}},"type":"if","locations":[{"start":{"line":635,"column":4},"end":{"line":637,"column":5}},{"start":{},"end":{}}],"line":635},"87":{"loc":{"start":{"line":639,"column":4},"end":{"line":641,"column":5}},"type":"if","locations":[{"start":{"line":639,"column":4},"end":{"line":641,"column":5}},{"start":{},"end":{}}],"line":639},"88":{"loc":{"start":{"line":643,"column":4},"end":{"line":645,"column":5}},"type":"if","locations":[{"start":{"line":643,"column":4},"end":{"line":645,"column":5}},{"start":{},"end":{}}],"line":643}},"s":{"0":1,"1":47,"2":47,"3":47,"4":47,"5":47,"6":47,"7":28,"8":28,"9":1,"10":27,"11":3,"12":24,"13":1443,"14":1443,"15":24,"16":6,"17":18,"18":1298,"19":18,"20":18,"21":18,"22":176,"23":176,"24":18,"25":176,"26":18,"27":18,"28":18,"29":0,"30":0,"31":12,"32":12,"33":1,"34":11,"35":147,"36":147,"37":11,"38":1,"39":10,"40":145,"41":10,"42":10,"43":10,"44":10,"45":10,"46":10,"47":10,"48":10,"49":0,"50":0,"51":11,"52":11,"53":1,"54":10,"55":224,"56":10,"57":10,"58":10,"59":10,"60":3,"61":10,"62":2,"63":80,"64":5,"65":10,"66":10,"67":1,"68":10,"69":10,"70":0,"71":0,"72":10,"73":0,"74":10,"75":10,"76":10,"77":224,"78":224,"79":224,"80":84,"81":140,"82":140,"83":17,"84":10,"85":10,"86":70,"87":10,"88":72,"89":10,"90":10,"91":0,"92":0,"93":0,"94":0,"95":0,"96":0,"97":0,"98":0,"99":0,"100":0,"101":0,"102":0,"103":0,"104":0,"105":0,"106":0,"107":0,"108":0,"109":0,"110":0,"111":0,"112":0,"113":0,"114":0,"115":4,"116":4,"117":4,"118":4,"119":4,"120":3,"121":45,"122":45,"123":3,"124":3,"125":45,"126":3,"127":45,"128":3,"129":3,"130":45,"131":45,"132":2,"133":4,"134":2,"135":35,"136":2,"137":2,"138":35,"139":2,"140":35,"141":2,"142":2,"143":35,"144":35,"145":0,"146":2,"147":2,"148":35,"149":35,"150":3,"151":4,"152":4,"153":0,"154":0,"155":30,"156":30,"157":1453,"158":30,"159":1453,"160":30,"161":1453,"162":30,"163":1453,"164":30,"165":30,"166":30,"167":18,"168":242,"169":18,"170":260,"171":187,"172":33336,"173":187,"174":33149,"175":187,"176":187,"177":10,"178":0,"179":10,"180":2,"181":8,"182":1,"183":7,"184":10,"185":10,"186":0,"187":10,"188":1,"189":10,"190":1,"191":10,"192":6,"193":6,"194":8,"195":1,"196":7,"197":110,"198":7,"199":7,"200":8,"201":1,"202":7,"203":165,"204":7,"205":7,"206":13,"207":13,"208":13,"209":0,"210":13,"211":91,"212":13,"213":75,"214":13,"215":1,"216":12,"217":2,"218":10,"219":6,"220":6,"221":2,"222":6,"223":2,"224":6,"225":6,"226":6,"227":1,"228":6,"229":2,"230":6,"231":6,"232":6,"233":1,"234":6,"235":6,"236":6,"237":1,"238":6,"239":2,"240":6,"241":1,"242":6,"243":1},"f":{"0":47,"1":28,"2":1443,"3":1443,"4":1298,"5":176,"6":12,"7":147,"8":147,"9":145,"10":11,"11":224,"12":80,"13":5,"14":10,"15":72,"16":0,"17":0,"18":0,"19":0,"20":4,"21":45,"22":45,"23":45,"24":45,"25":45,"26":35,"27":35,"28":35,"29":35,"30":30,"31":1453,"32":1453,"33":1453,"34":1453,"35":18,"36":242,"37":260,"38":187,"39":33336,"40":33149,"41":10,"42":10,"43":6,"44":6,"45":8,"46":110,"47":8,"48":165,"49":13,"50":91,"51":75,"52":6,"53":6,"54":6},"b":{"0":[47],"1":[8],"2":[1,27],"3":[3,24],"4":[6,18],"5":[27,149],"6":[17,132],"7":[3,15],"8":[2,13],"9":[18,1],"10":[1,11],"11":[1,10],"12":[1,9],"13":[1,8],"14":[1,10],"15":[11,11],"16":[10,0],"17":[3,7],"18":[10,3,3],"19":[2,1],"20":[0,1],"21":[2,8],"22":[10,4],"23":[1,9],"24":[0,10],"25":[10,10],"26":[84,140],"27":[17,123],"28":[42,28],"29":[10,0],"30":[10,0],"31":[0,0],"32":[0,0],"33":[0,0],"34":[0,0],"35":[0,0],"36":[0,0],"37":[0,0],"38":[0,0],"39":[0,4],"40":[0,4],"41":[3,1],"42":[4,3],"43":[3,0],"44":[3,1],"45":[2,43],"46":[1,1],"47":[2,2],"48":[4,2],"49":[5,30],"50":[2,0],"51":[2,1],"52":[0,35],"53":[0,0],"54":[5,30],"55":[3,32],"56":[0,10],"57":[2,8],"58":[1,7],"59":[0,10],"60":[1,9],"61":[1,9],"62":[10,3],"63":[2,8],"64":[6,0],"65":[6,0],"66":[6,0],"67":[6,0],"68":[6,0],"69":[1,7],"70":[1,7],"71":[13,0],"72":[13,0],"73":[0,13],"74":[13,13],"75":[1,12],"76":[2,10],"77":[2,4],"78":[2,4],"79":[1,5],"80":[2,4],"81":[6,0],"82":[6,0],"83":[1,5],"84":[1,5],"85":[1,4],"86":[1,5],"87":[2,4],"88":[1,5]},"_coverageSchema":"1a1c01bbd47fc00a2c39e90264f33305004495a9","hash":"aa8ae1d2a49816262a680778451e295abbdfb7b4"}
,"C:\\Users\\x-be\\OneDrive\\المستندات\\04-10-2025\\66666\\backend\\attendance-service\\ScheduledReportService.js": {"path":"C:\\Users\\x-be\\OneDrive\\المستندات\\04-10-2025\\66666\\backend\\attendance-service\\ScheduledReportService.js","statementMap":{"0":{"start":{"line":7,"column":13},"end":{"line":7,"column":33}},"1":{"start":{"line":8,"column":21},"end":{"line":8,"column":38}},"2":{"start":{"line":12,"column":4},"end":{"line":12,"column":12}},"3":{"start":{"line":14,"column":4},"end":{"line":17,"column":6}},"4":{"start":{"line":15,"column":33},"end":{"line":15,"column":54}},"5":{"start":{"line":16,"column":33},"end":{"line":16,"column":52}},"6":{"start":{"line":18,"column":4},"end":{"line":25,"column":6}},"7":{"start":{"line":19,"column":30},"end":{"line":19,"column":49}},"8":{"start":{"line":20,"column":33},"end":{"line":20,"column":52}},"9":{"start":{"line":21,"column":36},"end":{"line":21,"column":55}},"10":{"start":{"line":22,"column":33},"end":{"line":22,"column":52}},"11":{"start":{"line":23,"column":35},"end":{"line":23,"column":54}},"12":{"start":{"line":24,"column":29},"end":{"line":24,"column":48}},"13":{"start":{"line":26,"column":4},"end":{"line":29,"column":6}},"14":{"start":{"line":27,"column":29},"end":{"line":27,"column":50}},"15":{"start":{"line":28,"column":23},"end":{"line":28,"column":44}},"16":{"start":{"line":30,"column":4},"end":{"line":33,"column":6}},"17":{"start":{"line":31,"column":25},"end":{"line":31,"column":46}},"18":{"start":{"line":32,"column":27},"end":{"line":32,"column":48}},"19":{"start":{"line":35,"column":4},"end":{"line":35,"column":26}},"20":{"start":{"line":36,"column":4},"end":{"line":36,"column":28}},"21":{"start":{"line":37,"column":4},"end":{"line":40,"column":6}},"22":{"start":{"line":48,"column":4},"end":{"line":48,"column":56}},"23":{"start":{"line":50,"column":4},"end":{"line":50,"column":31}},"24":{"start":{"line":51,"column":4},"end":{"line":51,"column":32}},"25":{"start":{"line":52,"column":4},"end":{"line":52,"column":33}},"26":{"start":{"line":53,"column":4},"end":{"line":53,"column":37}},"27":{"start":{"line":54,"column":4},"end":{"line":54,"column":33}},"28":{"start":{"line":56,"column":4},"end":{"line":56,"column":51}},"29":{"start":{"line":64,"column":16},"end":{"line":79,"column":5}},"30":{"start":{"line":67,"column":8},"end":{"line":67,"column":55}},"31":{"start":{"line":68,"column":8},"end":{"line":76,"column":9}},"32":{"start":{"line":69,"column":25},"end":{"line":69,"column":57}},"33":{"start":{"line":70,"column":10},"end":{"line":70,"column":45}},"34":{"start":{"line":71,"column":10},"end":{"line":71,"column":52}},"35":{"start":{"line":72,"column":10},"end":{"line":72,"column":52}},"36":{"start":{"line":74,"column":10},"end":{"line":74,"column":59}},"37":{"start":{"line":75,"column":10},"end":{"line":75,"column":61}},"38":{"start":{"line":81,"column":4},"end":{"line":81,"column":32}},"39":{"start":{"line":89,"column":16},"end":{"line":104,"column":5}},"40":{"start":{"line":92,"column":8},"end":{"line":92,"column":57}},"41":{"start":{"line":93,"column":8},"end":{"line":101,"column":9}},"42":{"start":{"line":94,"column":25},"end":{"line":94,"column":58}},"43":{"start":{"line":95,"column":10},"end":{"line":95,"column":46}},"44":{"start":{"line":96,"column":10},"end":{"line":96,"column":53}},"45":{"start":{"line":97,"column":10},"end":{"line":97,"column":53}},"46":{"start":{"line":99,"column":10},"end":{"line":99,"column":61}},"47":{"start":{"line":100,"column":10},"end":{"line":100,"column":62}},"48":{"start":{"line":106,"column":4},"end":{"line":106,"column":33}},"49":{"start":{"line":114,"column":16},"end":{"line":129,"column":5}},"50":{"start":{"line":117,"column":8},"end":{"line":117,"column":55}},"51":{"start":{"line":118,"column":8},"end":{"line":126,"column":9}},"52":{"start":{"line":119,"column":25},"end":{"line":119,"column":59}},"53":{"start":{"line":120,"column":10},"end":{"line":120,"column":47}},"54":{"start":{"line":121,"column":10},"end":{"line":121,"column":54}},"55":{"start":{"line":122,"column":10},"end":{"line":122,"column":54}},"56":{"start":{"line":124,"column":10},"end":{"line":124,"column":59}},"57":{"start":{"line":125,"column":10},"end":{"line":125,"column":63}},"58":{"start":{"line":131,"column":4},"end":{"line":131,"column":34}},"59":{"start":{"line":139,"column":16},"end":{"line":150,"column":5}},"60":{"start":{"line":142,"column":8},"end":{"line":147,"column":9}},"61":{"start":{"line":143,"column":25},"end":{"line":143,"column":65}},"62":{"start":{"line":144,"column":10},"end":{"line":144,"column":58}},"63":{"start":{"line":146,"column":10},"end":{"line":146,"column":57}},"64":{"start":{"line":152,"column":4},"end":{"line":152,"column":38}},"65":{"start":{"line":160,"column":16},"end":{"line":175,"column":5}},"66":{"start":{"line":163,"column":8},"end":{"line":163,"column":54}},"67":{"start":{"line":164,"column":8},"end":{"line":172,"column":9}},"68":{"start":{"line":165,"column":25},"end":{"line":165,"column":59}},"69":{"start":{"line":166,"column":10},"end":{"line":166,"column":47}},"70":{"start":{"line":167,"column":10},"end":{"line":167,"column":54}},"71":{"start":{"line":168,"column":10},"end":{"line":168,"column":54}},"72":{"start":{"line":170,"column":10},"end":{"line":170,"column":58}},"73":{"start":{"line":171,"column":10},"end":{"line":171,"column":63}},"74":{"start":{"line":177,"column":4},"end":{"line":177,"column":34}},"75":{"start":{"line":184,"column":18},"end":{"line":184,"column":56}},"76":{"start":{"line":187,"column":16},"end":{"line":187,"column":44}},"77":{"start":{"line":189,"column":6},"end":{"line":191,"column":24}},"78":{"start":{"line":191,"column":22},"end":{"line":191,"column":24}},"79":{"start":{"line":193,"column":6},"end":{"line":193,"column":84}},"80":{"start":{"line":193,"column":82},"end":{"line":193,"column":84}},"81":{"start":{"line":195,"column":6},"end":{"line":195,"column":88}},"82":{"start":{"line":195,"column":86},"end":{"line":195,"column":88}},"83":{"start":{"line":197,"column":48},"end":{"line":201,"column":6}},"84":{"start":{"line":203,"column":4},"end":{"line":220,"column":6}},"85":{"start":{"line":209,"column":50},"end":{"line":209,"column":72}},"86":{"start":{"line":211,"column":47},"end":{"line":211,"column":66}},"87":{"start":{"line":213,"column":39},"end":{"line":213,"column":61}},"88":{"start":{"line":227,"column":20},"end":{"line":227,"column":30}},"89":{"start":{"line":228,"column":22},"end":{"line":228,"column":75}},"90":{"start":{"line":230,"column":4},"end":{"line":232,"column":5}},"91":{"start":{"line":231,"column":6},"end":{"line":231,"column":74}},"92":{"start":{"line":233,"column":59},"end":{"line":237,"column":6}},"93":{"start":{"line":239,"column":4},"end":{"line":257,"column":6}},"94":{"start":{"line":264,"column":20},"end":{"line":264,"column":30}},"95":{"start":{"line":265,"column":22},"end":{"line":265,"column":76}},"96":{"start":{"line":267,"column":65},"end":{"line":280,"column":6}},"97":{"start":{"line":282,"column":4},"end":{"line":317,"column":6}},"98":{"start":{"line":308,"column":37},"end":{"line":308,"column":62}},"99":{"start":{"line":309,"column":36},"end":{"line":309,"column":60}},"100":{"start":{"line":310,"column":33},"end":{"line":310,"column":54}},"101":{"start":{"line":324,"column":16},"end":{"line":324,"column":26}},"102":{"start":{"line":326,"column":64},"end":{"line":339,"column":6}},"103":{"start":{"line":341,"column":4},"end":{"line":353,"column":6}},"104":{"start":{"line":361,"column":6},"end":{"line":368,"column":9}},"105":{"start":{"line":369,"column":4},"end":{"line":392,"column":6}},"106":{"start":{"line":384,"column":24},"end":{"line":384,"column":59}},"107":{"start":{"line":399,"column":4},"end":{"line":402,"column":5}},"108":{"start":{"line":400,"column":6},"end":{"line":400,"column":41}},"109":{"start":{"line":401,"column":6},"end":{"line":401,"column":13}},"110":{"start":{"line":403,"column":23},"end":{"line":403,"column":49}},"111":{"start":{"line":405,"column":24},"end":{"line":437,"column":5}},"112":{"start":{"line":421,"column":35},"end":{"line":421,"column":77}},"113":{"start":{"line":432,"column":43},"end":{"line":432,"column":58}},"114":{"start":{"line":439,"column":4},"end":{"line":444,"column":6}},"115":{"start":{"line":442,"column":12},"end":{"line":442,"column":23}},"116":{"start":{"line":451,"column":4},"end":{"line":454,"column":5}},"117":{"start":{"line":452,"column":6},"end":{"line":452,"column":43}},"118":{"start":{"line":453,"column":6},"end":{"line":453,"column":13}},"119":{"start":{"line":455,"column":21},"end":{"line":455,"column":45}},"120":{"start":{"line":456,"column":23},"end":{"line":456,"column":49}},"121":{"start":{"line":458,"column":23},"end":{"line":458,"column":65}},"122":{"start":{"line":459,"column":26},"end":{"line":461,"column":10}},"123":{"start":{"line":462,"column":31},"end":{"line":464,"column":10}},"124":{"start":{"line":466,"column":24},"end":{"line":491,"column":5}},"125":{"start":{"line":480,"column":14},"end":{"line":480,"column":47}},"126":{"start":{"line":488,"column":14},"end":{"line":488,"column":51}},"127":{"start":{"line":493,"column":4},"end":{"line":498,"column":6}},"128":{"start":{"line":496,"column":12},"end":{"line":496,"column":23}},"129":{"start":{"line":505,"column":4},"end":{"line":508,"column":5}},"130":{"start":{"line":506,"column":6},"end":{"line":506,"column":41}},"131":{"start":{"line":507,"column":6},"end":{"line":507,"column":13}},"132":{"start":{"line":509,"column":24},"end":{"line":509,"column":51}},"133":{"start":{"line":511,"column":24},"end":{"line":536,"column":5}},"134":{"start":{"line":539,"column":20},"end":{"line":542,"column":5}},"135":{"start":{"line":544,"column":4},"end":{"line":552,"column":6}},"136":{"start":{"line":547,"column":12},"end":{"line":547,"column":23}},"137":{"start":{"line":559,"column":4},"end":{"line":562,"column":5}},"138":{"start":{"line":560,"column":6},"end":{"line":560,"column":44}},"139":{"start":{"line":561,"column":6},"end":{"line":561,"column":13}},"140":{"start":{"line":563,"column":28},"end":{"line":563,"column":59}},"141":{"start":{"line":564,"column":24},"end":{"line":564,"column":77}},"142":{"start":{"line":565,"column":28},"end":{"line":565,"column":84}},"143":{"start":{"line":566,"column":28},"end":{"line":566,"column":84}},"144":{"start":{"line":570,"column":6},"end":{"line":572,"column":14}},"145":{"start":{"line":574,"column":24},"end":{"line":579,"column":5}},"146":{"start":{"line":581,"column":4},"end":{"line":587,"column":6}},"147":{"start":{"line":584,"column":12},"end":{"line":584,"column":23}},"148":{"start":{"line":594,"column":4},"end":{"line":594,"column":54}},"149":{"start":{"line":595,"column":4},"end":{"line":595,"column":41}},"150":{"start":{"line":595,"column":29},"end":{"line":595,"column":39}},"151":{"start":{"line":596,"column":4},"end":{"line":596,"column":22}},"152":{"start":{"line":597,"column":4},"end":{"line":597,"column":44}},"153":{"start":{"line":604,"column":4},"end":{"line":606,"column":5}},"154":{"start":{"line":605,"column":6},"end":{"line":605,"column":61}},"155":{"start":{"line":605,"column":44},"end":{"line":605,"column":59}},"156":{"start":{"line":607,"column":4},"end":{"line":607,"column":30}},"157":{"start":{"line":615,"column":4},"end":{"line":619,"column":7}},"158":{"start":{"line":622,"column":4},"end":{"line":624,"column":5}},"159":{"start":{"line":623,"column":6},"end":{"line":623,"column":33}},"160":{"start":{"line":628,"column":19},"end":{"line":628,"column":21}},"161":{"start":{"line":629,"column":23},"end":{"line":629,"column":95}},"162":{"start":{"line":629,"column":46},"end":{"line":629,"column":67}},"163":{"start":{"line":631,"column":4},"end":{"line":633,"column":5}},"164":{"start":{"line":632,"column":6},"end":{"line":632,"column":74}},"165":{"start":{"line":635,"column":4},"end":{"line":635,"column":18}},"166":{"start":{"line":639,"column":28},"end":{"line":639,"column":30}},"167":{"start":{"line":641,"column":4},"end":{"line":643,"column":5}},"168":{"start":{"line":642,"column":6},"end":{"line":642,"column":55}},"169":{"start":{"line":645,"column":4},"end":{"line":647,"column":5}},"170":{"start":{"line":646,"column":6},"end":{"line":646,"column":58}},"171":{"start":{"line":649,"column":4},"end":{"line":649,"column":27}},"172":{"start":{"line":653,"column":28},"end":{"line":653,"column":30}},"173":{"start":{"line":655,"column":4},"end":{"line":657,"column":5}},"174":{"start":{"line":656,"column":6},"end":{"line":656,"column":57}},"175":{"start":{"line":659,"column":4},"end":{"line":659,"column":27}},"176":{"start":{"line":663,"column":4},"end":{"line":667,"column":6}},"177":{"start":{"line":671,"column":16},"end":{"line":671,"column":19}},"178":{"start":{"line":672,"column":4},"end":{"line":672,"column":45}},"179":{"start":{"line":673,"column":4},"end":{"line":673,"column":60}},"180":{"start":{"line":674,"column":4},"end":{"line":674,"column":41}},"181":{"start":{"line":678,"column":25},"end":{"line":680,"column":18}},"182":{"start":{"line":679,"column":22},"end":{"line":679,"column":57}},"183":{"start":{"line":682,"column":4},"end":{"line":685,"column":6}},"184":{"start":{"line":683,"column":56},"end":{"line":683,"column":84}},"185":{"start":{"line":684,"column":38},"end":{"line":684,"column":44}},"186":{"start":{"line":689,"column":4},"end":{"line":689,"column":30}},"187":{"start":{"line":693,"column":4},"end":{"line":693,"column":35}},"188":{"start":{"line":697,"column":4},"end":{"line":697,"column":72}},"189":{"start":{"line":701,"column":4},"end":{"line":701,"column":59}},"190":{"start":{"line":708,"column":4},"end":{"line":710,"column":5}},"191":{"start":{"line":709,"column":6},"end":{"line":709,"column":60}},"192":{"start":{"line":711,"column":4},"end":{"line":711,"column":60}},"193":{"start":{"line":718,"column":17},"end":{"line":718,"column":19}},"194":{"start":{"line":719,"column":4},"end":{"line":721,"column":5}},"195":{"start":{"line":720,"column":6},"end":{"line":720,"column":49}},"196":{"start":{"line":722,"column":4},"end":{"line":722,"column":16}},"197":{"start":{"line":729,"column":4},"end":{"line":733,"column":5}},"198":{"start":{"line":730,"column":6},"end":{"line":730,"column":26}},"199":{"start":{"line":731,"column":11},"end":{"line":733,"column":5}},"200":{"start":{"line":732,"column":6},"end":{"line":732,"column":27}},"201":{"start":{"line":734,"column":4},"end":{"line":734,"column":37}},"202":{"start":{"line":741,"column":4},"end":{"line":741,"column":72}},"203":{"start":{"line":745,"column":0},"end":{"line":745,"column":40}}},"fnMap":{"0":{"name":"(anonymous_0)","decl":{"start":{"line":11,"column":2},"end":{"line":11,"column":3}},"loc":{"start":{"line":11,"column":81},"end":{"line":41,"column":3}},"line":11},"1":{"name":"(anonymous_1)","decl":{"start":{"line":15,"column":27},"end":{"line":15,"column":28}},"loc":{"start":{"line":15,"column":33},"end":{"line":15,"column":54}},"line":15},"2":{"name":"(anonymous_2)","decl":{"start":{"line":16,"column":27},"end":{"line":16,"column":28}},"loc":{"start":{"line":16,"column":33},"end":{"line":16,"column":52}},"line":16},"3":{"name":"(anonymous_3)","decl":{"start":{"line":19,"column":24},"end":{"line":19,"column":25}},"loc":{"start":{"line":19,"column":30},"end":{"line":19,"column":49}},"line":19},"4":{"name":"(anonymous_4)","decl":{"start":{"line":20,"column":27},"end":{"line":20,"column":28}},"loc":{"start":{"line":20,"column":33},"end":{"line":20,"column":52}},"line":20},"5":{"name":"(anonymous_5)","decl":{"start":{"line":21,"column":30},"end":{"line":21,"column":31}},"loc":{"start":{"line":21,"column":36},"end":{"line":21,"column":55}},"line":21},"6":{"name":"(anonymous_6)","decl":{"start":{"line":22,"column":27},"end":{"line":22,"column":28}},"loc":{"start":{"line":22,"column":33},"end":{"line":22,"column":52}},"line":22},"7":{"name":"(anonymous_7)","decl":{"start":{"line":23,"column":29},"end":{"line":23,"column":30}},"loc":{"start":{"line":23,"column":35},"end":{"line":23,"column":54}},"line":23},"8":{"name":"(anonymous_8)","decl":{"start":{"line":24,"column":23},"end":{"line":24,"column":24}},"loc":{"start":{"line":24,"column":29},"end":{"line":24,"column":48}},"line":24},"9":{"name":"(anonymous_9)","decl":{"start":{"line":27,"column":23},"end":{"line":27,"column":24}},"loc":{"start":{"line":27,"column":29},"end":{"line":27,"column":50}},"line":27},"10":{"name":"(anonymous_10)","decl":{"start":{"line":28,"column":17},"end":{"line":28,"column":18}},"loc":{"start":{"line":28,"column":23},"end":{"line":28,"column":44}},"line":28},"11":{"name":"(anonymous_11)","decl":{"start":{"line":31,"column":19},"end":{"line":31,"column":20}},"loc":{"start":{"line":31,"column":25},"end":{"line":31,"column":46}},"line":31},"12":{"name":"(anonymous_12)","decl":{"start":{"line":32,"column":21},"end":{"line":32,"column":22}},"loc":{"start":{"line":32,"column":27},"end":{"line":32,"column":48}},"line":32},"13":{"name":"(anonymous_13)","decl":{"start":{"line":47,"column":2},"end":{"line":47,"column":3}},"loc":{"start":{"line":47,"column":10},"end":{"line":57,"column":3}},"line":47},"14":{"name":"(anonymous_14)","decl":{"start":{"line":63,"column":2},"end":{"line":63,"column":3}},"loc":{"start":{"line":63,"column":24},"end":{"line":82,"column":3}},"line":63},"15":{"name":"(anonymous_15)","decl":{"start":{"line":66,"column":6},"end":{"line":66,"column":7}},"loc":{"start":{"line":66,"column":18},"end":{"line":77,"column":7}},"line":66},"16":{"name":"(anonymous_16)","decl":{"start":{"line":88,"column":2},"end":{"line":88,"column":3}},"loc":{"start":{"line":88,"column":25},"end":{"line":107,"column":3}},"line":88},"17":{"name":"(anonymous_17)","decl":{"start":{"line":91,"column":6},"end":{"line":91,"column":7}},"loc":{"start":{"line":91,"column":18},"end":{"line":102,"column":7}},"line":91},"18":{"name":"(anonymous_18)","decl":{"start":{"line":113,"column":2},"end":{"line":113,"column":3}},"loc":{"start":{"line":113,"column":26},"end":{"line":132,"column":3}},"line":113},"19":{"name":"(anonymous_19)","decl":{"start":{"line":116,"column":6},"end":{"line":116,"column":7}},"loc":{"start":{"line":116,"column":18},"end":{"line":127,"column":7}},"line":116},"20":{"name":"(anonymous_20)","decl":{"start":{"line":138,"column":2},"end":{"line":138,"column":3}},"loc":{"start":{"line":138,"column":30},"end":{"line":153,"column":3}},"line":138},"21":{"name":"(anonymous_21)","decl":{"start":{"line":141,"column":6},"end":{"line":141,"column":7}},"loc":{"start":{"line":141,"column":18},"end":{"line":148,"column":7}},"line":141},"22":{"name":"(anonymous_22)","decl":{"start":{"line":159,"column":2},"end":{"line":159,"column":3}},"loc":{"start":{"line":159,"column":26},"end":{"line":178,"column":3}},"line":159},"23":{"name":"(anonymous_23)","decl":{"start":{"line":162,"column":6},"end":{"line":162,"column":7}},"loc":{"start":{"line":162,"column":18},"end":{"line":173,"column":7}},"line":162},"24":{"name":"(anonymous_24)","decl":{"start":{"line":183,"column":2},"end":{"line":183,"column":3}},"loc":{"start":{"line":183,"column":30},"end":{"line":221,"column":3}},"line":183},"25":{"name":"(anonymous_25)","decl":{"start":{"line":191,"column":10},"end":{"line":191,"column":11}},"loc":{"start":{"line":191,"column":22},"end":{"line":191,"column":24}},"line":191},"26":{"name":"(anonymous_26)","decl":{"start":{"line":193,"column":70},"end":{"line":193,"column":71}},"loc":{"start":{"line":193,"column":82},"end":{"line":193,"column":84}},"line":193},"27":{"name":"(anonymous_27)","decl":{"start":{"line":195,"column":74},"end":{"line":195,"column":75}},"loc":{"start":{"line":195,"column":86},"end":{"line":195,"column":88}},"line":195},"28":{"name":"(anonymous_28)","decl":{"start":{"line":209,"column":45},"end":{"line":209,"column":46}},"loc":{"start":{"line":209,"column":50},"end":{"line":209,"column":72}},"line":209},"29":{"name":"(anonymous_29)","decl":{"start":{"line":211,"column":42},"end":{"line":211,"column":43}},"loc":{"start":{"line":211,"column":47},"end":{"line":211,"column":66}},"line":211},"30":{"name":"(anonymous_30)","decl":{"start":{"line":213,"column":34},"end":{"line":213,"column":35}},"loc":{"start":{"line":213,"column":39},"end":{"line":213,"column":61}},"line":213},"31":{"name":"(anonymous_31)","decl":{"start":{"line":226,"column":2},"end":{"line":226,"column":3}},"loc":{"start":{"line":226,"column":31},"end":{"line":258,"column":3}},"line":226},"32":{"name":"(anonymous_32)","decl":{"start":{"line":263,"column":2},"end":{"line":263,"column":3}},"loc":{"start":{"line":263,"column":32},"end":{"line":318,"column":3}},"line":263},"33":{"name":"(anonymous_33)","decl":{"start":{"line":308,"column":32},"end":{"line":308,"column":33}},"loc":{"start":{"line":308,"column":37},"end":{"line":308,"column":62}},"line":308},"34":{"name":"(anonymous_34)","decl":{"start":{"line":309,"column":31},"end":{"line":309,"column":32}},"loc":{"start":{"line":309,"column":36},"end":{"line":309,"column":60}},"line":309},"35":{"name":"(anonymous_35)","decl":{"start":{"line":310,"column":28},"end":{"line":310,"column":29}},"loc":{"start":{"line":310,"column":33},"end":{"line":310,"column":54}},"line":310},"36":{"name":"(anonymous_36)","decl":{"start":{"line":323,"column":2},"end":{"line":323,"column":3}},"loc":{"start":{"line":323,"column":38},"end":{"line":354,"column":3}},"line":323},"37":{"name":"(anonymous_37)","decl":{"start":{"line":359,"column":2},"end":{"line":359,"column":3}},"loc":{"start":{"line":359,"column":32},"end":{"line":393,"column":3}},"line":359},"38":{"name":"(anonymous_38)","decl":{"start":{"line":384,"column":14},"end":{"line":384,"column":15}},"loc":{"start":{"line":384,"column":24},"end":{"line":384,"column":59}},"line":384},"39":{"name":"(anonymous_39)","decl":{"start":{"line":398,"column":2},"end":{"line":398,"column":3}},"loc":{"start":{"line":398,"column":32},"end":{"line":445,"column":3}},"line":398},"40":{"name":"(anonymous_40)","decl":{"start":{"line":421,"column":30},"end":{"line":421,"column":31}},"loc":{"start":{"line":421,"column":35},"end":{"line":421,"column":77}},"line":421},"41":{"name":"(anonymous_41)","decl":{"start":{"line":432,"column":38},"end":{"line":432,"column":39}},"loc":{"start":{"line":432,"column":43},"end":{"line":432,"column":58}},"line":432},"42":{"name":"(anonymous_42)","decl":{"start":{"line":442,"column":6},"end":{"line":442,"column":7}},"loc":{"start":{"line":442,"column":12},"end":{"line":442,"column":23}},"line":442},"43":{"name":"(anonymous_43)","decl":{"start":{"line":450,"column":2},"end":{"line":450,"column":3}},"loc":{"start":{"line":450,"column":33},"end":{"line":499,"column":3}},"line":450},"44":{"name":"(anonymous_44)","decl":{"start":{"line":480,"column":9},"end":{"line":480,"column":10}},"loc":{"start":{"line":480,"column":14},"end":{"line":480,"column":47}},"line":480},"45":{"name":"(anonymous_45)","decl":{"start":{"line":488,"column":9},"end":{"line":488,"column":10}},"loc":{"start":{"line":488,"column":14},"end":{"line":488,"column":51}},"line":488},"46":{"name":"(anonymous_46)","decl":{"start":{"line":496,"column":6},"end":{"line":496,"column":7}},"loc":{"start":{"line":496,"column":12},"end":{"line":496,"column":23}},"line":496},"47":{"name":"(anonymous_47)","decl":{"start":{"line":504,"column":2},"end":{"line":504,"column":3}},"loc":{"start":{"line":504,"column":34},"end":{"line":553,"column":3}},"line":504},"48":{"name":"(anonymous_48)","decl":{"start":{"line":547,"column":6},"end":{"line":547,"column":7}},"loc":{"start":{"line":547,"column":12},"end":{"line":547,"column":23}},"line":547},"49":{"name":"(anonymous_49)","decl":{"start":{"line":558,"column":2},"end":{"line":558,"column":3}},"loc":{"start":{"line":558,"column":34},"end":{"line":588,"column":3}},"line":558},"50":{"name":"(anonymous_50)","decl":{"start":{"line":584,"column":6},"end":{"line":584,"column":7}},"loc":{"start":{"line":584,"column":12},"end":{"line":584,"column":23}},"line":584},"51":{"name":"(anonymous_51)","decl":{"start":{"line":593,"column":2},"end":{"line":593,"column":3}},"loc":{"start":{"line":593,"column":9},"end":{"line":598,"column":3}},"line":593},"52":{"name":"(anonymous_52)","decl":{"start":{"line":595,"column":22},"end":{"line":595,"column":23}},"loc":{"start":{"line":595,"column":29},"end":{"line":595,"column":39}},"line":595},"53":{"name":"(anonymous_53)","decl":{"start":{"line":603,"column":2},"end":{"line":603,"column":3}},"loc":{"start":{"line":603,"column":32},"end":{"line":608,"column":3}},"line":603},"54":{"name":"(anonymous_54)","decl":{"start":{"line":605,"column":39},"end":{"line":605,"column":40}},"loc":{"start":{"line":605,"column":44},"end":{"line":605,"column":59}},"line":605},"55":{"name":"(anonymous_55)","decl":{"start":{"line":614,"column":2},"end":{"line":614,"column":3}},"loc":{"start":{"line":614,"column":36},"end":{"line":625,"column":3}},"line":614},"56":{"name":"(anonymous_56)","decl":{"start":{"line":627,"column":2},"end":{"line":627,"column":3}},"loc":{"start":{"line":627,"column":37},"end":{"line":636,"column":3}},"line":627},"57":{"name":"(anonymous_57)","decl":{"start":{"line":629,"column":41},"end":{"line":629,"column":42}},"loc":{"start":{"line":629,"column":46},"end":{"line":629,"column":67}},"line":629},"58":{"name":"(anonymous_58)","decl":{"start":{"line":638,"column":2},"end":{"line":638,"column":3}},"loc":{"start":{"line":638,"column":39},"end":{"line":650,"column":3}},"line":638},"59":{"name":"(anonymous_59)","decl":{"start":{"line":652,"column":2},"end":{"line":652,"column":3}},"loc":{"start":{"line":652,"column":53},"end":{"line":660,"column":3}},"line":652},"60":{"name":"(anonymous_60)","decl":{"start":{"line":662,"column":2},"end":{"line":662,"column":3}},"loc":{"start":{"line":662,"column":48},"end":{"line":668,"column":3}},"line":662},"61":{"name":"(anonymous_61)","decl":{"start":{"line":670,"column":2},"end":{"line":670,"column":3}},"loc":{"start":{"line":670,"column":45},"end":{"line":675,"column":3}},"line":670},"62":{"name":"(anonymous_62)","decl":{"start":{"line":677,"column":2},"end":{"line":677,"column":3}},"loc":{"start":{"line":677,"column":35},"end":{"line":686,"column":3}},"line":677},"63":{"name":"(anonymous_63)","decl":{"start":{"line":679,"column":12},"end":{"line":679,"column":13}},"loc":{"start":{"line":679,"column":22},"end":{"line":679,"column":57}},"line":679},"64":{"name":"(anonymous_64)","decl":{"start":{"line":683,"column":44},"end":{"line":683,"column":45}},"loc":{"start":{"line":683,"column":56},"end":{"line":683,"column":84}},"line":683},"65":{"name":"(anonymous_65)","decl":{"start":{"line":684,"column":33},"end":{"line":684,"column":34}},"loc":{"start":{"line":684,"column":38},"end":{"line":684,"column":44}},"line":684},"66":{"name":"(anonymous_66)","decl":{"start":{"line":688,"column":2},"end":{"line":688,"column":3}},"loc":{"start":{"line":688,"column":24},"end":{"line":690,"column":3}},"line":688},"67":{"name":"(anonymous_67)","decl":{"start":{"line":692,"column":2},"end":{"line":692,"column":3}},"loc":{"start":{"line":692,"column":22},"end":{"line":694,"column":3}},"line":692},"68":{"name":"(anonymous_68)","decl":{"start":{"line":696,"column":2},"end":{"line":696,"column":3}},"loc":{"start":{"line":696,"column":25},"end":{"line":698,"column":3}},"line":696},"69":{"name":"(anonymous_69)","decl":{"start":{"line":700,"column":2},"end":{"line":700,"column":3}},"loc":{"start":{"line":700,"column":29},"end":{"line":702,"column":3}},"line":700},"70":{"name":"(anonymous_70)","decl":{"start":{"line":707,"column":2},"end":{"line":707,"column":3}},"loc":{"start":{"line":707,"column":16},"end":{"line":712,"column":3}},"line":707},"71":{"name":"(anonymous_71)","decl":{"start":{"line":717,"column":2},"end":{"line":717,"column":3}},"loc":{"start":{"line":717,"column":8},"end":{"line":723,"column":3}},"line":717},"72":{"name":"(anonymous_72)","decl":{"start":{"line":728,"column":2},"end":{"line":728,"column":3}},"loc":{"start":{"line":728,"column":15},"end":{"line":735,"column":3}},"line":728},"73":{"name":"(anonymous_73)","decl":{"start":{"line":740,"column":2},"end":{"line":740,"column":3}},"loc":{"start":{"line":740,"column":15},"end":{"line":742,"column":3}},"line":740}},"branchMap":{"0":{"loc":{"start":{"line":14,"column":29},"end":{"line":17,"column":5}},"type":"binary-expr","locations":[{"start":{"line":14,"column":29},"end":{"line":
[...]
rt":{"line":138,"column":4},"end":{"line":138,"column":23}},"36":{"start":{"line":145,"column":18},"end":{"line":145,"column":52}},"37":{"start":{"line":147,"column":6},"end":{"line":147,"column":118}},"38":{"start":{"line":149,"column":4},"end":{"line":158,"column":5}},"39":{"start":{"line":150,"column":19},"end":{"line":155,"column":14}},"40":{"start":{"line":151,"column":25},"end":{"line":151,"column":92}},"41":{"start":{"line":153,"column":10},"end":{"line":153,"column":32}},"42":{"start":{"line":154,"column":10},"end":{"line":154,"column":21}},"43":{"start":{"line":157,"column":6},"end":{"line":157,"column":83}},"44":{"start":{"line":160,"column":4},"end":{"line":160,"column":23}},"45":{"start":{"line":167,"column":4},"end":{"line":180,"column":5}},"46":{"start":{"line":169,"column":6},"end":{"line":169,"column":24}},"47":{"start":{"line":171,"column":6},"end":{"line":171,"column":27}},"48":{"start":{"line":173,"column":6},"end":{"line":173,"column":26}},"49":{"start":{"line":175,"column":6},"end":{"line":175,"column":25}},"50":{"start":{"line":177,"column":6},"end":{"line":177,"column":25}},"51":{"start":{"line":179,"column":6},"end":{"line":179,"column":26}},"52":{"start":{"line":187,"column":4},"end":{"line":191,"column":5}},"53":{"start":{"line":188,"column":6},"end":{"line":188,"column":55}},"54":{"start":{"line":190,"column":6},"end":{"line":190,"column":54}},"55":{"start":{"line":198,"column":4},"end":{"line":208,"column":5}},"56":{"start":{"line":199,"column":6},"end":{"line":205,"column":7}},"57":{"start":{"line":200,"column":22},"end":{"line":200,"column":48}},"58":{"start":{"line":202,"column":8},"end":{"line":204,"column":9}},"59":{"start":{"line":203,"column":10},"end":{"line":203,"column":31}},"60":{"start":{"line":207,"column":6},"end":{"line":207,"column":62}},"61":{"start":{"line":215,"column":4},"end":{"line":235,"column":5}},"62":{"start":{"line":217,"column":25},"end":{"line":217,"column":80}},"63":{"start":{"line":218,"column":6},"end":{"line":220,"column":7}},"64":{"start":{"line":219,"column":8},"end":{"line":219,"column":34}},"65":{"start":{"line":223,"column":6},"end":{"line":230,"column":7}},"66":{"start":{"line":223,"column":19},"end":{"line":223,"column":36}},"67":{"start":{"line":224,"column":28},"end":{"line":224,"column":94}},"68":{"start":{"line":225,"column":25},"end":{"line":225,"column":68}},"69":{"start":{"line":227,"column":8},"end":{"line":229,"column":9}},"70":{"start":{"line":228,"column":10},"end":{"line":228,"column":47}},"71":{"start":{"line":232,"column":6},"end":{"line":232,"column":44}},"72":{"start":{"line":234,"column":6},"end":{"line":234,"column":54}},"73":{"start":{"line":242,"column":25},"end":{"line":245,"column":6}},"74":{"start":{"line":247,"column":4},"end":{"line":261,"column":6}},"75":{"start":{"line":249,"column":22},"end":{"line":257,"column":9}},"76":{"start":{"line":259,"column":8},"end":{"line":259,"column":99}},"77":{"start":{"line":268,"column":24},"end":{"line":271,"column":6}},"78":{"start":{"line":273,"column":4},"end":{"line":273,"column":23}},"79":{"start":{"line":280,"column":4},"end":{"line":298,"column":5}},"80":{"start":{"line":281,"column":20},"end":{"line":281,"column":43}},"81":{"start":{"line":282,"column":25},"end":{"line":282,"column":35}},"82":{"start":{"line":283,"column":6},"end":{"line":283,"column":60}},"83":{"start":{"line":285,"column":6},"end":{"line":295,"column":9}},"84":{"start":{"line":286,"column":8},"end":{"line":294,"column":9}},"85":{"start":{"line":287,"column":27},"end":{"line":287,"column":51}},"86":{"start":{"line":288,"column":24},"end":{"line":288,"column":45}},"87":{"start":{"line":290,"column":10},"end":{"line":293,"column":11}},"88":{"start":{"line":291,"column":12},"end":{"line":291,"column":36}},"89":{"start":{"line":292,"column":12},"end":{"line":292,"column":58}},"90":{"start":{"line":297,"column":6},"end":{"line":297,"column":80}},"91":{"start":{"line":305,"column":4},"end":{"line":334,"column":5}},"92":{"start":{"line":306,"column":20},"end":{"line":306,"column":46}},"93":{"start":{"line":307,"column":22},"end":{"line":307,"column":60}},"94":{"start":{"line":308,"column":20},"end":{"line":308,"column":69}},"95":{"start":{"line":308,"column":57},"end":{"line":308,"column":68}},"96":{"start":{"line":310,"column":26},"end":{"line":316,"column":7}},"97":{"start":{"line":318,"column":6},"end":{"line":324,"column":9}},"98":{"start":{"line":319,"column":8},"end":{"line":323,"column":11}},"99":{"start":{"line":320,"column":10},"end":{"line":322,"column":11}},"100":{"start":{"line":321,"column":12},"end":{"line":321,"column":33}},"101":{"start":{"line":326,"column":6},"end":{"line":331,"column":8}},"102":{"start":{"line":333,"column":6},"end":{"line":333,"column":38}},"103":{"start":{"line":341,"column":4},"end":{"line":341,"column":39}},"104":{"start":{"line":348,"column":25},"end":{"line":351,"column":5}},"105":{"start":{"line":353,"column":24},"end":{"line":353,"column":48}},"106":{"start":{"line":356,"column":24},"end":{"line":356,"column":57}},"107":{"start":{"line":357,"column":4},"end":{"line":359,"column":6}},"108":{"start":{"line":358,"column":6},"end":{"line":358,"column":57}},"109":{"start":{"line":361,"column":4},"end":{"line":361,"column":23}},"110":{"start":{"line":366,"column":22},"end":{"line":366,"column":34}},"111":{"start":{"line":368,"column":0},"end":{"line":368,"column":31}},"112":{"start":{"line":369,"column":0},"end":{"line":369,"column":31}}},"fnMap":{"0":{"name":"(anonymous_0)","decl":{"start":{"line":21,"column":2},"end":{"line":21,"column":3}},"loc":{"start":{"line":21,"column":28},"end":{"line":40,"column":3}},"line":21},"1":{"name":"(anonymous_1)","decl":{"start":{"line":45,"column":2},"end":{"line":45,"column":3}},"loc":{"start":{"line":45,"column":28},"end":{"line":47,"column":3}},"line":45},"2":{"name":"(anonymous_2)","decl":{"start":{"line":52,"column":2},"end":{"line":52,"column":3}},"loc":{"start":{"line":52,"column":27},"end":{"line":54,"column":3}},"line":52},"3":{"name":"(anonymous_3)","decl":{"start":{"line":59,"column":2},"end":{"line":59,"column":3}},"loc":{"start":{"line":59,"column":27},"end":{"line":61,"column":3}},"line":59},"4":{"name":"(anonymous_4)","decl":{"start":{"line":66,"column":2},"end":{"line":66,"column":3}},"loc":{"start":{"line":66,"column":28},"end":{"line":68,"column":3}},"line":66},"5":{"name":"(anonymous_5)","decl":{"start":{"line":73,"column":2},"end":{"line":73,"column":3}},"loc":{"start":{"line":73,"column":28},"end":{"line":75,"column":3}},"line":73},"6":{"name":"(anonymous_6)","decl":{"start":{"line":80,"column":2},"end":{"line":80,"column":3}},"loc":{"start":{"line":80,"column":33},"end":{"line":118,"column":3}},"line":80},"7":{"name":"(anonymous_7)","decl":{"start":{"line":123,"column":2},"end":{"line":123,"column":3}},"loc":{"start":{"line":123,"column":23},"end":{"line":139,"column":3}},"line":123},"8":{"name":"(anonymous_8)","decl":{"start":{"line":129,"column":16},"end":{"line":129,"column":17}},"loc":{"start":{"line":129,"column":25},"end":{"line":129,"column":92}},"line":129},"9":{"name":"(anonymous_9)","decl":{"start":{"line":130,"column":16},"end":{"line":130,"column":17}},"loc":{"start":{"line":130,"column":30},"end":{"line":133,"column":9}},"line":130},"10":{"name":"(anonymous_10)","decl":{"start":{"line":144,"column":2},"end":{"line":144,"column":3}},"loc":{"start":{"line":144,"column":26},"end":{"line":161,"column":3}},"line":144},"11":{"name":"(anonymous_11)","decl":{"start":{"line":151,"column":16},"end":{"line":151,"column":17}},"loc":{"start":{"line":151,"column":25},"end":{"line":151,"column":92}},"line":151},"12":{"name":"(anonymous_12)","decl":{"start":{"line":152,"column":16},"end":{"line":152,"column":17}},"loc":{"start":{"line":152,"column":30},"end":{"line":155,"column":9}},"line":152},"13":{"name":"(anonymous_13)","decl":{"start":{"line":166,"column":2},"end":{"line":166,"column":3}},"loc":{"start":{"line":166,"column":26},"end":{"line":181,"column":3}},"line":166},"14":{"name":"(anonymous_14)","decl":{"start":{"line":186,"column":2},"end":{"line":186,"column":3}},"loc":{"start":{"line":186,"column":23},"end":{"line":192,"column":3}},"line":186},"15":{"name":"(anonymous_15)","decl":{"start":{"line":197,"column":2},"end":{"line":197,"column":3}},"loc":{"start":{"line":197,"column":18},"end":{"line":209,"column":3}},"line":197},"16":{"name":"(anonymous_16)","decl":{"start":{"line":214,"column":2},"end":{"line":214,"column":3}},"loc":{"start":{"line":214,"column":18},"end":{"line":236,"column":3}},"line":214},"17":{"name":"(anonymous_17)","decl":{"start":{"line":241,"column":2},"end":{"line":241,"column":3}},"loc":{"start":{"line":241,"column":23},"end":{"line":262,"column":3}},"line":241},"18":{"name":"(anonymous_18)","decl":{"start":{"line":248,"column":11},"end":{"line":248,"column":12}},"loc":{"start":{"line":248,"column":39},"end":{"line":260,"column":7}},"line":248},"19":{"name":"(anonymous_19)","decl":{"start":{"line":267,"column":2},"end":{"line":267,"column":3}},"loc":{"start":{"line":267,"column":22},"end":{"line":274,"column":3}},"line":267},"20":{"name":"(anonymous_20)","decl":{"start":{"line":279,"column":2},"end":{"line":279,"column":3}},"loc":{"start":{"line":279,"column":27},"end":{"line":299,"column":3}},"line":279},"21":{"name":"(anonymous_21)","decl":{"start":{"line":285,"column":20},"end":{"line":285,"column":21}},"loc":{"start":{"line":285,"column":30},"end":{"line":295,"column":7}},"line":285},"22":{"name":"(anonymous_22)","decl":{"start":{"line":304,"column":2},"end":{"line":304,"column":3}},"loc":{"start":{"line":304,"column":13},"end":{"line":335,"column":3}},"line":304},"23":{"name":"(anonymous_23)","decl":{"start":{"line":308,"column":47},"end":{"line":308,"column":48}},"loc":{"start":{"line":308,"column":57},"end":{"line":308,"column":68}},"line":308},"24":{"name":"(anonymous_24)","decl":{"start":{"line":318,"column":20},"end":{"line":318,"column":21}},"loc":{"start":{"line":318,"column":30},"end":{"line":324,"column":7}},"line":318},"25":{"name":"(anonymous_25)","decl":{"start":{"line":319,"column":41},"end":{"line":319,"column":42}},"loc":{"start":{"line":319,"column":52},"end":{"line":323,"column":9}},"line":319},"26":{"name":"(anonymous_26)","decl":{"start":{"line":340,"column":2},"end":{"line":340,"column":3}},"loc":{"start":{"line":340,"column":10},"end":{"line":342,"column":3}},"line":340},"27":{"name":"(anonymous_27)","decl":{"start":{"line":347,"column":2},"end":{"line":347,"column":3}},"loc":{"start":{"line":347,"column":42},"end":{"line":362,"column":3}},"line":347},"28":{"name":"(anonymous_28)","decl":{"start":{"line":357,"column":22},"end":{"line":357,"column":23}},"loc":{"start":{"line":357,"column":53},"end":{"line":359,"column":5}},"line":357}},"branchMap":{"0":{"loc":{"start":{"line":21,"column":14},"end":{"line":21,"column":26}},"type":"default-arg","locations":[{"start":{"line":21,"column":24},"end":{"line":21,"column":26}}],"line":21},"1":{"loc":{"start":{"line":22,"column":17},"end":{"line":22,"column":40}},"type":"binary-expr","locations":[{"start":{"line":22,"column":17},"end":{"line":22,"column":30}},{"start":{"line":22,"column":34},"end":{"line":22,"column":40}}],"line":22},"2":{"loc":{"start":{"line":23,"column":20},"end":{"line":23,"column":74}},"type":"binary-expr","locations":[{"start":{"line":23,"column":20},"end":{"line":23,"column":36}},{"start":{"line":23,"column":40},"end":{"line":23,"column":74}}],"line":23},"3":{"loc":{"start":{"line":24,"column":23},"end":{"line":24,"column":62}},"type":"binary-expr","locations":[{"start":{"line":24,"column":23},"end":{"line":24,"column":42}},{"start":{"line":24,"column":46},"end":{"line":24,"column":62}}],"line":24},"4":{"loc":{"start":{"line":25,"column":20},"end":{"line":25,"column":41}},"type":"binary-expr","locations":[{"start":{"line":25,"column":20},"end":{"line":25,"column":36}},{"start":{"line":25,"column":40},"end":{"line":25,"column":41}}],"line":25},"5":{"loc":{"start":{"line":45,"column":17},"end":{"line":45,"column":26}},"type":"default-arg","locations":[{"start":{"line":45,"column":24},"end":{"line":45,"column":26}}],"line":45},"6":{"loc":{"start":{"line":52,"column":16},"end":{"line":52,"column":25}},"type":"default-arg","locations":[{"start":{"line":52,"column":23},"end":{"line":52,"column":25}}],"line":52},"7":{"loc":{"start":{"line":59,"column":16},"end":{"line":59,"column":25}},"type":"default-arg","locations":[{"start":{"line":59,"column":23},"end":{"line":59,"column":25}}],"line":59},"8":{"loc":{"start":{"line":66,"column":17},"end":{"line":66,"column":26}},"type":"default-arg","locations":[{"start":{"line":66,"column":24},"end":{"line":66,"column":26}}],"line":66},"9":{"loc":{"start":{"line":73,"column":17},"end":{"line":73,"column":26}},"type":"default-arg","locations":[{"start":{"line":73,"column":24},"end":{"line":73,"column":26}}],"line":73},"10":{"loc":{"start":{"line":80,"column":22},"end":{"line":80,"column":31}},"type":"default-arg","locations":[{"start":{"line":80,"column":29},"end":{"line":80,"column":31}}],"line":80},"11":{"loc":{"start":{"line":81,"column":4},"end":{"line":83,"column":5}},"type":"if","locations":[{"start":{"line":81,"column":4},"end":{"line":83,"column":5}},{"start":{},"end":{}}],"line":81},"12":{"loc":{"start":{"line":86,"column":4},"end":{"line":92,"column":5}},"type":"if","locations":[{"start":{"line":86,"column":4},"end":{"line":92,"column":5}},{"start":{},"end":{}}],"line":86},"13":{"loc":{"start":{"line":87,"column":6},"end":{"line":89,"column":110}},"type":"binary-expr","locations":[{"start":{"line":87,"column":6},"end":{"line":87,"column":37}},{"start":{"line":88,"column":6},"end":{"line":88,"column":25}},{"start":{"line":89,"column":7},"end":{"line":89,"column":59}},{"start":{"line":89,"column":63},"end":{"line":89,"column":109}}],"line":87},"14":{"loc":{"start":{"line":115,"column":4},"end":{"line":117,"column":5}},"type":"if","locations":[{"start":{"line":115,"column":4},"end":{"line":117,"column":5}},{"start":{},"end":{}}],"line":115},"15":{"loc":{"start":{"line":115,"column":8},"end":{"line":115,"column":70}},"type":"binary-expr","locations":[{"start":{"line":115,"column":8},"end":{"line":115,"column":39}},{"start":{"line":115,"column":43},"end":{"line":115,"column":70}}],"line":115},"16":{"loc":{"start":{"line":126,"column":4},"end":{"line":136,"column":5}},"type":"if","locations":[{"start":{"line":126,"column":4},"end":{"line":136,"column":5}},{"start":{},"end":{}}],"line":126},"17":{"loc":{"start":{"line":149,"column":4},"end":{"line":158,"column":5}},"type":"if","locations":[{"start":{"line":149,"column":4},"end":{"line":158,"column":5}},{"start":{},"end":{}}],"line":149},"18":{"loc":{"start":{"line":167,"column":4},"end":{"line":180,"column":5}},"type":"switch","locations":[{"start":{"line":168,"column":4},"end":{"line":169,"column":24}},{"start":{"line":170,"column":4},"end":{"line":171,"column":27}},{"start":{"line":172,"column":4},"end":{"line":173,"column":26}},{"start":{"line":174,"column":4},"end":{"line":175,"column":25}},{"start":{"line":176,"column":4},"end":{"line":177,"column":25}},{"start":{"line":178,"column":4},"end":{"line":179,"column":26}}],"line":167},"19":{"loc":{"start":{"line":199,"column":6},"end":{"line":205,"column":7}},"type":"if","locations":[{"start":{"line":199,"column":6},"end":{"line":205,"column":7}},{"start":{},"end":{}}],"line":199},"20":{"loc":{"start":{"line":202,"column":8},"end":{"line":204,"column":9}},"type":"if","locations":[{"start":{"line":202,"column":8},"end":{"line":204,"column":9}},{"start":{},"end":{}}],"line":202},"21":{"loc":{"start":{"line":218,"column":6},"end":{"line":220,"column":7}},"type":"if","locations":[{"start":{"line":218,"column":6},"end":{"line":220,"column":7}},{"start":{},"end":{}}],"line":218},"22":{"loc":{"start":{"line":224,"column":47},"end":{"line":224,"column":93}},"type":"cond-expr","locations":[{"start":{"line":224,"column":57},"end":{"line":224,"column":71}},{"start":{"line":224,"column":74},"end":{"line":224,"column":93}}],"line":224},"23":{"loc":{"start":{"line":227,"column":8},"end":{"line":229,"column":9}},"type":"if","locations":[{"start":{"line":227,"column":8},"end":{"line":229,"column":9}},{"start":{},"end":{}}],"line":227},"24":{"loc":{"start":{"line":254,"column":14},"end":{"line":254,"column":52}},"type":"binary-expr","locations":[{"start":{"line":254,"column":14},"end":{"line":254,"column":20}},{"start":{"line":254,"column":24},"end":{"line":254,"column":52}}],"line":254},"25":{"loc":{"start":{"line":255,"column":21},"end":{"line":255,"column":55}},"type":"binary-expr","locations":[{"start":{"line":255,"column":21},"end":{"line":255,"column":42}},{"start":{"line":255,"column":46},"end":{"line":255,"column":55}}],"line":255},"26":{"loc":{"start":{"line":279,"column":10},"end":{"line":279,"column":25}},"type":"default-arg","locations":[{"start":{"line":279,"column":23},"end":{"line":279,"column":25}}],"line":279},"27":{"loc":{"start":{"line":286,"column":8},"end":{"line":294,"column":9}},"type":"if","locations":[{"start":{"line":286,"column":8},"end":{"line":294,"column":9}},{"start":{},"end":{}}],"line":286},"28":{"loc":{"start":{"line":286,"column":12},"end":{"line":286,"column":61}},"type":"binary-expr","locations":[{"start":{"line":286,"column":12},"end":{"line":286,"column":33}},{"start":{"line":286,"column":37},"end":{"line":286,"column":61}}],"line":286},"29":{"loc":{"start":{"line":290,"column":10},"end":{"line":293,"column":11}},"type":"if","locations":[{"start":{"line":290,"column":10},"end":{"line":293,"column":11}},{"start":{},"end":{}}],"line":290},"30":{"loc":{"start":{"line":320,"column":10},"end":{"line":322,"column":11}},"type":"if","locations":[{"start":{"line":320,"column":10},"end":{"line":322,"column":11}},{"start":{},"end":{}}],"line":320},"31":{"loc":{"start":{"line":347,"column":28},"end":{"line":347,"column":40}},"type":"default-arg","locations":[{"start":{"line":347,"column":38},"end":{"line":347,"column":40}}],"line":347},"32":{"loc":{"start":{"line":350,"column":16},"end":{"line":350,"column":71}},"type":"binary-expr","locations":[{"start":{"line":350,"column":16},"end":{"line":350,"column":32}},{"start":{"line":350,"column":36},"end":{"line":350,"column":71}}],"line":350},"33":{"loc":{"start":{"line":357,"column":39},"end":{"line":357,"column":48}},"type":"default-arg","locations":[{"start":{"line":357,"column":46},"end":{"line":357,"column":48}}],"line":357}},"s":{"0":6,"1":6,"2":6,"3":6,"4":6,"5":6,"6":6,"7":6,"8":6,"9":6,"10":6,"11":6,"12":0,"13":0,"14":10,"15":0,"16":0,"17":10,"18":0,"19":10,"20":0,"21":10,"22":10,"23":10,"24":10,"25":10,"26":10,"27":0,"28":10,"29":10,"30":0,"31":0,"32":0,"33":0,"34":0,"35":10,"36":10,"37":10,"38":10,"39":0,"40":0,"41":0,"42":0,"43":0,"44":10,"45":10,"46":0,"47":0,"48":10,"49":0,"50":0,"51":0,"52":10,"53":10,"54":0,"55":6,"56":6,"57":6,"58":6,"59":0,"60":0,"61":0,"62":0,"63":0,"64":0,"65":0,"66":0,"67":0,"68":0,"69":0,"70":0,"71":0,"72":0,"73":0,"74":0,"75":0,"76":0,"77":0,"78":0,"79":0,"80":0,"81":0,"82":0,"83":0,"84":0,"85":0,"86":0,"87":0,"88":0,"89":0,"90":0,"91":0,"92":0,"93":0,"94":0,"95":0,"96":0,"97":0,"98":0,"99":0,"100":0,"101":0,"102":0,"103":0,"104":0,"105":0,"106":0,"107":0,"108":0,"109":0,"110":6,"111":6,"112":6},"f":{"0":6,"1":0,"2":0,"3":10,"4":0,"5":0,"6":10,"7":10,"8":0,"9":0,"10":10,"11":0,"12":0,"13":10,"14":10,"15":6,"16":0,"17":0,"18":0,"19":0,"20":0,"21":0,"22":0,"23":0,"24":0,"25":0,"26":0,"27":0,"28":0},"b":{"0":[6],"1":[6,6],"2":[6,6],"3":[6,6],"4":[6,6],"5":[0],"6":[0],"7":[10],"8":[0],"9":[0],"10":[0],"11":[0,10],"12":[0,10],"13":[10,10,0,0],"14":[0,10],"15":[10,0],"16":[0,10],"17":[0,10],"18":[0,0,10,0,0,0],"19":[6,0],"20":[0,6],"21":[0,0],"22":[0,0],"23":[0,0],"24":[0,0],"25":[0,0],"26":[0],"27":[0,0],"28":[0,0],"29":[0,0],"30":[0,0],"31":[0],"32":[0,0],"33":[0]},"_coverageSchema":"1a1c01bbd47fc00a2c39e90264f33305004495a9","hash":"063949ae89f5109c6d68315a1abcb41dc70fb805"}
}
