{"total": {"lines":{"total":4661,"covered":1822,"skipped":0,"pct":39.09},"statements":{"total":4923,"covered":1878,"skipped":0,"pct":38.14},"functions":{"total":958,"covered":225,"skipped":0,"pct":23.48},"branches":{"total":1678,"covered":456,"skipped":0,"pct":27.17},"branchesTrue":{"total":0,"covered":0,"skipped":0,"pct":100}}
,"C:\\Users\\x-be\\OneDrive\\المستندات\\04-10-2025\\66666\\backend\\server.js": {"lines":{"total":178,"covered":103,"skipped":0,"pct":57.86},"functions":{"total":24,"covered":5,"skipped":0,"pct":20.83},"statements":{"total":178,"covered":103,"skipped":0,"pct":57.86},"branches":{"total":49,"covered":17,"skipped":0,"pct":34.69}}
,"C:\\Users\\x-be\\OneDrive\\المستندات\\04-10-2025\\66666\\backend\\start.js": {"lines":{"total":2,"covered":2,"skipped":0,"pct":100},"functions":{"total":0,"covered":0,"skipped":0,"pct":100},"statements":{"total":2,"covered":2,"skipped":0,"pct":100},"branches":{"total":0,"covered":0,"skipped":0,"pct":100}}
,"C:\\Users\\x-be\\OneDrive\\المستندات\\04-10-2025\\66666\\backend\\api\\middleware\\auth.middleware.js": {"lines":{"total":2,"covered":2,"skipped":0,"pct":100},"functions":{"total":0,"covered":0,"skipped":0,"pct":100},"statements":{"total":2,"covered":2,"skipped":0,"pct":100},"branches":{"total":0,"covered":0,"skipped":0,"pct":100}}
,"C:\\Users\\x-be\\OneDrive\\المستندات\\04-10-2025\\66666\\backend\\api\\routes\\ai.routes.js": {"lines":{"total":57,"covered":44,"skipped":0,"pct":77.19},"functions":{"total":8,"covered":8,"skipped":0,"pct":100},"statements":{"total":58,"covered":45,"skipped":0,"pct":77.58},"branches":{"total":22,"covered":14,"skipped":0,"pct":63.63}}
,"C:\\Users\\x-be\\OneDrive\\المستندات\\04-10-2025\\66666\\backend\\api\\routes\\auth.routes.js": {"lines":{"total":112,"covered":66,"skipped":0,"pct":58.92},"functions":{"total":7,"covered":5,"skipped":0,"pct":71.42},"statements":{"total":113,"covered":66,"skipped":0,"pct":58.4},"branches":{"total":42,"covered":19,"skipped":0,"pct":45.23}}
,"C:\\Users\\x-be\\OneDrive\\المستندات\\04-10-2025\\66666\\backend\\api\\routes\\crm.routes.js": {"lines":{"total":119,"covered":13,"skipped":0,"pct":10.92},"functions":{"total":48,"covered":0,"skipped":0,"pct":0},"statements":{"total":147,"covered":13,"skipped":0,"pct":8.84},"branches":{"total":39,"covered":0,"skipped":0,"pct":0}}
,"C:\\Users\\x-be\\OneDrive\\المستندات\\04-10-2025\\66666\\backend\\api\\routes\\documents.routes.js": {"lines":{"total":129,"covered":17,"skipped":0,"pct":13.17},"functions":{"total":47,"covered":0,"skipped":0,"pct":0},"statements":{"total":150,"covered":17,"skipped":0,"pct":11.33},"branches":{"total":44,"covered":0,"skipped":0,"pct":0}}
,"C:\\Users\\x-be\\OneDrive\\المستندات\\04-10-2025\\66666\\backend\\api\\routes\\integration.routes.js": {"lines":{"total":66,"covered":31,"skipped":0,"pct":46.96},"functions":{"total":10,"covered":4,"skipped":0,"pct":40},"statements":{"total":66,"covered":31,"skipped":0,"pct":46.96},"branches":{"total":4,"covered":1,"skipped":0,"pct":25}}
,"C:\\Users\\x-be\\OneDrive\\المستندات\\04-10-2025\\66666\\backend\\api\\routes\\modules.routes.js": {"lines":{"total":25,"covered":8,"skipped":0,"pct":32},"functions":{"total":3,"covered":0,"skipped":0,"pct":0},"statements":{"total":25,"covered":8,"skipped":0,"pct":32},"branches":{"total":4,"covered":0,"skipped":0,"pct":0}}
,"C:\\Users\\x-be\\OneDrive\\المستندات\\04-10-2025\\66666\\backend\\api\\routes\\project.routes.js": {"lines":{"total":87,"covered":45,"skipped":0,"pct":51.72},"functions":{"total":14,"covered":7,"skipped":0,"pct":50},"statements":{"total":87,"covered":45,"skipped":0,"pct":51.72},"branches":{"total":2,"covered":0,"skipped":0,"pct":0}}
,"C:\\Users\\x-be\\OneDrive\\المستندات\\04-10-2025\\66666\\backend\\api\\routes\\reporting.routes.js": {"lines":{"total":46,"covered":19,"skipped":0,"pct":41.3},"functions":{"total":5,"covered":2,"skipped":0,"pct":40},"statements":{"total":46,"covered":19,"skipped":0,"pct":41.3},"branches":{"total":22,"covered":4,"skipped":0,"pct":18.18}}
,"C:\\Users\\x-be\\OneDrive\\المستندات\\04-10-2025\\66666\\backend\\api\\routes\\search.routes.js": {"lines":{"total":63,"covered":47,"skipped":0,"pct":74.6},"functions":{"total":7,"covered":7,"skipped":0,"pct":100},"statements":{"total":63,"covered":47,"skipped":0,"pct":74.6},"branches":{"total":26,"covered":18,"skipped":0,"pct":69.23}}
,"C:\\Users\\x-be\\OneDrive\\المستندات\\04-10-2025\\66666\\backend\\api\\routes\\setupRoutes.js": {"lines":{"total":15,"covered":15,"skipped":0,"pct":100},"functions":{"total":1,"covered":1,"skipped":0,"pct":100},"statements":{"total":15,"covered":15,"skipped":0,"pct":100},"branches":{"total":0,"covered":0,"skipped":0,"pct":100}}
,"C:\\Users\\x-be\\OneDrive\\المستندات\\04-10-2025\\66666\\backend\\api\\routes\\transport.routes.js": {"lines":{"total":200,"covered":47,"skipped":0,"pct":23.5},"functions":{"total":37,"covered":2,"skipped":0,"pct":5.4},"statements":{"total":206,"covered":47,"skipped":0,"pct":22.81},"branches":{"total":18,"covered":1,"skipped":0,"pct":5.55}}
,"C:\\Users\\x-be\\OneDrive\\المستندات\\04-10-2025\\66666\\backend\\api\\routes\\users.routes.js": {"lines":{"total":66,"covered":55,"skipped":0,"pct":83.33},"functions":{"total":6,"covered":6,"skipped":0,"pct":100},"statements":{"total":69,"covered":58,"skipped":0,"pct":84.05},"branches":{"total":32,"covered":17,"skipped":0,"pct":53.12}}
,"C:\\Users\\x-be\\OneDrive\\المستندات\\04-10-2025\\66666\\backend\\api\\routes\\workflows.routes.js": {"lines":{"total":170,"covered":148,"skipped":0,"pct":87.05},"functions":{"total":50,"covered":41,"skipped":0,"pct":82},"statements":{"total":200,"covered":164,"skipped":0,"pct":82},"branches":{"total":86,"covered":61,"skipped":0,"pct":70.93}}
,"C:\\Users\\x-be\\OneDrive\\المستندات\\04-10-2025\\66666\\backend\\config\\database.js": {"lines":{"total":46,"covered":12,"skipped":0,"pct":26.08},"functions":{"total":6,"covered":1,"skipped":0,"pct":16.66},"statements":{"total":46,"covered":12,"skipped":0,"pct":26.08},"branches":{"total":14,"covered":3,"skipped":0,"pct":21.42}}
,"C:\\Users\\x-be\\OneDrive\\المستندات\\04-10-2025\\66666\\backend\\config\\in-memory-db.js": {"lines":{"total":38,"covered":9,"skipped":0,"pct":23.68},"functions":{"total":22,"covered":3,"skipped":0,"pct":13.63},"statements":{"total":50,"covered":11,"skipped":0,"pct":22},"branches":{"total":23,"covered":3,"skipped":0,"pct":13.04}}
,"C:\\Users\\x-be\\OneDrive\\المستندات\\04-10-2025\\66666\\backend\\config\\inMemoryDB.js": {"lines":{"total":27,"covered":15,"skipped":0,"pct":55.55},"functions":{"total":3,"covered":2,"skipped":0,"pct":66.66},"statements":{"total":27,"covered":15,"skipped":0,"pct":55.55},"branches":{"total":8,"covered":3,"skipped":0,"pct":37.5}}
,"C:\\Users\\x-be\\OneDrive\\المستندات\\04-10-2025\\66666\\backend\\config\\performance.js": {"lines":{"total":87,"covered":27,"skipped":0,"pct":31.03},"functions":{"total":16,"covered":5,"skipped":0,"pct":31.25},"statements":{"total":89,"covered":27,"skipped":0,"pct":30.33},"branches":{"total":47,"covered":6,"skipped":0,"pct":12.76}}
,"C:\\Users\\x-be\\OneDrive\\المستندات\\04-10-2025\\66666\\backend\\middleware\\auth.js": {"lines":{"total":40,"covered":26,"skipped":0,"pct":65},"functions":{"total":7,"covered":5,"skipped":0,"pct":71.42},"statements":{"total":40,"covered":26,"skipped":0,"pct":65},"branches":{"total":28,"covered":20,"skipped":0,"pct":71.42}}
,"C:\\Users\\x-be\\OneDrive\\المستندات\\04-10-2025\\66666\\backend\\middleware\\auth.middleware.js": {"lines":{"total":78,"covered":12,"skipped":0,"pct":15.38},"functions":{"total":13,"covered":0,"skipped":0,"pct":0},"statements":{"total":80,"covered":12,"skipped":0,"pct":15},"branches":{"total":59,"covered":0,"skipped":0,"pct":0}}
,"C:\\Users\\x-be\\OneDrive\\المستندات\\04-10-2025\\66666\\backend\\middleware\\rateLimiter.js": {"lines":{"total":13,"covered":13,"skipped":0,"pct":100},"functions":{"total":3,"covered":3,"skipped":0,"pct":100},"statements":{"total":16,"covered":16,"skipped":0,"pct":100},"branches":{"total":2,"covered":1,"skipped":0,"pct":50}}
,"C:\\Users\\x-be\\OneDrive\\المستندات\\04-10-2025\\66666\\backend\\middleware\\responseHandler.js": {"lines":{"total":9,"covered":8,"skipped":0,"pct":88.88},"functions":{"total":4,"covered":3,"skipped":0,"pct":75},"statements":{"total":9,"covered":8,"skipped":0,"pct":88.88},"branches":{"total":6,"covered":2,"skipped":0,"pct":33.33}}
,"C:\\Users\\x-be\\OneDrive\\المستندات\\04-10-2025\\66666\\backend\\middleware\\sanitize.js": {"lines":{"total":6,"covered":5,"skipped":0,"pct":83.33},"functions":{"total":1,"covered":0,"skipped":0,"pct":0},"statements":{"total":6,"covered":5,"skipped":0,"pct":83.33},"branches":{"total":0,"covered":0,"skipped":0,"pct":100}}
,"C:\\Users\\x-be\\OneDrive\\المستندات\\04-10-2025\\66666\\backend\\middleware\\securityHeaders.js": {"lines":{"total":3,"covered":3,"skipped":0,"pct":100},"functions":{"total":0,"covered":0,"skipped":0,"pct":100},"statements":{"total":3,"covered":3,"skipped":0,"pct":100},"branches":{"total":0,"covered":0,"skipped":0,"pct":100}}
,"C:\\Users\\x-be\\OneDrive\\المستندات\\04-10-2025\\66666\\backend\\middleware\\uploadMiddleware.js": {"lines":{"total":29,"covered":10,"skipped":0,"pct":34.48},"functions":{"total":4,"covered":0,"skipped":0,"pct":0},"statements":{"total":29,"covered":10,"skipped":0,"pct":34.48},"branches":{"total":12,"covered":1,"skipped":0,"pct":8.33}}
,"C:\\Users\\x-be\\OneDrive\\المستندات\\04-10-2025\\66666\\backend\\middleware\\validation.js": {"lines":{"total":75,"covered":70,"skipped":0,"pct":93.33},"functions":{"total":7,"covered":7,"skipped":0,"pct":100},"statements":{"total":76,"covered":70,"skipped":0,"pct":92.1},"branches":{"total":61,"covered":52,"skipped":0,"pct":85.24}}
,"C:\\Users\\x-be\\OneDrive\\المستندات\\04-10-2025\\66666\\backend\\middleware\\validator.middleware.js": {"lines":{"total":48,"covered":17,"skipped":0,"pct":35.41},"functions":{"total":3,"covered":3,"skipped":0,"pct":100},"statements":{"total":48,"covered":17,"skipped":0,"pct":35.41},"branches":{"total":46,"covered":7,"skipped":0,"pct":15.21}}
,"C:\\Users\\x-be\\OneDrive\\المستندات\\04-10-2025\\66666\\backend\\models\\AI.memory.js": {"lines":{"total":100,"covered":4,"skipped":0,"pct":4},"functions":{"total":35,"covered":0,"skipped":0,"pct":0},"statements":{"total":122,"covered":4,"skipped":0,"pct":3.27},"branches":{"total":60,"covered":0,"skipped":0,"pct":0}}
,"C:\\Users\\x-be\\OneDrive\\المستندات\\04-10-2025\\66666\\backend\\models\\Attendance.memory.js": {"lines":{"total":35,"covered":11,"skipped":0,"pct":31.42},"functions":{"total":11,"covered":2,"skipped":0,"pct":18.18},"statements":{"total":37,"covered":11,"skipped":0,"pct":29.72},"branches":{"total":16,"covered":3,"skipped":0,"pct":18.75}}
,"C:\\Users\\x-be\\OneDrive\\المستندات\\04-10-2025\\66666\\backend\\models\\Document.js": {"lines":{"total":30,"covered":13,"skipped":0,"pct":43.33},"functions":{"total":5,"covered":0,"skipped":0,"pct":0},"statements":{"total":32,"covered":13,"skipped":0,"pct":40.62},"branches":{"total":17,"covered":0,"skipped":0,"pct":0}}
,"C:\\Users\\x-be\\OneDrive\\المستندات\\04-10-2025\\66666\\backend\\models\\Driver.js": {"lines":{"total":34,"covered":12,"skipped":0,"pct":35.29},"functions":{"total":3,"covered":0,"skipped":0,"pct":0},"statements":{"total":34,"covered":12,"skipped":0,"pct":35.29},"branches":{"total":14,"covered":0,"skipped":0,"pct":0}}
,"C:\\Users\\x-be\\OneDrive\\المستندات\\04-10-2025\\66666\\backend\\models\\Employee.memory.js": {"lines":{"total":57,"covered":39,"skipped":0,"pct":68.42},"functions":{"total":19,"covered":13,"skipped":0,"pct":68.42},"statements":{"total":66,"covered":45,"skipped":0,"pct":68.18},"branches":{"total":39,"covered":20,"skipped":0,"pct":51.28}}
,"C:\\Users\\x-be\\OneDrive\\المستندات\\04-10-2025\\66666\\backend\\models\\Finance.memory.js": {"lines":{"total":91,"covered":16,"skipped":0,"pct":17.58},"functions":{"total":38,"covered":4,"skipped":0,"pct":10.52},"statements":{"total":107,"covered":16,"skipped":0,"pct":14.95},"branches":{"total":38,"covered":3,"skipped":0,"pct":7.89}}
,"C:\\Users\\x-be\\OneDrive\\المستندات\\04-10-2025\\66666\\backend\\models\\Leave.memory.js": {"lines":{"total":47,"covered":23,"skipped":0,"pct":48.93},"functions":{"total":15,"covered":7,"skipped":0,"pct":46.66},"statements":{"total":56,"covered":26,"skipped":0,"pct":46.42},"branches":{"total":30,"covered":11,"skipped":0,"pct":36.66}}
,"C:\\Users\\x-be\\OneDrive\\المستندات\\04-10-2025\\66666\\backend\\models\\Notification.memory.js": {"lines":{"total":57,"covered":11,"skipped":0,"pct":19.29},"functions":{"total":23,"covered":3,"skipped":0,"pct":13.04},"statements":{"total":62,"covered":11,"skipped":0,"pct":17.74},"branches":{"total":22,"covered":1,"skipped":0,"pct":4.54}}
,"C:\\Users\\x-be\\OneDrive\\المستندات\\04-10-2025\\66666\\backend\\models\\Product.js": {"lines":{"total":7,"covered":0,"skipped":0,"pct":0},"functions":{"total":1,"covered":0,"skipped":0,"pct":0},"statements":{"total":7,"covered":0,"skipped":0,"pct":0},"branches":{"total":0,"covered":0,"skipped":0,"pct":100}}
,"C:\\Users\\x-be\\OneDrive\\المستندات\\04-10-2025\\66666\\backend\\models\\Trip.js": {"lines":{"total":30,"covered":0,"skipped":0,"pct":0},"functions":{"total":8,"covered":0,"skipped":0,"pct":0},"statements":{"total":31,"covered":0,"skipped":0,"pct":0},"branches":{"total":8,"covered":0,"skipped":0,"pct":0}}
,"C:\\Users\\x-be\\OneDrive\\المستندات\\04-10-2025\\66666\\backend\\models\\User.js": {"lines":{"total":12,"covered":6,"skipped":0,"pct":50},"functions":{"total":2,"covered":0,"skipped":0,"pct":0},"statements":{"total":12,"covered":6,"skipped":0,"pct":50},"branches":{"total":0,"covered":0,"skipped":0,"pct":100}}
,"C:\\Users\\x-be\\OneDrive\\المستندات\\04-10-2025\\66666\\backend\\models\\User.memory.js": {"lines":{"total":79,"covered":58,"skipped":0,"pct":73.41},"functions":{"total":20,"covered":15,"skipped":0,"pct":75},"statements":{"total":88,"covered":64,"skipped":0,"pct":72.72},"branches":{"total":51,"covered":30,"skipped":0,"pct":58.82}}
,"C:\\Users\\x-be\\OneDrive\\المستندات\\04-10-2025\\66666\\backend\\models\\Vehicle.js": {"lines":{"total":77,"covered":33,"skipped":0,"pct":42.85},"functions":{"total":9,"covered":0,"skipped":0,"pct":0},"statements":{"total":79,"covered":33,"skipped":0,"pct":41.77},"branches":{"total":24,"covered":0,"skipped":0,"pct":0}}
,"C:\\Users\\x-be\\OneDrive\\المستندات\\04-10-2025\\66666\\backend\\models\\Vehicle_SaudiCompliant.js": {"lines":{"total":67,"covered":0,"skipped":0,"pct":0},"functions":{"total":18,"covered":0,"skipped":0,"pct":0},"statements":{"total":71,"covered":0,"skipped":0,"pct":0},"branches":{"total":24,"covered":0,"skipped":0,"pct":0}}
,"C:\\Users\\x-be\\OneDrive\\المستندات\\04-10-2025\\66666\\backend\\models\\analytics.model.js": {"lines":{"total":39,"covered":13,"skipped":0,"pct":33.33},"functions":{"total":16,"covered":4,"skipped":0,"pct":25},"statements":{"total":41,"covered":14,"skipped":0,"pct":34.14},"branches":{"total":26,"covered":2,"skipped":0,"pct":7.69}}
,"C:\\Users\\x-be\\OneDrive\\المستندات\\04-10-2025\\66666\\backend\\models\\conversation.model.js": {"lines":{"total":75,"covered":22,"skipped":0,"pct":29.33},"functions":{"total":25,"covered":0,"skipped":0,"pct":0},"statements":{"total":84,"covered":22,"skipped":0,"pct":26.19},"branches":{"total":18,"covered":0,"skipped":0,"pct":0}}
,"C:\\Users\\x-be\\OneDrive\\المستندات\\04-10-2025\\66666\\backend\\models\\disability-assessment.model.js": {"lines":{"total":55,"covered":22,"skipped":0,"pct":40},"functions":{"total":11,"covered":0,"skipped":0,"pct":0},"statements":{"total":58,"covered":22,"skipped":0,"pct":37.93},"branches":{"total":20,"covered":0,"skipped":0,"pct":0}}
,"C:\\Users\\x-be\\OneDrive\\المستندات\\04-10-2025\\66666\\backend\\models\\employee.model.js": {"lines":{"total":62,"covered":21,"skipped":0,"pct":33.87},"functions":{"total":17,"covered":0,"skipped":0,"pct":0},"statements":{"total":63,"covered":21,"skipped":0,"pct":33.33},"branches":{"total":9,"covered":0,"skipped":0,"pct":0}}
,"C:\\Users\\x-be\\OneDrive\\المستندات\\04-10-2025\\66666\\backend\\models\\message.model.js": {"lines":{"total":42,"covered":17,"skipped":0,"pct":40.47},"functions":{"total":13,"covered":0,"skipped":0,"pct":0},"statements":{"total":45,"covered":17,"skipped":0,"pct":37.77},"branches":{"total":15,"covered":0,"skipped":0,"pct":0}}
,"C:\\Users\\x-be\\OneDrive\\المستندات\\04-10-2025\\66666\\backend\\models\\payroll.model.js": {"lines":{"total":49,"covered":12,"skipped":0,"pct":24.48},"functions":{"total":11,"covered":0,"skipped":0,"pct":0},"statements":{"total":49,"covered":12,"skipped":0,"pct":24.48},"branches":{"total":19,"covered":0,"skipped":0,"pct":0}}
,"C:\\Users\\x-be\\OneDrive\\المستندات\\04-10-2025\\66666\\backend\\models\\performance.model.js": {"lines":{"total":27,"covered":9,"skipped":0,"pct":33.33},"functions":{"total":8,"covered":0,"skipped":0,"pct":0},"statements":{"total":33,"covered":9,"skipped":0,"pct":27.27},"branches":{"total":10,"covered":0,"skipped":0,"pct":0}}
,"C:\\Users\\x-be\\OneDrive\\المستندات\\04-10-2025\\66666\\backend\\models\\prediction.model.js": {"lines":{"total":40,"covered":21,"skipped":0,"pct":52.5},"functions":{"total":16,"covered":4,"skipped":0,"pct":25},"statements":{"total":42,"covered":21,"skipped":0,"pct":50},"branches":{"total":27,"covered":9,"skipped":0,"pct":33.33}}
,"C:\\Users\\x-be\\OneDrive\\المستندات\\04-10-2025\\66666\\backend\\models\\rehabilitation-program.model.js": {"lines":{"total":59,"covered":24,"skipped":0,"pct":40.67},"functions":{"total":18,"covered":0,"skipped":0,"pct":0},"statements":{"total":67,"covered":24,"skipped":0,"pct":35.82},"branches":{"total":20,"covered":0,"skipped":0,"pct":0}}
,"C:\\Users\\x-be\\OneDrive\\المستندات\\04-10-2025\\66666\\backend\\models\\training.model.js": {"lines":{"total":20,"covered":7,"skipped":0,"pct":35},"functions":{"total":6,"covered":0,"skipped":0,"pct":0},"statements":{"total":24,"covered":7,"skipped":0,"pct":29.16},"branches":{"total":8,"covered":0,"skipped":0,"pct":0}}
,"C:\\Users\\x-be\\OneDrive\\المستندات\\04-10-2025\\66666\\backend\\models\\transport.models.js": {"lines":{"total":22,"covered":0,"skipped":0,"pct":0},"functions":{"total":0,"covered":0,"skipped":0,"pct":100},"statements":{"total":22,"covered":0,"skipped":0,"pct":0},"branches":{"total":0,"covered":0,"skipped":0,"pct":100}}
,"C:\\Users\\x-be\\OneDrive\\المستندات\\04-10-2025\\66666\\backend\\routes\\ai.routes.js": {"lines":{"total":87,"covered":47,"skipped":0,"pct":54.02},"functions":{"total":16,"covered":7,"skipped":0,"pct":43.75},"statements":{"total":92,"covered":50,"skipped":0,"pct":54.34},"branches":{"total":11,"covered":4,"skipped":0,"pct":36.36}}
,"C:\\Users\\x-be\\OneDrive\\المستندات\\04-10-2025\\66666\\backend\\routes\\archivingRoutes.js": {"lines":{"total":106,"covered":0,"skipped":0,"pct":0},"functions":{"total":17,"covered":0,"skipped":0,"pct":0},"statements":{"total":110,"covered":0,"skipped":0,"pct":0},"branches":{"total":33,"covered":0,"skipped":0,"pct":0}}
,"C:\\Users\\x-be\\OneDrive\\المستندات\\04-10-2025\\66666\\backend\\routes\\complianceRoutes.js": {"lines":{"total":140,"covered":111,"skipped":0,"pct":79.28},"functions":{"total":16,"covered":12,"skipped":0,"pct":75},"statements":{"total":145,"covered":111,"skipped":0,"pct":76.55},"branches":{"total":51,"covered":36,"skipped":0,"pct":70.58}}
,"C:\\Users\\x-be\\OneDrive\\المستندات\\04-10-2025\\66666\\backend\\routes\\documentRoutes.js": {"lines":{"total":17,"covered":17,"skipped":0,"pct":100},"functions":{"total":0,"covered":0,"skipped":0,"pct":100},"statements":{"total":17,"covered":17,"skipped":0,"pct":100},"branches":{"total":0,"covered":0,"skipped":0,"pct":100}}
,"C:\\Users\\x-be\\OneDrive\\المستندات\\04-10-2025\\66666\\backend\\routes\\driverRoutes.js": {"lines":{"total":118,"covered":0,"skipped":0,"pct":0},"functions":{"total":18,"covered":0,"skipped":0,"pct":0},"statements":{"total":118,"covered":0,"skipped":0,"pct":0},"branches":{"total":2,"covered":0,"skipped":0,"pct":0}}
,"C:\\Users\\x-be\\OneDrive\\المستندات\\04-10-2025\\66666\\backend\\routes\\finance.routes.js": {"lines":{"total":95,"covered":24,"skipped":0,"pct":25.26},"functions":{"total":14,"covered":1,"skipped":0,"pct":7.14},"statements":{"total":95,"covered":24,"skipped":0,"pct":25.26},"branches":{"total":23,"covered":3,"skipped":0,"pct":13.04}}
,"C:\\Users\\x-be\\OneDrive\\المستندات\\04-10-2025\\66666\\backend\\routes\\hr-advanced.routes.js": {"lines":{"total":102,"covered":30,"skipped":0,"pct":29.41},"functions":{"total":24,"covered":0,"skipped":0,"pct":0},"statements":{"total":104,"covered":30,"skipped":0,"pct":28.84},"branches":{"total":7,"covered":0,"skipped":0,"pct":0}}
,"C:\\Users\\x-be\\OneDrive\\المستندات\\04-10-2025\\66666\\backend\\routes\\hr.routes.js": {"lines":{"total":89,"covered":63,"skipped":0,"pct":70.78},"functions":{"total":9,"covered":8,"skipped":0,"pct":88.88},"statements":{"total":92,"covered":66,"skipped":0,"pct":71.73},"branches":{"total":32,"covered":20,"skipped":0,"pct":62.5}}
,"C:\\Users\\x-be\\OneDrive\\المستندات\\04-10-2025\\66666\\backend\\routes\\hrops.routes.js": {"lines":{"total":81,"covered":25,"skipped":0,"pct":30.86},"functions":{"total":7,"covered":1,"skipped":0,"pct":14.28},"statements":{"total":83,"covered":25,"skipped":0,"pct":30.12},"branches":{"total":20,"covered":2,"skipped":0,"pct":10}}
,"C:\\Users\\x-be\\OneDrive\\المستندات\\04-10-2025\\66666\\backend\\routes\\messaging.routes.js": {"lines":{"total":107,"covered":23,"skipped":0,"pct":21.49},"functions":{"total":11,"covered":1,"skipped":0,"pct":9.09},"statements":{"total":107,"covered":23,"skipped":0,"pct":21.49},"branches":{"total":68,"covered":4,"skipped":0,"pct":5.88}}
,"C:\\Users\\x-be\\OneDrive\\المستندات\\04-10-2025\\66666\\backend\\routes\\notifications.routes.js": {"lines":{"total":172,"covered":42,"skipped":0,"pct":24.41},"functions":{"total":21,"covered":2,"skipped":0,"pct":9.52},"statements":{"total":172,"covered":42,"skipped":0,"pct":24.41},"branches":{"total":61,"covered":4,"skipped":0,"pct":6.55}}
,"C:\\Users\\x-be\\OneDrive\\المستندات\\04-10-2025\\66666\\backend\\routes\\performanceRoutes.js": {"lines":{"total":49,"covered":12,"skipped":0,"pct":24.48},"functions":{"total":6,"covered":0,"skipped":0,"pct":0},"statements":{"total":49,"covered":12,"skipped":0,"pct":24.48},"branches":{"total":10,"covered":0,"skipped":0,"pct":0}}
,"C:\\Users\\x-be\\OneDrive\\المستندات\\04-10-2025\\66666\\backend\\routes\\predictions.routes.js": {"lines":{"total":50,"covered":12,"skipped":0,"pct":24},"functions":{"total":6,"covered":0,"skipped":0,"pct":0},"statements":{"total":50,"covered":12,"skipped":0,"pct":24},"branches":{"total":28,"covered":0,"skipped":0,"pct":0}}
,"C:\\Users\\x-be\\OneDrive\\المستندات\\04-10-2025\\66666\\backend\\routes\\rehabilitation.routes.js": {"lines":{"total":75,"covered":28,"skipped":0,"pct":37.33},"functions":{"total":23,"covered":0,"skipped":0,"pct":0},"statements":{"total":75,"covered":28,"skipped":0,"pct":37.33},"branches":{"total":0,"covered":0,"skipped":0,"pct":100}}
,"C:\\Users\\x-be\\OneDrive\\المستندات\\04-10-2025\\66666\\backend\\routes\\reports.routes.js": {"lines":{"total":122,"covered":51,"skipped":0,"pct":41.8},"functions":{"total":29,"covered":9,"skipped":0,"pct":31.03},"statements":{"total":129,"covered":58,"skipped":0,"pct":44.96},"branches":{"total":78,"covered":29,"skipped":0,"pct":37.17}}
,"C:\\Users\\x-be\\OneDrive\\المستندات\\04-10-2025\\66666\\backend\\routes\\vehicleRoutes.js": {"lines":{"total":100,"covered":0,"skipped":0,"pct":0},"functions":{"total":15,"covered":0,"skipped":0,"pct":0},"statements":{"total":100,"covered":0,"skipped":0,"pct":0},"branches":{"total":0,"covered":0,"skipped":0,"pct":100}}
,"C:\\Users\\x-be\\OneDrive\\المستندات\\04-10-2025\\66666\\backend\\utils\\errorHandler.js": {"lines":{"total":24,"covered":21,"skipped":0,"pct":87.5},"functions":{"total":5,"covered":5,"skipped":0,"pct":100},"statements":{"total":26,"covered":23,"skipped":0,"pct":88.46},"branches":{"total":19,"covered":16,"skipped":0,"pct":84.21}}
,"C:\\Users\\x-be\\OneDrive\\المستندات\\04-10-2025\\66666\\backend\\utils\\logger.js": {"lines":{"total":7,"covered":5,"skipped":0,"pct":71.42},"functions":{"total":4,"covered":3,"skipped":0,"pct":75},"statements":{"total":7,"covered":5,"skipped":0,"pct":71.42},"branches":{"total":2,"covered":0,"skipped":0,"pct":0}}
,"C:\\Users\\x-be\\OneDrive\\المستندات\\04-10-2025\\66666\\backend\\utils\\security.js": {"lines":{"total":43,"covered":22,"skipped":0,"pct":51.16},"functions":{"total":9,"covered":4,"skipped":0,"pct":44.44},"statements":{"total":45,"covered":22,"skipped":0,"pct":48.88},"branches":{"total":16,"covered":9,"skipped":0,"pct":56.25}}
,"C:\\Users\\x-be\\OneDrive\\المستندات\\04-10-2025\\66666\\backend\\utils\\seedDatabase.js": {"lines":{"total":15,"covered":0,"skipped":0,"pct":0},"functions":{"total":1,"covered":0,"skipped":0,"pct":0},"statements":{"total":15,"covered":0,"skipped":0,"pct":0},"branches":{"total":4,"covered":0,"skipped":0,"pct":0}}
,"C:\\Users\\x-be\\OneDrive\\المستندات\\04-10-2025\\66666\\backend\\utils\\validators.js": {"lines":{"total":13,"covered":6,"skipped":0,"pct":46.15},"functions":{"total":3,"covered":0,"skipped":0,"pct":0},"statements":{"total":14,"covered":6,"skipped":0,"pct":42.85},"branches":{"total":2,"covered":0,"skipped":0,"pct":0}}
}
