{"C:\\Users\\x-be\\OneDrive\\المستندات\\04-10-2025\\66666\\backend\\server.js": {"path":"C:\\Users\\x-be\\OneDrive\\المستندات\\04-10-2025\\66666\\backend\\server.js","statementMap":{"0":{"start":{"line":1,"column":0},"end":{"line":1,"column":27}},"1":{"start":{"line":2,"column":16},"end":{"line":2,"column":34}},"2":{"start":{"line":3,"column":13},"end":{"line":3,"column":28}},"3":{"start":{"line":4,"column":15},"end":{"line":4,"column":32}},"4":{"start":{"line":5,"column":15},"end":{"line":5,"column":32}},"5":{"start":{"line":6,"column":21},"end":{"line":6,"column":45}},"6":{"start":{"line":7,"column":18},"end":{"line":7,"column":47}},"7":{"start":{"line":8,"column":13},"end":{"line":8,"column":28}},"8":{"start":{"line":9,"column":17},"end":{"line":9,"column":37}},"9":{"start":{"line":12,"column":18},"end":{"line":12,"column":81}},"10":{"start":{"line":13,"column":0},"end":{"line":16,"column":1}},"11":{"start":{"line":14,"column":2},"end":{"line":14,"column":35}},"12":{"start":{"line":15,"column":2},"end":{"line":15,"column":32}},"13":{"start":{"line":19,"column":22},"end":{"line":19,"column":50}},"14":{"start":{"line":20,"column":25},"end":{"line":20,"column":60}},"15":{"start":{"line":21,"column":25},"end":{"line":21,"column":56}},"16":{"start":{"line":24,"column":24},"end":{"line":24,"column":63}},"17":{"start":{"line":25,"column":22},"end":{"line":25,"column":54}},"18":{"start":{"line":26,"column":23},"end":{"line":26,"column":58}},"19":{"start":{"line":27,"column":39},"end":{"line":27,"column":66}},"20":{"start":{"line":28,"column":24},"end":{"line":28,"column":63}},"21":{"start":{"line":31,"column":19},"end":{"line":31,"column":54}},"22":{"start":{"line":32,"column":20},"end":{"line":32,"column":56}},"23":{"start":{"line":33,"column":22},"end":{"line":33,"column":60}},"24":{"start":{"line":34,"column":18},"end":{"line":34,"column":52}},"25":{"start":{"line":35,"column":17},"end":{"line":35,"column":46}},"26":{"start":{"line":36,"column":20},"end":{"line":36,"column":52}},"27":{"start":{"line":37,"column":25},"end":{"line":37,"column":63}},"28":{"start":{"line":38,"column":22},"end":{"line":38,"column":56}},"29":{"start":{"line":39,"column":22},"end":{"line":39,"column":56}},"30":{"start":{"line":40,"column":28},"end":{"line":40,"column":68}},"31":{"start":{"line":41,"column":17},"end":{"line":41,"column":46}},"32":{"start":{"line":42,"column":26},"end":{"line":42,"column":64}},"33":{"start":{"line":43,"column":26},"end":{"line":43,"column":60}},"34":{"start":{"line":44,"column":34},"end":{"line":44,"column":74}},"35":{"start":{"line":45,"column":24},"end":{"line":45,"column":60}},"36":{"start":{"line":46,"column":29},"end":{"line":46,"column":70}},"37":{"start":{"line":47,"column":23},"end":{"line":47,"column":63}},"38":{"start":{"line":49,"column":12},"end":{"line":49,"column":21}},"39":{"start":{"line":50,"column":13},"end":{"line":50,"column":37}},"40":{"start":{"line":53,"column":15},"end":{"line":53,"column":37}},"41":{"start":{"line":56,"column":11},"end":{"line":68,"column":6}},"42":{"start":{"line":70,"column":28},"end":{"line":70,"column":37}},"43":{"start":{"line":72,"column":0},"end":{"line":170,"column":1}},"44":{"start":{"line":74,"column":24},"end":{"line":74,"column":57}},"45":{"start":{"line":75,"column":2},"end":{"line":75,"column":35}},"46":{"start":{"line":77,"column":2},"end":{"line":151,"column":5}},"47":{"start":{"line":79,"column":4},"end":{"line":84,"column":7}},"48":{"start":{"line":80,"column":6},"end":{"line":80,"column":41}},"49":{"start":{"line":81,"column":6},"end":{"line":81,"column":72}},"50":{"start":{"line":82,"column":25},"end":{"line":82,"column":49}},"51":{"start":{"line":83,"column":6},"end":{"line":83,"column":57}},"52":{"start":{"line":87,"column":4},"end":{"line":90,"column":7}},"53":{"start":{"line":88,"column":6},"end":{"line":88,"column":42}},"54":{"start":{"line":89,"column":6},"end":{"line":89,"column":44}},"55":{"start":{"line":93,"column":4},"end":{"line":101,"column":7}},"56":{"start":{"line":94,"column":6},"end":{"line":94,"column":31}},"57":{"start":{"line":95,"column":28},"end":{"line":99,"column":7}},"58":{"start":{"line":100,"column":6},"end":{"line":100,"column":53}},"59":{"start":{"line":104,"column":4},"end":{"line":107,"column":7}},"60":{"start":{"line":105,"column":6},"end":{"line":105,"column":35}},"61":{"start":{"line":106,"column":6},"end":{"line":106,"column":80}},"62":{"start":{"line":110,"column":4},"end":{"line":115,"column":7}},"63":{"start":{"line":111,"column":6},"end":{"line":114,"column":9}},"64":{"start":{"line":118,"column":30},"end":{"line":128,"column":13}},"65":{"start":{"line":119,"column":6},"end":{"line":122,"column":7}},"66":{"start":{"line":120,"column":8},"end":{"line":120,"column":41}},"67":{"start":{"line":121,"column":8},"end":{"line":121,"column":15}},"68":{"start":{"line":123,"column":6},"end":{"line":127,"column":7}},"69":{"start":{"line":124,"column":30},"end":{"line":124,"column":64}},"70":{"start":{"line":125,"column":27},"end":{"line":125,"column":51}},"71":{"start":{"line":126,"column":8},"end":{"line":126,"column":59}},"72":{"start":{"line":131,"column":36},"end":{"line":142,"column":13}},"73":{"start":{"line":132,"column":6},"end":{"line":135,"column":7}},"74":{"start":{"line":133,"column":8},"end":{"line":133,"column":47}},"75":{"start":{"line":134,"column":8},"end":{"line":134,"column":15}},"76":{"start":{"line":136,"column":28},"end":{"line":140,"column":7}},"77":{"start":{"line":141,"column":6},"end":{"line":141,"column":53}},"78":{"start":{"line":144,"column":4},"end":{"line":146,"column":7}},"79":{"start":{"line":145,"column":6},"end":{"line":145,"column":44}},"80":{"start":{"line":148,"column":4},"end":{"line":150,"column":7}},"81":{"start":{"line":149,"column":6},"end":{"line":149,"column":61}},"82":{"start":{"line":154,"column":2},"end":{"line":159,"column":11}},"83":{"start":{"line":155,"column":20},"end":{"line":155,"column":82}},"84":{"start":{"line":156,"column":4},"end":{"line":158,"column":7}},"85":{"start":{"line":157,"column":6},"end":{"line":157,"column":93}},"86":{"start":{"line":162,"column":2},"end":{"line":169,"column":12}},"87":{"start":{"line":163,"column":26},"end":{"line":167,"column":5}},"88":{"start":{"line":168,"column":4},"end":{"line":168,"column":63}},"89":{"start":{"line":173,"column":0},"end":{"line":173,"column":26}},"90":{"start":{"line":176,"column":0},"end":{"line":176,"column":25}},"91":{"start":{"line":177,"column":0},"end":{"line":177,"column":36}},"92":{"start":{"line":178,"column":0},"end":{"line":178,"column":18}},"93":{"start":{"line":181,"column":20},"end":{"line":187,"column":1}},"94":{"start":{"line":188,"column":0},"end":{"line":188,"column":27}},"95":{"start":{"line":191,"column":0},"end":{"line":191,"column":41}},"96":{"start":{"line":192,"column":0},"end":{"line":192,"column":63}},"97":{"start":{"line":195,"column":0},"end":{"line":195,"column":23}},"98":{"start":{"line":198,"column":0},"end":{"line":198,"column":25}},"99":{"start":{"line":201,"column":0},"end":{"line":201,"column":23}},"100":{"start":{"line":204,"column":0},"end":{"line":204,"column":28}},"101":{"start":{"line":207,"column":23},"end":{"line":218,"column":1}},"102":{"start":{"line":219,"column":20},"end":{"line":219,"column":48}},"103":{"start":{"line":220,"column":0},"end":{"line":220,"column":68}},"104":{"start":{"line":223,"column":0},"end":{"line":223,"column":33}},"105":{"start":{"line":224,"column":0},"end":{"line":224,"column":35}},"106":{"start":{"line":225,"column":0},"end":{"line":225,"column":39}},"107":{"start":{"line":226,"column":0},"end":{"line":226,"column":31}},"108":{"start":{"line":227,"column":0},"end":{"line":227,"column":36}},"109":{"start":{"line":228,"column":0},"end":{"line":228,"column":32}},"110":{"start":{"line":229,"column":0},"end":{"line":233,"column":1}},"111":{"start":{"line":230,"column":2},"end":{"line":230,"column":41}},"112":{"start":{"line":232,"column":2},"end":{"line":232,"column":39}},"113":{"start":{"line":234,"column":0},"end":{"line":234,"column":39}},"114":{"start":{"line":235,"column":0},"end":{"line":235,"column":39}},"115":{"start":{"line":236,"column":0},"end":{"line":236,"column":51}},"116":{"start":{"line":237,"column":0},"end":{"line":237,"column":29}},"117":{"start":{"line":238,"column":0},"end":{"line":238,"column":50}},"118":{"start":{"line":239,"column":0},"end":{"line":239,"column":53}},"119":{"start":{"line":240,"column":0},"end":{"line":240,"column":49}},"120":{"start":{"line":241,"column":0},"end":{"line":241,"column":42}},"121":{"start":{"line":242,"column":0},"end":{"line":242,"column":53}},"122":{"start":{"line":243,"column":0},"end":{"line":243,"column":32}},"123":{"start":{"line":246,"column":0},"end":{"line":253,"column":3}},"124":{"start":{"line":247,"column":2},"end":{"line":252,"column":5}},"125":{"start":{"line":256,"column":0},"end":{"line":263,"column":3}},"126":{"start":{"line":257,"column":2},"end":{"line":262,"column":5}},"127":{"start":{"line":269,"column":2},"end":{"line":275,"column":3}},"128":{"start":{"line":270,"column":23},"end":{"line":270,"column":63}},"129":{"start":{"line":271,"column":4},"end":{"line":271,"column":51}},"130":{"start":{"line":273,"column":4},"end":{"line":273,"column":71}},"131":{"start":{"line":274,"column":4},"end":{"line":274,"column":14}},"132":{"start":{"line":279,"column":2},"end":{"line":291,"column":3}},"133":{"start":{"line":280,"column":4},"end":{"line":287,"column":6}},"134":{"start":{"line":289,"column":4},"end":{"line":289,"column":65}},"135":{"start":{"line":290,"column":4},"end":{"line":290,"column":14}},"136":{"start":{"line":295,"column":2},"end":{"line":315,"column":3}},"137":{"start":{"line":296,"column":24},"end":{"line":296,"column":53}},"138":{"start":{"line":297,"column":20},"end":{"line":297,"column":22}},"139":{"start":{"line":299,"column":4},"end":{"line":309,"column":7}},"140":{"start":{"line":300,"column":21},"end":{"line":300,"column":43}},"141":{"start":{"line":301,"column":6},"end":{"line":308,"column":7}},"142":{"start":{"line":302,"column":8},"end":{"line":307,"column":10}},"143":{"start":{"line":303,"column":37},"end":{"line":306,"column":11}},"144":{"start":{"line":311,"column":4},"end":{"line":311,"column":35}},"145":{"start":{"line":313,"column":4},"end":{"line":313,"column":58}},"146":{"start":{"line":314,"column":4},"end":{"line":314,"column":14}},"147":{"start":{"line":319,"column":0},"end":{"line":328,"column":3}},"148":{"start":{"line":320,"column":2},"end":{"line":320,"column":39}},"149":{"start":{"line":321,"column":2},"end":{"line":327,"column":5}},"150":{"start":{"line":331,"column":0},"end":{"line":339,"column":3}},"151":{"start":{"line":332,"column":2},"end":{"line":338,"column":5}},"152":{"start":{"line":342,"column":0},"end":{"line":357,"column":5}},"153":{"start":{"line":343,"column":2},"end":{"line":356,"column":3}},"154":{"start":{"line":344,"column":4},"end":{"line":344,"column":22}},"155":{"start":{"line":345,"column":4},"end":{"line":353,"column":5}},"156":{"start":{"line":346,"column":6},"end":{"line":346,"column":68}},"157":{"start":{"line":348,"column":6},"end":{"line":352,"column":7}},"158":{"start":{"line":349,"column":8},"end":{"line":349,"column":29}},"159":{"start":{"line":351,"column":8},"end":{"line":351,"column":57}},"160":{"start":{"line":355,"column":4},"end":{"line":355,"column":65}},"161":{"start":{"line":360,"column":0},"end":{"line":360,"column":21}},"162":{"start":{"line":361,"column":0},"end":{"line":361,"column":25}},"163":{"start":{"line":362,"column":0},"end":{"line":362,"column":23}},"164":{"start":{"line":363,"column":0},"end":{"line":363,"column":31}},"165":{"start":{"line":366,"column":0},"end":{"line":372,"column":1}},"166":{"start":{"line":367,"column":2},"end":{"line":371,"column":5}},"167":{"start":{"line":368,"column":17},"end":{"line":368,"column":26}},"168":{"start":{"line":369,"column":23},"end":{"line":369,"column":49}},"169":{"start":{"line":370,"column":4},"end":{"line":370,"column":61}}},"fnMap":{"0":{"name":"(anonymous_0)","decl":{"start":{"line":77,"column":22},"end":{"line":77,"column":23}},"loc":{"start":{"line":77,"column":32},"end":{"line":151,"column":3}},"line":77},"1":{"name":"(anonymous_1)","decl":{"start":{"line":79,"column":34},"end":{"line":79,"column":35}},"loc":{"start":{"line":79,"column":53},"end":{"line":84,"column":5}},"line":79},"2":{"name":"(anonymous_2)","decl":{"start":{"line":87,"column":36},"end":{"line":87,"column":37}},"loc":{"start":{"line":87,"column":55},"end":{"line":90,"column":5}},"line":87},"3":{"name":"(anonymous_3)","decl":{"start":{"line":93,"column":37},"end":{"line":93,"column":38}},"loc":{"start":{"line":93,"column":43},"end":{"line":101,"column":5}},"line":93},"4":{"name":"(anonymous_4)","decl":{"start":{"line":104,"column":40},"end":{"line":104,"column":41}},"loc":{"start":{"line":104,"column":46},"end":{"line":107,"column":5}},"line":104},"5":{"name":"(anonymous_5)","decl":{"start":{"line":110,"column":35},"end":{"line":110,"column":36}},"loc":{"start":{"line":110,"column":43},"end":{"line":115,"column":5}},"line":110},"6":{"name":"(anonymous_6)","decl":{"start":{"line":118,"column":42},"end":{"line":118,"column":43}},"loc":{"start":{"line":118,"column":48},"end":{"line":128,"column":5}},"line":118},"7":{"name":"(anonymous_7)","decl":{"start":{"line":131,"column":48},"end":{"line":131,"column":49}},"loc":{"start":{"line":131,"column":54},"end":{"line":142,"column":5}},"line":131},"8":{"name":"(anonymous_8)","decl":{"start":{"line":144,"column":28},"end":{"line":144,"column":29}},"loc":{"start":{"line":144,"column":34},"end":{"line":146,"column":5}},"line":144},"9":{"name":"(anonymous_9)","decl":{"start":{"line":148,"column":23},"end":{"line":148,"column":24}},"loc":{"start":{"line":148,"column":32},"end":{"line":150,"column":5}},"line":148},"10":{"name":"(anonymous_10)","decl":{"start":{"line":154,"column":14},"end":{"line":154,"column":15}},"loc":{"start":{"line":154,"column":20},"end":{"line":159,"column":3}},"line":154},"11":{"name":"(anonymous_11)","decl":{"start":{"line":156,"column":20},"end":{"line":156,"column":21}},"loc":{"start":{"line":156,"column":33},"end":{"line":158,"column":5}},"line":156},"12":{"name":"(anonymous_12)","decl":{"start":{"line":162,"column":14},"end":{"line":162,"column":15}},"loc":{"start":{"line":162,"column":20},"end":{"line":169,"column":3}},"line":162},"13":{"name":"(anonymous_13)","decl":{"start":{"line":246,"column":19},"end":{"line":246,"column":20}},"loc":{"start":{"line":246,"column":33},"end":{"line":253,"column":1}},"line":246},"14":{"name":"(anonymous_14)","decl":{"start":{"line":256,"column":13},"end":{"line":256,"column":14}},"loc":{"start":{"line":256,"column":27},"end":{"line":263,"column":1}},"line":256},"15":{"name":"getModuleKPIs","decl":{"start":{"line":268,"column":9},"end":{"line":268,"column":22}},"loc":{"start":{"line":268,"column":34},"end":{"line":276,"column":1}},"line":268},"16":{"name":"getSummarySystems","decl":{"start":{"line":278,"column":9},"end":{"line":278,"column":26}},"loc":{"start":{"line":278,"column":29},"end":{"line":292,"column":1}},"line":278},"17":{"name":"getTopKPIs","decl":{"start":{"line":294,"column":9},"end":{"line":294,"column":19}},"loc":{"start":{"line":294,"column":31},"end":{"line":316,"column":1}},"line":294},"18":{"name":"(anonymous_18)","decl":{"start":{"line":299,"column":37},"end":{"line":299,"column":38}},"loc":{"start":{"line":299,"column":50},"end":{"line":309,"column":5}},"line":299},"19":{"name":"(anonymous_19)","decl":{"start":{"line":303,"column":29},"end":{"line":303,"column":30}},"loc":{"start":{"line":303,"column":37},"end":{"line":306,"column":11}},"line":303},"20":{"name":"(anonymous_20)","decl":{"start":{"line":319,"column":8},"end":{"line":319,"column":9}},"loc":{"start":{"line":319,"column":33},"end":{"line":328,"column":1}},"line":319},"21":{"name":"(anonymous_21)","decl":{"start":{"line":331,"column":8},"end":{"line":331,"column":9}},"loc":{"start":{"line":331,"column":22},"end":{"line":339,"column":1}},"line":331},"22":{"name":"(anonymous_22)","decl":{"start":{"line":342,"column":1},"end":{"line":342,"column":2}},"loc":{"start":{"line":342,"column":13},"end":{"line":357,"column":1}},"line":342},"23":{"name":"(anonymous_23)","decl":{"start":{"line":367,"column":33},"end":{"line":367,"column":34}},"loc":{"start":{"line":367,"column":39},"end":{"line":371,"column":3}},"line":367}},"branchMap":{"0":{"loc":{"start":{"line":12,"column":18},"end":{"line":12,"column":81}},"type":"binary-expr","locations":[{"start":{"line":12,"column":18},"end":{"line":12,"column":49}},{"start":{"line":12,"column":53},"end":{"line":12,"column":81}}],"line":12},"1":{"loc":{"start":{"line":13,"column":0},"end":{"line":16,"column":1}},"type":"if","locations":[{"start":{"line":13,"column":0},"end":{"line":16,"column":1}},{"start":{},"end":{}}],"line":13},"2":{"loc":{"start":{"line":50,"column":13},"end":{"line":50,"column":37}},"type":"binary-expr","locations":[{"start":{"line":50,"column":13},"end":{"line":50,"column":29}},{"start":{"line":50,"column":33},"end":{"line":50,"column":37}}],"line":50},"3":{"loc":{"start":{"line":56,"column":11},"end":{"line":68,"column":6}},"type":"cond-expr","locations":[{"start":{"line":57,"column":4},"end":{"line":57,"column":8}},{"start":{"line":58,"column":4},"end":{"line":68,"column":6}}],"line":56},"4":{"loc":{"start":{"line":60,"column":16},"end":{"line":60,"column":67}},"type":"binary-expr","locations":[{"start":{"line":60,"column":16},"end":{"line":60,"column":40}},{"start":{"line":60,"column":44},"end":{"line":60,"column":67}}],"line":60},"5":{"loc":{"start":{"line":72,"column":0},"end":{"line":170,"column":1}},"type":"if","locations":[{"start":{"line":72,"column":0},"end":{"line":170,"column":1}},{"start":{},"end":{}}],"line":72},"6":{"loc":{"start":{"line":72,"column":4},"end":{"line":72,"column":20}},"type":"binary-expr","locations":[{"start":{"line":72,"column":4},"end":{"line":72,"column":14}},{"start":{"line":72,"column":18},"end":{"line":72,"column":20}}],"line":72},"7":{"loc":{"start":{"line":119,"column":6},"end":{"line":122,"column":7}},"type":"if","locations":[{"start":{"line":119,"column":6},"end":{"line":122,"column":7}},{"start":{},"end":{}}],"line":119},"8":{"loc":{"start":{"line":123,"column":6},"end":{"line":127,"column":7}},"type":"if","locations":[{"start":{"line":123,"column":6},"end":{"line":127,"column":7}},{"start":{},"end":{}}],"line":123},"9":{"loc":{"start":{"line":123,"column":10},"end":{"line":123,"column":100}},"type":"binary-expr","locations":[{"start":{"line":123,"column":10},"end":{"line":123,"column":44}},{"start":{"line":123,"column":48},"end":{"line":123,"column":100}}],"line":123},"10":{"loc":{"start":{"line":132,"column":6},"end":{"line":135,"column":7}},"type":"if","locations":[{"start":{"line":132,"column":6},"end":{"line":135,"column":7}},{"start":{},"end":{}}],"line":132},"11":{"loc":{"start":{"line":182,"column":10},"end":{"line":182,"column":61}},"type":"binary-expr","locations":[{"start":{"line":182,"column":10},"end":{"line":182,"column":34}},{"start":{"line":182,"column":38},"end":{"line":182,"column":61}}],"line":182},"12":{"loc":{"start":{"line":229,"column":0},"end":{"line":233,"column":1}},"type":"if","locations":[{"start":{"line":229,"column":0},"end":{"line":233,"column":1}},{"start":{"line":231,"column":7},"end":{"line":233,"column":1}}],"line":229},"13":{"loc":{"start":{"line":251,"column":17},"end":{"line":251,"column":54}},"type":"binary-expr","locations":[{"start":{"line":251,"column":17},"end":{"line":251,"column":37}},{"start":{"line":251,"column":41},"end":{"line":251,"column":54}}],"line":251},"14":{"loc":{"start":{"line":271,"column":11},"end":{"line":271,"column":50}},"type":"cond-expr","locations":[{"start":{"line":271,"column":24},"end":{"line":271,"column":45}},{"start":{"line":271,"column":48},"end":{"line":271,"column":50}}],"line":271},"15":{"loc":{"start":{"line":271,"column":24},"end":{"line":271,"column":45}},"type":"binary-expr","locations":[{"start":{"line":271,"column":24},"end":{"line":271,"column":39}},{"start":{"line":271,"column":43},"end":{"line":271,"column":45}}],"line":271},"16":{"loc":{"start":{"line":294,"column":20},"end":{"line":294,"column":29}},"type":"default-arg","locations":[{"start":{"line":294,"column":28},"end":{"line":294,"column":29}}],"line":294},"17":{"loc":{"start":{"line":301,"column":6},"end":{"line":308,"column":7}},"type":"if","locations":[{"start":{"line":301,"column":6},"end":{"line":308,"column":7}},{"start":{},"end":{}}],"line":301},"18":{"loc":{"start":{"line":321,"column":13},"end":{"line":321,"column":34}},"type":"binary-expr","locations":[{"start":{"line":321,"column":13},"end":{"line":321,"column":27}},{"start":{"line":321,"column":31},"end":{"line":321,"column":34}}],"line":321},"19":{"loc":{"start":{"line":323,"column":16},"end":{"line":323,"column":37}},"type":"binary-expr","locations":[{"start":{"line":323,"column":16},"end":{"line":323,"column":30}},{"start":{"line":323,"column":34},"end":{"line":323,"column":37}}],"line":323},"20":{"loc":{"start":{"line":324,"column":13},"end":{"line":324,"column":51}},"type":"binary-expr","locations":[{"start":{"line":324,"column":13},"end":{"line":324,"column":24}},{"start":{"line":324,"column":28},"end":{"line":324,"column":51}}],"line":324},"21":{"loc":{"start":{"line":325,"column":10},"end":{"line":325,"column":38}},"type":"binary-expr","locations":[{"start":{"line":325,"column":10},"end":{"line":325,"column":18}},{"start":{"line":325,"column":22},"end":{"line":325,"column":38}}],"line":325},"22":{"loc":{"start":{"line":345,"column":4},"end":{"line":353,"column":5}},"type":"if","locations":[{"start":{"line":345,"column":4},"end":{"line":353,"column":5}},{"start":{"line":347,"column":11},"end":{"line":353,"column":5}}],"line":345},"23":{"loc":{"start":{"line":366,"column":0},"end":{"line":372,"column":1}},"type":"if","locations":[{"start":{"line":366,"column":0},"end":{"line":372,"column":1}},{"start":{},"end":{}}],"line":366}},"s":{"0":0,"1":0,"2":0,"3":0,"4":0,"5":0,"6":0,"7":0,"8":0,"9":0,"10":0,"11":0,"12":0,"13":0,"14":0,"15":0,"16":0,"17":0,"18":0,"19":0,"20":0,"21":0,"22":0,"23":0,"24":0,"25":0,"26":0,"27":0,"28":0,"29":0,"30":0,"31":0,"32":0,"33":0,"34":0,"35":0,"36":0,"37":0,"38":0,"39":0,"40":0,"41":0,"42":0,"43":0,"44":0,"45":0,"46":0,"47":0,"48":0,"49":0,"50":0,"51":0,"52":0,"53":0,"54":0,"55":0,"56":0,"57":0,"58":0,"59":0,"60":0,"61":0,"62":0,"63":0,"64":0,"65":0,"66":0,"67":0,"68":0,"69":0,"70":0,"71":0,"72":0,"73":0,"74":0,"75":0,"76":0,"77":0,"78":0,"79":0,"80":0,"81":0,"82":0,"83":0,"84":0,"85":0,"86":0,"87":0,"88":0,"89":0,"90":0,"91":0,"92":0,"93":0,"94":0,"95":0,"96":0,"97":0,"98":0,"99":0,"100":0,"101":0,"102":0,"103":0,"104":0,"105":0,"106":0,"107":0,"108":0,"109":0,"110":0,"111":0,"112":0,"113":0,"114":0,"115":0,"116":0,"117":0,"118":0,"119":0,"120":0,"121":0,"122":0,"123":0,"124":0,"125":0,"126":0,"127":0,"128":0,"129":0,"130":0,"131":0,"132":0,"133":0,"134":0,"135":0,"136":0,"137":0,"138":0,"139":0,"140":0,"141":0,"142":0,"143":0,"144":0,"145":0,"146":0,"147":0,"148":0,"149":0,"150":0,"151":0,"152":0,"153":0,"154":0,"155":0,"156":0,"157":0,"158":0,"159":0,"160":0,"161":0,"162":0,"163":0,"164":0,"165":0,"166":0,"167":0,"168":0,"169":0},"f":{"0":0,"1":0,"2":0,"3":0,"4":0,"5":0,"6":0,"7":0,"8":0,"9":0,"10":0,"11":0,"12":0,"13":0,"14":0,"15":0,"16":0,"17":0,"18":0,"19":0,"20":0,"21":0,"22":0,"23":0},"b":{"0":[0,0],"1":[0,0],"2":[0,0],"3":[0,0],"4":[0,0],"5":[0,0],"6":[0,0],"7":[0,0],"8":[0,0],"9":[0,0],"10":[0,0],"11":[0,0],"12":[0,0],"13":[0,0],"14":[0,0],"15":[0,0],"16":[0],"17":[0,0],"18":[0,0],"19":[0,0],"20":[0,0],"21":[0,0],"22":[0,0],"23":[0,0]}}
,"C:\\Users\\x-be\\OneDrive\\المستندات\\04-10-2025\\66666\\backend\\start.js": {"path":"C:\\Users\\x-be\\OneDrive\\المستندات\\04-10-2025\\66666\\backend\\start.js","statementMap":{"0":{"start":{"line":3,"column":0},"end":{"line":3,"column":25}},"1":{"start":{"line":4,"column":0},"end":{"line":4,"column":23}}},"fnMap":{},"branchMap":{},"s":{"0":0,"1":0},"f":{},"b":{}}
,"C:\\Users\\x-be\\OneDrive\\المستندات\\04-10-2025\\66666\\backend\\api\\routes\\ai.routes.js": {"path":"C:\\Users\\x-be\\OneDrive\\المستندات\\04-10-2025\\66666\\backend\\api\\routes\\ai.routes.js","statementMap":{"0":{"start":{"line":6,"column":16},"end":{"line":6,"column":34}},"1":{"start":{"line":7,"column":15},"end":{"line":7,"column":31}},"2":{"start":{"line":8,"column":27},"end":{"line":8,"column":71}},"3":{"start":{"line":10,"column":18},"end":{"line":10,"column":42}},"4":{"start":{"line":16,"column":0},"end":{"line":29,"column":3}},"5":{"start":{"line":17,"column":2},"end":{"line":28,"column":3}},"6":{"start":{"line":18,"column":42},"end":{"line":18,"column":50}},"7":{"start":{"line":20,"column":4},"end":{"line":22,"column":5}},"8":{"start":{"line":21,"column":6},"end":{"line":21,"column":92}},"9":{"start":{"line":24,"column":19},"end":{"line":24,"column":81}},"10":{"start":{"line":25,"column":4},"end":{"line":25,"column":21}},"11":{"start":{"line":27,"column":4},"end":{"line":27,"column":16}},"12":{"start":{"line":35,"column":0},"end":{"line":48,"column":3}},"13":{"start":{"line":36,"column":2},"end":{"line":47,"column":3}},"14":{"start":{"line":37,"column":36},"end":{"line":37,"column":44}},"15":{"start":{"line":39,"column":4},"end":{"line":41,"column":5}},"16":{"start":{"line":40,"column":6},"end":{"line":40,"column":93}},"17":{"start":{"line":43,"column":19},"end":{"line":43,"column":68}},"18":{"start":{"line":44,"column":4},"end":{"line":44,"column":21}},"19":{"start":{"line":46,"column":4},"end":{"line":46,"column":16}},"20":{"start":{"line":54,"column":0},"end":{"line":67,"column":3}},"21":{"start":{"line":55,"column":2},"end":{"line":66,"column":3}},"22":{"start":{"line":56,"column":27},"end":{"line":56,"column":35}},"23":{"start":{"line":58,"column":4},"end":{"line":60,"column":5}},"24":{"start":{"line":59,"column":6},"end":{"line":59,"column":80}},"25":{"start":{"line":62,"column":19},"end":{"line":62,"column":69}},"26":{"start":{"line":63,"column":4},"end":{"line":63,"column":21}},"27":{"start":{"line":65,"column":4},"end":{"line":65,"column":16}},"28":{"start":{"line":73,"column":0},"end":{"line":86,"column":3}},"29":{"start":{"line":74,"column":2},"end":{"line":85,"column":3}},"30":{"start":{"line":75,"column":49},"end":{"line":75,"column":57}},"31":{"start":{"line":77,"column":4},"end":{"line":79,"column":5}},"32":{"start":{"line":78,"column":6},"end":{"line":78,"column":92}},"33":{"start":{"line":81,"column":19},"end":{"line":81,"column":91}},"34":{"start":{"line":82,"column":4},"end":{"line":82,"column":21}},"35":{"start":{"line":84,"column":4},"end":{"line":84,"column":16}},"36":{"start":{"line":92,"column":0},"end":{"line":105,"column":3}},"37":{"start":{"line":93,"column":2},"end":{"line":104,"column":3}},"38":{"start":{"line":94,"column":32},"end":{"line":94,"column":40}},"39":{"start":{"line":96,"column":4},"end":{"line":98,"column":5}},"40":{"start":{"line":97,"column":6},"end":{"line":97,"column":80}},"41":{"start":{"line":100,"column":19},"end":{"line":100,"column":69}},"42":{"start":{"line":101,"column":4},"end":{"line":101,"column":21}},"43":{"start":{"line":103,"column":4},"end":{"line":103,"column":16}},"44":{"start":{"line":111,"column":0},"end":{"line":128,"column":3}},"45":{"start":{"line":112,"column":2},"end":{"line":127,"column":3}},"46":{"start":{"line":113,"column":19},"end":{"line":118,"column":7}},"47":{"start":{"line":113,"column":71},"end":{"line":118,"column":5}},"48":{"start":{"line":120,"column":4},"end":{"line":124,"column":7}},"49":{"start":{"line":126,"column":4},"end":{"line":126,"column":16}},"50":{"start":{"line":134,"column":0},"end":{"line":149,"column":3}},"51":{"start":{"line":135,"column":2},"end":{"line":148,"column":3}},"52":{"start":{"line":136,"column":18},"end":{"line":136,"column":53}},"53":{"start":{"line":138,"column":4},"end":{"line":140,"column":5}},"54":{"start":{"line":139,"column":6},"end":{"line":139,"column":82}},"55":{"start":{"line":142,"column":4},"end":{"line":145,"column":7}},"56":{"start":{"line":147,"column":4},"end":{"line":147,"column":16}},"57":{"start":{"line":151,"column":0},"end":{"line":151,"column":24}}},"fnMap":{"0":{"name":"(anonymous_0)","decl":{"start":{"line":16,"column":38},"end":{"line":16,"column":39}},"loc":{"start":{"line":16,"column":58},"end":{"line":29,"column":1}},"line":16},"1":{"name":"(anonymous_1)","decl":{"start":{"line":35,"column":39},"end":{"line":35,"column":40}},"loc":{"start":{"line":35,"column":59},"end":{"line":48,"column":1}},"line":35},"2":{"name":"(anonymous_2)","decl":{"start":{"line":54,"column":36},"end":{"line":54,"column":37}},"loc":{"start":{"line":54,"column":56},"end":{"line":67,"column":1}},"line":54},"3":{"name":"(anonymous_3)","decl":{"start":{"line":73,"column":35},"end":{"line":73,"column":36}},"loc":{"start":{"line":73,"column":55},"end":{"line":86,"column":1}},"line":73},"4":{"name":"(anonymous_4)","decl":{"start":{"line":92,"column":34},"end":{"line":92,"column":35}},"loc":{"start":{"line":92,"column":54},"end":{"line":105,"column":1}},"line":92},"5":{"name":"(anonymous_5)","decl":{"start":{"line":111,"column":25},"end":{"line":111,"column":26}},"loc":{"start":{"line":111,"column":45},"end":{"line":128,"column":1}},"line":111},"6":{"name":"(anonymous_6)","decl":{"start":{"line":113,"column":61},"end":{"line":113,"column":62}},"loc":{"start":{"line":113,"column":71},"end":{"line":118,"column":5}},"line":113},"7":{"name":"(anonymous_7)","decl":{"start":{"line":134,"column":34},"end":{"line":134,"column":35}},"loc":{"start":{"line":134,"column":54},"end":{"line":149,"column":1}},"line":134}},"branchMap":{"0":{"loc":{"start":{"line":20,"column":4},"end":{"line":22,"column":5}},"type":"if","locations":[{"start":{"line":20,"column":4},"end":{"line":22,"column":5}},{"start":{},"end":{}}],"line":20},"1":{"loc":{"start":{"line":20,"column":8},"end":{"line":20,"column":37}},"type":"binary-expr","locations":[{"start":{"line":20,"column":8},"end":{"line":20,"column":21}},{"start":{"line":20,"column":25},"end":{"line":20,"column":37}}],"line":20},"2":{"loc":{"start":{"line":39,"column":4},"end":{"line":41,"column":5}},"type":"if","locations":[{"start":{"line":39,"column":4},"end":{"line":41,"column":5}},{"start":{},"end":{}}],"line":39},"3":{"loc":{"start":{"line":39,"column":8},"end":{"line":39,"column":31}},"type":"binary-expr","locations":[{"start":{"line":39,"column":8},"end":{"line":39,"column":19}},{"start":{"line":39,"column":23},"end":{"line":39,"column":31}}],"line":39},"4":{"loc":{"start":{"line":58,"column":4},"end":{"line":60,"column":5}},"type":"if","locations":[{"start":{"line":58,"column":4},"end":{"line":60,"column":5}},{"start":{},"end":{}}],"line":58},"5":{"loc":{"start":{"line":62,"column":51},"end":{"line":62,"column":68}},"type":"binary-expr","locations":[{"start":{"line":62,"column":51},"end":{"line":62,"column":55}},{"start":{"line":62,"column":59},"end":{"line":62,"column":68}}],"line":62},"6":{"loc":{"start":{"line":77,"column":4},"end":{"line":79,"column":5}},"type":"if","locations":[{"start":{"line":77,"column":4},"end":{"line":79,"column":5}},{"start":{},"end":{}}],"line":77},"7":{"loc":{"start":{"line":77,"column":8},"end":{"line":77,"column":31}},"type":"binary-expr","locations":[{"start":{"line":77,"column":8},"end":{"line":77,"column":15}},{"start":{"line":77,"column":19},"end":{"line":77,"column":31}}],"line":77},"8":{"loc":{"start":{"line":96,"column":4},"end":{"line":98,"column":5}},"type":"if","locations":[{"start":{"line":96,"column":4},"end":{"line":98,"column":5}},{"start":{},"end":{}}],"line":96},"9":{"loc":{"start":{"line":100,"column":49},"end":{"line":100,"column":68}},"type":"binary-expr","locations":[{"start":{"line":100,"column":49},"end":{"line":100,"column":58}},{"start":{"line":100,"column":62},"end":{"line":100,"column":68}}],"line":100},"10":{"loc":{"start":{"line":138,"column":4},"end":{"line":140,"column":5}},"type":"if","locations":[{"start":{"line":138,"column":4},"end":{"line":140,"column":5}},{"start":{},"end":{}}],"line":138}},"s":{"0":0,"1":0,"2":0,"3":0,"4":0,"5":0,"6":0,"7":0,"8":0,"9":0,"10":0,"11":0,"12":0,"13":0,"14":0,"15":0,"16":0,"17":0,"18":0,"19":0,"20":0,"21":0,"22":0,"23":0,"24":0,"25":0,"26":0,"27":0,"28":0,"29":0,"30":0,"31":0,"32":0,"33":0,"34":0,"35":0,"36":0,"37":0,"38":0,"39":0,"40":0,"41":0,"42":0,"43":0,"44":0,"45":0,"46":0,"47":0,"48":0,"49":0,"50":0,"51":0,"52":0,"53":0,"54":0,"55":0,"56":0,"57":0},"f":{"0":0,"1":0,"2":0,"3":0,"4":0,"5":0,"6":0,"7":0},"b":{"0":[0,0],"1":[0,0],"2":[0,0],"3":[0,0],"4":[0,0],"5":[0,0],"6":[0,0],"7":[0,0],"8":[0,0],"9":[0,0],"10":[0,0]}}
,"C:\\Users\\x-be\\OneDrive\\المستندات\\04-10-2025\\66666\\backend\\api\\routes\\auth.routes.js": {"path":"C:\\Users\\x-be\\OneDrive\\المستندات\\04-10-2025\\66666\\backend\\api\\routes\\auth.routes.js","statementMap":{"0":{"start":{"line":1,"column":16},"end":{"line":1,"column":34}},"1":{"start":{"line":2,"column":15},"end":{"line":2,"column":31}},"2":{"start":{"line":3,"column":15},"end":{"line":3,"column":34}},"3":{"start":{"line":4,"column":12},"end":{"line":4,"column":35}},"4":{"start":{"line":8,"column":0},"end":{"line":14,"column":1}},"5":{"start":{"line":9,"column":2},"end":{"line":9,"column":59}},"6":{"start":{"line":10,"column":2},"end":{"line":10,"column":45}},"7":{"start":{"line":12,"column":2},"end":{"line":12,"column":59}},"8":{"start":{"line":13,"column":2},"end":{"line":13,"column":38}},"9":{"start":{"line":15,"column":63},"end":{"line":15,"column":102}},"10":{"start":{"line":16,"column":57},"end":{"line":16,"column":95}},"11":{"start":{"line":17,"column":42},"end":{"line":17,"column":73}},"12":{"start":{"line":18,"column":30},"end":{"line":18,"column":62}},"13":{"start":{"line":21,"column":19},"end":{"line":21,"column":98}},"14":{"start":{"line":22,"column":27},"end":{"line":22,"column":98}},"15":{"start":{"line":23,"column":28},"end":{"line":23,"column":33}},"16":{"start":{"line":24,"column":29},"end":{"line":24,"column":33}},"17":{"start":{"line":31,"column":0},"end":{"line":92,"column":3}},"18":{"start":{"line":32,"column":2},"end":{"line":91,"column":3}},"19":{"start":{"line":33,"column":42},"end":{"line":33,"column":50}},"20":{"start":{"line":36,"column":25},"end":{"line":36,"column":54}},"21":{"start":{"line":37,"column":4},"end":{"line":46,"column":5}},"22":{"start":{"line":38,"column":6},"end":{"line":41,"column":9}},"23":{"start":{"line":42,"column":6},"end":{"line":45,"column":9}},"24":{"start":{"line":49,"column":17},"end":{"line":49,"column":41}},"25":{"start":{"line":50,"column":27},"end":{"line":50,"column":60}},"26":{"start":{"line":53,"column":17},"end":{"line":58,"column":6}},"27":{"start":{"line":60,"column":4},"end":{"line":64,"column":7}},"28":{"start":{"line":67,"column":24},"end":{"line":69,"column":6}},"29":{"start":{"line":71,"column":4},"end":{"line":84,"column":7}},"30":{"start":{"line":86,"column":4},"end":{"line":86,"column":48}},"31":{"start":{"line":87,"column":4},"end":{"line":90,"column":7}},"32":{"start":{"line":99,"column":0},"end":{"line":172,"column":3}},"33":{"start":{"line":100,"column":2},"end":{"line":171,"column":3}},"34":{"start":{"line":101,"column":32},"end":{"line":101,"column":40}},"35":{"start":{"line":103,"column":4},"end":{"line":108,"column":5}},"36":{"start":{"line":104,"column":6},"end":{"line":107,"column":9}},"37":{"start":{"line":111,"column":17},"end":{"line":111,"column":46}},"38":{"start":{"line":112,"column":4},"end":{"line":118,"column":5}},"39":{"start":{"line":113,"column":6},"end":{"line":113,"column":72}},"40":{"start":{"line":114,"column":6},"end":{"line":117,"column":9}},"41":{"start":{"line":120,"column":4},"end":{"line":120,"column":40}},"42":{"start":{"line":121,"column":4},"end":{"line":121,"column":59}},"43":{"start":{"line":122,"column":4},"end":{"line":122,"column":81}},"44":{"start":{"line":125,"column":28},"end":{"line":125,"column":73}},"45":{"start":{"line":126,"column":4},"end":{"line":126,"column":55}},"46":{"start":{"line":128,"column":4},"end":{"line":138,"column":5}},"47":{"start":{"line":129,"column":6},"end":{"line":129,"column":74}},"48":{"start":{"line":130,"column":6},"end":{"line":133,"column":9}},"49":{"start":{"line":134,"column":6},"end":{"line":137,"column":9}},"50":{"start":{"line":141,"column":24},"end":{"line":143,"column":6}},"51":{"start":{"line":145,"column":4},"end":{"line":148,"column":7}},"52":{"start":{"line":150,"column":4},"end":{"line":163,"column":7}},"53":{"start":{"line":165,"column":4},"end":{"line":165,"column":51}},"54":{"start":{"line":166,"column":4},"end":{"line":166,"column":41}},"55":{"start":{"line":167,"column":4},"end":{"line":170,"column":7}},"56":{"start":{"line":179,"column":0},"end":{"line":229,"column":3}},"57":{"start":{"line":180,"column":2},"end":{"line":228,"column":3}},"58":{"start":{"line":181,"column":29},"end":{"line":181,"column":37}},"59":{"start":{"line":183,"column":4},"end":{"line":188,"column":5}},"60":{"start":{"line":184,"column":6},"end":{"line":187,"column":9}},"61":{"start":{"line":191,"column":20},"end":{"line":191,"column":64}},"62":{"start":{"line":194,"column":17},"end":{"line":194,"column":52}},"63":{"start":{"line":195,"column":4},"end":{"line":200,"column":5}},"64":{"start":{"line":196,"column":6},"end":{"line":199,"column":9}},"65":{"start":{"line":203,"column":27},"end":{"line":205,"column":6}},"66":{"start":{"line":207,"column":4},"end":{"line":213,"column":7}},"67":{"start":{"line":215,"column":4},"end":{"line":220,"column":5}},"68":{"start":{"line":216,"column":6},"end":{"line":219,"column":9}},"69":{"start":{"line":222,"column":4},"end":{"line":222,"column":49}},"70":{"start":{"line":223,"column":4},"end":{"line":227,"column":7}},"71":{"start":{"line":236,"column":0},"end":{"line":246,"column":3}},"72":{"start":{"line":237,"column":2},"end":{"line":240,"column":5}},"73":{"start":{"line":242,"column":2},"end":{"line":245,"column":5}},"74":{"start":{"line":253,"column":0},"end":{"line":280,"column":3}},"75":{"start":{"line":254,"column":2},"end":{"line":279,"column":3}},"76":{"start":{"line":255,"column":17},"end":{"line":255,"column":53}},"77":{"start":{"line":257,"column":4},"end":{"line":262,"column":5}},"78":{"start":{"line":258,"column":6},"end":{"line":261,"column":9}},"79":{"start":{"line":264,"column":4},"end":{"line":272,"column":7}},"80":{"start":{"line":274,"column":4},"end":{"line":274,"column":47}},"81":{"start":{"line":275,"column":4},"end":{"line":278,"column":7}},"82":{"start":{"line":287,"column":0},"end":{"line":324,"column":3}},"83":{"start":{"line":288,"column":2},"end":{"line":323,"column":3}},"84":{"start":{"line":289,"column":25},"end":{"line":289,"column":33}},"85":{"start":{"line":291,"column":17},"end":{"line":291,"column":53}},"86":{"start":{"line":292,"column":4},"end":{"line":297,"column":5}},"87":{"start":{"line":293,"column":6},"end":{"line":296,"column":9}},"88":{"start":{"line":299,"column":4},"end":{"line":299,"column":43}},"89":{"start":{"line":299,"column":18},"end":{"line":299,"column":43}},"90":{"start":{"line":300,"column":4},"end":{"line":300,"column":22}},"91":{"start":{"line":302,"column":4},"end":{"line":305,"column":7}},"92":{"start":{"line":307,"column":4},"end":{"line":316,"column":7}},"93":{"start":{"line":318,"column":4},"end":{"line":318,"column":50}},"94":{"start":{"line":319,"column":4},"end":{"line":322,"column":7}},"95":{"start":{"line":331,"column":0},"end":{"line":378,"column":3}},"96":{"start":{"line":332,"column":2},"end":{"line":377,"column":3}},"97":{"start":{"line":333,"column":45},"end":{"line":333,"column":53}},"98":{"start":{"line":335,"column":17},"end":{"line":335,"column":53}},"99":{"start":{"line":336,"column":4},"end":{"line":341,"column":5}},"100":{"start":{"line":337,"column":6},"end":{"line":340,"column":9}},"101":{"start":{"line":344,"column":28},"end":{"line":344,"column":80}},"102":{"start":{"line":345,"column":4},"end":{"line":354,"column":5}},"103":{"start":{"line":346,"column":6},"end":{"line":349,"column":9}},"104":{"start":{"line":350,"column":6},"end":{"line":353,"column":9}},"105":{"start":{"line":357,"column":17},"end":{"line":357,"column":41}},"106":{"start":{"line":358,"column":4},"end":{"line":358,"column":57}},"107":{"start":{"line":359,"column":4},"end":{"line":359,"column":22}},"108":{"start":{"line":361,"column":4},"end":{"line":364,"column":7}},"109":{"start":{"line":366,"column":4},"end":{"line":370,"column":7}},"110":{"start":{"line":372,"column":4},"end":{"line":372,"column":51}},"111":{"start":{"line":373,"column":4},"end":{"line":376,"column":7}},"112":{"start":{"line":380,"column":0},"end":{"line":380,"column":24}}},"fnMap":{"0":{"name":"(anonymous_0)","decl":{"start":{"line":31,"column":69},"end":{"line":31,"column":70}},"loc":{"start":{"line":31,"column":89},"end":{"line":92,"column":1}},"line":31},"1":{"name":"(anonymous_1)","decl":{"start":{"line":99,"column":35},"end":{"line":99,"column":36}},"loc":{"start":{"line":99,"column":55},"end":{"line":172,"column":1}},"line":99},"2":{"name":"(anonymous_2)","decl":{"start":{"line":179,"column":24},"end":{"line":179,"column":25}},"loc":{"start":{"line":179,"column":44},"end":{"line":229,"column":1}},"line":179},"3":{"name":"(anonymous_3)","decl":{"start":{"line":236,"column":42},"end":{"line":236,"column":43}},"loc":{"start":{"line":236,"column":56},"end":{"line":246,"column":1}},"line":236},"4":{"name":"(anonymous_4)","decl":{"start":{"line":253,"column":42},"end":{"line":253,"column":43}},"loc":{"start":{"line":253,"column":62},"end":{"line":280,"column":1}},"line":253},"5":{"name":"(anonymous_5)","decl":{"start":{"line":287,"column":42},"end":{"line":287,"column":43}},"loc":{"start":{"line":287,"column":62},"end":{"line":324,"column":1}},"line":287},"6":{"name":"(anonymous_6)","decl":{"start":{"line":331,"column":92},"end":{"line":331,"column":93}},"loc":{"start":{"line":331,"column":112},"end":{"line":378,"column":1}},"line":331}},"branchMap":{"0":{"loc":{"start":{"line":8,"column":0},"end":{"line":14,"column":1}},"type":"if","locations":[{"start":{"line":8,"column":0},"end":{"line":14,"column":1}},{"start":{"line":11,"column":7},"end":{"line":14,"column":1}}],"line":8},"1":{"loc":{"start":{"line":21,"column":19},"end":{"line":21,"column":98}},"type":"binary-expr","locations":[{"start":{"line":21,"column":19},"end":{"line":21,"column":41}},{"start":{"line":21,"column":45},"end":{"line":21,"column":98}}],"line":21},"2":{"loc":{"start":{"line":22,"column":27},"end":{"line":22,"column":98}},"type":"binary-expr","locations":[{"start":{"line":22,"column":27},"end":{"line":22,"column":57}},{"start":{"line":22,"column":61},"end":{"line":22,"column":98}}],"line":22},"3":{"loc":{"start":{"line":37,"column":4},"end":{"line":46,"column":5}},"type":"if","locations":[{"start":{"line":37,"column":4},"end":{"line":46,"column":5}},{"start":{},"end":{}}],"line":37},"4":{"loc":{"start":{"line":68,"column":17},"end":{"line":68,"column":47}},"type":"binary-expr","locations":[{"start":{"line":68,"column":17},"end":{"line":68,"column":39}},{"start":{"line":68,"column":43},"end":{"line":68,"column":47}}],"line":68},"5":{"loc":{"start":{"line":103,"column":4},"end":{"line":108,"column":5}},"type":"if","locations":[{"start":{"line":103,"column":4},"end":{"line":108,"column":5}},{"start":{},"end":{}}],"line":103},"6":{"loc":{"start":{"line":103,"column":8},"end":{"line":103,"column":27}},"type":"binary-expr","locations":[{"start":{"line":103,"column":8},"end":{"line":103,"column":14}},{"start":{"line":103,"column":18},"end":{"line":103,"column":27}}],"line":103},"7":{"loc":{"start":{"line":112,"column":4},"end":{"line":118,"column":5}},"type":"if","locations":[{"start":{"line":112,"column":4},"end":{"line":118,"column":5}},{"start":{},"end":{}}],"line":112},"8":{"loc":{"start":{"line":122,"column":39},"end":{"line":122,"column":79}},"type":"cond-expr","locations":[{"start":{"line":122,"column":55},"end":{"line":122,"column":75}},{"start":{"line":122,"column":78},"end":{"line":122,"column":79}}],"line":122},"9":{"loc":{"start":{"line":128,"column":4},"end":{"line":138,"column":5}},"type":"if","locations":[{"start":{"line":128,"column":4},"end":{"line":138,"column":5}},{"start":{},"end":{}}],"line":128},"10":{"loc":{"start":{"line":142,"column":17},"end":{"line":142,"column":47}},"type":"binary-expr","locations":[{"start":{"line":142,"column":17},"end":{"line":142,"column":39}},{"start":{"line":142,"column":43},"end":{"line":142,"column":47}}],"line":142},"11":{"loc":{"start":{"line":183,"column":4},"end":{"line":188,"column":5}},"type":"if","locations":[{"start":{"line":183,"column":4},"end":{"line":188,"column":5}},{"start":{},"end":{}}],"line":183},"12":{"loc":{"start":{"line":195,"column":4},"end":{"line":200,"column":5}},"type":"if","locations":[{"start":{"line":195,"column":4},"end":{"line":200,"column":5}},{"start":{},"end":{}}],"line":195},"13":{"loc":{"start":{"line":215,"column":4},"end":{"line":220,"column":5}},"type":"if","locations":[{"start":{"line":215,"column":4},"end":{"line":220,"column":5}},{"start":{},"end":{}}],"line":215},"14":{"loc":{"start":{"line":215,"column":8},"end":{"line":215,"column":80}},"type":"binary-expr","locations":[{"start":{"line":215,"column":8},"end":{"line":215,"column":42}},{"start":{"line":215,"column":46},"end":{"line":215,"column":80}}],"line":215},"15":{"loc":{"start":{"line":226,"column":13},"end":{"line":226,"column":79}},"type":"cond-expr","locations":[{"start":{"line":226,"column":54},"end":{"line":226,"column":67}},{"start":{"line":226,"column":70},"end":{"line":226,"column":79}}],"line":226},"16":{"loc":{"start":{"line":257,"column":4},"end":{"line":262,"column":5}},"type":"if","locations":[{"start":{"line":257,"column":4},"end":{"line":262,"column":5}},{"start":{},"end":{}}],"line":257},"17":{"loc":{"start":{"line":292,"column":4},"end":{"line":297,"column":5}},"type":"if","locations":[{"start":{"line":292,"column":4},"end":{"line":297,"column":5}},{"start":{},"end":{}}],"line":292},"18":{"loc":{"start":{"line":299,"column":4},"end":{"line":299,"column":43}},"type":"if","locations":[{"start":{"line":299,"column":4},"end":{"line":299,"column":43}},{"start":{},"end":{}}],"line":299},"19":{"loc":{"start":{"line":336,"column":4},"end":{"line":341,"column":5}},"type":"if","locations":[{"start":{"line":336,"column":4},"end":{"line":341,"column":5}},{"start":{},"end":{}}],"line":336},"20":{"loc":{"start":{"line":345,"column":4},"end":{"line":354,"column":5}},"type":"if","locations":[{"start":{"line":345,"column":4},"end":{"line":354,"column":5}},{"start":{},"end":{}}],"line":345}},"s":{"0":0,"1":0,"2":0,"3":0,"4":0,"5":0,"6":0,"7":0,"8":0,"9":0,"10":0,"11":0,"12":0,"13":0,"14":0,"15":0,"16":0,"17":0,"18":0,"19":0,"20":0,"21":0,"22":0,"23":0,"24":0,"25":0,"26":0,"27":0,"28":0,"29":0,"30":0,"31":0,"32":0,"33":0,"34":0,"35":0,"36":0,"37":0,"38":0,"39":0,"40":0,"41":0,"42":0,"43":0,"44":0,"45":0,"46":0,"47":0,"48":0,"49":0,"50":0,"51":0,"52":0,"53":0,"54":0,"55":0,"56":0,"57":0,"58":0,"59":0,"60":0,"61":0,"62":0,"63":0,"64":0,"65":0,"66":0,"67":0,"68":0,"69":0,"70":0,"71":0,"72":0,"73":0,"74":0,"75":0,"76":0,"77":0,"78":0,"79":0,"80":0,"81":0,"82":0,"83":0,"84":0,"85":0,"86":0,"87":0,"88":0,"89":0,"90":0,"91":0,"92":0,"93":0,"94":0,"95":0,"96":0,"97":0,"98":0,"99":0,"100":0,"101":0,"102":0,"103":0,"104":0,"105":0,"106":0,"107":0,"108":0,"109":0,"110":0,"111":0,"112":0},"f":{"0":0,"1":0,"2":0,"3":0,"4":0,"5":0,"6":0},"b":{"0":[0,0],"1":[0,0],"2":[0,0],"3":[0,0],"4":[0,0],"5":[0,0],"6":[0,0],"7":[0,0],"8":[0,0],"9":[0,0],"10":[0,0],"11":[0,0],"12":[0,0],"13":[0,0],"14":[0,0],"15":[0,0],"16":[0,0],"17":[0,0],"18":[0,0],"19":[0,0],"20":[0,0]}}
,"C:\\Users\\x-be\\OneDrive\\المستندات\\04-10-2025\\66666\\backend\\api\\routes\\crm.routes.js": {"path":"C:\\Users\\x-be\\OneDrive\\المستندات\\04-10-2025\\66666\\backend\\api\\routes\\crm.routes.js","statementMap":{"0":{"start":{"line":15,"column":16},"end":{"line":15,"column":34}},"1":{"start":{"line":16,"column":15},"end":{"line":16,"column":31}},"2":{"start":{"line":17,"column":30},"end":{"line":17,"column":62}},"3":{"start":{"line":23,"column":20},"end":{"line":233,"column":1}},"4":{"start":{"line":240,"column":16},"end":{"line":240,"column":33}},"5":{"start":{"line":241,"column":20},"end":{"line":241,"column":41}},"6":{"start":{"line":242,"column":22},"end":{"line":242,"column":67}},"7":{"start":{"line":242,"column":40},"end":{"line":242,"column":59}},"8":{"start":{"line":243,"column":21},"end":{"line":243,"column":63}},"9":{"start":{"line":243,"column":46},"end":{"line":243,"column":59}},"10":{"start":{"line":244,"column":19},"end":{"line":244,"column":65}},"11":{"start":{"line":246,"column":2},"end":{"line":287,"column":4}},"12":{"start":{"line":253,"column":40},"end":{"line":253,"column":63}},"13":{"start":{"line":298,"column":0},"end":{"line":326,"column":3}},"14":{"start":{"line":299,"column":2},"end":{"line":325,"column":3}},"15":{"start":{"line":300,"column":17},"end":{"line":300,"column":32}},"16":{"start":{"line":301,"column":24},"end":{"line":301,"column":53}},"17":{"start":{"line":302,"column":25},"end":{"line":302,"column":102}},"18":{"start":{"line":302,"column":62},"end":{"line":302,"column":89}},"19":{"start":{"line":304,"column":4},"end":{"line":318,"column":7}},"20":{"start":{"line":312,"column":53},"end":{"line":312,"column":72}},"21":{"start":{"line":313,"column":61},"end":{"line":313,"column":84}},"22":{"start":{"line":320,"column":4},"end":{"line":324,"column":7}},"23":{"start":{"line":332,"column":0},"end":{"line":371,"column":3}},"24":{"start":{"line":333,"column":2},"end":{"line":370,"column":3}},"25":{"start":{"line":334,"column":59},"end":{"line":334,"column":68}},"26":{"start":{"line":335,"column":20},"end":{"line":335,"column":41}},"27":{"start":{"line":338,"column":4},"end":{"line":340,"column":5}},"28":{"start":{"line":339,"column":6},"end":{"line":339,"column":61}},"29":{"start":{"line":339,"column":40},"end":{"line":339,"column":59}},"30":{"start":{"line":341,"column":4},"end":{"line":343,"column":5}},"31":{"start":{"line":342,"column":6},"end":{"line":342,"column":57}},"32":{"start":{"line":342,"column":40},"end":{"line":342,"column":55}},"33":{"start":{"line":344,"column":4},"end":{"line":346,"column":5}},"34":{"start":{"line":345,"column":6},"end":{"line":345,"column":121}},"35":{"start":{"line":345,"column":40},"end":{"line":345,"column":119}},"36":{"start":{"line":349,"column":18},"end":{"line":349,"column":36}},"37":{"start":{"line":350,"column":31},"end":{"line":350,"column":78}},"38":{"start":{"line":352,"column":4},"end":{"line":363,"column":7}},"39":{"start":{"line":365,"column":4},"end":{"line":369,"column":7}},"40":{"start":{"line":377,"column":0},"end":{"line":413,"column":3}},"41":{"start":{"line":378,"column":2},"end":{"line":412,"column":3}},"42":{"start":{"line":379,"column":27},"end":{"line":379,"column":37}},"43":{"start":{"line":380,"column":21},"end":{"line":380,"column":73}},"44":{"start":{"line":380,"column":53},"end":{"line":380,"column":72}},"45":{"start":{"line":382,"column":4},"end":{"line":387,"column":5}},"46":{"start":{"line":383,"column":6},"end":{"line":386,"column":9}},"47":{"start":{"line":389,"column":18},"end":{"line":389,"column":76}},"48":{"start":{"line":389,"column":48},"end":{"line":389,"column":75}},"49":{"start":{"line":390,"column":23},"end":{"line":390,"column":86}},"50":{"start":{"line":390,"column":58},"end":{"line":390,"column":85}},"51":{"start":{"line":392,"column":4},"end":{"line":405,"column":7}},"52":{"start":{"line":400,"column":47},"end":{"line":400,"column":60}},"53":{"start":{"line":401,"column":41},"end":{"line":401,"column":60}},"54":{"start":{"line":407,"column":4},"end":{"line":411,"column":7}},"55":{"start":{"line":419,"column":0},"end":{"line":464,"column":3}},"56":{"start":{"line":420,"column":2},"end":{"line":463,"column":3}},"57":{"start":{"line":421,"column":59},"end":{"line":421,"column":68}},"58":{"start":{"line":422,"column":16},"end":{"line":422,"column":33}},"59":{"start":{"line":425,"column":4},"end":{"line":427,"column":5}},"60":{"start":{"line":426,"column":6},"end":{"line":426,"column":51}},"61":{"start":{"line":426,"column":32},"end":{"line":426,"column":49}},"62":{"start":{"line":428,"column":4},"end":{"line":430,"column":5}},"63":{"start":{"line":429,"column":6},"end":{"line":429,"column":53}},"64":{"start":{"line":429,"column":32},"end":{"line":429,"column":51}},"65":{"start":{"line":431,"column":4},"end":{"line":433,"column":5}},"66":{"start":{"line":432,"column":6},"end":{"line":432,"column":51}},"67":{"start":{"line":432,"column":32},"end":{"line":432,"column":49}},"68":{"start":{"line":436,"column":18},"end":{"line":436,"column":36}},"69":{"start":{"line":437,"column":27},"end":{"line":437,"column":70}},"70":{"start":{"line":439,"column":4},"end":{"line":456,"column":7}},"71":{"start":{"line":451,"column":47},"end":{"line":451,"column":60}},"72":{"start":{"line":452,"column":68},"end":{"line":452,"column":81}},"73":{"start":{"line":458,"column":4},"end":{"line":462,"column":7}},"74":{"start":{"line":470,"column":0},"end":{"line":501,"column":3}},"75":{"start":{"line":471,"column":2},"end":{"line":500,"column":3}},"76":{"start":{"line":472,"column":23},"end":{"line":472,"column":33}},"77":{"start":{"line":473,"column":17},"end":{"line":473,"column":71}},"78":{"start":{"line":473,"column":45},"end":{"line":473,"column":70}},"79":{"start":{"line":475,"column":4},"end":{"line":480,"column":5}},"80":{"start":{"line":476,"column":6},"end":{"line":479,"column":9}},"81":{"start":{"line":482,"column":21},"end":{"line":482,"column":78}},"82":{"start":{"line":482,"column":53},"end":{"line":482,"column":77}},"83":{"start":{"line":483,"column":23},"end":{"line":483,"column":79}},"84":{"start":{"line":483,"column":58},"end":{"line":483,"column":78}},"85":{"start":{"line":485,"column":4},"end":{"line":493,"column":7}},"86":{"start":{"line":495,"column":4},"end":{"line":499,"column":7}},"87":{"start":{"line":507,"column":0},"end":{"line":539,"column":3}},"88":{"start":{"line":508,"column":2},"end":{"line":538,"column":3}},"89":{"start":{"line":509,"column":25},"end":{"line":518,"column":6}},"90":{"start":{"line":510,"column":25},"end":{"line":510,"column":78}},"91":{"start":{"line":510,"column":55},"end":{"line":510,"column":77}},"92":{"start":{"line":511,"column":20},"end":{"line":511,"column":67}},"93":{"start":{"line":511,"column":50},"end":{"line":511,"column":63}},"94":{"start":{"line":512,"column":6},"end":{"line":517,"column":8}},"95":{"start":{"line":520,"column":4},"end":{"line":531,"column":7}},"96":{"start":{"line":533,"column":4},"end":{"line":537,"column":7}},"97":{"start":{"line":545,"column":0},"end":{"line":581,"column":3}},"98":{"start":{"line":546,"column":2},"end":{"line":580,"column":3}},"99":{"start":{"line":547,"column":63},"end":{"line":547,"column":72}},"100":{"start":{"line":548,"column":21},"end":{"line":548,"column":43}},"101":{"start":{"line":551,"column":4},"end":{"line":551,"column":67}},"102":{"start":{"line":551,"column":14},"end":{"line":551,"column":67}},"103":{"start":{"line":551,"column":50},"end":{"line":551,"column":65}},"104":{"start":{"line":552,"column":4},"end":{"line":552,"column":83}},"105":{"start":{"line":552,"column":16},"end":{"line":552,"column":83}},"106":{"start":{"line":552,"column":52},"end":{"line":552,"column":81}},"107":{"start":{"line":553,"column":4},"end":{"line":553,"column":85}},"108":{"start":{"line":553,"column":20},"end":{"line":553,"column":85}},"109":{"start":{"line":553,"column":56},"end":{"line":553,"column":83}},"110":{"start":{"line":556,"column":4},"end":{"line":556,"column":67}},"111":{"start":{"line":556,"column":30},"end":{"line":556,"column":65}},"112":{"start":{"line":559,"column":18},"end":{"line":559,"column":36}},"113":{"start":{"line":560,"column":32},"end":{"line":560,"column":80}},"114":{"start":{"line":562,"column":4},"end":{"line":573,"column":7}},"115":{"start":{"line":575,"column":4},"end":{"line":579,"column":7}},"116":{"start":{"line":587,"column":0},"end":{"line":645,"column":3}},"117":{"start":{"line":588,"column":2},"end":{"line":644,"column":3}},"118":{"start":{"line":589,"column":18},"end":{"line":589,"column":35}},"119":{"start":{"line":590,"column":22},"end":{"line":590,"column":43}},"120":{"start":{"line":593,"column":25},"end":{"line":596,"column":7}},"121":{"start":{"line":593,"column":67},"end":{"line":596,"column":5}},"122":{"start":{"line":595,"column":31},"end":{"line":595,"column":53}},"123":{"start":{"line":595,"column":74},"end":{"line":595,"column":87}},"124":{"start":{"line":599,"column":28},"end":{"line":599,"column":30}},"125":{"start":{"line":600,"column":4},"end":{"line":607,"column":7}},"126":{"start":{"line":601,"column":6},"end":{"line":603,"column":7}},"127":{"start":{"line":602,"column":8},"end":{"line":602,"column":40}},"128":{"start":{"line":604,"column":28},"end":{"line":604,"column":68}},"129":{"start":{"line":604,"column":46},"end":{"line":604,"column":67}},"130":{"start":{"line":605,"column":20},"end":{"line":605,"column":70}},"131":{"start":{"line":605,"column":53},"end":{"line":605,"column":66}},"132":{"start":{"line":606,"column":6},"end":{"line":606,"column":43}},"133":{"start":{"line":610,"column":25},"end":{"line":610,"column":27}},"134":{"start":{"line":611,"column":4},"end":{"line":616,"column":7}},"135":{"start":{"line":612,"column":6},"end":{"line":614,"column":7}},"136":{"start":{"line":613,"column":8},"end":{"line":613,"column":34}},"137":{"start":{"line":615,"column":6},"end":{"line":615,"column":39}},"138":{"start":{"line":618,"column":4},"end":{"line":637,"column":7}},"139":{"start":{"line":622,"column":81},"end":{"line":625,"column":9}},"140":{"start":{"line":626,"column":75},"end":{"line":629,"column":9}},"141":{"start":{"line":639,"column":4},"end":{"line":643,"column":7}},"142":{"start":{"line":652,"column":22},"end":{"line":652,"column":48}},"143":{"start":{"line":653,"column":16},"end":{"line":653,"column":26}},"144":{"start":{"line":654,"column":21},"end":{"line":654,"column":78}},"145":{"start":{"line":656,"column":2},"end":{"line":661,"column":4}},"146":{"start":{"line":664,"column":0},"end":{"line":664,"column":24}}},"fnMap":{"0":{"name":"calculateKPIs","decl":{"start":{"line":239,"column":9},"end":{"line":239,"column":22}},"loc":{"start":{"line":239,"column":25},"end":{"line":288,"column":1}},"line":239},"1":{"name":"(anonymous_1)","decl":{"start":{"line":242,"column":35},"end":{"line":242,"column":36}},"loc":{"start":{"line":242,"column":40},"end":{"line":242,"column":59}},"line":242},"2":{"name":"(anonymous_2)","decl":{"start":{"line":243,"column":34},"end":{"line":243,"column":35}},"loc":{"start":{"line":243,"column":46},"end":{"line":243,"column":59}},"line":243},"3":{"name":"(anonymous_3)","decl":{"start":{"line":253,"column":35},"end":{"line":253,"column":36}},"loc":{"start":{"line":253,"column":40},"end":{"line":253,"column":63}},"line":253},"4":{"name":"(anonymous_4)","decl":{"start":{"line":298,"column":44},"end":{"line":298,"column":45}},"loc":{"start":{"line":298,"column":58},"end":{"line":326,"column":1}},"line":298},"5":{"name":"(anonymous_5)","decl":{"start":{"line":302,"column":52},"end":{"line":302,"column":53}},"loc":{"start":{"line":302,"column":62},"end":{"line":302,"column":89}},"line":302},"6":{"name":"(anonymous_6)","decl":{"start":{"line":312,"column":48},"end":{"line":312,"column":49}},"loc":{"start":{"line":312,"column":53},"end":{"line":312,"column":72}},"line":312},"7":{"name":"(anonymous_7)","decl":{"start":{"line":313,"column":56},"end":{"line":313,"column":57}},"loc":{"start":{"line":313,"column":61},"end":{"line":313,"column":84}},"line":313},"8":{"name":"(anonymous_8)","decl":{"start":{"line":332,"column":44},"end":{"line":332,"column":45}},"loc":{"start":{"line":332,"column":58},"end":{"line":371,"column":1}},"line":332},"9":{"name":"(anonymous_9)","decl":{"start":{"line":339,"column":35},"end":{"line":339,"column":36}},"loc":{"start":{"line":339,"column":40},"end":{"line":339,"column":59}},"line":339},"10":{"name":"(anonymous_10)","decl":{"start":{"line":342,"column":35},"end":{"line":342,"column":36}},"loc":{"start":{"line":342,"column":40},"end":{"line":342,"column":55}},"line":342},"11":{"name":"(anonymous_11)","decl":{"start":{"line":345,"column":35},"end":{"line":345,"column":36}},"loc":{"start":{"line":345,"column":40},"end":{"line":345,"column":119}},"line":345},"12":{"name":"(anonymous_12)","decl":{"start":{"line":377,"column":56},"end":{"line":377,"column":57}},"loc":{"start":{"line":377,"column":70},"end":{"line":413,"column":1}},"line":377},"13":{"name":"(anonymous_13)","decl":{"start":{"line":380,"column":48},"end":{"line":380,"column":49}},"loc":{"start":{"line":380,"column":53},"end":{"line":380,"column":72}},"line":380},"14":{"name":"(anonymous_14)","decl":{"start":{"line":389,"column":43},"end":{"line":389,"column":44}},"loc":{"start":{"line":389,"column":48},"end":{"line":389,"column":75}},"line":389},"15":{"name":"(anonymous_15)","decl":{"start":{"line":390,"column":53},"end":{"line":390,"column":54}},"loc":{"start":{"line":390,"column":58},"end":{"line":390,"column":85}},"line":390},"16":{"name":"(anonymous_16)","decl":{"start":{"line":400,"column":35},"end":{"line":400,"column":36}},"loc":{"start":{"line":400,"column":47},"end":{"line":400,"column":60}},"line":400},"17":{"name":"(anonymous_17)","decl":{"start":{"line":401,"column":36},"end":{"line":401,"column":37}},"loc":{"start":{"line":401,"column":41},"end":{"line":401,"column":60}},"line":401},"18":{"name":"(anonymous_18)","decl":{"start":{"line":419,"column":40},"end":{"line":419,"column":41}},"loc":{"start":{"line":419,"column":54},"end":{"line":464,"column":1}},"line":419},"19":{"name":"(anonymous_19)","decl":{"start":{"line":426,"column":27},"end":{"line":426,"column":28}},"loc":{"start":{"line":426,"column":32},"end":{"line":426,"column":49}},"line":426},"20":{"name":"(anonymous_20)","decl":{"start":{"line":429,"column":27},"end":{"line":429,"column":28}},"loc":{"start":{"line":429,"column":32},"end":{"line":429,"column":51}},"line":429},"21":{"name":"(anonymous_21)","decl":{"start":{"line":432,"column":27},"end":{"line":432,"column":28}},"loc":{"start":{"line":432,"column":32},"end":{"line":432,"column":49}},"line":432},"22":{"name":"(anonymous_22)","decl":{"start":{"line":451,"column":35},"end":{"line":451,"column":36}},"loc":{"start":{"line":451,"column":47},"end":{"line":451,"column":60}},"line":451},"23":{"name":"(anonymous_23)","decl":{"start":{"line":452,"column":56},"end":{"line":452,"column":57}},"loc":{"start":{"line":452,"column":68},"end":{"line":452,"column":81}},"line":452},"24":{"name":"(anonymous_24)","decl":{"start":{"line":470,"column":48},"end":{"line":470,"column":49}},"loc":{"start":{"line":470,"column":62},"end":{"line":501,"column":1}},"line":470},"25":{"name":"(anonymous_25)","decl":{"start":{"line":473,"column":40},"end":{"line":473,"column":41}},"loc":{"start":{"line":473,"column":45},"end":{"line":473,"column":70}},"line":473},"26":{"name":"(anonymous_26)","decl":{"start":{"line":482,"column":48},"end":{"line":482,"column":49}},"loc":{"start":{"line":482,"column":53},"end":{"line":482,"column":77}},"line":482},"27":{"name":"(anonymous_27)","decl":{"start":{"line":483,"column":53},"end":{"line":483,"column":54}},"loc":{"start":{"line":483,"column":58},"end":{"line":483,"column":78}},"line":483},"28":{"name":"(anonymous_28)","decl":{"start":{"line":507,"column":43},"end":{"line":507,"column":44}},"loc":{"start":{"line":507,"column":57},"end":{"line":539,"column":1}},"line":507},"29":{"name":"(anonymous_29)","decl":{"start":{"line":509,"column":57},"end":{"line":509,"column":58}},"loc":{"start":{"line":509,"column":66},"end":{"line":518,"column":5}},"line":509},"30":{"name":"(anonymous_30)","decl":{"start":{"line":510,"column":50},"end":{"line":510,"column":51}},"loc":{"start":{"line":510,"column":55},"end":{"line":510,"column":77}},"line":510},"31":{"name":"(anonymous_31)","decl":{"start":{"line":511,"column":38},"end":{"line":511,"column":39}},"loc":{"start":{"line":511,"column":50},"end":{"line":511,"column":63}},"line":511},"32":{"name":"(anonymous_32)","decl":{"start":{"line":545,"column":45},"end":{"line":545,"column":46}},"loc":{"start":{"line":545,"column":59},"end":{"line":581,"column":1}},"line":545},"33":{"name":"(anonymous_33)","decl":{"start":{"line":551,"column":45},"end":{"line":551,"column":46}},"loc":{"start":{"line":551,"column":50},"end":{"line":551,"column":65}},"line":551},"34":{"name":"(anonymous_34)","decl":{"start":{"line":552,"column":47},"end":{"line":552,"column":48}},"loc":{"start":{"line":552,"column":52},"end":{"line":552,"column":81}},"line":552},"35":{"name":"(anonymous_35)","decl":{"start":{"line":553,"column":51},"end":{"line":553,"column":52}},"loc":{"start":{"line":553,"column":56},"end":{"line":553,"column":83}},"line":553},"36":{"name":"(anonymous_36)","decl":{"start":{"line":556,"column":20},"end":{"line":556,"column":21}},"loc":{"start":{"line":556,"column":30},"end":{"line":556,"column":65}},"line":556},"37":{"name":"(anonymous_37)","decl":{"start":{"line":587,"column":44},"end":{"line":587,"column":45}},"loc":{"start":{"line":587,"column":58},"end":{"line":645,"column":1}},"line":587},"38":{"name":"(anonymous_38)","decl":{"start":{"line":593,"column":57},"end":{"line":593,"column":58}},"loc":{"start":{"line":593,"column":67},"end":{"line":596,"column":5}},"line":593},"39":{"name":"(anonymous_39)","decl":{"start":{"line":595,"column":26},"end":{"line":595,"column":27}},"loc":{"start":{"line":595,"column":31},"end":{"line":595,"column":53}},"line":595},"40":{"name":"(anonymous_40)","decl":{"start":{"line":595,"column":62},"end":{"line":595,"column":63}},"loc":{"start":{"line":595,"column":74},"end":{"line":595,"column":87}},"line":595},"41":{"name":"(anonymous_41)","decl":{"start":{"line":600,"column":22},"end":{"line":600,"column":23}},"loc":{"start":{"line":600,"column":27},"end":{"line":607,"column":5}},"line":600},"42":{"name":"(anonymous_42)","decl":{"start":{"line":604,"column":41},"end":{"line":604,"column":42}},"loc":{"start":{"line":604,"column":46},"end":{"line":604,"column":67}},"line":604},"43":{"name":"(anonymous_43)","decl":{"start":{"line":605,"column":41},"end":{"line":605,"column":42}},"loc":{"start":{"line":605,"column":53},"end":{"line":605,"column":66}},"line":605},"44":{"name":"(anonymous_44)","decl":{"start":{"line":611,"column":18},"end":{"line":611,"column":19}},"loc":{"start":{"line":611,"column":23},"end":{"line":616,"column":5}},"line":611},"45":{"name":"(anonymous_45)","decl":{"start":{"line":622,"column":61},"end":{"line":622,"column":62}},"loc":{"start":{"line":622,"column":81},"end":{"line":625,"column":9}},"line":622},"46":{"name":"(anonymous_46)","decl":{"start":{"line":626,"column":55},"end":{"line":626,"column":56}},"loc":{"start":{"line":626,"column":75},"end":{"line":629,"column":9}},"line":626},"47":{"name":"calculateDealTimeline","decl":{"start":{"line":651,"column":9},"end":{"line":651,"column":30}},"loc":{"start":{"line":651,"column":37},"end":{"line":662,"column":1}},"line":651}},"branchMap":{"0":{"loc":{"start":{"line":244,"column":19},"end":{"line":244,"column":65}},"type":"cond-expr","locations":[{"start":{"line":244,"column":37},"end":{"line":244,"column":61}},{"start":{"line":244,"column":64},"end":{"line":244,"column":65}}],"line":244},"1":{"loc":{"start":{"line":334,"column":12},"end":{"line":334,"column":20}},"type":"default-arg","locations":[{"start":{"line":334,"column":19},"end":{"line":334,"column":20}}],"line":334},"2":{"loc":{"start":{"line":334,"column":22},"end":{"line":334,"column":32}},"type":"default-arg","locations":[{"start":{"line":334,"column":30},"end":{"line":334,"column":32}}],"line":334},"3":{"loc":{"start":{"line":338,"column":4},"end":{"line":340,"column":5}},"type":"if","locations":[{"start":{"line":338,"column":4},"end":{"line":340,"column":5}},{"start":{},"end":{}}],"line":338},"4":{"loc":{"start":{"line":341,"column":4},"end":{"line":343,"column":5}},"type":"if","locations":[{"start":{"line":341,"column":4},"end":{"line":343,"column":5}},{"start":{},"end":{}}],"line":341},"5":{"loc":{"start":{"line":344,"column":4},"end":{"line":346,"column":5}},"type":"if","locations":[{"start":{"line":344,"column":4},"end":{"line":346,"column":5}},{"start":{},"end":{}}],"line":344},"6":{"loc":{"start":{"line":345,"column":40},"end":{"line":345,"column":119}},"type":"binary-expr","locations":[{"start":{"line":345,"column":40},"end":{"line":345,"column":63}},{"start":{"line":345,"column":67},"end":{"line":345,"column":91}},{"start":{"line":345,"column":95},"end":{"line":345,"column":119}}],"line":345},"7":{"loc":{"start":{"line":382,"column":4},"end":{"line":387,"column":5}},"type":"if","locations":[{"start":{"line":382,"column":4},"end":{"line":387,"column":5}},{"start":{},"end":{}}],"line":382},"8":{"loc":{"start":{"line":421,"column":34},"end":{"line":421,"column":42}},"type":"default-arg","locations":[{"start":{"line":421,"column":41},"end":{"line":421,"column":42}}],"line":421},"9":{"loc":{"start":{"line":421,"column":44},"end":{"line":421,"column":54}},"type":"default-arg","locations":[{"start":{"line":421,"column":52},"end":{"line":421,"column":54}}],"line":421},"10":{"loc":{"start":{"line":425,"column":4},"end":{"line":427,"column":5}},"type":"if","locations":[{"start":{"line":425,"column":4},"end":{"line":427,"column":5}},{"start":{},"end":{}}],"line":425},"11":{"loc":{"start":{"line":428,"column":4},"end":{"line":430,"column":5}},"type":"if","locations":[{"start":{"line":428,"column":4},"end":{"line":430,"column":5}},{"start":{},"end":{}}],"line":428},"12":{"loc":{"start":{"line":431,"column":4},"end":{"line":433,"column":5}},"type":"if","locations":[{"start":{"line":431,"column":4},"end":{"line":433,"column":5}},{"start":{},"end":{}}],"line":431},"13":{"loc":{"start":{"line":452,"column":24},"end":{"line":452,"column":104}},"type":"cond-expr","locations":[{"start":{"line":452,"column":43},"end":{"line":452,"column":100}},{"start":{"line":452,"column":103},"end":{"line":452,"column":104}}],"line":452},"14":{"loc":{"start":{"line":475,"column":4},"end":{"line":480,"column":5}},"type":"if","locations":[{"start":{"line":475,"column":4},"end":{"line":480,"column":5}},{"start":{},"end":{}}],"line":475},"15":{"loc":{"start":{"line":547,"column":38},"end":{"line":547,"column":46}},"type":"default-arg","locations":[{"start":{"line":547,"column":45},"end":{"line":547,"column":46}}],"line":547},"16":{"loc":{"start":{"line":547,"column":48},"end":{"line":547,"column":58}},"type":"default-arg","locations":[{"start":{"line":547,"column":56},"end":{"line":547,"column":58}}],"line":547},"17":{"loc":{"start":{"line":551,"column":4},"end":{"line":551,"column":67}},"type":"if","locations":[{"start":{"line":551,"column":4},"end":{"line":551,"column":67}},{"start":{},"end":{}}],"line":551},"18":{"loc":{"start":{"line":552,"column":4},"end":{"line":552,"column":83}},"type":"if","locations":[{"start":{"line":552,"column":4},"end":{"line":552,"column":83}},{"start":{},"end":{}}],"line":552},"19":{"loc":{"start":{"line":553,"column":4},"end":{"line":553,"column":85}},"type":"if","locations":[{"start":{"line":553,"column":4},"end":{"line":553,"column":85}},{"start":{},"end":{}}],"line":553},"20":{"loc":{"start":{"line":601,"column":6},"end":{"line":603,"column":7}},"type":"if","locations":[{"start":{"line":601,"column":6},"end":{"line":603,"column":7}},{"start":{},"end":{}}],"line":601},"21":{"loc":{"start":{"line":612,"column":6},"end":{"line":614,"column":7}},"type":"if","locations":[{"start":{"line":612,"column":6},"end":{"line":614,"column":7}},{"start":{},"end":{}}],"line":612}},"s":{"0":0,"1":0,"2":0,"3":0,"4":0,"5":0,"6":0,"7":0,"8":0,"9":0,"10":0,"11":0,"12":0,"13":0,"14":0,"15":0,"16":0,"17":0,"18":0,"19":0,"20":0,"21":0,"22":0,"23":0,"24":0,"25":0,"26":0,"27":0,"28":0,"29":0,"30":0,"31":0,"32":0,"33":0,"34":0,"35":0,"36":0,"37":0,"38":0,"39":0,"40":0,"41":0,"42":0,"43":0,"44":0,"45":0,"46":0,"47":0,"48":0,"49":0,"50":0,"51":0,"52":0,"53":0,"54":0,"55":0,"56":0,"57":0,"58":0,"59":0,"60":0,"61":0,"62":0,"63":0,"64":0,"65":0,"66":0,"67":0,"68":0,"69":0,"70":0,"71":0,"72":0,"73":0,"74":0,"75":0,"76":0,"77":0,"78":0,"79":0,"80":0,"81":0,"82":0,"83":0,"84":0,"85":0,"86":0,"87":0,"88":0,"89":0,"90":0,"91":0,"92":0,"93":0,"94":0,"95":0,"96":0,"97":0,"98":0,"99":0,"100":0,"101":0,"102":0,"103":0,"104":0,"105":0,"106":0,"107":0,"108":0,"109":0,"110":0,"111":0,"112":0,"113":0,"114":0,"115":0,"116":0,"117":0,"118":0,"119":0,"120":0,"121":0,"122":0,"123":0,"124":0,"125":0,"126":0,"127":0,"128":0,"129":0,"130":0,"131":0,"132":0,"133":0,"134":0,"135":0,"136":0,"137":0,"138":0,"139":0,"140":0,"141":0,"142":0,"143":0,"144":0,"145":0,"146":0},"f":{"0":0,"1":0,"2":0,"3":0,"4":0,"5":0,"6":0,"7":0,"8":0,"9":0,"10":0,"11":0,"12":0,"13":0,"14":0,"15":0,"16":0,"17":0,"18":0,"19":0,"20":0,"21":0,"22":0,"23":0,"24":0,"25":0,"26":0,"27":0,"28":0,"29":0,"30":0,"31":0,"32":0,"33":0,"34":0,"35":0,"36":0,"37":0,"38":0,"39":0,"40":0,"41":0,"42":0,"43":0,"44":0,"45":0,"46":0,"47":0},"b":{"0":[0,0],"1":[0],"2":[0],"3":[0,0],"4":[0,0],"5":[0,0],"6":[0,0,0],"7":[0,0],"8":[0],"9":[0],"10":[0,0],"11":[0,0],"12":[0,0],"13":[0,0],"14":[0,0],"15":[0],"16":[0],"17":[0,0],"18":[0,0],"19":[0,0],"20":[0,0],"21":[0,0]}}
,"C:\\Users\\x-be\\OneDrive\\المستندات\\04-10-2025\\66666\\backend\\api\\routes\\documents.routes.js": {"path":"C:\\Users\\x-be\\OneDrive\\المستندات\\04-10-2025\\66666\\backend\\api\\routes\\documents.routes.js","statementMap":{"0":{"start":{"line":16,"column":16},"end":{"line":16,"column":34}},"1":{"start":{"line":17,"column":15},"end":{"line":17,"column":31}},"2":{"start":{"line":18,"column":15},"end":{"line":18,"column":32}},"3":{"start":{"line":19,"column":13},"end":{"line":19,"column":28}},"4":{"start":{"line":20,"column":30},"end":{"line":20,"column":62}},"5":{"start":{"line":26,"column":26},"end":{"line":203,"column":1}},"6":{"start":{"line":214,"column":0},"end":{"line":257,"column":3}},"7":{"start":{"line":215,"column":2},"end":{"line":256,"column":3}},"8":{"start":{"line":216,"column":27},"end":{"line":216,"column":61}},"9":{"start":{"line":217,"column":28},"end":{"line":217,"column":63}},"10":{"start":{"line":218,"column":22},"end":{"line":218,"column":89}},"11":{"start":{"line":218,"column":71},"end":{"line":218,"column":85}},"12":{"start":{"line":219,"column":28},"end":{"line":219,"column":67}},"13":{"start":{"line":222,"column":18},"end":{"line":228,"column":5}},"14":{"start":{"line":224,"column":56},"end":{"line":224,"column":79}},"15":{"start":{"line":225,"column":55},"end":{"line":225,"column":77}},"16":{"start":{"line":226,"column":56},"end":{"line":226,"column":66}},"17":{"start":{"line":231,"column":30},"end":{"line":235,"column":7}},"18":{"start":{"line":231,"column":71},"end":{"line":235,"column":5}},"19":{"start":{"line":238,"column":29},"end":{"line":238,"column":70}},"20":{"start":{"line":240,"column":4},"end":{"line":249,"column":7}},"21":{"start":{"line":251,"column":4},"end":{"line":255,"column":7}},"22":{"start":{"line":264,"column":0},"end":{"line":324,"column":3}},"23":{"start":{"line":265,"column":2},"end":{"line":323,"column":3}},"24":{"start":{"line":266,"column":71},"end":{"line":266,"column":80}},"25":{"start":{"line":268,"column":20},"end":{"line":268,"column":52}},"26":{"start":{"line":271,"column":4},"end":{"line":273,"column":5}},"27":{"start":{"line":272,"column":6},"end":{"line":272,"column":71}},"28":{"start":{"line":272,"column":42},"end":{"line":272,"column":69}},"29":{"start":{"line":276,"column":4},"end":{"line":278,"column":5}},"30":{"start":{"line":277,"column":6},"end":{"line":277,"column":65}},"31":{"start":{"line":277,"column":42},"end":{"line":277,"column":63}},"32":{"start":{"line":281,"column":4},"end":{"line":289,"column":5}},"33":{"start":{"line":282,"column":26},"end":{"line":282,"column":46}},"34":{"start":{"line":283,"column":6},"end":{"line":288,"column":8}},"35":{"start":{"line":285,"column":10},"end":{"line":287,"column":71}},"36":{"start":{"line":287,"column":31},"end":{"line":287,"column":70}},"37":{"start":{"line":292,"column":4},"end":{"line":298,"column":5}},"38":{"start":{"line":293,"column":6},"end":{"line":293,"column":82}},"39":{"start":{"line":293,"column":31},"end":{"line":293,"column":80}},"40":{"start":{"line":294,"column":11},"end":{"line":298,"column":5}},"41":{"start":{"line":295,"column":6},"end":{"line":295,"column":63}},"42":{"start":{"line":295,"column":31},"end":{"line":295,"column":61}},"43":{"start":{"line":296,"column":11},"end":{"line":298,"column":5}},"44":{"start":{"line":297,"column":6},"end":{"line":297,"column":48}},"45":{"start":{"line":297,"column":31},"end":{"line":297,"column":46}},"46":{"start":{"line":301,"column":23},"end":{"line":301,"column":41}},"47":{"start":{"line":302,"column":21},"end":{"line":302,"column":49}},"48":{"start":{"line":303,"column":31},"end":{"line":303,"column":68}},"49":{"start":{"line":305,"column":4},"end":{"line":316,"column":7}},"50":{"start":{"line":318,"column":4},"end":{"line":322,"column":7}},"51":{"start":{"line":331,"column":0},"end":{"line":369,"column":3}},"52":{"start":{"line":332,"column":2},"end":{"line":368,"column":3}},"53":{"start":{"line":333,"column":21},"end":{"line":333,"column":82}},"54":{"start":{"line":333,"column":59},"end":{"line":333,"column":81}},"55":{"start":{"line":335,"column":4},"end":{"line":340,"column":5}},"56":{"start":{"line":336,"column":6},"end":{"line":339,"column":9}},"57":{"start":{"line":343,"column":21},"end":{"line":343,"column":89}},"58":{"start":{"line":343,"column":60},"end":{"line":343,"column":88}},"59":{"start":{"line":346,"column":29},"end":{"line":348,"column":18}},"60":{"start":{"line":347,"column":19},"end":{"line":347,"column":79}},"61":{"start":{"line":351,"column":23},"end":{"line":351,"column":93}},"62":{"start":{"line":351,"column":64},"end":{"line":351,"column":92}},"63":{"start":{"line":353,"column":4},"end":{"line":361,"column":7}},"64":{"start":{"line":363,"column":4},"end":{"line":367,"column":7}},"65":{"start":{"line":376,"column":0},"end":{"line":389,"column":3}},"66":{"start":{"line":377,"column":2},"end":{"line":388,"column":3}},"67":{"start":{"line":378,"column":4},"end":{"line":381,"column":7}},"68":{"start":{"line":383,"column":4},"end":{"line":387,"column":7}},"69":{"start":{"line":396,"column":0},"end":{"line":409,"column":3}},"70":{"start":{"line":397,"column":2},"end":{"line":408,"column":3}},"71":{"start":{"line":398,"column":4},"end":{"line":401,"column":7}},"72":{"start":{"line":403,"column":4},"end":{"line":407,"column":7}},"73":{"start":{"line":416,"column":0},"end":{"line":463,"column":3}},"74":{"start":{"line":417,"column":2},"end":{"line":462,"column":3}},"75":{"start":{"line":418,"column":67},"end":{"line":418,"column":75}},"76":{"start":{"line":421,"column":24},"end":{"line":445,"column":5}},"77":{"start":{"line":447,"column":4},"end":{"line":447,"column":53}},"78":{"start":{"line":449,"column":4},"end":{"line":455,"column":7}},"79":{"start":{"line":457,"column":4},"end":{"line":461,"column":7}},"80":{"start":{"line":470,"column":0},"end":{"line":503,"column":3}},"81":{"start":{"line":471,"column":2},"end":{"line":502,"column":3}},"82":{"start":{"line":472,"column":26},"end":{"line":472,"column":92}},"83":{"start":{"line":472,"column":69},"end":{"line":472,"column":91}},"84":{"start":{"line":474,"column":4},"end":{"line":479,"column":5}},"85":{"start":{"line":475,"column":6},"end":{"line":478,"column":9}},"86":{"start":{"line":481,"column":28},"end":{"line":485,"column":5}},"87":{"start":{"line":487,"column":4},"end":{"line":487,"column":65}},"88":{"start":{"line":489,"column":4},"end":{"line":495,"c
[...]
,"C:\\Users\\x-be\\OneDrive\\المستندات\\04-10-2025\\66666\\backend\\utils\\errorHandler.js": {"path":"C:\\Users\\x-be\\OneDrive\\المستندات\\04-10-2025\\66666\\backend\\utils\\errorHandler.js","statementMap":{"0":{"start":{"line":5,"column":4},"end":{"line":5,"column":19}},"1":{"start":{"line":6,"column":4},"end":{"line":6,"column":33}},"2":{"start":{"line":7,"column":4},"end":{"line":7,"column":21}},"3":{"start":{"line":8,"column":4},"end":{"line":8,"column":46}},"4":{"start":{"line":12,"column":21},"end":{"line":85,"column":1}},"5":{"start":{"line":14,"column":14},"end":{"line":20,"column":3}},"6":{"start":{"line":23,"column":2},"end":{"line":32,"column":3}},"7":{"start":{"line":24,"column":21},"end":{"line":24,"column":66}},"8":{"start":{"line":24,"column":56},"end":{"line":24,"column":65}},"9":{"start":{"line":25,"column":4},"end":{"line":31,"column":6}},"10":{"start":{"line":35,"column":2},"end":{"line":43,"column":3}},"11":{"start":{"line":36,"column":18},"end":{"line":36,"column":48}},"12":{"start":{"line":37,"column":4},"end":{"line":42,"column":6}},"13":{"start":{"line":46,"column":2},"end":{"line":53,"column":3}},"14":{"start":{"line":47,"column":4},"end":{"line":52,"column":6}},"15":{"start":{"line":56,"column":2},"end":{"line":63,"column":3}},"16":{"start":{"line":57,"column":4},"end":{"line":62,"column":6}},"17":{"start":{"line":65,"column":2},"end":{"line":72,"column":3}},"18":{"start":{"line":66,"column":4},"end":{"line":71,"column":6}},"19":{"start":{"line":75,"column":2},"end":{"line":82,"column":3}},"20":{"start":{"line":76,"column":4},"end":{"line":81,"column":7}},"21":{"start":{"line":84,"column":2},"end":{"line":84,"column":43}},"22":{"start":{"line":87,"column":21},"end":{"line":89,"column":1}},"23":{"start":{"line":87,"column":27},"end":{"line":89,"column":1}},"24":{"start":{"line":88,"column":2},"end":{"line":88,"column":50}},"25":{"start":{"line":91,"column":0},"end":{"line":95,"column":2}}},"fnMap":{"0":{"name":"(anonymous_0)","decl":{"start":{"line":4,"column":2},"end":{"line":4,"column":3}},"loc":{"start":{"line":4,"column":48},"end":{"line":9,"column":3}},"line":4},"1":{"name":"(anonymous_1)","decl":{"start":{"line":12,"column":21},"end":{"line":12,"column":22}},"loc":{"start":{"line":12,"column":46},"end":{"line":85,"column":1}},"line":12},"2":{"name":"(anonymous_2)","decl":{"start":{"line":24,"column":51},"end":{"line":24,"column":52}},"loc":{"start":{"line":24,"column":56},"end":{"line":24,"column":65}},"line":24},"3":{"name":"(anonymous_3)","decl":{"start":{"line":87,"column":21},"end":{"line":87,"column":22}},"loc":{"start":{"line":87,"column":27},"end":{"line":89,"column":1}},"line":87},"4":{"name":"(anonymous_4)","decl":{"start":{"line":87,"column":27},"end":{"line":87,"column":28}},"loc":{"start":{"line":87,"column":47},"end":{"line":89,"column":1}},"line":87}},"branchMap":{"0":{"loc":{"start":{"line":4,"column":35},"end":{"line":4,"column":46}},"type":"default-arg","locations":[{"start":{"line":4,"column":42},"end":{"line":4,"column":46}}],"line":4},"1":{"loc":{"start":{"line":16,"column":16},"end":{"line":16,"column":37}},"type":"binary-expr","locations":[{"start":{"line":16,"column":16},"end":{"line":16,"column":30}},{"start":{"line":16,"column":34},"end":{"line":16,"column":37}}],"line":16},"2":{"loc":{"start":{"line":17,"column":13},"end":{"line":17,"column":51}},"type":"binary-expr","locations":[{"start":{"line":17,"column":13},"end":{"line":17,"column":24}},{"start":{"line":17,"column":28},"end":{"line":17,"column":51}}],"line":17},"3":{"loc":{"start":{"line":18,"column":10},"end":{"line":18,"column":45}},"type":"binary-expr","locations":[{"start":{"line":18,"column":10},"end":{"line":18,"column":18}},{"start":{"line":18,"column":22},"end":{"line":18,"column":45}}],"line":18},"4":{"loc":{"start":{"line":23,"column":2},"end":{"line":32,"column":3}},"type":"if","locations":[{"start":{"line":23,"column":2},"end":{"line":32,"column":3}},{"start":{},"end":{}}],"line":23},"5":{"loc":{"start":{"line":35,"column":2},"end":{"line":43,"column":3}},"type":"if","locations":[{"start":{"line":35,"column":2},"end":{"line":43,"column":3}},{"start":{},"end":{}}],"line":35},"6":{"loc":{"start":{"line":46,"column":2},"end":{"line":53,"column":3}},"type":"if","locations":[{"start":{"line":46,"column":2},"end":{"line":53,"column":3}},{"start":{},"end":{}}],"line":46},"7":{"loc":{"start":{"line":56,"column":2},"end":{"line":63,"column":3}},"type":"if","locations":[{"start":{"line":56,"column":2},"end":{"line":63,"column":3}},{"start":{},"end":{}}],"line":56},"8":{"loc":{"start":{"line":65,"column":2},"end":{"line":72,"column":3}},"type":"if","locations":[{"start":{"line":65,"column":2},"end":{"line":72,"column":3}},{"start":{},"end":{}}],"line":65},"9":{"loc":{"start":{"line":75,"column":2},"end":{"line":82,"column":3}},"type":"if","locations":[{"start":{"line":75,"column":2},"end":{"line":82,"column":3}},{"start":{},"end":{}}],"line":75}},"s":{"0":0,"1":0,"2":0,"3":0,"4":0,"5":0,"6":0,"7":0,"8":0,"9":0,"10":0,"11":0,"12":0,"13":0,"14":0,"15":0,"16":0,"17":0,"18":0,"19":0,"20":0,"21":0,"22":0,"23":0,"24":0,"25":0},"f":{"0":0,"1":0,"2":0,"3":0,"4":0},"b":{"0":[0],"1":[0,0],"2":[0,0],"3":[0,0],"4":[0,0],"5":[0,0],"6":[0,0],"7":[0,0],"8":[0,0],"9":[0,0]}}
,"C:\\Users\\x-be\\OneDrive\\المستندات\\04-10-2025\\66666\\backend\\utils\\logger.js": {"path":"C:\\Users\\x-be\\OneDrive\\المستندات\\04-10-2025\\66666\\backend\\utils\\logger.js","statementMap":{"0":{"start":{"line":4,"column":15},"end":{"line":22,"column":1}},"1":{"start":{"line":6,"column":4},"end":{"line":6,"column":46}},"2":{"start":{"line":10,"column":4},"end":{"line":10,"column":49}},"3":{"start":{"line":14,"column":4},"end":{"line":14,"column":47}},"4":{"start":{"line":18,"column":4},"end":{"line":20,"column":5}},"5":{"start":{"line":19,"column":6},"end":{"line":19,"column":49}},"6":{"start":{"line":24,"column":0},"end":{"line":24,"column":24}}},"fnMap":{"0":{"name":"(anonymous_0)","decl":{"start":{"line":5,"column":8},"end":{"line":5,"column":9}},"loc":{"start":{"line":5,"column":30},"end":{"line":7,"column":3}},"line":5},"1":{"name":"(anonymous_1)","decl":{"start":{"line":9,"column":9},"end":{"line":9,"column":10}},"loc":{"start":{"line":9,"column":31},"end":{"line":11,"column":3}},"line":9},"2":{"name":"(anonymous_2)","decl":{"start":{"line":13,"column":8},"end":{"line":13,"column":9}},"loc":{"start":{"line":13,"column":30},"end":{"line":15,"column":3}},"line":13},"3":{"name":"(anonymous_3)","decl":{"start":{"line":17,"column":9},"end":{"line":17,"column":10}},"loc":{"start":{"line":17,"column":31},"end":{"line":21,"column":3}},"line":17}},"branchMap":{"0":{"loc":{"start":{"line":18,"column":4},"end":{"line":20,"column":5}},"type":"if","locations":[{"start":{"line":18,"column":4},"end":{"line":20,"column":5}},{"start":{},"end":{}}],"line":18}},"s":{"0":0,"1":0,"2":0,"3":0,"4":0,"5":0,"6":0},"f":{"0":0,"1":0,"2":0,"3":0},"b":{"0":[0,0]}}
,"C:\\Users\\x-be\\OneDrive\\المستندات\\04-10-2025\\66666\\backend\\utils\\security.js": {"path":"C:\\Users\\x-be\\OneDrive\\المستندات\\04-10-2025\\66666\\backend\\utils\\security.js","statementMap":{"0":{"start":{"line":1,"column":15},"end":{"line":1,"column":32}},"1":{"start":{"line":10,"column":28},"end":{"line":12,"column":1}},"2":{"start":{"line":11,"column":2},"end":{"line":11,"column":52}},"3":{"start":{"line":17,"column":18},"end":{"line":19,"column":1}},"4":{"start":{"line":18,"column":2},"end":{"line":18,"column":65}},"5":{"start":{"line":24,"column":31},"end":{"line":49,"column":1}},"6":{"start":{"line":25,"column":20},"end":{"line":25,"column":48}},"7":{"start":{"line":26,"column":20},"end":{"line":26,"column":48}},"8":{"start":{"line":27,"column":18},"end":{"line":27,"column":30}},"9":{"start":{"line":28,"column":18},"end":{"line":28,"column":46}},"10":{"start":{"line":29,"column":14},"end":{"line":29,"column":55}},"11":{"start":{"line":31,"column":17},"end":{"line":31,"column":19}},"12":{"start":{"line":34,"column":2},"end":{"line":34,"column":70}},"13":{"start":{"line":35,"column":2},"end":{"line":35,"column":70}},"14":{"start":{"line":36,"column":2},"end":{"line":36,"column":66}},"15":{"start":{"line":37,"column":2},"end":{"line":37,"column":66}},"16":{"start":{"line":40,"column":2},"end":{"line":42,"column":3}},"17":{"start":{"line":40,"column":15},"end":{"line":40,"column":30}},"18":{"start":{"line":41,"column":4},"end":{"line":41,"column":60}},"19":{"start":{"line":45,"column":2},"end":{"line":48,"column":14}},"20":{"start":{"line":47,"column":16},"end":{"line":47,"column":35}},"21":{"start":{"line":54,"column":25},"end":{"line":57,"column":1}},"22":{"start":{"line":55,"column":2},"end":{"line":55,"column":42}},"23":{"start":{"line":55,"column":30},"end":{"line":55,"column":42}},"24":{"start":{"line":56,"column":2},"end":{"line":56,"column":32}},"25":{"start":{"line":62,"column":20},"end":{"line":71,"column":1}},"26":{"start":{"line":63,"column":2},"end":{"line":70,"column":4}},"27":{"start":{"line":76,"column":25},"end":{"line":88,"column":1}},"28":{"start":{"line":77,"column":20},"end":{"line":77,"column":44}},"29":{"start":{"line":78,"column":16},"end":{"line":82,"column":3}},"30":{"start":{"line":83,"column":2},"end":{"line":83,"column":68}},"31":{"start":{"line":87,"column":2},"end":{"line":87,"column":15}},"32":{"start":{"line":93,"column":33},"end":{"line":118,"column":1}},"33":{"start":{"line":94,"column":29},"end":{"line":103,"column":3}},"34":{"start":{"line":105,"column":22},"end":{"line":109,"column":4}},"35":{"start":{"line":111,"column":2},"end":{"line":115,"column":3}},"36":{"start":{"line":112,"column":4},"end":{"line":114,"column":5}},"37":{"start":{"line":113,"column":6},"end":{"line":113,"column":18}},"38":{"start":{"line":117,"column":2},"end":{"line":117,"column":15}},"39":{"start":{"line":123,"column":35},"end":{"line":139,"column":1}},"40":{"start":{"line":124,"column":2},"end":{"line":136,"column":3}},"41":{"start":{"line":125,"column":4},"end":{"line":130,"column":7}},"42":{"start":{"line":132,"column":4},"end":{"line":135,"column":7}},"43":{"start":{"line":138,"column":2},"end":{"line":138,"column":9}},"44":{"start":{"line":141,"column":0},"end":{"line":150,"column":2}}},"fnMap":{"0":{"name":"(anonymous_0)","decl":{"start":{"line":10,"column":28},"end":{"line":10,"column":29}},"loc":{"start":{"line":10,"column":45},"end":{"line":12,"column":1}},"line":10},"1":{"name":"(anonymous_1)","decl":{"start":{"line":17,"column":18},"end":{"line":17,"column":19}},"loc":{"start":{"line":17,"column":27},"end":{"line":19,"column":1}},"line":17},"2":{"name":"(anonymous_2)","decl":{"start":{"line":24,"column":31},"end":{"line":24,"column":32}},"loc":{"start":{"line":24,"column":48},"end":{"line":49,"column":1}},"line":24},"3":{"name":"(anonymous_3)","decl":{"start":{"line":47,"column":10},"end":{"line":47,"column":11}},"loc":{"start":{"line":47,"column":16},"end":{"line":47,"column":35}},"line":47},"4":{"name":"(anonymous_4)","decl":{"start":{"line":54,"column":25},"end":{"line":54,"column":26}},"loc":{"start":{"line":54,"column":49},"end":{"line":57,"column":1}},"line":54},"5":{"name":"(anonymous_5)","decl":{"start":{"line":62,"column":20},"end":{"line":62,"column":21}},"loc":{"start":{"line":62,"column":27},"end":{"line":71,"column":1}},"line":62},"6":{"name":"(anonymous_6)","decl":{"start":{"line":76,"column":25},"end":{"line":76,"column":26}},"loc":{"start":{"line":76,"column":54},"end":{"line":88,"column":1}},"line":76},"7":{"name":"(anonymous_7)","decl":{"start":{"line":93,"column":33},"end":{"line":93,"column":34}},"loc":{"start":{"line":93,"column":40},"end":{"line":118,"column":1}},"line":93},"8":{"name":"(anonymous_8)","decl":{"start":{"line":123,"column":35},"end":{"line":123,"column":36}},"loc":{"start":{"line":123,"column":55},"end":{"line":139,"column":1}},"line":123}},"branchMap":{"0":{"loc":{"start":{"line":10,"column":29},"end":{"line":10,"column":40}},"type":"default-arg","locations":[{"start":{"line":10,"column":38},"end":{"line":10,"column":40}}],"line":10},"1":{"loc":{"start":{"line":24,"column":32},"end":{"line":24,"column":43}},"type":"default-arg","locations":[{"start":{"line":24,"column":41},"end":{"line":24,"column":43}}],"line":24},"2":{"loc":{"start":{"line":54,"column":30},"end":{"line":54,"column":44}},"type":"default-arg","locations":[{"start":{"line":54,"column":42},"end":{"line":54,"column":44}}],"line":54},"3":{"loc":{"start":{"line":55,"column":2},"end":{"line":55,"column":42}},"type":"if","locations":[{"start":{"line":55,"column":2},"end":{"line":55,"column":42}},{"start":{},"end":{}}],"line":55},"4":{"loc":{"start":{"line":64,"column":4},"end":{"line":69,"column":13}},"type":"binary-expr","locations":[{"start":{"line":64,"column":4},"end":{"line":64,"column":49}},{"start":{"line":65,"column":4},"end":{"line":65,"column":28}},{"start":{"line":66,"column":4},"end":{"line":66,"column":10}},{"start":{"line":67,"column":4},"end":{"line":67,"column":33}},{"start":{"line":68,"column":4},"end":{"line":68,"column":29}},{"start":{"line":69,"column":4},"end":{"line":69,"column":13}}],"line":64},"5":{"loc":{"start":{"line":76,"column":37},"end":{"line":76,"column":49}},"type":"default-arg","locations":[{"start":{"line":76,"column":47},"end":{"line":76,"column":49}}],"line":76},"6":{"loc":{"start":{"line":112,"column":4},"end":{"line":114,"column":5}},"type":"if","locations":[{"start":{"line":112,"column":4},"end":{"line":114,"column":5}},{"start":{},"end":{}}],"line":112},"7":{"loc":{"start":{"line":124,"column":2},"end":{"line":136,"column":3}},"type":"if","locations":[{"start":{"line":124,"column":2},"end":{"line":136,"column":3}},{"start":{},"end":{}}],"line":124}},"s":{"0":0,"1":0,"2":0,"3":0,"4":0,"5":0,"6":0,"7":0,"8":0,"9":0,"10":0,"11":0,"12":0,"13":0,"14":0,"15":0,"16":0,"17":0,"18":0,"19":0,"20":0,"21":0,"22":0,"23":0,"24":0,"25":0,"26":0,"27":0,"28":0,"29":0,"30":0,"31":0,"32":0,"33":0,"34":0,"35":0,"36":0,"37":0,"38":0,"39":0,"40":0,"41":0,"42":0,"43":0,"44":0},"f":{"0":0,"1":0,"2":0,"3":0,"4":0,"5":0,"6":0,"7":0,"8":0},"b":{"0":[0],"1":[0],"2":[0],"3":[0,0],"4":[0,0,0,0,0,0],"5":[0],"6":[0,0],"7":[0,0]}}
,"C:\\Users\\x-be\\OneDrive\\المستندات\\04-10-2025\\66666\\backend\\utils\\seedDatabase.js": {"path":"C:\\Users\\x-be\\OneDrive\\المستندات\\04-10-2025\\66666\\backend\\utils\\seedDatabase.js","statementMap":{"0":{"start":{"line":2,"column":15},"end":{"line":2,"column":34}},"1":{"start":{"line":3,"column":13},"end":{"line":3,"column":42}},"2":{"start":{"line":5,"column":21},"end":{"line":36,"column":1}},"3":{"start":{"line":6,"column":2},"end":{"line":35,"column":3}},"4":{"start":{"line":8,"column":24},"end":{"line":8,"column":74}},"5":{"start":{"line":10,"column":4},"end":{"line":13,"column":5}},"6":{"start":{"line":11,"column":6},"end":{"line":11,"column":49}},"7":{"start":{"line":12,"column":6},"end":{"line":12,"column":13}},"8":{"start":{"line":16,"column":27},"end":{"line":16,"column":64}},"9":{"start":{"line":18,"column":22},"end":{"line":26,"column":6}},"10":{"start":{"line":28,"column":4},"end":{"line":28,"column":27}},"11":{"start":{"line":29,"column":4},"end":{"line":29,"column":59}},"12":{"start":{"line":31,"column":4},"end":{"line":34,"column":5}},"13":{"start":{"line":33,"column":6},"end":{"line":33,"column":59}},"14":{"start":{"line":38,"column":0},"end":{"line":38,"column":30}}},"fnMap":{"0":{"name":"(anonymous_0)","decl":{"start":{"line":5,"column":21},"end":{"line":5,"column":22}},"loc":{"start":{"line":5,"column":33},"end":{"line":36,"column":1}},"line":5}},"branchMap":{"0":{"loc":{"start":{"line":10,"column":4},"end":{"line":13,"column":5}},"type":"if","locations":[{"start":{"line":10,"column":4},"end":{"line":13,"column":5}},{"start":{},"end":{}}],"line":10},"1":{"loc":{"start":{"line":31,"column":4},"end":{"line":34,"column":5}},"type":"if","locations":[{"start":{"line":31,"column":4},"end":{"line":34,"column":5}},{"start":{},"end":{}}],"line":31}},"s":{"0":0,"1":0,"2":0,"3":0,"4":0,"5":0,"6":0,"7":0,"8":0,"9":0,"10":0,"11":0,"12":0,"13":0,"14":0},"f":{"0":0},"b":{"0":[0,0],"1":[0,0]}}
,"C:\\Users\\x-be\\OneDrive\\المستندات\\04-10-2025\\66666\\backend\\utils\\validators.js": {"path":"C:\\Users\\x-be\\OneDrive\\المستندات\\04-10-2025\\66666\\backend\\utils\\validators.js","statementMap":{"0":{"start":{"line":2,"column":12},"end":{"line":2,"column":26}},"1":{"start":{"line":5,"column":23},"end":{"line":30,"column":1}},"2":{"start":{"line":33,"column":27},"end":{"line":61,"column":1}},"3":{"start":{"line":64,"column":26},"end":{"line":77,"column":1}},"4":{"start":{"line":80,"column":17},"end":{"line":104,"column":1}},"5":{"start":{"line":81,"column":2},"end":{"line":103,"column":4}},"6":{"start":{"line":82,"column":29},"end":{"line":85,"column":6}},"7":{"start":{"line":87,"column":4},"end":{"line":99,"column":5}},"8":{"start":{"line":88,"column":23},"end":{"line":91,"column":9}},"9":{"start":{"line":88,"column":49},"end":{"line":91,"column":7}},"10":{"start":{"line":93,"column":6},"end":{"line":98,"column":9}},"11":{"start":{"line":101,"column":4},"end":{"line":101,"column":30}},"12":{"start":{"line":102,"column":4},"end":{"line":102,"column":11}},"13":{"start":{"line":106,"column":0},"end":{"line":111,"column":2}}},"fnMap":{"0":{"name":"(anonymous_0)","decl":{"start":{"line":80,"column":17},"end":{"line":80,"column":18}},"loc":{"start":{"line":80,"column":27},"end":{"line":104,"column":1}},"line":80},"1":{"name":"(anonymous_1)","decl":{"start":{"line":81,"column":9},"end":{"line":81,"column":10}},"loc":{"start":{"line":81,"column":29},"end":{"line":103,"column":3}},"line":81},"2":{"name":"(anonymous_2)","decl":{"start":{"line":88,"column":41},"end":{"line":88,"column":42}},"loc":{"start":{"line":88,"column":49},"end":{"line":91,"column":7}},"line":88}},"branchMap":{"0":{"loc":{"start":{"line":87,"column":4},"end":{"line":99,"column":5}},"type":"if","locations":[{"start":{"line":87,"column":4},"end":{"line":99,"column":5}},{"start":{},"end":{}}],"line":87}},"s":{"0":0,"1":0,"2":0,"3":0,"4":0,"5":0,"6":0,"7":0,"8":0,"9":0,"10":0,"11":0,"12":0,"13":0},"f":{"0":0,"1":0,"2":0},"b":{"0":[0,0]}}
}
