TN:
SF:server.js
FN:77,(anonymous_0)
FN:79,(anonymous_1)
FN:87,(anonymous_2)
FN:93,(anonymous_3)
FN:104,(anonymous_4)
FN:110,(anonymous_5)
FN:118,(anonymous_6)
FN:131,(anonymous_7)
FN:144,(anonymous_8)
FN:148,(anonymous_9)
FN:154,(anonymous_10)
FN:156,(anonymous_11)
FN:162,(anonymous_12)
FN:246,(anonymous_13)
FN:256,(anonymous_14)
FN:268,getModuleKPIs
FN:278,getSummarySystems
FN:294,getTopKPIs
FN:299,(anonymous_18)
FN:303,(anonymous_19)
FN:319,(anonymous_20)
FN:331,(anonymous_21)
FN:342,(anonymous_22)
FN:367,(anonymous_23)
FNF:24
FNH:0
FNDA:0,(anonymous_0)
FNDA:0,(anonymous_1)
FNDA:0,(anonymous_2)
FNDA:0,(anonymous_3)
FNDA:0,(anonymous_4)
FNDA:0,(anonymous_5)
FNDA:0,(anonymous_6)
FNDA:0,(anonymous_7)
FNDA:0,(anonymous_8)
FNDA:0,(anonymous_9)
FNDA:0,(anonymous_10)
FNDA:0,(anonymous_11)
FNDA:0,(anonymous_12)
FNDA:0,(anonymous_13)
FNDA:0,(anonymous_14)
FNDA:0,getModuleKPIs
FNDA:0,getSummarySystems
FNDA:0,getTopKPIs
FNDA:0,(anonymous_18)
FNDA:0,(anonymous_19)
FNDA:0,(anonymous_20)
FNDA:0,(anonymous_21)
FNDA:0,(anonymous_22)
FNDA:0,(anonymous_23)
DA:1,0
DA:2,0
DA:3,0
DA:4,0
DA:5,0
DA:6,0
DA:7,0
DA:8,0
DA:9,0
DA:12,0
DA:13,0
DA:14,0
DA:15,0
DA:19,0
DA:20,0
DA:21,0
DA:24,0
DA:25,0
DA:26,0
DA:27,0
DA:28,0
DA:31,0
DA:32,0
DA:33,0
DA:34,0
DA:35,0
DA:36,0
DA:37,0
DA:38,0
DA:39,0
DA:40,0
DA:41,0
DA:42,0
DA:43,0
DA:44,0
DA:45,0
DA:46,0
DA:47,0
DA:49,0
DA:50,0
DA:53,0
DA:56,0
DA:70,0
DA:72,0
DA:74,0
DA:75,0
DA:77,0
DA:79,0
DA:80,0
DA:81,0
DA:82,0
DA:83,0
DA:87,0
DA:88,0
DA:89,0
DA:93,0
DA:94,0
DA:95,0
DA:100,0
DA:104,0
DA:105,0
DA:106,0
DA:110,0
DA:111,0
DA:118,0
DA:119,0
DA:120,0
DA:121,0
DA:123,0
DA:124,0
DA:125,0
DA:126,0
DA:131,0
DA:132,0
DA:133,0
DA:134,0
DA:136,0
DA:141,0
DA:144,0
DA:145,0
DA:148,0
DA:149,0
DA:154,0
DA:155,0
DA:156,0
DA:157,0
DA:162,0
DA:163,0
DA:168,0
DA:173,0
DA:176,0
DA:177,0
DA:178,0
DA:181,0
DA:188,0
DA:191,0
DA:192,0
DA:195,0
DA:198,0
DA:201,0
DA:204,0
DA:207,0
DA:219,0
DA:220,0
DA:223,0
DA:224,0
DA:225,0
DA:226,0
DA:227,0
DA:228,0
DA:229,0
DA:230,0
DA:232,0
DA:234,0
DA:235,0
DA:236,0
DA:237,0
DA:238,0
DA:239,0
DA:240,0
DA:241,0
DA:242,0
DA:243,0
DA:246,0
DA:247,0
DA:256,0
DA:257,0
DA:269,0
DA:270,0
DA:271,0
DA:273,0
DA:274,0
DA:279,0
DA:280,0
DA:289,0
DA:290,0
DA:295,0
DA:296,0
DA:297,0
DA:299,0
DA:300,0
DA:301,0
DA:302,0
DA:303,0
DA:311,0
DA:313,0
DA:314,0
DA:319,0
DA:320,0
DA:321,0
DA:331,0
DA:332,0
DA:342,0
DA:343,0
DA:344,0
DA:345,0
DA:346,0
DA:348,0
DA:349,0
DA:351,0
DA:355,0
DA:360,0
DA:361,0
DA:362,0
DA:363,0
DA:366,0
DA:367,0
DA:368,0
DA:369,0
DA:370,0
LF:170
LH:0
BRDA:12,0,0,0
BRDA:12,0,1,0
BRDA:13,1,0,0
BRDA:13,1,1,0
BRDA:50,2,0,0
BRDA:50,2,1,0
BRDA:56,3,0,0
BRDA:56,3,1,0
BRDA:60,4,0,0
BRDA:60,4,1,0
BRDA:72,5,0,0
BRDA:72,5,1,0
BRDA:72,6,0,0
BRDA:72,6,1,0
BRDA:119,7,0,0
BRDA:119,7,1,0
BRDA:123,8,0,0
BRDA:123,8,1,0
BRDA:123,9,0,0
BRDA:123,9,1,0
BRDA:132,10,0,0
BRDA:132,10,1,0
BRDA:182,11,0,0
BRDA:182,11,1,0
BRDA:229,12,0,0
BRDA:229,12,1,0
BRDA:251,13,0,0
BRDA:251,13,1,0
BRDA:271,14,0,0
BRDA:271,14,1,0
BRDA:271,15,0,0
BRDA:271,15,1,0
BRDA:294,16,0,0
BRDA:301,17,0,0
BRDA:301,17,1,0
BRDA:321,18,0,0
BRDA:321,18,1,0
BRDA:323,19,0,0
BRDA:323,19,1,0
BRDA:324,20,0,0
BRDA:324,20,1,0
BRDA:325,21,0,0
BRDA:325,21,1,0
BRDA:345,22,0,0
BRDA:345,22,1,0
BRDA:366,23,0,0
BRDA:366,23,1,0
BRF:47
BRH:0
end_of_record
TN:
SF:start.js
FNF:0
FNH:0
DA:3,0
DA:4,0
LF:2
LH:0
BRF:0
BRH:0
end_of_record
TN:
SF:api\routes\ai.routes.js
FN:16,(anonymous_0)
FN:35,(anonymous_1)
FN:54,(anonymous_2)
FN:73,(anonymous_3)
FN:92,(anonymous_4)
FN:111,(anonymous_5)
FN:113,(anonymous_6)
FN:134,(anonymous_7)
FNF:8
FNH:0
FNDA:0,(anonymous_0)
FNDA:0,(anonymous_1)
FNDA:0,(anonymous_2)
FNDA:0,(anonymous_3)
FNDA:0,(anonymous_4)
FNDA:0,(anonymous_5)
FNDA:0,(anonymous_6)
FNDA:0,(anonymous_7)
DA:6,0
DA:7,0
DA:8,0
DA:10,0
DA:16,0
DA:17,0
DA:18,0
DA:20,0
DA:21,0
DA:24,0
DA:25,0
DA:27,0
DA:35,0
DA:36,0
DA:37,0
DA:39,0
DA:40,0
DA:43,0
DA:44,0
DA:46,0
DA:54,0
DA:55,0
DA:56,0
DA:58,0
DA:59,0
DA:62,0
DA:63,0
DA:65,0
DA:73,0
DA:74,0
DA:75,0
DA:77,0
DA:78,0
DA:81,0
DA:82,0
DA:84,0
DA:92,0
DA:93,0
DA:94,0
DA:96,0
DA:97,0
DA:100,0
DA:101,0
DA:103,0
DA:111,0
DA:112,0
DA:113,0
DA:120,0
DA:126,0
DA:134,0
DA:135,0
DA:136,0
DA:138,0
DA:139,0
DA:142,0
DA:147,0
DA:151,0
LF:57
LH:0
BRDA:20,0,0,0
BRDA:20,0,1,0
BRDA:20,1,0,0
BRDA:20,1,1,0
BRDA:39,2,0,0
BRDA:39,2,1,0
BRDA:39,3,0,0
BRDA:39,3,1,0
BRDA:58,4,0,0
BRDA:58,4,1,0
BRDA:62,5,0,0
BRDA:62,5,1,0
BRDA:77,6,0,0
BRDA:77,6,1,0
BRDA:77,7,0,0
BRDA:77,7,1,0
BRDA:96,8,0,0
BRDA:96,8,1,0
BRDA:100,9,0,0
BRDA:100,9,1,0
BRDA:138,10,0,0
BRDA:138,10,1,0
BRF:22
BRH:0
end_of_record
TN:
SF:api\routes\auth.routes.js
FN:31,(anonymous_0)
FN:99,(anonymous_1)
FN:179,(anonymous_2)
FN:236,(anonymous_3)
FN:253,(anonymous_4)
FN:287,(anonymous_5)
FN:331,(anonymous_6)
FNF:7
FNH:0
FNDA:0,(anonymous_0)
FNDA:0,(anonymous_1)
FNDA:0,(anonymous_2)
FNDA:0,(anonymous_3)
FNDA:0,(anonymous_4)
FNDA:0,(anonymous_5)
FNDA:0,(anonymous_6)
DA:1,0
DA:2,0
DA:3,0
DA:4,0
DA:8,0
DA:9,0
DA:10,0
DA:12,0
DA:13,0
DA:15,0
DA:16,0
DA:17,0
DA:18,0
DA:21,0
DA:22,0
DA:23,0
DA:24,0
DA:31,0
DA:32,0
DA:33,0
DA:36,0
DA:37,0
DA:38,0
DA:42,0
DA:49,0
DA:50,0
DA:53,0
DA:60,0
DA:67,0
DA:71,0
DA:86,0
DA:87,0
DA:99,0
DA:100,0
DA:101,0
DA:103,0
DA:104,0
DA:111,0
DA:112,0
DA:113,0
DA:114,0
DA:120,0
DA:121,0
DA:122,0
DA:125,0
DA:126,0
DA:128,0
DA:129,0
DA:130,0
DA:134,0
DA:141,0
DA:145,0
DA:150,0
DA:165,0
DA:166,0
DA:167,0
DA:179,0
DA:180,0
DA:181,0
DA:183,0
DA:184,0
DA:191,0
DA:194,0
DA:195,0
DA:196,0
DA:203,0
DA:207,0
DA:215,0
DA:216,0
DA:222,0
DA:223,0
DA:236,0
DA:237,0
DA:242,0
DA:253,0
DA:254,0
DA:255,0
DA:257,0
DA:258,0
DA:264,0
DA:274,0
DA:275,0
DA:287,0
DA:288,0
DA:289,0
DA:291,0
DA:292,0
DA:293,0
DA:299,0
DA:300,0
DA:302,0
DA:307,0
DA:318,0
DA:319,0
DA:331,0
DA:332,0
DA:333,0
DA:335,0
DA:336,0
DA:337,0
DA:344,0
DA:345,0
DA:346,0
DA:350,0
DA:357,0
DA:358,0
DA:359,0
DA:361,0
DA:366,0
DA:372,0
DA:373,0
DA:380,0
LF:112
LH:0
BRDA:8,0,0,0
BRDA:8,0,1,0
BRDA:21,1,0,0
BRDA:21,1,1,0
BRDA:22,2,0,0
BRDA:22,2,1,0
BRDA:37,3,0,0
BRDA:37,3,1,0
BRDA:68,4,0,0
BRDA:68,4,1,0
BRDA:103,5,0,0
BRDA:103,5,1,0
BRDA:103,6,0,0
BRDA:103,6,1,0
BRDA:112,7,0,0
BRDA:112,7,1,0
BRDA:122,8,0,0
BRDA:122,8,1,0
BRDA:128,9,0,0
BRDA:128,9,1,0
BRDA:142,10,0,0
BRDA:142,10,1,0
BRDA:183,11,0,0
BRDA:183,11,1,0
BRDA:195,12,0,0
BRDA:195,12,1,0
BRDA:215,13,0,0
BRDA:215,13,1,0
BRDA:215,14,0,0
BRDA:215,14,1,0
BRDA:226,15,0,0
BRDA:226,15,1,0
BRDA:257,16,0,0
BRDA:257,16,1,0
BRDA:292,17,0,0
BRDA:292,17,1,0
BRDA:299,18,0,0
BRDA:299,18,1,0
BRDA:336,19,0,0
BRDA:336,19,1,0
BRDA:345,20,0,0
BRDA:345,20,1,0
BRF:42
BRH:0
end_of_record
TN:
SF:api\routes\crm.routes.js
FN:239,calculateKPIs
FN:242,(anonymous_1)
FN:243,(anonymous_2)
FN:253,(anonymous_3)
FN:298,(anonymous_4)
FN:302,(anonymous_5)
FN:312,(anonymous_6)
FN:313,(anonymous_7)
FN:332,(anonymous_8)
FN:339,(anonymous_9)
FN:342,(anonymous_10)
FN:345,(anonymous_11)
FN:377,(anonymous_12)
FN:380,(anonymous_13)
FN:389,(anonymous_14)
FN:390,(anonymous_15)
FN:400,(anonymous_16)
FN:401,(anonymous_17)
FN:419,(anonymous_18)
FN:426,(anonymous_19)
FN:429,(anonymous_20)
FN:432,(anonymous_21)
FN:451,(anonymous_22)
FN:452,(anonymous_23)
FN:470,(anonymous_24)
FN:473,(anonymous_25)
FN:482,(anonymous_26)
FN:483,(anonymous_27)
FN:507,(anonymous_28)
FN:509,(anonymous_29)
FN:510,(anonymous_30)
FN:511,(anonymous_31)
FN:545,(anonymous_32)
FN:551,(anonymous_33)
FN:552,(anonymous_34)
FN:553,(anonymous_35)
FN:556,(anonymous_36)
FN:587,(anonymous_37)
FN:593,(anonymous_38)
FN:595,(anonymous_39)
FN:595,(anonymous_40)
FN:600,(anonymous_41)
FN:604,(anonymous_42)
FN:605,(anonymous_43)
FN:611,(anonymous_44)
FN:622,(anonymous_45)
FN:626,(anonymous_46)
FN:651,calculateDealTimeline
FNF:48
FNH:0
FNDA:0,calculateKPIs
FNDA:0,(anonymous_1)
FNDA:0,(anonymous_2)
FNDA:0,(anonymous_3)
FNDA:0,(anonymous_4)
FNDA:0,(anonymous_5)
FNDA:0,(anonymous_6)
FNDA:0,(anonymous_7)
FNDA:0,(anonymous_8)
FNDA:0,(anonymous_9)
FNDA:0,(anonymous_10)
FNDA:0,(anonymous_11)
FNDA:0,(anonymous_12)
FNDA:0,(anonymous_13)
FNDA:0,(anonymous_14)
FNDA:0,(anonymous_15)
FNDA:0,(anonymous_16)
FNDA:0,(anonymous_17)
FNDA:0,(anonymous_18)
FNDA:0,(anonymous_19)
FNDA:0,(anonymous_20)
FNDA:0,(anonymous_21)
FNDA:0,(anonymous_22)
FNDA:0,(anonymous_23)
FNDA:0,(anonymous_24)
FNDA:0,(anonymous_25)
FNDA:0,(anonymous_26)
FNDA:0,(anonymous_27)
FNDA:0,(anonymous_28)
FNDA:0,(anonymous_29)
FNDA:0,(anonymous_30)
FNDA:0,(anonymous_31)
FNDA:0,(anonymous_32)
FNDA:0,(anonymous_33)
FNDA:0,(anonymous_34)
FNDA:0,(anonymous_35)
FNDA:0,(anonymous_36)
FNDA:0,(anonymous_37)
FNDA:0,(anonymous_38)
FNDA:0,(anonymous_39)
FNDA:0,(anonymous_40)
FNDA:0,(anonymous_41)
FNDA:0,(anonymous_42)
FNDA:0,(anonymous_43)
FNDA:0,(anonymous_44)
FNDA:0,(anonymous_45)
FNDA:0,(anonymous_46)
FNDA:0,calculateDealTimeline
DA:15,0
DA:16,0
DA:17,0
DA:23,0
DA:240,0
DA:241,0
DA:242,0
DA:243,0
DA:244,0
DA:246,0
DA:253,0
DA:298,0
DA:299,0
DA:300,0
DA:301,0
DA:302,0
DA:304,0
DA:312,0
DA:313,0
DA:320,0
DA:332,0
DA:333,0
DA:334,0
DA:335,0
DA:338,0
DA:339,0
DA:341,0
DA:342,0
DA:344,0
DA:345,0
DA:349,0
DA:350,0
DA:352,0
DA:365,0
DA:377,0
DA:378,0
DA:379,0
DA:380,0
DA:382,0
DA:383,0
DA:389,0
DA:390,0
DA:392,0
DA:400,0
DA:401,0
DA:407,0
DA:419,0
DA:420,0
DA:421,0
DA:422,0
DA:425,0
DA:426,0
DA:428,0
DA:429,0
DA:431,0
DA:432,0
DA:436,0
DA:437,0
DA:439,0
DA:451,0
DA:452,0
DA:458,0
DA:470,0
DA:471,0
DA:472,0
DA:473,0
DA:475,0
DA:476,0
DA:482,0
DA:483,0
DA:485,0
DA:495,0
DA:507,0
DA:508,0
DA:509,0
DA:510,0
DA:511,0
DA:512,0
DA:520,0
DA:533,0
DA:545,0
DA:546,0
DA:547,0
DA:548,0
DA:551,0
DA:552,0
DA:553,0
DA:556,0
DA:559,0
DA:560,0
DA:562,0
DA:575,0
DA:587,0
DA:588,0
DA:589,0
DA:590,0
DA:593,0
DA:595,0
DA:599,0
DA:600,0
DA:601,0
DA:602,0
DA:604,0
DA:605,0
DA:606,0
DA:610,0
DA:611,0
DA:612,0
DA:613,0
DA:615,0
DA:618,0
DA:622,0
DA:626,0
DA:639,0
DA:652,0
DA:653,0
DA:654,0
DA:656,0
DA:664,0
LF:119
LH:0
BRDA:244,0,0,0
BRDA:244,0,1,0
BRDA:334,1,0,0
BRDA:334,2,0,0
BRDA:338,3,0,0
BRDA:338,3,1,0
BRDA:341,4,0,0
BRDA:341,4,1,0
BRDA:344,5,0,0
BRDA:344,5,1,0
BRDA:345,6,0,0
BRDA:345,6,1,0
BRDA:345,6,2,0
BRDA:382,7,0,0
BRDA:382,7,1,0
BRDA:421,8,0,0
BRDA:421,9,0,0
BRDA:425,10,0,0
BRDA:425,10,1,0
BRDA:428,11,0,0
BRDA:428,11,1,0
BRDA:431,12,0,0
BRDA:431,12,1,0
BRDA:452,13,0,0
BRDA:452,13,1,0
BRDA:475,14,0,0
BRDA:475,14,1,0
BRDA:547,15,0,0
BRDA:547,16,0,0
BRDA:551,17,0,0
BRDA:551,17,1,0
BRDA:552,18,0,0
BRDA:552,18,1,0
BRDA:553,19,0,0
BRDA:553,19,1,0
BRDA:601,20,0,0
BRDA:601,20,1,0
BRDA:612,21,0,0
BRDA:612,21,1,0
BRF:39
BRH:0
end_of_record
TN:
SF:api\routes\documents.routes.js
FN:214,(anonymous_0)
FN:218,(anonymous_1)
FN:224,(anonymous_2)
FN:225,(anonymous_3)
FN:226,(anonymous_4)
FN:231,(anonymous_5)
FN:264,(anonymous_6)
FN:272,(anonymous_7)
FN:277,(anonymous_8)
FN:284,(anonymous_9)
FN:287,(anonymous_10)
FN:293,(anonymous_11)
FN:295,(anonymous_12)
FN:297,(anonymous_13)
FN:331,(anonymous_14)
FN:333,(anonymous_15)
FN:343,(anonymous_16)
FN:347,(anonymous_17)
FN:351,(anonymous_18)
FN:376,(anonymous_19)
FN:396,(anonymous_20)
FN:416,(anonymous_21)
FN:470,(anonymous_22)
FN:472,(anonymous_23)
FN:510,(anonymous_24)
FN:512,(anonymous_25)
FN:541,(anonymous_26)
FN:551,(anonymous_27)
FN:554,(anonymous_28)
FN:560,(anonymous_29)
FN:565,(anonymous_30)
FN:570,(anonymous_31)
FN:573,(anonymous_32)
FN:578,(anonymous_33)
FN:602,(anonymous_34)
FN:605,(anonymous_35)
FN:606,(anonymous_36)
FN:607,(anonymous_37)
FN:610,(anonymous_38)
FN:618,(anonymous_39)
FN:619,(anonymous_40)
FN:620,(anonymous_41)
FN:625,(anonymous_42)
FN:627,(anonymous_43)
FN:637,(anonymous_44)
FN:638,(anonymous_45)
FN:639,(anonymous_46)
FNF:47
FNH:0
FNDA:0,(anonymous_0)
FNDA:0,(anonymous_1)
FNDA:0,(anonymous_2)
FNDA:0,(anonymous_3)
FNDA:0,(anonymous_4)
FNDA:0,(anonymous_5)
FNDA:0,(anonymous_6)
FNDA:0,(anonymous_7)
FNDA:0,(anonymous_8)
FNDA:0,(anonymous_9)
FNDA:0,(anonymous_10)
FNDA:0,(anonymous_11)
FNDA:0,(anonymous_12)
FNDA:0,(anonymous_13)
FNDA:0,(anonymous_14)
FNDA:0,(anonymous_15)
FNDA:0,(anonymous_16)
FNDA:0,(anonymous_17)
FNDA:0,(anonymous_18)
FNDA:0,(anonymous_19)
FNDA:0,(anonymous_20)
FNDA:0,(anonymous_21)
FNDA:0,(anonymous_22)
FNDA:0,(anonymous_23)
FNDA:0,(anonymous_24)
FNDA:0,(anonymous_25)
FNDA:0,(anonymous_26)
FNDA:0,(anonymous_27)
FNDA:0,(anonymous_28)
FNDA:0,(anonymous_29)
FNDA:0,(anonymous_30)
FNDA:0,(anonymous_31)
FNDA:0,(anonymous_32)
FNDA:0,(anonymous_33)
FNDA:0,(anonymous_34)
FNDA:0,(anonymous_35)
FNDA:0,(anonymous_36)
FNDA:0,(anonymous_37)
FNDA:0,(anonymous_38)
FNDA:0,(anonymous_39)
FNDA:0,(anonymous_40)
FNDA:0,(anonymous_41)
FNDA:0,(anonymous_42)
FNDA:0,(anonymous_43)
FNDA:0,(anonymous_44)
FNDA:0,(anonymous_45)
FNDA:0,(anonymous_46)
DA:16,0
DA:17,0
DA:18,0
DA:19,0
DA:20,0
DA:26,0
DA:214,0
DA:215,0
DA:216,0
DA:217,0
DA:218,0
DA:219,0
DA:222,0
DA:224,0
DA:225,0
DA:226,0
DA:231,0
DA:238,0
DA:240,0
DA:251,0
DA:264,0
DA:265,0
DA:266,0
DA:268,0
DA:271,0
DA:272,0
DA:276,0
DA:277,0
DA:281,0
DA:282,0
DA:283,0
DA:285,0
DA:287,0
DA:292,0
DA:293,0
DA:294,0
DA:295,0
DA:296,0
DA:297,0
DA:301,0
DA:302,0
DA:303,0
DA:305,0
DA:318,0
DA:331,0
DA:332,0
DA:333,0
DA:335,0
DA:336,0
DA:343,0
DA:346,0
DA:347,0
DA:351,0
DA:353,0
DA:363,0
DA:376,0
DA:377,0
DA:378,0
DA:383,0
DA:396,0
DA:397,0
DA:398,0
DA:403,0
DA:416,0
DA:417,0
DA:418,0
DA:421,0
DA:447,0
DA:449,0
DA:457,0
DA:470,0
DA:471,0
DA:472,0
DA:474,0
DA:475,0
DA:481,0
DA:487,0
DA:489,0
DA:497,0
DA:510,0
DA:511,0
DA:512,0
DA:514,0
DA:515,0
DA:521,0
DA:523,0
DA:528,0
DA:541,0
DA:542,0
DA:543,0
DA:545,0
DA:548,0
DA:549,0
DA:550,0
DA:552,0
DA:554,0
DA:559,0
DA:560,0
DA:564,0
DA:565,0
DA:569,0
DA:570,0
DA:572,0
DA:573,0
DA:577,0
DA:578,0
DA:581,0
DA:589,0
DA:602,0
DA:603,0
DA:604,0
DA:605,0
DA:606,0
DA:607,0
DA:610,0
DA:617,0
DA:618,0
DA:619,0
DA:620,0
DA:624,0
DA:625,0
DA:627,0
DA:634,0
DA:637,0
DA:638,0
DA:639,0
DA:643,0
DA:659,0
DA:667,0
LF:129
LH:0
BRDA:266,0,0,0
BRDA:266,1,0,0
BRDA:271,2,0,0
BRDA:271,2,1,0
BRDA:276,3,0,0
BRDA:276,3,1,0
BRDA:281,4,0,0
BRDA:281,4,1,0
BRDA:285,5,0,0
BRDA:285,5,1,0
BRDA:285,5,2,0
BRDA:292,6,0,0
BRDA:292,6,1,0
BRDA:294,7,0,0
BRDA:294,7,1,0
BRDA:296,8,0,0
BRDA:296,8,1,0
BRDA:335,9,0,0
BRDA:335,9,1,0
BRDA:347,10,0,0
BRDA:347,10,1,0
BRDA:432,11,0,0
BRDA:432,11,1,0
BRDA:442,12,0,0
BRDA:442,12,1,0
BRDA:474,13,0,0
BRDA:474,13,1,0
BRDA:514,14,0,0
BRDA:514,14,1,0
BRDA:548,15,0,0
BRDA:548,15,1,0
BRDA:552,16,0,0
BRDA:552,16,1,0
BRDA:552,16,2,0
BRDA:559,17,0,0
BRDA:559,17,1,0
BRDA:564,18,0,0
BRDA:564,18,1,0
BRDA:569,19,0,0
BRDA:569,19,1,0
BRDA:572,20,0,0
BRDA:572,20,1,0
BRDA:577,21,0,0
BRDA:577,21,1,0
BRF:44
BRH:0
end_of_record
TN:
SF:api\routes\integration.routes.js
FN:14,(anonymous_0)
FN:24,(anonymous_1)
FN:36,(anonymous_2)
FN:46,(anonymous_3)
FN:56,(anonymous_4)
FN:68,(anonymous_5)
FN:78,(anonymous_6)
FN:94,(anonymous_7)
FN:105,(anonymous_8)
FN:114,(anonymous_9)
FNF:10
FNH:0
FNDA:0,(anonymous_0)
FNDA:0,(anonymous_1)
FNDA:0,(anonymous_2)
FNDA:0,(anonymous_3)
FNDA:0,(anonymous_4)
FNDA:0,(anonymous_5)
FNDA:0,(anonymous_6)
FNDA:0,(anonymous_7)
FNDA:0,(anonymous_8)
FNDA:0,(anonymous_9)
DA:6,0
DA:7,0
DA:8,0
DA:10,0
DA:14,0
DA:15,0
DA:16,0
DA:17,0
DA:18,0
DA:20,0
DA:24,0
DA:25,0
DA:26,0
DA:27,0
DA:28,0
DA:30,0
DA:36,0
DA:37,0
DA:38,0
DA:39,0
DA:40,0
DA:42,0
DA:46,0
DA:47,0
DA:48,0
DA:49,0
DA:50,0
DA:52,0
DA:56,0
DA:57,0
DA:58,0
DA:59,0
DA:60,0
DA:62,0
DA:68,0
DA:69,0
DA:70,0
DA:71,0
DA:72,0
DA:74,0
DA:78,0
DA:79,0
DA:80,0
DA:81,0
DA:83,0
DA:84,0
DA:87,0
DA:88,0
DA:90,0
DA:94,0
DA:95,0
DA:96,0
DA:97,0
DA:99,0
DA:105,0
DA:106,0
DA:107,0
DA:108,0
DA:110,0
DA:114,0
DA:115,0
DA:116,0
DA:117,0
DA:118,0
DA:120,0
DA:124,0
LF:66
LH:0
BRDA:83,0,0,0
BRDA:83,0,1,0
BRDA:117,1,0,0
BRDA:117,1,1,0
BRF:4
BRH:0
end_of_record
TN:
SF:api\routes\modules.routes.js
FN:229,(anonymous_0)
FN:264,(anonymous_1)
FN:291,(anonymous_2)
FNF:3
FNH:0
FNDA:0,(anonymous_0)
FNDA:0,(anonymous_1)
FNDA:0,(anonymous_2)
DA:1,0
DA:2,0
DA:3,0
DA:6,0
DA:229,0
DA:230,0
DA:231,0
DA:234,0
DA:235,0
DA:243,0
DA:250,0
DA:251,0
DA:264,0
DA:265,0
DA:266,0
DA:268,0
DA:277,0
DA:278,0
DA:291,0
DA:292,0
DA:293,0
DA:295,0
DA:305,0
DA:306,0
DA:314,0
LF:25
LH:0
BRDA:234,0,0,0
BRDA:234,0,1,0
BRDA:293,1,0,0
BRDA:293,1,1,0
BRF:4
BRH:0
end_of_record
TN:
SF:api\routes\project.routes.js
FN:14,(anonymous_0)
FN:24,(anonymous_1)
FN:34,(anonymous_2)
FN:48,(anonymous_3)
FN:60,(anonymous_4)
FN:70,(anonymous_5)
FN:82,(anonymous_6)
FN:94,(anonymous_7)
FN:106,(anonymous_8)
FN:116,(anonymous_9)
FN:128,(anonymous_10)
FN:137,(anonymous_11)
FN:146,(anonymous_12)
FN:157,(anonymous_13)
FNF:14
FNH:0
FNDA:0,(anonymous_0)
FNDA:0,(anonymous_1)
FNDA:0,(anonymous_2)
FNDA:0,(anonymous_3)
FNDA:0,(anonymous_4)
FNDA:0,(anonymous_5)
FNDA:0,(anonymous_6)
FNDA:0,(anonymous_7)
FNDA:0,(anonymous_8)
FNDA:0,(anonymous_9)
FNDA:0,(anonymous_10)
FNDA:0,(anonymous_11)
FNDA:0,(anonymous_12)
FNDA:0,(anonymous_13)
DA:6,0
DA:7,0
DA:8,0
DA:10,0
DA:14,0
DA:15,0
DA:16,0
DA:17,0
DA:18,0
DA:20,0
DA:24,0
DA:25,0
DA:26,0
DA:27,0
DA:28,0
DA:30,0
DA:34,0
DA:35,0
DA:36,0
DA:37,0
DA:38,0
DA:40,0
DA:42,0
DA:48,0
DA:49,0
DA:50,0
DA:51,0
DA:52,0
DA:54,0
DA:60,0
DA:61,0
DA:62,0
DA:63,0
DA:64,0
DA:66,0
DA:70,0
DA:71,0
DA:72,0
DA:73,0
DA:74,0
DA:76,0
DA:82,0
DA:83,0
DA:84,0
DA:85,0
DA:86,0
DA:88,0
DA:94,0
DA:95,0
DA:96,0
DA:97,0
DA:98,0
DA:100,0
DA:106,0
DA:107,0
DA:108,0
DA:109,0
DA:110,0
DA:112,0
DA:116,0
DA:117,0
DA:118,0
DA:119,0
DA:120,0
DA:122,0
DA:128,0
DA:129,0
DA:130,0
DA:131,0
DA:133,0
DA:137,0
DA:138,0
DA:139,0
DA:140,0
DA:142,0
DA:146,0
DA:147,0
DA:148,0
DA:149,0
DA:151,0
DA:157,0
DA:158,0
DA:159,0
DA:160,0
DA:161,0
DA:163,0
DA:167,0
LF:87
LH:0
BRDA:37,0,0,0
BRDA:37,0,1,0
BRF:2
BRH:0
end_of_record
TN:
SF:api\routes\reporting.routes.js
FN:16,(anonymous_0)
FN:40,(anonymous_1)
FN:63,(anonymous_2)
FN:81,(anonymous_3)
FN:105,(anonymous_4)
FNF:5
FNH:0
FNDA:0,(anonymous_0)
FNDA:0,(anonymous_1)
FNDA:0,(anonymous_2)
FNDA:0,(anonymous_3)
FNDA:0,(anonymous_4)
DA:6,0
DA:7,0
DA:8,0
DA:10,0
DA:16,0
DA:17,0
DA:18,0
DA:20,0
DA:21,0
DA:24,0
DA:26,0
DA:32,0
DA:40,0
DA:41,0
DA:42,0
DA:44,0
DA:45,0
DA:48,0
DA:50,0
DA:55,0
DA:63,0
DA:64,0
DA:65,0
DA:67,0
DA:68,0
DA:71,0
DA:73,0
DA:81,0
DA:82,0
DA:83,0
DA:84,0
DA:86,0
DA:87,0
DA:90,0
DA:91,0
DA:92,0
DA:94,0
DA:97,0
DA:105,0
DA:106,0
DA:107,0
DA:109,0
DA:110,0
DA:113,0
DA:115,0
DA:119,0
LF:46
LH:0
BRDA:20,0,0,0
BRDA:20,0,1,0
BRDA:20,1,0,0
BRDA:20,1,1,0
BRDA:44,2,0,0
BRDA:44,2,1,0
BRDA:44,3,0,0
BRDA:44,3,1,0
BRDA:67,4,0,0
BRDA:67,4,1,0
BRDA:84,5,0,0
BRDA:84,5,1,0
BRDA:86,6,0,0
BRDA:86,6,1,0
BRDA:90,7,0,0
BRDA:90,7,1,0
BRDA:90,8,0,0
BRDA:90,8,1,0
BRDA:91,9,0,0
BRDA:91,9,1,0
BRDA:109,10,0,0
BRDA:109,10,1,0
BRF:22
BRH:0
end_of_record
TN:
SF:api\routes\search.routes.js
FN:17,(anonymous_0)
FN:45,(anonymous_1)
FN:72,(anonymous_2)
FN:99,(anonymous_3)
FN:127,(anonymous_4)
FN:144,(anonymous_5)
FN:171,(anonymous_6)
FNF:7
FNH:0
FNDA:0,(anonymous_0)
FNDA:0,(anonymous_1)
FNDA:0,(anonymous_2)
FNDA:0,(anonymous_3)
FNDA:0,(anonymous_4)
FNDA:0,(anonymous_5)
FNDA:0,(anonymous_6)
DA:6,0
DA:7,0
DA:8,0
DA:11,0
DA:17,0
DA:18,0
DA:19,0
DA:21,0
DA:22,0
DA:28,0
DA:30,0
DA:37,0
DA:45,0
DA:46,0
DA:47,0
DA:49,0
DA:50,0
DA:56,0
DA:58,0
DA:64,0
DA:72,0
DA:73,0
DA:74,0
DA:76,0
DA:77,0
DA:83,0
DA:85,0
DA:91,0
DA:99,0
DA:100,0
DA:101,0
DA:103,0
DA:104,0
DA:110,0
DA:112,0
DA:119,0
DA:127,0
DA:128,0
DA:129,0
DA:131,0
DA:136,0
DA:144,0
DA:145,0
DA:146,0
DA:148,0
DA:149,0
DA:155,0
DA:157,0
DA:163,0
DA:171,0
DA:172,0
DA:173,0
DA:175,0
DA:176,0
DA:182,0
DA:184,0
DA:185,0
DA:186,0
DA:187,0
DA:188,0
DA:189,0
DA:196,0
DA:200,0
LF:63
LH:0
BRDA:21,0,0,0
BRDA:21,0,1,0
BRDA:21,1,0,0
BRDA:21,1,1,0
BRDA:49,2,0,0
BRDA:49,2,1,0
BRDA:49,3,0,0
BRDA:49,3,1,0
BRDA:76,4,0,0
BRDA:76,4,1,0
BRDA:103,5,0,0
BRDA:103,5,1,0
BRDA:103,6,0,0
BRDA:103,6,1,0
BRDA:148,7,0,0
BRDA:148,7,1,0
BRDA:148,8,0,0
BRDA:148,8,1,0
BRDA:175,9,0,0
BRDA:175,9,1,0
BRDA:175,10,0,0
BRDA:175,10,1,0
BRDA:184,11,0,0
BRDA:184,11,1,0
BRDA:188,12,0,0
BRDA:188,12,1,0
BRF:26
BRH:0
end_of_record
TN:
SF:api\routes\setupRoutes.js
FN:19,setupNewRoutes
FNF:1
FNH:0
FNDA:0,setupNewRoutes
DA:10,0
DA:11,0
DA:12,0
DA:13,0
DA:14,0
DA:21,0
DA:24,0
DA:27,0
DA:30,0
DA:33,0
DA:35,0
DA:36,0
DA:39,0
DA:94,0
DA:97,0
LF:15
LH:0
BRF:0
BRH:0
end_of_record
TN:
SF:api\routes\transport.routes.js
FN:23,(anonymous_0)
FN:40,(anonymous_1)
FN:60,(anonymous_2)
FN:82,(anonymous_3)
FN:99,(anonymous_4)
FN:115,(anonymous_5)
FN:135,(anonymous_6)
FN:152,(anonymous_7)
FN:172,(anonymous_8)
FN:194,(anonymous_9)
FN:211,(anonymous_10)
FN:227,(anonymous_11)
FN:245,(anonymous_12)
FN:262,(anonymous_13)
FN:279,(anonymous_14)
FN:301,(anonymous_15)
FN:320,(anonymous_16)
FN:337,(anonymous_17)
FN:358,(anonymous_18)
FN:375,(anonymous_19)
FN:394,(anonymous_20)
FN:411,(anonymous_21)
FN:429,(anonymous_22)
FN:448,(anonymous_23)
FN:465,(anonymous_24)
FN:482,(anonymous_25)
FN:499,(anonymous_26)
FN:517,(anonymous_27)
FN:534,(anonymous_28)
FN:555,(anonymous_29)
FN:572,(anonymous_30)
FN:590,(anonymous_31)
FN:607,(anonymous_32)
FN:626,(anonymous_33)
FN:637,(anonymous_34)
FN:639,(anonymous_35)
FN:641,(anonymous_36)
FNF:37
FNH:0
FNDA:0,(anonymous_0)
FNDA:0,(anonymous_1)
FNDA:0,(anonymous_2)
FNDA:0,(anonymous_3)
FNDA:0,(anonymous_4)
FNDA:0,(anonymous_5)
FNDA:0,(anonymous_6)
FNDA:0,(anonymous_7)
FNDA:0,(anonymous_8)
FNDA:0,(anonymous_9)
FNDA:0,(anonymous_10)
FNDA:0,(anonymous_11)
FNDA:0,(anonymous_12)
FNDA:0,(anonymous_13)
FNDA:0,(anonymous_14)
FNDA:0,(anonymous_15)
FNDA:0,(anonymous_16)
FNDA:0,(anonymous_17)
FNDA:0,(anonymous_18)
FNDA:0,(anonymous_19)
FNDA:0,(anonymous_20)
FNDA:0,(anonymous_21)
FNDA:0,(anonymous_22)
FNDA:0,(anonymous_23)
FNDA:0,(anonymous_24)
FNDA:0,(anonymous_25)
FNDA:0,(anonymous_26)
FNDA:0,(anonymous_27)
FNDA:0,(anonymous_28)
FNDA:0,(anonymous_29)
FNDA:0,(anonymous_30)
FNDA:0,(anonymous_31)
FNDA:0,(anonymous_32)
FNDA:0,(anonymous_33)
FNDA:0,(anonymous_34)
FNDA:0,(anonymous_35)
FNDA:0,(anonymous_36)
DA:6,0
DA:7,0
DA:8,0
DA:18,0
DA:23,0
DA:24,0
DA:25,0
DA:26,0
DA:32,0
DA:40,0
DA:41,0
DA:42,0
DA:43,0
DA:45,0
DA:46,0
DA:52,0
DA:60,0
DA:61,0
DA:62,0
DA:63,0
DA:64,0
DA:69,0
DA:74,0
DA:82,0
DA:83,0
DA:84,0
DA:85,0
DA:91,0
DA:99,0
DA:100,0
DA:101,0
DA:102,0
DA:107,0
DA:115,0
DA:116,0
DA:117,0
DA:118,0
DA:119,0
DA:125,0
DA:135,0
DA:136,0
DA:137,0
DA:138,0
DA:144,0
DA:152,0
DA:153,0
DA:154,0
DA:155,0
DA:157,0
DA:158,0
DA:164,0
DA:172,0
DA:173,0
DA:174,0
DA:175,0
DA:176,0
DA:181,0
DA:186,0
DA:194,0
DA:195,0
DA:196,0
DA:197,0
DA:203,0
DA:211,0
DA:212,0
DA:213,0
DA:214,0
DA:219,0
DA:227,0
DA:228,0
DA:229,0
DA:230,0
DA:235,0
DA:245,0
DA:246,0
DA:247,0
DA:248,0
DA:254,0
DA:262,0
DA:263,0
DA:264,0
DA:265,0
DA:271,0
DA:279,0
DA:280,0
DA:281,0
DA:282,0
DA:283,0
DA:288,0
DA:293,0
DA:301,0
DA:302,0
DA:303,0
DA:304,0
DA:310,0
DA:320,0
DA:321,0
DA:322,0
DA:323,0
DA:329,0
DA:337,0
DA:338,0
DA:339,0
DA:340,0
DA:341,0
DA:343,0
DA:344,0
DA:350,0
DA:358,0
DA:359,0
DA:360,0
DA:361,0
DA:367,0
DA:375,0
DA:376,0
DA:377,0
DA:378,0
DA:384,0
DA:394,0
DA:395,0
DA:396,0
DA:397,0
DA:403,0
DA:411,0
DA:412,0
DA:413,0
DA:414,0
DA:415,0
DA:421,0
DA:429,0
DA:430,0
DA:431,0
DA:432,0
DA:433,0
DA:438,0
DA:448,0
DA:449,0
DA:450,0
DA:451,0
DA:457,0
DA:465,0
DA:466,0
DA:467,0
DA:468,0
DA:474,0
DA:482,0
DA:483,0
DA:484,0
DA:485,0
DA:491,0
DA:499,0
DA:500,0
DA:501,0
DA:502,0
DA:507,0
DA:517,0
DA:518,0
DA:519,0
DA:520,0
DA:526,0
DA:534,0
DA:535,0
DA:536,0
DA:537,0
DA:538,0
DA:540,0
DA:541,0
DA:547,0
DA:555,0
DA:556,0
DA:557,0
DA:558,0
DA:564,0
DA:572,0
DA:573,0
DA:574,0
DA:575,0
DA:580,0
DA:590,0
DA:591,0
DA:592,0
DA:593,0
DA:599,0
DA:607,0
DA:608,0
DA:609,0
DA:610,0
DA:616,0
DA:626,0
DA:627,0
DA:628,0
DA:629,0
DA:630,0
DA:631,0
DA:633,0
DA:637,0
DA:639,0
DA:641,0
DA:646,0
DA:653,0
LF:200
LH:0
BRDA:43,0,0,0
BRDA:43,0,1,0
BRDA:63,1,0,0
BRDA:63,1,1,0
BRDA:155,2,0,0
BRDA:155,2,1,0
BRDA:175,3,0,0
BRDA:175,3,1,0
BRDA:282,4,0,0
BRDA:282,4,1,0
BRDA:340,5,0,0
BRDA:340,5,1,0
BRDA:341,6,0,0
BRDA:341,6,1,0
BRDA:537,7,0,0
BRDA:537,7,1,0
BRDA:538,8,0,0
BRDA:538,8,1,0
BRF:18
BRH:0
end_of_record
TN:
SF:api\routes\users.routes.js
FN:20,(anonymous_0)
FN:32,(anonymous_1)
FN:61,(anonymous_2)
FN:102,(anonymous_3)
FN:160,(anonymous_4)
FN:208,(anonymous_5)
FNF:6
FNH:0
FNDA:0,(anonymous_0)
FNDA:0,(anonymous_1)
FNDA:0,(anonymous_2)
FNDA:0,(anonymous_3)
FNDA:0,(anonymous_4)
FNDA:0,(anonymous_5)
DA:1,0
DA:2,0
DA:6,0
DA:7,0
DA:9,0
DA:11,0
DA:12,0
DA:13,0
DA:20,0
DA:21,0
DA:22,0
DA:24,0
DA:25,0
DA:32,0
DA:42,0
DA:47,0
DA:48,0
DA:61,0
DA:62,0
DA:63,0
DA:65,0
DA:66,0
DA:73,0
DA:83,0
DA:88,0
DA:89,0
DA:102,0
DA:103,0
DA:104,0
DA:107,0
DA:108,0
DA:109,0
DA:116,0
DA:117,0
DA:118,0
DA:120,0
DA:127,0
DA:134,0
DA:146,0
DA:147,0
DA:160,0
DA:161,0
DA:162,0
DA:164,0
DA:165,0
DA:166,0
DA:172,0
DA:173,0
DA:175,0
DA:177,0
DA:183,0
DA:194,0
DA:195,0
DA:208,0
DA:209,0
DA:211,0
DA:212,0
DA:218,0
DA:219,0
DA:220,0
DA:226,0
DA:228,0
DA:235,0
DA:240,0
DA:241,0
DA:249,0
LF:66
LH:0
BRDA:6,0,0,0
BRDA:6,0,1,0
BRDA:24,1,0,0
BRDA:24,1,1,0
BRDA:24,2,0,0
BRDA:24,2,1,0
BRDA:51,3,0,0
BRDA:51,3,1,0
BRDA:65,4,0,0
BRDA:65,4,1,0
BRDA:92,5,0,0
BRDA:92,5,1,0
BRDA:108,6,0,0
BRDA:108,6,1,0
BRDA:124,7,0,0
BRDA:124,7,1,0
BRDA:150,8,0,0
BRDA:150,8,1,0
BRDA:165,9,0,0
BRDA:165,9,1,0
BRDA:172,10,0,0
BRDA:172,10,1,0
BRDA:173,11,0,0
BRDA:173,11,1,0
BRDA:198,12,0,0
BRDA:198,12,1,0
BRDA:211,13,0,0
BRDA:211,13,1,0
BRDA:219,14,0,0
BRDA:219,14,1,0
BRDA:244,15,0,0
BRDA:244,15,1,0
BRF:32
BRH:0
end_of_record
TN:
SF:api\routes\workflows.routes.js
FN:11,(anonymous_0)
FN:19,(anonymous_1)
FN:41,(anonymous_2)
FN:48,(anonymous_3)
FN:49,(anonymous_4)
FN:50,(anonymous_5)
FN:51,(anonymous_6)
FN:51,(anonymous_7)
FN:70,(anonymous_8)
FN:90,(anonymous_9)
FN:152,(anonymous_10)
FN:181,(anonymous_11)
FN:190,(anonymous_12)
FN:288,(anonymous_13)
FN:297,(anonymous_14)
FN:350,(anonymous_15)
FN:357,(anonymous_16)
FN:358,(anonymous_17)
FN:359,(anonymous_18)
FN:360,(anonymous_19)
FN:390,(anonymous_20)
FN:410,(anonymous_21)
FN:417,(anonymous_22)
FN:418,(anonymous_23)
FN:419,(anonymous_24)
FN:420,(anonymous_25)
FN:421,(anonymous_26)
FN:440,calculateExpectedCompletion
FN:441,(anonymous_28)
FN:449,canAccessWorkflow
FN:451,(anonymous_30)
FN:454,groupBy
FN:455,(anonymous_32)
FN:462,calculateAverageCompletionTime
FN:463,(anonymous_34)
FN:466,(anonymous_35)
FN:473,calculateSLACompliance
FN:474,(anonymous_37)
FN:477,(anonymous_38)
FN:481,calculateApprovalRates
FN:482,(anonymous_40)
FN:489,(anonymous_41)
FN:490,(anonymous_42)
FN:495,calculateAverageRevisions
FN:496,(anonymous_44)
FN:497,(anonymous_45)
FN:503,addAuditLog
FN:514,sendNotification
FN:521,initializeDefaultTemplates
FN:545,(anonymous_49)
FNF:50
FNH:0
FNDA:0,(anonymous_0)
FNDA:0,(anonymous_1)
FNDA:0,(anonymous_2)
FNDA:0,(anonymous_3)
FNDA:0,(anonymous_4)
FNDA:0,(anonymous_5)
FNDA:0,(anonymous_6)
FNDA:0,(anonymous_7)
FNDA:0,(anonymous_8)
FNDA:0,(anonymous_9)
FNDA:0,(anonymous_10)
FNDA:0,(anonymous_11)
FNDA:0,(anonymous_12)
FNDA:0,(anonymous_13)
FNDA:0,(anonymous_14)
FNDA:0,(anonymous_15)
FNDA:0,(anonymous_16)
FNDA:0,(anonymous_17)
FNDA:0,(anonymous_18)
FNDA:0,(anonymous_19)
FNDA:0,(anonymous_20)
FNDA:0,(anonymous_21)
FNDA:0,(anonymous_22)
FNDA:0,(anonymous_23)
FNDA:0,(anonymous_24)
FNDA:0,(anonymous_25)
FNDA:0,(anonymous_26)
FNDA:0,calculateExpectedCompletion
FNDA:0,(anonymous_28)
FNDA:0,canAccessWorkflow
FNDA:0,(anonymous_30)
FNDA:0,groupBy
FNDA:0,(anonymous_32)
FNDA:0,calculateAverageCompletionTime
FNDA:0,(anonymous_34)
FNDA:0,(anonymous_35)
FNDA:0,calculateSLACompliance
FNDA:0,(anonymous_37)
FNDA:0,(anonymous_38)
FNDA:0,calculateApprovalRates
FNDA:0,(anonymous_40)
FNDA:0,(anonymous_41)
FNDA:0,(anonymous_42)
FNDA:0,calculateAverageRevisions
FNDA:0,(anonymous_44)
FNDA:0,(anonymous_45)
FNDA:0,addAuditLog
FNDA:0,sendNotification
FNDA:0,initializeDefaultTemplates
FNDA:0,(anonymous_49)
DA:6,0
DA:7,0
DA:8,0
DA:11,0
DA:12,0
DA:13,0
DA:15,0
DA:16,0
DA:19,0
DA:20,0
DA:21,0
DA:22,0
DA:27,0
DA:28,0
DA:29,0
DA:30,0
DA:31,0
DA:41,0
DA:42,0
DA:43,0
DA:45,0
DA:48,0
DA:49,0
DA:50,0
DA:51,0
DA:53,0
DA:59,0
DA:70,0
DA:71,0
DA:72,0
DA:74,0
DA:75,0
DA:76,0
DA:79,0
DA:90,0
DA:128,0
DA:131,0
DA:134,0
DA:136,0
DA:141,0
DA:152,0
DA:153,0
DA:154,0
DA:156,0
DA:157,0
DA:161,0
DA:162,0
DA:165,0
DA:170,0
DA:181,0
DA:182,0
DA:183,0
DA:185,0
DA:186,0
DA:187,0
DA:190,0
DA:191,0
DA:192,0
DA:196,0
DA:197,0
DA:200,0
DA:212,0
DA:215,0
DA:217,0
DA:218,0
DA:221,0
DA:222,0
DA:223,0
DA:224,0
DA:225,0
DA:227,0
DA:228,0
DA:231,0
DA:232,0
DA:234,0
DA:237,0
DA:238,0
DA:239,0
DA:240,0
DA:243,0
DA:244,0
DA:245,0
DA:248,0
DA:252,0
DA:262,0
DA:263,0
DA:266,0
DA:269,0
DA:271,0
DA:277,0
DA:288,0
DA:289,0
DA:290,0
DA:292,0
DA:293,0
DA:294,0
DA:297,0
DA:298,0
DA:299,0
DA:302,0
DA:313,0
DA:316,0
DA:317,0
DA:319,0
DA:327,0
DA:328,0
DA:331,0
DA:333,0
DA:339,0
DA:350,0
DA:351,0
DA:352,0
DA:354,0
DA:357,0
DA:358,0
DA:359,0
DA:360,0
DA:374,0
DA:379,0
DA:390,0
DA:391,0
DA:392,0
DA:394,0
DA:399,0
DA:410,0
DA:411,0
DA:412,0
DA:414,0
DA:417,0
DA:418,0
DA:419,0
DA:420,0
DA:421,0
DA:423,0
DA:429,0
DA:441,0
DA:442,0
DA:443,0
DA:446,0
DA:451,0
DA:455,0
DA:456,0
DA:457,0
DA:458,0
DA:463,0
DA:464,0
DA:466,0
DA:467,0
DA:470,0
DA:474,0
DA:475,0
DA:477,0
DA:478,0
DA:482,0
DA:484,0
DA:485,0
DA:488,0
DA:489,0
DA:490,0
DA:496,0
DA:497,0
DA:500,0
DA:504,0
DA:516,0
DA:517,0
DA:522,0
DA:545,0
DA:546,0
DA:551,0
DA:553,0
LF:170
LH:0
BRDA:13,0,0,0
BRDA:13,0,1,0
BRDA:15,1,0,0
BRDA:15,1,1,0
BRDA:19,2,0,0
BRDA:19,2,1,0
BRDA:20,3,0,0
BRDA:20,3,1,0
BRDA:48,4,0,0
BRDA:48,4,1,0
BRDA:49,5,0,0
BRDA:49,5,1,0
BRDA:50,6,0,0
BRDA:50,6,1,0
BRDA:51,7,0,0
BRDA:51,7,1,0
BRDA:51,8,0,0
BRDA:51,8,1,0
BRDA:75,9,0,0
BRDA:75,9,1,0
BRDA:84,10,0,0
BRDA:84,10,1,0
BRDA:85,11,0,0
BRDA:85,11,1,0
BRDA:86,12,0,0
BRDA:86,12,1,0
BRDA:156,13,0,0
BRDA:156,13,1,0
BRDA:161,14,0,0
BRDA:161,14,1,0
BRDA:186,15,0,0
BRDA:186,15,1,0
BRDA:191,16,0,0
BRDA:191,16,1,0
BRDA:196,17,0,0
BRDA:196,17,1,0
BRDA:206,18,0,0
BRDA:206,18,1,0
BRDA:215,19,0,0
BRDA:215,19,1,0
BRDA:215,19,2,0
BRDA:215,19,3,0
BRDA:222,20,0,0
BRDA:222,20,1,0
BRDA:227,21,0,0
BRDA:227,21,1,0
BRDA:274,22,0,0
BRDA:274,22,1,0
BRDA:274,23,0,0
BRDA:274,23,1,0
BRDA:274,24,0,0
BRDA:274,24,1,0
BRDA:293,25,0,0
BRDA:293,25,1,0
BRDA:298,26,0,0
BRDA:298,26,1,0
BRDA:417,27,0,0
BRDA:417,27,1,0
BRDA:418,28,0,0
BRDA:418,28,1,0
BRDA:419,29,0,0
BRDA:419,29,1,0
BRDA:420,30,0,0
BRDA:420,30,1,0
BRDA:421,31,0,0
BRDA:421,31,1,0
BRDA:442,32,0,0
BRDA:442,32,1,0
BRDA:443,33,0,0
BRDA:443,33,1,0
BRDA:443,33,2,0
BRDA:451,34,0,0
BRDA:451,34,1,0
BRDA:457,35,0,0
BRDA:457,35,1,0
BRDA:464,36,0,0
BRDA:464,36,1,0
BRDA:475,37,0,0
BRDA:475,37,1,0
BRDA:482,38,0,0
BRDA:482,38,1,0
BRDA:484,39,0,0
BRDA:484,39,1,0
BRDA:500,40,0,0
BRDA:500,40,1,0
BRDA:514,41,0,0
BRF:86
BRH:0
end_of_record
TN:
SF:config\database.js
FN:6,(anonymous_0)
FN:42,(anonymous_1)
FN:46,(anonymous_2)
FN:51,(anonymous_3)
FN:71,(anonymous_4)
FN:86,(anonymous_5)
FNF:6
FNH:0
FNDA:0,(anonymous_0)
FNDA:0,(anonymous_1)
FNDA:0,(anonymous_2)
FNDA:0,(anonymous_3)
FNDA:0,(anonymous_4)
FNDA:0,(anonymous_5)
DA:2,0
DA:4,0
DA:6,0
DA:8,0
DA:9,0
DA:10,0
DA:11,0
DA:14,0
DA:15,0
DA:16,0
DA:17,0
DA:18,0
DA:21,0
DA:22,0
DA:23,0
DA:26,0
DA:27,0
DA:29,0
DA:31,0
DA:38,0
DA:40,0
DA:42,0
DA:43,0
DA:46,0
DA:47,0
DA:48,0
DA:51,0
DA:52,0
DA:53,0
DA:56,0
DA:58,0
DA:60,0
DA:61,0
DA:62,0
DA:63,0
DA:66,0
DA:67,0
DA:71,0
DA:72,0
DA:73,0
DA:74,0
DA:75,0
DA:76,0
DA:79,0
DA:83,0
DA:86,0
LF:46
LH:0
BRDA:8,0,0,0
BRDA:8,0,1,0
BRDA:8,1,0,0
BRDA:8,1,1,0
BRDA:9,2,0,0
BRDA:9,2,1,0
BRDA:21,3,0,0
BRDA:21,3,1,0
BRDA:27,4,0,0
BRDA:27,4,1,0
BRDA:60,5,0,0
BRDA:60,5,1,0
BRDA:73,6,0,0
BRDA:73,6,1,0
BRF:14
BRH:0
end_of_record
TN:
SF:config\in-memory-db.js
FN:27,(anonymous_0)
FN:38,(anonymous_1)
FN:39,(anonymous_2)
FN:42,(anonymous_3)
FN:43,(anonymous_4)
FN:46,(anonymous_5)
FN:50,(anonymous_6)
FN:51,(anonymous_7)
FN:58,(anonymous_8)
FN:59,(anonymous_9)
FN:67,(anonymous_10)
FN:79,(anonymous_11)
FN:81,(anonymous_12)
FN:82,(anonymous_13)
FN:86,(anonymous_14)
FN:88,(anonymous_15)
FN:91,(anonymous_16)
FN:92,(anonymous_17)
FN:99,(anonymous_18)
FN:101,(anonymous_19)
FN:109,(anonymous_20)
FN:114,(anonymous_21)
FNF:22
FNH:0
FNDA:0,(anonymous_0)
FNDA:0,(anonymous_1)
FNDA:0,(anonymous_2)
FNDA:0,(anonymous_3)
FNDA:0,(anonymous_4)
FNDA:0,(anonymous_5)
FNDA:0,(anonymous_6)
FNDA:0,(anonymous_7)
FNDA:0,(anonymous_8)
FNDA:0,(anonymous_9)
FNDA:0,(anonymous_10)
FNDA:0,(anonymous_11)
FNDA:0,(anonymous_12)
FNDA:0,(anonymous_13)
FNDA:0,(anonymous_14)
FNDA:0,(anonymous_15)
FNDA:0,(anonymous_16)
FNDA:0,(anonymous_17)
FNDA:0,(anonymous_18)
FNDA:0,(anonymous_19)
FNDA:0,(anonymous_20)
FNDA:0,(anonymous_21)
DA:4,0
DA:25,0
DA:28,0
DA:34,0
DA:35,0
DA:39,0
DA:43,0
DA:47,0
DA:51,0
DA:52,0
DA:53,0
DA:55,0
DA:59,0
DA:60,0
DA:61,0
DA:63,0
DA:68,0
DA:74,0
DA:75,0
DA:76,0
DA:80,0
DA:81,0
DA:82,0
DA:87,0
DA:88,0
DA:92,0
DA:93,0
DA:94,0
DA:96,0
DA:100,0
DA:101,0
DA:102,0
DA:103,0
DA:105,0
DA:110,0
DA:115,0
DA:116,0
DA:122,0
LF:38
LH:0
BRDA:39,0,0,0
BRDA:39,0,1,0
BRDA:43,1,0,0
BRDA:43,1,1,0
BRDA:52,2,0,0
BRDA:52,2,1,0
BRDA:60,3,0,0
BRDA:60,3,1,0
BRDA:74,4,0,0
BRDA:74,4,1,0
BRDA:79,5,0,0
BRDA:80,6,0,0
BRDA:80,6,1,0
BRDA:87,7,0,0
BRDA:87,7,1,0
BRDA:88,8,0,0
BRDA:88,8,1,0
BRDA:93,9,0,0
BRDA:93,9,1,0
BRDA:100,10,0,0
BRDA:100,10,1,0
BRDA:102,11,0,0
BRDA:102,11,1,0
BRF:23
BRH:0
end_of_record
TN:
SF:config\inMemoryDB.js
FN:9,read
FN:40,write
FNF:2
FNH:0
FNDA:0,read
FNDA:0,write
DA:1,0
DA:2,0
DA:4,0
DA:10,0
DA:11,0
DA:13,0
DA:20,0
DA:21,0
DA:23,0
DA:24,0
DA:26,0
DA:27,0
DA:41,0
DA:42,0
DA:43,0
DA:45,0
DA:46,0
DA:50,0
LF:18
LH:0
BRDA:11,0,0,0
BRDA:11,0,1,0
BRF:2
BRH:0
end_of_record
TN:
SF:middleware\auth.js
FN:8,(anonymous_0)
FN:22,(anonymous_1)
FN:52,(anonymous_2)
FN:66,(anonymous_3)
FN:75,(anonymous_4)
FN:92,(anonymous_5)
FN:92,(anonymous_6)
FNF:7
FNH:0
FNDA:0,(anonymous_0)
FNDA:0,(anonymous_1)
FNDA:0,(anonymous_2)
FNDA:0,(anonymous_3)
FNDA:0,(anonymous_4)
FNDA:0,(anonymous_5)
FNDA:0,(anonymous_6)
DA:1,0
DA:3,0
DA:8,0
DA:9,0
DA:11,0
DA:12,0
DA:14,0
DA:15,0
DA:22,0
DA:23,0
DA:24,0
DA:25,0
DA:31,0
DA:37,0
DA:38,0
DA:41,0
DA:42,0
DA:52,0
DA:53,0
DA:54,0
DA:55,0
DA:60,0
DA:66,0
DA:67,0
DA:68,0
DA:69,0
DA:71,0
DA:72,0
DA:75,0
DA:76,0
DA:77,0
DA:79,0
DA:82,0
DA:86,0
DA:92,0
DA:93,0
DA:94,0
DA:99,0
DA:100,0
DA:105,0
LF:40
LH:0
BRDA:3,0,0,0
BRDA:3,0,1,0
BRDA:12,1,0,0
BRDA:12,1,1,0
BRDA:14,2,0,0
BRDA:14,2,1,0
BRDA:23,3,0,0
BRDA:23,3,1,0
BRDA:24,4,0,0
BRDA:24,4,1,0
BRDA:53,5,0,0
BRDA:53,5,1,0
BRDA:53,5,2,0
BRDA:54,6,0,0
BRDA:54,6,1,0
BRDA:69,7,0,0
BRDA:69,7,1,0
BRDA:71,8,0,0
BRDA:71,8,1,0
BRDA:76,9,0,0
BRDA:76,9,1,0
BRDA:93,10,0,0
BRDA:93,10,1,0
BRDA:99,11,0,0
BRDA:99,11,1,0
BRDA:99,12,0,0
BRDA:99,12,1,0
BRDA:99,12,2,0
BRF:28
BRH:0
end_of_record
TN:
SF:middleware\auth.middleware.js
FN:18,(anonymous_0)
FN:34,(anonymous_1)
FN:81,(anonymous_2)
FN:104,(anonymous_3)
FN:105,(anonymous_4)
FN:131,(anonymous_5)
FN:132,(anonymous_6)
FN:160,(anonymous_7)
FN:170,(anonymous_8)
FN:185,(anonymous_9)
FN:199,(anonymous_10)
FN:212,(anonymous_11)
FN:229,(anonymous_12)
FNF:13
FNH:0
FNDA:0,(anonymous_0)
FNDA:0,(anonymous_1)
FNDA:0,(anonymous_2)
FNDA:0,(anonymous_3)
FNDA:0,(anonymous_4)
FNDA:0,(anonymous_5)
FNDA:0,(anonymous_6)
FNDA:0,(anonymous_7)
FNDA:0,(anonymous_8)
FNDA:0,(anonymous_9)
FNDA:0,(anonymous_10)
FNDA:0,(anonymous_11)
FNDA:0,(anonymous_12)
DA:11,0
DA:12,0
DA:18,0
DA:19,0
DA:21,0
DA:22,0
DA:25,0
DA:26,0
DA:34,0
DA:35,0
DA:37,0
DA:38,0
DA:46,0
DA:47,0
DA:54,0
DA:62,0
DA:63,0
DA:64,0
DA:66,0
DA:69,0
DA:81,0
DA:82,0
DA:83,0
DA:89,0
DA:90,0
DA:97,0
DA:104,0
DA:105,0
DA:106,0
DA:107,0
DA:113,0
DA:114,0
DA:123,0
DA:131,0
DA:132,0
DA:133,0
DA:134,0
DA:141,0
DA:143,0
DA:144,0
DA:152,0
DA:160,0
DA:161,0
DA:162,0
DA:164,0
DA:166,0
DA:167,0
DA:170,0
DA:171,0
DA:172,0
DA:173,0
DA:174,0
DA:177,0
DA:185,0
DA:186,0
DA:187,0
DA:189,0
DA:190,0
DA:192,0
DA:199,0
DA:200,0
DA:201,0
DA:202,0
DA:204,0
DA:212,0
DA:213,0
DA:229,0
DA:230,0
DA:231,0
DA:232,0
DA:233,0
DA:240,0
DA:241,0
DA:242,0
DA:249,0
DA:256,0
DA:262,0
DA:270,0
LF:78
LH:0
BRDA:22,0,0,0
BRDA:22,0,1,0
BRDA:25,1,0,0
BRDA:25,1,1,0
BRDA:34,2,0,0
BRDA:34,2,1,0
BRDA:35,3,0,0
BRDA:35,3,1,0
BRDA:37,4,0,0
BRDA:37,4,1,0
BRDA:46,5,0,0
BRDA:46,5,1,0
BRDA:63,6,0,0
BRDA:63,6,1,0
BRDA:64,7,0,0
BRDA:64,7,1,0
BRDA:82,8,0,0
BRDA:82,8,1,0
BRDA:89,9,0,0
BRDA:89,9,1,0
BRDA:106,10,0,0
BRDA:106,10,1,0
BRDA:113,11,0,0
BRDA:113,11,1,0
BRDA:133,12,0,0
BRDA:133,12,1,0
BRDA:141,13,0,0
BRDA:141,13,1,0
BRDA:143,14,0,0
BRDA:143,14,1,0
BRDA:162,15,0,0
BRDA:162,15,1,0
BRDA:164,16,0,0
BRDA:164,16,1,0
BRDA:170,17,0,0
BRDA:170,17,1,0
BRDA:171,18,0,0
BRDA:171,18,1,0
BRDA:173,19,0,0
BRDA:173,19,1,0
BRDA:174,20,0,0
BRDA:174,20,1,0
BRDA:187,21,0,0
BRDA:187,21,1,0
BRDA:190,22,0,0
BRDA:190,22,1,0
BRDA:190,23,0,0
BRDA:190,23,1,0
BRDA:201,24,0,0
BRDA:201,24,1,0
BRDA:212,25,0,0
BRDA:218,26,0,0
BRDA:218,26,1,0
BRDA:220,27,0,0
BRDA:220,27,1,0
BRDA:232,28,0,0
BRDA:232,28,1,0
BRDA:241,29,0,0
BRDA:241,29,1,0
BRF:59
BRH:0
end_of_record
TN:
SF:middleware\rateLimiter.js
FN:30,(anonymous_0)
FNF:1
FNH:0
FNDA:0,(anonymous_0)
DA:1,0
DA:4,0
DA:16,0
DA:29,0
DA:30,0
DA:34,0
DA:46,0
DA:57,0
LF:8
LH:0
BRDA:29,0,0,0
BRDA:29,0,1,0
BRF:2
BRH:0
end_of_record
TN:
SF:middleware\responseHandler.js
FN:4,(anonymous_0)
FN:6,(anonymous_1)
FN:15,(anonymous_2)
FN:24,(anonymous_3)
FNF:4
FNH:0
FNDA:0,(anonymous_0)
FNDA:0,(anonymous_1)
FNDA:0,(anonymous_2)
FNDA:0,(anonymous_3)
DA:4,0
DA:6,0
DA:7,0
DA:15,0
DA:16,0
DA:24,0
DA:25,0
DA:38,0
DA:41,0
LF:9
LH:0
BRDA:6,0,0,0
BRDA:6,1,0,0
BRDA:15,2,0,0
BRDA:15,3,0,0
BRDA:15,4,0,0
BRDA:24,5,0,0
BRF:6
BRH:0
end_of_record
TN:
SF:middleware\sanitize.js
FN:13,(anonymous_0)
FNF:1
FNH:0
FNDA:0,(anonymous_0)
DA:1,0
DA:2,0
DA:3,0
DA:9,0
DA:14,0
DA:27,0
LF:6
LH:0
BRF:0
BRH:0
end_of_record
TN:
SF:middleware\securityHeaders.js
FNF:0
FNH:0
DA:1,0
DA:7,0
DA:69,0
LF:3
LH:0
BRF:0
BRH:0
end_of_record
TN:
SF:middleware\uploadMiddleware.js
FN:18,(anonymous_0)
FN:21,(anonymous_1)
FN:30,(anonymous_2)
FN:66,(anonymous_3)
FNF:4
FNH:0
FNDA:0,(anonymous_0)
FNDA:0,(anonymous_1)
FNDA:0,(anonymous_2)
FNDA:0,(anonymous_3)
DA:6,0
DA:7,0
DA:8,0
DA:11,0
DA:12,0
DA:13,0
DA:17,0
DA:19,0
DA:22,0
DA:23,0
DA:24,0
DA:25,0
DA:30,0
DA:31,0
DA:46,0
DA:47,0
DA:49,0
DA:50,0
DA:52,0
DA:57,0
DA:66,0
DA:67,0
DA:68,0
DA:69,0
DA:71,0
DA:72,0
DA:73,0
DA:75,0
DA:78,0
LF:29
LH:0
BRDA:12,0,0,0
BRDA:12,0,1,0
BRDA:49,1,0,0
BRDA:49,1,1,0
BRDA:49,2,0,0
BRDA:49,2,1,0
BRDA:67,3,0,0
BRDA:67,3,1,0
BRDA:68,4,0,0
BRDA:68,4,1,0
BRDA:72,5,0,0
BRDA:72,5,1,0
BRF:12
BRH:0
end_of_record
TN:
SF:middleware\validation.js
FN:19,(anonymous_0)
FN:62,(anonymous_1)
FN:81,(anonymous_2)
FN:107,(anonymous_3)
FN:124,(anonymous_4)
FN:165,(anonymous_5)
FN:185,(anonymous_6)
FNF:7
FNH:0
FNDA:0,(anonymous_0)
FNDA:0,(anonymous_1)
FNDA:0,(anonymous_2)
FNDA:0,(anonymous_3)
FNDA:0,(anonymous_4)
FNDA:0,(anonymous_5)
FNDA:0,(anonymous_6)
DA:1,0
DA:6,0
DA:19,0
DA:20,0
DA:22,0
DA:23,0
DA:26,0
DA:27,0
DA:30,0
DA:31,0
DA:34,0
DA:35,0
DA:38,0
DA:39,0
DA:42,0
DA:43,0
DA:46,0
DA:47,0
DA:48,0
DA:49,0
DA:53,0
DA:62,0
DA:63,0
DA:64,0
DA:67,0
DA:68,0
DA:71,0
DA:72,0
DA:75,0
DA:81,0
DA:82,0
DA:83,0
DA:86,0
DA:88,0
DA:89,0
DA:92,0
DA:93,0
DA:97,0
DA:98,0
DA:101,0
DA:107,0
DA:108,0
DA:111,0
DA:114,0
DA:115,0
DA:118,0
DA:124,0
DA:125,0
DA:128,0
DA:129,0
DA:130,0
DA:137,0
DA:138,0
DA:139,0
DA:147,0
DA:148,0
DA:149,0
DA:156,0
DA:157,0
DA:159,0
DA:165,0
DA:166,0
DA:168,0
DA:169,0
DA:170,0
DA:171,0
DA:176,0
DA:179,0
DA:185,0
DA:186,0
DA:188,0
DA:189,0
DA:190,0
DA:197,0
DA:200,0
LF:75
LH:0
BRDA:22,0,0,0
BRDA:22,0,1,0
BRDA:22,1,0,0
BRDA:22,1,1,0
BRDA:26,2,0,0
BRDA:26,2,1,0
BRDA:30,3,0,0
BRDA:30,3,1,0
BRDA:34,4,0,0
BRDA:34,4,1,0
BRDA:34,5,0,0
BRDA:34,5,1,0
BRDA:38,6,0,0
BRDA:38,6,1,0
BRDA:38,7,0,0
BRDA:38,7,1,0
BRDA:42,8,0,0
BRDA:42,8,1,0
BRDA:42,9,0,0
BRDA:42,9,1,0
BRDA:46,10,0,0
BRDA:46,10,1,0
BRDA:48,11,0,0
BRDA:48,11,1,0
BRDA:63,12,0,0
BRDA:63,12,1,0
BRDA:63,13,0,0
BRDA:63,13,1,0
BRDA:67,14,0,0
BRDA:67,14,1,0
BRDA:71,15,0,0
BRDA:71,15,1,0
BRDA:82,16,0,0
BRDA:82,16,1,0
BRDA:82,17,0,0
BRDA:82,17,1,0
BRDA:88,18,0,0
BRDA:88,18,1,0
BRDA:92,19,0,0
BRDA:92,19,1,0
BRDA:97,20,0,0
BRDA:97,20,1,0
BRDA:107,21,0,0
BRDA:108,22,0,0
BRDA:108,22,1,0
BRDA:108,23,0,0
BRDA:108,23,1,0
BRDA:114,24,0,0
BRDA:114,24,1,0
BRDA:129,25,0,0
BRDA:129,25,1,0
BRDA:138,26,0,0
BRDA:138,26,1,0
BRDA:148,27,0,0
BRDA:148,27,1,0
BRDA:168,28,0,0
BRDA:168,28,1,0
BRDA:170,29,0,0
BRDA:170,29,1,0
BRDA:189,30,0,0
BRDA:189,30,1,0
BRF:61
BRH:0
end_of_record
TN:
SF:middleware\validator.middleware.js
FN:4,(anonymous_0)
FN:37,(anonymous_1)
FN:66,(anonymous_2)
FNF:3
FNH:0
FNDA:0,(anonymous_0)
FNDA:0,(anonymous_1)
FNDA:0,(anonymous_2)
DA:1,0
DA:4,0
DA:5,0
DA:6,0
DA:9,0
DA:10,0
DA:14,0
DA:15,0
DA:16,0
DA:20,0
DA:21,0
DA:25,0
DA:26,0
DA:29,0
DA:31,0
DA:32,0
DA:37,0
DA:38,0
DA:39,0
DA:41,0
DA:42,0
DA:45,0
DA:46,0
DA:50,0
DA:51,0
DA:54,0
DA:55,0
DA:58,0
DA:60,0
DA:61,0
DA:66,0
DA:67,0
DA:68,0
DA:70,0
DA:71,0
DA:74,0
DA:75,0
DA:76,0
DA:79,0
DA:80,0
DA:82,0
DA:83,0
DA:86,0
DA:87,0
DA:90,0
DA:92,0
DA:93,0
DA:97,0
LF:48
LH:0
BRDA:9,0,0,0
BRDA:9,0,1,0
BRDA:9,1,0,0
BRDA:9,1,1,0
BRDA:9,1,2,0
BRDA:9,1,3,0
BRDA:15,2,0,0
BRDA:15,2,1,0
BRDA:20,3,0,0
BRDA:20,3,1,0
BRDA:20,4,0,0
BRDA:20,4,1,0
BRDA:20,4,2,0
BRDA:25,5,0,0
BRDA:25,5,1,0
BRDA:25,6,0,0
BRDA:25,6,1,0
BRDA:41,7,0,0
BRDA:41,7,1,0
BRDA:41,8,0,0
BRDA:41,8,1,0
BRDA:41,8,2,0
BRDA:45,9,0,0
BRDA:45,9,1,0
BRDA:50,10,0,0
BRDA:50,10,1,0
BRDA:50,11,0,0
BRDA:50,11,1,0
BRDA:54,12,0,0
BRDA:54,12,1,0
BRDA:54,13,0,0
BRDA:54,13,1,0
BRDA:70,14,0,0
BRDA:70,14,1,0
BRDA:70,15,0,0
BRDA:70,15,1,0
BRDA:70,15,2,0
BRDA:70,15,3,0
BRDA:75,16,0,0
BRDA:75,16,1,0
BRDA:82,17,0,0
BRDA:82,17,1,0
BRDA:82,18,0,0
BRDA:82,18,1,0
BRDA:86,19,0,0
BRDA:86,19,1,0
BRF:46
BRH:0
end_of_record
TN:
SF:models\AI.memory.js
FN:6,readAI
FN:23,writeAI
FN:36,(anonymous_2)
FN:38,(anonymous_3)
FN:42,(anonymous_4)
FN:43,(anonymous_5)
FN:44,(anonymous_6)
FN:60,(anonymous_7)
FN:74,(anonymous_8)
FN:88,(anonymous_9)
FN:90,(anonymous_10)
FN:101,(anonymous_11)
FN:103,(anonymous_12)
FN:111,(anonymous_13)
FN:122,(anonymous_14)
FN:129,(anonymous_15)
FN:140,(anonymous_16)
FN:143,(anonymous_17)
FN:148,(anonymous_18)
FN:153,(anonymous_19)
FN:154,(anonymous_20)
FN:169,(anonymous_21)
FN:173,(anonymous_22)
FN:188,(anonymous_23)
FN:192,(anonymous_24)
FN:194,(anonymous_25)
FN:206,(anonymous_26)
FN:210,(anonymous_27)
FN:214,(anonymous_28)
FN:222,(anonymous_29)
FN:229,(anonymous_30)
FN:241,(anonymous_31)
FN:245,(anonymous_32)
FN:246,(anonymous_33)
FN:261,(anonymous_34)
FNF:35
FNH:0
FNDA:0,readAI
FNDA:0,writeAI
FNDA:0,(anonymous_2)
FNDA:0,(anonymous_3)
FNDA:0,(anonymous_4)
FNDA:0,(anonymous_5)
FNDA:0,(anonymous_6)
FNDA:0,(anonymous_7)
FNDA:0,(anonymous_8)
FNDA:0,(anonymous_9)
FNDA:0,(anonymous_10)
FNDA:0,(anonymous_11)
FNDA:0,(anonymous_12)
FNDA:0,(anonymous_13)
FNDA:0,(anonymous_14)
FNDA:0,(anonymous_15)
FNDA:0,(anonymous_16)
FNDA:0,(anonymous_17)
FNDA:0,(anonymous_18)
FNDA:0,(anonymous_19)
FNDA:0,(anonymous_20)
FNDA:0,(anonymous_21)
FNDA:0,(anonymous_22)
FNDA:0,(anonymous_23)
FNDA:0,(anonymous_24)
FNDA:0,(anonymous_25)
FNDA:0,(anonymous_26)
FNDA:0,(anonymous_27)
FNDA:0,(anonymous_28)
FNDA:0,(anonymous_29)
FNDA:0,(anonymous_30)
FNDA:0,(anonymous_31)
FNDA:0,(anonymous_32)
FNDA:0,(anonymous_33)
FNDA:0,(anonymous_34)
DA:1,0
DA:2,0
DA:4,0
DA:7,0
DA:8,0
DA:9,0
DA:14,0
DA:15,0
DA:17,0
DA:19,0
DA:24,0
DA:25,0
DA:26,0
DA:28,0
DA:29,0
DA:38,0
DA:40,0
DA:42,0
DA:43,0
DA:44,0
DA:49,0
DA:52,0
DA:53,0
DA:54,0
DA:55,0
DA:57,0
DA:62,0
DA:64,0
DA:71,0
DA:75,0
DA:81,0
DA:90,0
DA:92,0
DA:102,0
DA:103,0
DA:104,0
DA:105,0
DA:107,0
DA:108,0
DA:111,0
DA:112,0
DA:115,0
DA:123,0
DA:129,0
DA:131,0
DA:134,0
DA:135,0
DA:139,0
DA:140,0
DA:142,0
DA:143,0
DA:145,0
DA:149,0
DA:152,0
DA:153,0
DA:154,0
DA:155,0
DA:158,0
DA:170,0
DA:174,0
DA:175,0
DA:183,0
DA:184,0
DA:185,0
DA:189,0
DA:193,0
DA:194,0
DA:195,0
DA:196,0
DA:197,0
DA:199,0
DA:207,0
DA:210,0
DA:211,0
DA:214,0
DA:215,0
DA:216,0
DA:222,0
DA:223,0
DA:224,0
DA:226,0
DA:230,0
DA:231,0
DA:232,0
DA:233,0
DA:234,0
DA:242,0
DA:245,0
DA:246,0
DA:247,0
DA:248,0
DA:251,0
DA:252,0
DA:261,0
DA:262,0
DA:263,0
DA:272,0
DA:273,0
DA:280,0
DA:284,0
LF:100
LH:0
BRDA:8,0,0,0
BRDA:8,0,1,0
BRDA:49,1,0,0
BRDA:49,1,1,0
BRDA:52,2,0,0
BRDA:52,2,1,0
BRDA:53,3,0,0
BRDA:53,3,1,0
BRDA:54,4,0,0
BRDA:54,4,1,0
BRDA:66,5,0,0
BRDA:66,5,1,0
BRDA:81,6,0,0
BRDA:81,6,1,0
BRDA:90,7,0,0
BRDA:90,7,1,0
BRDA:96,8,0,0
BRDA:96,8,1,0
BRDA:104,9,0,0
BRDA:104,9,1,0
BRDA:108,10,0,0
BRDA:108,10,1,0
BRDA:131,11,0,0
BRDA:131,11,1,0
BRDA:135,12,0,0
BRDA:135,12,1,0
BRDA:140,13,0,0
BRDA:140,13,1,0
BRDA:140,14,0,0
BRDA:140,14,1,0
BRDA:143,15,0,0
BRDA:143,15,1,0
BRDA:143,16,0,0
BRDA:143,16,1,0
BRDA:195,17,0,0
BRDA:195,17,1,0
BRDA:210,18,0,0
BRDA:210,18,1,0
BRDA:215,19,0,0
BRDA:215,19,1,0
BRDA:216,20,0,0
BRDA:216,20,1,0
BRDA:223,21,0,0
BRDA:223,21,1,0
BRDA:224,22,0,0
BRDA:224,22,1,0
BRDA:230,23,0,0
BRDA:230,23,1,0
BRDA:231,24,0,0
BRDA:231,24,1,0
BRDA:232,25,0,0
BRDA:232,25,1,0
BRDA:233,26,0,0
BRDA:233,26,1,0
BRDA:251,27,0,0
BRDA:251,27,1,0
BRDA:261,28,0,0
BRDA:261,28,1,0
BRDA:262,29,0,0
BRDA:262,29,1,0
BRF:60
BRH:0
end_of_record
TN:
SF:models\Attendance.memory.js
FN:4,(anonymous_0)
FN:24,(anonymous_1)
FN:29,(anonymous_2)
FN:35,(anonymous_3)
FN:44,(anonymous_4)
FN:50,(anonymous_5)
FN:56,(anonymous_6)
FN:65,(anonymous_7)
FN:66,(anonymous_8)
FN:67,(anonymous_9)
FN:68,(anonymous_10)
FNF:11
FNH:0
FNDA:0,(anonymous_0)
FNDA:0,(anonymous_1)
FNDA:0,(anonymous_2)
FNDA:0,(anonymous_3)
FNDA:0,(anonymous_4)
FNDA:0,(anonymous_5)
FNDA:0,(anonymous_6)
FNDA:0,(anonymous_7)
FNDA:0,(anonymous_8)
FNDA:0,(anonymous_9)
FNDA:0,(anonymous_10)
DA:1,0
DA:5,0
DA:6,0
DA:8,0
DA:15,0
DA:16,0
DA:18,0
DA:20,0
DA:25,0
DA:26,0
DA:27,0
DA:29,0
DA:31,0
DA:36,0
DA:37,0
DA:38,0
DA:40,0
DA:45,0
DA:46,0
DA:47,0
DA:48,0
DA:50,0
DA:52,0
DA:57,0
DA:58,0
DA:59,0
DA:60,0
DA:62,0
DA:64,0
DA:65,0
DA:66,0
DA:67,0
DA:68,0
DA:71,0
DA:76,0
LF:35
LH:0
BRDA:6,0,0,0
BRDA:6,0,1,0
BRDA:26,1,0,0
BRDA:26,1,1,0
BRDA:29,2,0,0
BRDA:29,2,1,0
BRDA:29,3,0,0
BRDA:29,3,1,0
BRDA:35,4,0,0
BRDA:37,5,0,0
BRDA:37,5,1,0
BRDA:46,6,0,0
BRDA:46,6,1,0
BRDA:50,7,0,0
BRDA:50,7,1,0
BRDA:50,7,2,0
BRF:16
BRH:0
end_of_record
TN:
SF:models\Document.js
FN:231,(anonymous_0)
FN:239,(anonymous_1)
FN:249,(anonymous_2)
FN:256,(anonymous_3)
FN:271,(anonymous_4)
FNF:5
FNH:0
FNDA:0,(anonymous_0)
FNDA:0,(anonymous_1)
FNDA:0,(anonymous_2)
FNDA:0,(anonymous_3)
FNDA:0,(anonymous_4)
DA:6,0
DA:8,0
DA:223,0
DA:224,0
DA:225,0
DA:226,0
DA:227,0
DA:228,0
DA:231,0
DA:232,0
DA:233,0
DA:235,0
DA:239,0
DA:240,0
DA:241,0
DA:242,0
DA:243,0
DA:244,0
DA:245,0
DA:249,0
DA:251,0
DA:252,0
DA:256,0
DA:257,0
DA:258,0
DA:264,0
DA:267,0
DA:271,0
DA:272,0
DA:280,0
LF:30
LH:0
BRDA:232,0,0,0
BRDA:232,0,1,0
BRDA:232,1,0,0
BRDA:232,1,1,0
BRDA:232,1,2,0
BRDA:233,2,0,0
BRDA:233,2,1,0
BRDA:241,3,0,0
BRDA:241,3,1,0
BRDA:249,4,0,0
BRDA:251,5,0,0
BRDA:251,5,1,0
BRDA:257,6,0,0
BRDA:257,6,1,0
BRDA:267,7,0,0
BRDA:267,7,1,0
BRDA:271,8,0,0
BRF:17
BRH:0
end_of_record
TN:
SF:models\Driver.js
FN:211,(anonymous_0)
FN:230,(anonymous_1)
FN:235,(anonymous_2)
FNF:3
FNH:0
FNDA:0,(anonymous_0)
FNDA:0,(anonymous_1)
FNDA:0,(anonymous_2)
DA:11,0
DA:12,0
DA:14,0
DA:204,0
DA:205,0
DA:206,0
DA:207,0
DA:208,0
DA:211,0
DA:212,0
DA:213,0
DA:214,0
DA:217,0
DA:218,0
DA:219,0
DA:220,0
DA:221,0
DA:222,0
DA:224,0
DA:227,0
DA:230,0
DA:231,0
DA:232,0
DA:235,0
DA:236,0
DA:237,0
DA:238,0
DA:240,0
DA:241,0
DA:243,0
DA:244,0
DA:245,0
DA:247,0
DA:250,0
LF:34
LH:0
BRDA:213,0,0,0
BRDA:213,0,1,0
BRDA:217,1,0,0
BRDA:217,1,1,0
BRDA:219,2,0,0
BRDA:219,2,1,0
BRDA:221,3,0,0
BRDA:221,3,1,0
BRDA:237,4,0,0
BRDA:237,4,1,0
BRDA:240,5,0,0
BRDA:240,5,1,0
BRDA:244,6,0,0
BRDA:244,6,1,0
BRF:14
BRH:0
end_of_record
TN:
SF:models\Employee.memory.js
FN:4,(anonymous_0)
FN:25,(anonymous_1)
FN:28,(anonymous_2)
FN:34,(anonymous_3)
FN:39,(anonymous_4)
FN:42,(anonymous_5)
FN:47,(anonymous_6)
FN:58,(anonymous_7)
FN:62,(anonymous_8)
FN:65,(anonymous_9)
FN:71,(anonymous_10)
FN:74,(anonymous_11)
FN:91,(anonymous_12)
FN:95,(anonymous_13)
FN:108,(anonymous_14)
FN:111,(anonymous_15)
FN:117,(anonymous_16)
FN:122,(anonymous_17)
FN:123,(anonymous_18)
FNF:19
FNH:0
FNDA:0,(anonymous_0)
FNDA:0,(anonymous_1)
FNDA:0,(anonymous_2)
FNDA:0,(anonymous_3)
FNDA:0,(anonymous_4)
FNDA:0,(anonymous_5)
FNDA:0,(anonymous_6)
FNDA:0,(anonymous_7)
FNDA:0,(anonymous_8)
FNDA:0,(anonymous_9)
FNDA:0,(anonymous_10)
FNDA:0,(anonymous_11)
FNDA:0,(anonymous_12)
FNDA:0,(anonymous_13)
FNDA:0,(anonymous_14)
FNDA:0,(anonymous_15)
FNDA:0,(anonymous_16)
FNDA:0,(anonymous_17)
FNDA:0,(anonymous_18)
DA:1,0
DA:5,0
DA:6,0
DA:8,0
DA:16,0
DA:17,0
DA:19,0
DA:21,0
DA:26,0
DA:27,0
DA:28,0
DA:30,0
DA:35,0
DA:36,0
DA:38,0
DA:39,0
DA:41,0
DA:42,0
DA:44,0
DA:45,0
DA:46,0
DA:47,0
DA:51,0
DA:53,0
DA:59,0
DA:63,0
DA:64,0
DA:65,0
DA:67,0
DA:72,0
DA:73,0
DA:74,0
DA:76,0
DA:78,0
DA:84,0
DA:85,0
DA:87,0
DA:92,0
DA:93,0
DA:94,0
DA:95,0
DA:97,0
DA:99,0
DA:100,0
DA:102,0
DA:104,0
DA:109,0
DA:110,0
DA:111,0
DA:113,0
DA:118,0
DA:119,0
DA:120,0
DA:122,0
DA:123,0
DA:126,0
DA:131,0
LF:57
LH:0
BRDA:6,0,0,0
BRDA:6,0,1,0
BRDA:11,1,0,0
BRDA:11,1,1,0
BRDA:27,2,0,0
BRDA:27,2,1,0
BRDA:28,3,0,0
BRDA:28,3,1,0
BRDA:34,4,0,0
BRDA:36,5,0,0
BRDA:36,5,1,0
BRDA:38,6,0,0
BRDA:38,6,1,0
BRDA:41,7,0,0
BRDA:41,7,1,0
BRDA:44,8,0,0
BRDA:44,8,1,0
BRDA:47,9,0,0
BRDA:47,9,1,0
BRDA:47,9,2,0
BRDA:58,10,0,0
BRDA:64,11,0,0
BRDA:64,11,1,0
BRDA:65,12,0,0
BRDA:65,12,1,0
BRDA:73,13,0,0
BRDA:73,13,1,0
BRDA:76,14,0,0
BRDA:76,14,1,0
BRDA:94,15,0,0
BRDA:94,15,1,0
BRDA:97,16,0,0
BRDA:97,16,1,0
BRDA:110,17,0,0
BRDA:110,17,1,0
BRDA:111,18,0,0
BRDA:111,18,1,0
BRDA:119,19,0,0
BRDA:119,19,1,0
BRF:39
BRH:0
end_of_record
TN:
SF:models\Finance.memory.js
FN:9,readFinance
FN:29,writeFinance
FN:41,(anonymous_2)
FN:45,(anonymous_3)
FN:64,(anonymous_4)
FN:66,(anonymous_5)
FN:69,(anonymous_6)
FN:73,(anonymous_7)
FN:75,(anonymous_8)
FN:83,(anonymous_9)
FN:85,(anonymous_10)
FN:93,(anonymous_11)
FN:95,(anonymous_12)
FN:95,(anonymous_13)
FN:101,(anonymous_14)
FN:105,(anonymous_15)
FN:123,(anonymous_16)
FN:127,(anonymous_17)
FN:131,(anonymous_18)
FN:133,(anonymous_19)
FN:141,(anonymous_20)
FN:143,(anonymous_21)
FN:146,(anonymous_22)
FN:152,(anonymous_23)
FN:155,(anonymous_24)
FN:159,(anonymous_25)
FN:171,(anonymous_26)
FN:175,(anonymous_27)
FN:192,(anonymous_28)
FN:196,(anonymous_29)
FN:199,(anonymous_30)
FN:203,(anonymous_31)
FN:209,(anonymous_32)
FN:213,(anonymous_33)
FN:229,(anonymous_34)
FN:239,(anonymous_35)
FN:243,(anonymous_36)
FN:244,(anonymous_37)
FNF:38
FNH:0
FNDA:0,readFinance
FNDA:0,writeFinance
FNDA:0,(anonymous_2)
FNDA:0,(anonymous_3)
FNDA:0,(anonymous_4)
FNDA:0,(anonymous_5)
FNDA:0,(anonymous_6)
FNDA:0,(anonymous_7)
FNDA:0,(anonymous_8)
FNDA:0,(anonymous_9)
FNDA:0,(anonymous_10)
FNDA:0,(anonymous_11)
FNDA:0,(anonymous_12)
FNDA:0,(anonymous_13)
FNDA:0,(anonymous_14)
FNDA:0,(anonymous_15)
FNDA:0,(anonymous_16)
FNDA:0,(anonymous_17)
FNDA:0,(anonymous_18)
FNDA:0,(anonymous_19)
FNDA:0,(anonymous_20)
FNDA:0,(anonymous_21)
FNDA:0,(anonymous_22)
FNDA:0,(anonymous_23)
FNDA:0,(anonymous_24)
FNDA:0,(anonymous_25)
FNDA:0,(anonymous_26)
FNDA:0,(anonymous_27)
FNDA:0,(anonymous_28)
FNDA:0,(anonymous_29)
FNDA:0,(anonymous_30)
FNDA:0,(anonymous_31)
FNDA:0,(anonymous_32)
FNDA:0,(anonymous_33)
FNDA:0,(anonymous_34)
FNDA:0,(anonymous_35)
FNDA:0,(anonymous_36)
FNDA:0,(anonymous_37)
DA:2,0
DA:3,0
DA:6,0
DA:10,0
DA:11,0
DA:12,0
DA:18,0
DA:19,0
DA:21,0
DA:23,0
DA:24,0
DA:30,0
DA:31,0
DA:32,0
DA:34,0
DA:35,0
DA:42,0
DA:46,0
DA:47,0
DA:59,0
DA:60,0
DA:61,0
DA:65,0
DA:66,0
DA:70,0
DA:74,0
DA:75,0
DA:76,0
DA:78,0
DA:79,0
DA:80,0
DA:84,0
DA:85,0
DA:86,0
DA:88,0
DA:89,0
DA:90,0
DA:94,0
DA:95,0
DA:102,0
DA:106,0
DA:107,0
DA:118,0
DA:119,0
DA:120,0
DA:124,0
DA:128,0
DA:132,0
DA:133,0
DA:134,0
DA:136,0
DA:137,0
DA:138,0
DA:142,0
DA:143,0
DA:145,0
DA:146,0
DA:147,0
DA:148,0
DA:152,0
DA:156,0
DA:157,0
DA:159,0
DA:160,0
DA:161,0
DA:165,0
DA:172,0
DA:176,0
DA:177,0
DA:187,0
DA:188,0
DA:189,0
DA:193,0
DA:194,0
DA:196,0
DA:200,0
DA:201,0
DA:203,0
DA:210,0
DA:214,0
DA:215,0
DA:225,0
DA:228,0
DA:229,0
DA:230,0
DA:231,0
DA:235,0
DA:236,0
DA:240,0
DA:244,0
DA:248,0
LF:91
LH:0
BRDA:11,0,0,0
BRDA:11,0,1,0
BRDA:53,1,0,0
BRDA:53,1,1,0
BRDA:66,2,0,0
BRDA:66,2,1,0
BRDA:76,3,0,0
BRDA:76,3,1,0
BRDA:86,4,0,0
BRDA:86,4,1,0
BRDA:95,5,0,0
BRDA:95,5,1,0
BRDA:115,6,0,0
BRDA:115,6,1,0
BRDA:134,7,0,0
BRDA:134,7,1,0
BRDA:141,8,0,0
BRDA:145,9,0,0
BRDA:145,9,1,0
BRDA:152,10,0,0
BRDA:152,10,1,0
BRDA:160,11,0,0
BRDA:160,11,1,0
BRDA:161,12,0,0
BRDA:161,12,1,0
BRDA:182,13,0,0
BRDA:182,13,1,0
BRDA:196,14,0,0
BRDA:196,14,1,0
BRDA:196,15,0,0
BRDA:196,15,1,0
BRDA:196,15,2,0
BRDA:201,16,0,0
BRDA:201,16,1,0
BRDA:228,17,0,0
BRDA:228,17,1,0
BRDA:230,18,0,0
BRDA:230,18,1,0
BRF:38
BRH:0
end_of_record
TN:
SF:models\Leave.memory.js
FN:4,(anonymous_0)
FN:25,(anonymous_1)
FN:28,(anonymous_2)
FN:34,(anonymous_3)
FN:37,(anonymous_4)
FN:43,(anonymous_5)
FN:48,(anonymous_6)
FN:51,(anonymous_7)
FN:61,(anonymous_8)
FN:65,(anonymous_9)
FN:68,(anonymous_10)
FN:85,(anonymous_11)
FN:89,(anonymous_12)
FN:102,(anonymous_13)
FN:105,(anonymous_14)
FNF:15
FNH:0
FNDA:0,(anonymous_0)
FNDA:0,(anonymous_1)
FNDA:0,(anonymous_2)
FNDA:0,(anonymous_3)
FNDA:0,(anonymous_4)
FNDA:0,(anonymous_5)
FNDA:0,(anonymous_6)
FNDA:0,(anonymous_7)
FNDA:0,(anonymous_8)
FNDA:0,(anonymous_9)
FNDA:0,(anonymous_10)
FNDA:0,(anonymous_11)
FNDA:0,(anonymous_12)
FNDA:0,(anonymous_13)
FNDA:0,(anonymous_14)
DA:1,0
DA:5,0
DA:6,0
DA:8,0
DA:16,0
DA:17,0
DA:19,0
DA:21,0
DA:26,0
DA:27,0
DA:28,0
DA:30,0
DA:35,0
DA:36,0
DA:37,0
DA:39,0
DA:44,0
DA:45,0
DA:47,0
DA:48,0
DA:50,0
DA:51,0
DA:54,0
DA:56,0
DA:62,0
DA:66,0
DA:67,0
DA:68,0
DA:70,0
DA:72,0
DA:78,0
DA:79,0
DA:81,0
DA:86,0
DA:87,0
DA:88,0
DA:89,0
DA:91,0
DA:93,0
DA:94,0
DA:96,0
DA:98,0
DA:103,0
DA:104,0
DA:105,0
DA:107,0
DA:112,0
LF:47
LH:0
BRDA:6,0,0,0
BRDA:6,0,1,0
BRDA:11,1,0,0
BRDA:11,1,1,0
BRDA:27,2,0,0
BRDA:27,2,1,0
BRDA:28,3,0,0
BRDA:28,3,1,0
BRDA:36,4,0,0
BRDA:36,4,1,0
BRDA:43,5,0,0
BRDA:45,6,0,0
BRDA:45,6,1,0
BRDA:47,7,0,0
BRDA:47,7,1,0
BRDA:50,8,0,0
BRDA:50,8,1,0
BRDA:61,9,0,0
BRDA:67,10,0,0
BRDA:67,10,1,0
BRDA:70,11,0,0
BRDA:70,11,1,0
BRDA:88,12,0,0
BRDA:88,12,1,0
BRDA:91,13,0,0
BRDA:91,13,1,0
BRDA:104,14,0,0
BRDA:104,14,1,0
BRDA:105,15,0,0
BRDA:105,15,1,0
BRF:30
BRH:0
end_of_record
TN:
SF:models\Notification.memory.js
FN:7,readNotifications
FN:21,writeNotifications
FN:32,(anonymous_2)
FN:36,(anonymous_3)
FN:55,(anonymous_4)
FN:57,(anonymous_5)
FN:60,(anonymous_6)
FN:62,(anonymous_7)
FN:71,(anonymous_8)
FN:73,(anonymous_9)
FN:81,(anonymous_10)
FN:94,(anonymous_11)
FN:106,(anonymous_12)
FN:121,(anonymous_13)
FN:137,(anonymous_14)
FN:147,(anonymous_15)
FN:149,(anonymous_16)
FN:157,(anonymous_17)
FN:167,(anonymous_18)
FN:180,(anonymous_19)
FN:181,(anonymous_20)
FN:189,(anonymous_21)
FN:193,(anonymous_22)
FNF:23
FNH:0
FNDA:0,readNotifications
FNDA:0,writeNotifications
FNDA:0,(anonymous_2)
FNDA:0,(anonymous_3)
FNDA:0,(anonymous_4)
FNDA:0,(anonymous_5)
FNDA:0,(anonymous_6)
FNDA:0,(anonymous_7)
FNDA:0,(anonymous_8)
FNDA:0,(anonymous_9)
FNDA:0,(anonymous_10)
FNDA:0,(anonymous_11)
FNDA:0,(anonymous_12)
FNDA:0,(anonymous_13)
FNDA:0,(anonymous_14)
FNDA:0,(anonymous_15)
FNDA:0,(anonymous_16)
FNDA:0,(anonymous_17)
FNDA:0,(anonymous_18)
FNDA:0,(anonymous_19)
FNDA:0,(anonymous_20)
FNDA:0,(anonymous_21)
FNDA:0,(anonymous_22)
DA:1,0
DA:2,0
DA:5,0
DA:8,0
DA:9,0
DA:10,0
DA:11,0
DA:12,0
DA:14,0
DA:16,0
DA:17,0
DA:22,0
DA:23,0
DA:24,0
DA:26,0
DA:27,0
DA:33,0
DA:37,0
DA:38,0
DA:50,0
DA:51,0
DA:52,0
DA:56,0
DA:57,0
DA:61,0
DA:62,0
DA:63,0
DA:64,0
DA:65,0
DA:67,0
DA:68,0
DA:72,0
DA:73,0
DA:83,0
DA:91,0
DA:95,0
DA:103,0
DA:108,0
DA:110,0
DA:118,0
DA:122,0
DA:130,0
DA:139,0
DA:140,0
DA:149,0
DA:154,0
DA:158,0
DA:159,0
DA:160,0
DA:169,0
DA:177,0
DA:181,0
DA:182,0
DA:190,0
DA:194,0
DA:207,0
DA:211,0
LF:57
LH:0
BRDA:9,0,0,0
BRDA:9,0,1,0
BRDA:45,1,0,0
BRDA:45,1,1,0
BRDA:63,2,0,0
BRDA:63,2,1,0
BRDA:73,3,0,0
BRDA:73,3,1,0
BRDA:108,4,0,0
BRDA:108,4,1,0
BRDA:114,5,0,0
BRDA:114,5,1,0
BRDA:128,6,0,0
BRDA:128,6,1,0
BRDA:167,7,0,0
BRDA:173,8,0,0
BRDA:173,8,1,0
BRDA:180,9,0,0
BRDA:198,10,0,0
BRDA:198,10,1,0
BRDA:204,11,0,0
BRDA:204,11,1,0
BRF:22
BRH:0
end_of_record
TN:
SF:models\Product.js
FN:40,(anonymous_0)
FNF:1
FNH:0
FNDA:0,(anonymous_0)
DA:1,0
DA:3,0
DA:40,0
DA:41,0
DA:42,0
DA:45,0
DA:47,0
LF:7
LH:0
BRF:0
BRH:0
end_of_record
TN:
SF:models\Trip.js
FN:177,(anonymous_0)
FN:181,(anonymous_1)
FN:185,(anonymous_2)
FN:190,(anonymous_3)
FN:197,(anonymous_4)
FN:202,(anonymous_5)
FN:210,(anonymous_6)
FN:212,(anonymous_7)
FNF:8
FNH:0
FNDA:0,(anonymous_0)
FNDA:0,(anonymous_1)
FNDA:0,(anonymous_2)
FNDA:0,(anonymous_3)
FNDA:0,(anonymous_4)
FNDA:0,(anonymous_5)
FNDA:0,(anonymous_6)
FNDA:0,(anonymous_7)
DA:11,0
DA:12,0
DA:14,0
DA:171,0
DA:172,0
DA:173,0
DA:174,0
DA:177,0
DA:178,0
DA:181,0
DA:182,0
DA:185,0
DA:186,0
DA:190,0
DA:191,0
DA:192,0
DA:194,0
DA:197,0
DA:198,0
DA:199,0
DA:202,0
DA:203,0
DA:207,0
DA:210,0
DA:212,0
DA:213,0
DA:214,0
DA:216,0
DA:223,0
DA:226,0
LF:30
LH:0
BRDA:178,0,0,0
BRDA:178,0,1,0
BRDA:182,1,0,0
BRDA:182,1,1,0
BRDA:191,2,0,0
BRDA:191,2,1,0
BRDA:191,3,0,0
BRDA:191,3,1,0
BRF:8
BRH:0
end_of_record
TN:
SF:models\User.js
FN:44,(anonymous_0)
FN:50,(anonymous_1)
FNF:2
FNH:0
FNDA:0,(anonymous_0)
FNDA:0,(anonymous_1)
DA:1,0
DA:3,0
DA:44,0
DA:45,0
DA:46,0
DA:50,0
DA:51,0
DA:52,0
DA:53,0
DA:54,0
DA:57,0
DA:59,0
LF:12
LH:0
BRF:0
BRH:0
end_of_record
TN:
SF:models\User.memory.js
FN:5,getNextId
FN:10,(anonymous_1)
FN:20,(anonymous_2)
FN:31,(anonymous_3)
FN:44,(anonymous_4)
FN:48,(anonymous_5)
FN:61,(anonymous_6)
FN:69,(anonymous_7)
FN:75,(anonymous_8)
FN:78,(anonymous_9)
FN:86,(anonymous_10)
FN:89,(anonymous_11)
FN:93,(anonymous_12)
FN:99,(anonymous_13)
FN:102,(anonymous_14)
FN:105,(anonymous_15)
FN:108,(anonymous_16)
FN:111,(anonymous_17)
FN:125,(anonymous_18)
FN:134,(anonymous_19)
FNF:20
FNH:0
FNDA:0,getNextId
FNDA:0,(anonymous_1)
FNDA:0,(anonymous_2)
FNDA:0,(anonymous_3)
FNDA:0,(anonymous_4)
FNDA:0,(anonymous_5)
FNDA:0,(anonymous_6)
FNDA:0,(anonymous_7)
FNDA:0,(anonymous_8)
FNDA:0,(anonymous_9)
FNDA:0,(anonymous_10)
FNDA:0,(anonymous_11)
FNDA:0,(anonymous_12)
FNDA:0,(anonymous_13)
FNDA:0,(anonymous_14)
FNDA:0,(anonymous_15)
FNDA:0,(anonymous_16)
FNDA:0,(anonymous_17)
FNDA:0,(anonymous_18)
FNDA:0,(anonymous_19)
DA:1,0
DA:2,0
DA:6,0
DA:7,0
DA:8,0
DA:9,0
DA:11,0
DA:12,0
DA:15,0
DA:21,0
DA:22,0
DA:23,0
DA:24,0
DA:25,0
DA:26,0
DA:27,0
DA:28,0
DA:32,0
DA:45,0
DA:46,0
DA:47,0
DA:48,0
DA:50,0
DA:51,0
DA:53,0
DA:56,0
DA:57,0
DA:58,0
DA:62,0
DA:63,0
DA:64,0
DA:68,0
DA:70,0
DA:71,0
DA:72,0
DA:76,0
DA:77,0
DA:78,0
DA:79,0
DA:80,0
DA:81,0
DA:83,0
DA:87,0
DA:88,0
DA:89,0
DA:90,0
DA:94,0
DA:95,0
DA:98,0
DA:99,0
DA:101,0
DA:102,0
DA:105,0
DA:109,0
DA:110,0
DA:111,0
DA:113,0
DA:114,0
DA:115,0
DA:116,0
DA:117,0
DA:118,0
DA:120,0
DA:125,0
DA:126,0
DA:127,0
DA:129,0
DA:133,0
DA:134,0
DA:135,0
DA:136,0
DA:137,0
DA:138,0
DA:139,0
DA:141,0
DA:148,0
DA:149,0
DA:150,0
DA:155,0
LF:79
LH:0
BRDA:7,0,0,0
BRDA:7,0,1,0
BRDA:8,1,0,0
BRDA:8,1,1,0
BRDA:12,2,0,0
BRDA:12,2,1,0
BRDA:21,3,0,0
BRDA:21,3,1,0
BRDA:25,4,0,0
BRDA:25,4,1,0
BRDA:26,5,0,0
BRDA:26,5,1,0
BRDA:27,6,0,0
BRDA:27,6,1,0
BRDA:28,7,0,0
BRDA:28,7,1,0
BRDA:47,8,0,0
BRDA:47,8,1,0
BRDA:50,9,0,0
BRDA:50,9,1,0
BRDA:77,10,0,0
BRDA:77,10,1,0
BRDA:79,11,0,0
BRDA:79,11,1,0
BRDA:80,12,0,0
BRDA:80,12,1,0
BRDA:83,13,0,0
BRDA:83,13,1,0
BRDA:88,14,0,0
BRDA:88,14,1,0
BRDA:90,15,0,0
BRDA:90,15,1,0
BRDA:93,16,0,0
BRDA:95,17,0,0
BRDA:95,17,1,0
BRDA:98,18,0,0
BRDA:98,18,1,0
BRDA:101,19,0,0
BRDA:101,19,1,0
BRDA:110,20,0,0
BRDA:110,20,1,0
BRDA:113,21,0,0
BRDA:113,21,1,0
BRDA:126,22,0,0
BRDA:126,22,1,0
BRDA:133,23,0,0
BRDA:133,23,1,0
BRDA:136,24,0,0
BRDA:136,24,1,0
BRDA:136,25,0,0
BRDA:136,25,1,0
BRF:51
BRH:0
end_of_record
TN:
SF:models\Vehicle.js
FN:349,(anonymous_0)
FN:353,(anonymous_1)
FN:365,(anonymous_2)
FN:378,(anonymous_3)
FN:392,(anonymous_4)
FN:399,(anonymous_5)
FN:405,(anonymous_6)
FN:418,(anonymous_7)
FN:431,(anonymous_8)
FNF:9
FNH:0
FNDA:0,(anonymous_0)
FNDA:0,(anonymous_1)
FNDA:0,(anonymous_2)
FNDA:0,(anonymous_3)
FNDA:0,(anonymous_4)
FNDA:0,(anonymous_5)
FNDA:0,(anonymous_6)
FNDA:0,(anonymous_7)
FNDA:0,(anonymous_8)
DA:13,0
DA:14,0
DA:16,0
DA:339,0
DA:340,0
DA:341,0
DA:342,0
DA:343,0
DA:344,0
DA:345,0
DA:346,0
DA:349,0
DA:350,0
DA:353,0
DA:354,0
DA:355,0
DA:356,0
DA:358,0
DA:359,0
DA:360,0
DA:362,0
DA:365,0
DA:366,0
DA:367,0
DA:368,0
DA:369,0
DA:371,0
DA:372,0
DA:373,0
DA:375,0
DA:378,0
DA:379,0
DA:380,0
DA:381,0
DA:382,0
DA:384,0
DA:385,0
DA:386,0
DA:388,0
DA:392,0
DA:393,0
DA:394,0
DA:395,0
DA:396,0
DA:399,0
DA:400,0
DA:401,0
DA:402,0
DA:405,0
DA:406,0
DA:414,0
DA:415,0
DA:418,0
DA:419,0
DA:426,0
DA:427,0
DA:428,0
DA:431,0
DA:432,0
DA:438,0
DA:441,0
DA:447,0
DA:448,0
DA:451,0
DA:454,0
LF:65
LH:0
BRDA:355,0,0,0
BRDA:355,0,1,0
BRDA:359,1,0,0
BRDA:359,1,1,0
BRDA:366,2,0,0
BRDA:366,2,1,0
BRDA:368,3,0,0
BRDA:368,3,1,0
BRDA:372,4,0,0
BRDA:372,4,1,0
BRDA:379,5,0,0
BRDA:379,5,1,0
BRDA:381,6,0,0
BRDA:381,6,1,0
BRDA:385,7,0,0
BRDA:385,7,1,0
BRDA:394,8,0,0
BRDA:394,8,1,0
BRDA:396,9,0,0
BRDA:396,9,1,0
BRDA:396,9,2,0
BRDA:431,10,0,0
BRDA:447,11,0,0
BRDA:447,11,1,0
BRF:24
BRH:0
end_of_record
TN:
SF:models\Vehicle_SaudiCompliant.js
FN:700,(anonymous_0)
FN:704,(anonymous_1)
FN:708,(anonymous_2)
FN:712,(anonymous_3)
FN:716,(anonymous_4)
FN:722,(anonymous_5)
FN:728,(anonymous_6)
FN:732,(anonymous_7)
FN:748,(anonymous_8)
FN:753,(anonymous_9)
FN:761,(anonymous_10)
FN:766,(anonymous_11)
FN:771,(anonymous_12)
FN:776,(anonymous_13)
FN:803,(anonymous_14)
FN:810,(anonymous_15)
FN:835,(anonymous_16)
FN:836,(anonymous_17)
FNF:18
FNH:0
FNDA:0,(anonymous_0)
FNDA:0,(anonymous_1)
FNDA:0,(anonymous_2)
FNDA:0,(anonymous_3)
FNDA:0,(anonymous_4)
FNDA:0,(anonymous_5)
FNDA:0,(anonymous_6)
FNDA:0,(anonymous_7)
FNDA:0,(anonymous_8)
FNDA:0,(anonymous_9)
FNDA:0,(anonymous_10)
FNDA:0,(anonymous_11)
FNDA:0,(anonymous_12)
FNDA:0,(anonymous_13)
FNDA:0,(anonymous_14)
FNDA:0,(anonymous_15)
FNDA:0,(anonymous_16)
FNDA:0,(anonymous_17)
DA:13,0
DA:14,0
DA:16,0
DA:692,0
DA:693,0
DA:694,0
DA:695,0
DA:696,0
DA:697,0
DA:700,0
DA:701,0
DA:704,0
DA:705,0
DA:708,0
DA:709,0
DA:712,0
DA:713,0
DA:716,0
DA:717,0
DA:718,0
DA:719,0
DA:722,0
DA:723,0
DA:724,0
DA:725,0
DA:728,0
DA:729,0
DA:732,0
DA:733,0
DA:735,0
DA:736,0
DA:737,0
DA:738,0
DA:740,0
DA:748,0
DA:749,0
DA:752,0
DA:753,0
DA:754,0
DA:758,0
DA:761,0
DA:762,0
DA:766,0
DA:767,0
DA:768,0
DA:771,0
DA:772,0
DA:773,0
DA:776,0
DA:777,0
DA:781,0
DA:782,0
DA:783,0
DA:786,0
DA:787,0
DA:790,0
DA:800,0
DA:803,0
DA:804,0
DA:805,0
DA:806,0
DA:807,0
DA:810,0
DA:811,0
DA:835,0
DA:836,0
DA:841,0
LF:67
LH:0
BRDA:713,0,0,0
BRDA:713,0,1,0
BRDA:729,1,0,0
BRDA:729,1,1,0
BRDA:729,1,2,0
BRDA:729,1,3,0
BRDA:735,2,0,0
BRDA:735,2,1,0
BRDA:736,3,0,0
BRDA:736,3,1,0
BRDA:737,4,0,0
BRDA:737,4,1,0
BRDA:738,5,0,0
BRDA:738,5,1,0
BRDA:752,6,0,0
BRDA:752,6,1,0
BRDA:752,7,0,0
BRDA:752,7,1,0
BRDA:754,8,0,0
BRDA:754,8,1,0
BRDA:786,9,0,0
BRDA:786,9,1,0
BRDA:836,10,0,0
BRDA:836,10,1,0
BRF:24
BRH:0
end_of_record
TN:
SF:models\analytics.model.js
FN:44,(anonymous_0)
FN:51,(anonymous_1)
FN:52,(anonymous_2)
FN:61,(anonymous_3)
FN:67,(anonymous_4)
FN:68,(anonymous_5)
FN:69,(anonymous_6)
FN:74,(anonymous_7)
FN:75,(anonymous_8)
FN:77,(anonymous_9)
FN:84,(anonymous_10)
FN:87,(anonymous_11)
FN:90,(anonymous_12)
FN:98,(anonymous_13)
FN:102,(anonymous_14)
FN:106,(anonymous_15)
FNF:16
FNH:0
FNDA:0,(anonymous_0)
FNDA:0,(anonymous_1)
FNDA:0,(anonymous_2)
FNDA:0,(anonymous_3)
FNDA:0,(anonymous_4)
FNDA:0,(anonymous_5)
FNDA:0,(anonymous_6)
FNDA:0,(anonymous_7)
FNDA:0,(anonymous_8)
FNDA:0,(anonymous_9)
FNDA:0,(anonymous_10)
FNDA:0,(anonymous_11)
FNDA:0,(anonymous_12)
FNDA:0,(anonymous_13)
FNDA:0,(anonymous_14)
FNDA:0,(anonymous_15)
DA:1,0
DA:2,0
DA:4,0
DA:6,0
DA:7,0
DA:39,0
DA:41,0
DA:45,0
DA:46,0
DA:47,0
DA:48,0
DA:52,0
DA:53,0
DA:54,0
DA:56,0
DA:58,0
DA:62,0
DA:63,0
DA:64,0
DA:68,0
DA:69,0
DA:70,0
DA:74,0
DA:76,0
DA:77,0
DA:78,0
DA:79,0
DA:80,0
DA:82,0
DA:85,0
DA:88,0
DA:91,0
DA:95,0
DA:99,0
DA:103,0
DA:107,0
DA:111,0
DA:112,0
DA:113,0
LF:39
LH:0
BRDA:4,0,0,0
BRDA:4,0,1,0
BRDA:6,1,0,0
BRDA:6,1,1,0
BRDA:44,2,0,0
BRDA:46,3,0,0
BRDA:46,3,1,0
BRDA:47,4,0,0
BRDA:47,4,1,0
BRDA:48,5,0,0
BRDA:48,5,1,0
BRDA:53,6,0,0
BRDA:53,6,1,0
BRDA:61,7,0,0
BRDA:67,8,0,0
BRDA:70,9,0,0
BRDA:70,9,1,0
BRDA:75,10,0,0
BRDA:76,11,0,0
BRDA:76,11,1,0
BRDA:78,12,0,0
BRDA:78,12,1,0
BRDA:79,13,0,0
BRDA:79,13,1,0
BRDA:80,14,0,0
BRDA:80,14,1,0
BRF:26
BRH:0
end_of_record
TN:
SF:models\conversation.model.js
FN:182,(anonymous_0)
FN:183,(anonymous_1)
FN:187,(anonymous_2)
FN:188,(anonymous_3)
FN:202,(anonymous_4)
FN:203,(anonymous_5)
FN:213,(anonymous_6)
FN:227,(anonymous_7)
FN:228,(anonymous_8)
FN:236,(anonymous_9)
FN:237,(anonymous_10)
FN:243,(anonymous_11)
FN:252,(anonymous_12)
FN:253,(anonymous_13)
FN:259,(anonymous_14)
FN:260,(anonymous_15)
FN:269,(anonymous_16)
FN:278,(anonymous_17)
FN:297,(anonymous_18)
FN:318,(anonymous_19)
FN:321,(anonymous_20)
FN:341,(anonymous_21)
FN:343,(anonymous_22)
FN:348,(anonymous_23)
FN:350,(anonymous_24)
FNF:25
FNH:0
FNDA:0,(anonymous_0)
FNDA:0,(anonymous_1)
FNDA:0,(anonymous_2)
FNDA:0,(anonymous_3)
FNDA:0,(anonymous_4)
FNDA:0,(anonymous_5)
FNDA:0,(anonymous_6)
FNDA:0,(anonymous_7)
FNDA:0,(anonymous_8)
FNDA:0,(anonymous_9)
FNDA:0,(anonymous_10)
FNDA:0,(anonymous_11)
FNDA:0,(anonymous_12)
FNDA:0,(anonymous_13)
FNDA:0,(anonymous_14)
FNDA:0,(anonymous_15)
FNDA:0,(anonymous_16)
FNDA:0,(anonymous_17)
FNDA:0,(anonymous_18)
FNDA:0,(anonymous_19)
FNDA:0,(anonymous_20)
FNDA:0,(anonymous_21)
FNDA:0,(anonymous_22)
FNDA:0,(anonymous_23)
FNDA:0,(anonymous_24)
DA:13,0
DA:15,0
DA:177,0
DA:178,0
DA:179,0
DA:182,0
DA:183,0
DA:187,0
DA:188,0
DA:189,0
DA:195,0
DA:196,0
DA:198,0
DA:202,0
DA:203,0
DA:204,0
DA:205,0
DA:206,0
DA:207,0
DA:209,0
DA:213,0
DA:214,0
DA:220,0
DA:221,0
DA:222,0
DA:223,0
DA:227,0
DA:228,0
DA:229,0
DA:230,0
DA:232,0
DA:236,0
DA:237,0
DA:238,0
DA:239,0
DA:243,0
DA:244,0
DA:245,0
DA:246,0
DA:248,0
DA:252,0
DA:253,0
DA:254,0
DA:255,0
DA:259,0
DA:260,0
DA:261,0
DA:262,0
DA:263,0
DA:265,0
DA:269,0
DA:270,0
DA:278,0
DA:279,0
DA:281,0
DA:288,0
DA:297,0
DA:299,0
DA:301,0
DA:302,0
DA:314,0
DA:318,0
DA:319,0
DA:321,0
DA:324,0
DA:337,0
DA:341,0
DA:343,0
DA:344,0
DA:348,0
DA:349,0
DA:350,0
DA:351,0
DA:354,0
DA:356,0
LF:75
LH:0
BRDA:187,0,0,0
BRDA:188,1,0,0
BRDA:188,1,1,0
BRDA:204,2,0,0
BRDA:204,2,1,0
BRDA:228,3,0,0
BRDA:228,3,1,0
BRDA:244,4,0,0
BRDA:244,4,1,0
BRDA:261,5,0,0
BRDA:261,5,1,0
BRDA:278,6,0,0
BRDA:279,7,0,0
BRDA:279,8,0,0
BRDA:279,9,0,0
BRDA:301,10,0,0
BRDA:301,10,1,0
BRDA:318,11,0,0
BRF:18
BRH:0
end_of_record
TN:
SF:models\disability-assessment.model.js
FN:286,(anonymous_0)
FN:307,(anonymous_1)
FN:319,(anonymous_2)
FN:334,(anonymous_3)
FN:348,(anonymous_4)
FN:368,(anonymous_5)
FN:381,(anonymous_6)
FN:385,(anonymous_7)
FN:389,(anonymous_8)
FN:418,(anonymous_9)
FN:424,(anonymous_10)
FNF:11
FNH:0
FNDA:0,(anonymous_0)
FNDA:0,(anonymous_1)
FNDA:0,(anonymous_2)
FNDA:0,(anonymous_3)
FNDA:0,(anonymous_4)
FNDA:0,(anonymous_5)
FNDA:0,(anonymous_6)
FNDA:0,(anonymous_7)
FNDA:0,(anonymous_8)
FNDA:0,(anonymous_9)
FNDA:0,(anonymous_10)
DA:13,0
DA:14,0
DA:17,0
DA:74,0
DA:108,0
DA:152,0
DA:279,0
DA:280,0
DA:281,0
DA:282,0
DA:283,0
DA:286,0
DA:287,0
DA:288,0
DA:289,0
DA:291,0
DA:292,0
DA:293,0
DA:295,0
DA:296,0
DA:297,0
DA:299,0
DA:300,0
DA:301,0
DA:304,0
DA:307,0
DA:308,0
DA:309,0
DA:319,0
DA:320,0
DA:334,0
DA:335,0
DA:337,0
DA:338,0
DA:340,0
DA:348,0
DA:349,0
DA:368,0
DA:369,0
DA:370,0
DA:372,0
DA:381,0
DA:382,0
DA:385,0
DA:386,0
DA:389,0
DA:390,0
DA:391,0
DA:392,0
DA:393,0
DA:410,0
DA:418,0
DA:419,0
DA:424,0
DA:427,0
LF:55
LH:0
BRDA:291,0,0,0
BRDA:291,0,1,0
BRDA:295,1,0,0
BRDA:295,1,1,0
BRDA:299,2,0,0
BRDA:299,2,1,0
BRDA:304,3,0,0
BRDA:304,3,1,0
BRDA:315,4,0,0
BRDA:315,4,1,0
BRDA:335,5,0,0
BRDA:335,5,1,0
BRDA:370,6,0,0
BRDA:370,6,1,0
BRDA:373,7,0,0
BRDA:373,7,1,0
BRDA:373,7,2,0
BRDA:373,7,3,0
BRDA:414,8,0,0
BRDA:414,8,1,0
BRF:20
BRH:0
end_of_record
TN:
SF:models\employee.model.js
FN:258,(anonymous_0)
FN:267,(anonymous_1)
FN:271,(anonymous_2)
FN:279,(anonymous_3)
FN:292,(anonymous_4)
FN:302,(anonymous_5)
FN:311,(anonymous_6)
FN:321,(anonymous_7)
FN:330,(anonymous_8)
FN:342,(anonymous_9)
FN:350,(anonymous_10)
FN:365,(anonymous_11)
FN:386,(anonymous_12)
FN:393,(anonymous_13)
FN:400,(anonymous_14)
FN:442,(anonymous_15)
FN:452,(anonymous_16)
FNF:17
FNH:0
FNDA:0,(anonymous_0)
FNDA:0,(anonymous_1)
FNDA:0,(anonymous_2)
FNDA:0,(anonymous_3)
FNDA:0,(anonymous_4)
FNDA:0,(anonymous_5)
FNDA:0,(anonymous_6)
FNDA:0,(anonymous_7)
FNDA:0,(anonymous_8)
FNDA:0,(anonymous_9)
FNDA:0,(anonymous_10)
FNDA:0,(anonymous_11)
FNDA:0,(anonymous_12)
FNDA:0,(anonymous_13)
FNDA:0,(anonymous_14)
FNDA:0,(anonymous_15)
FNDA:0,(anonymous_16)
DA:13,0
DA:15,0
DA:252,0
DA:253,0
DA:254,0
DA:255,0
DA:258,0
DA:259,0
DA:267,0
DA:268,0
DA:270,0
DA:271,0
DA:272,0
DA:273,0
DA:278,0
DA:279,0
DA:280,0
DA:281,0
DA:286,0
DA:292,0
DA:293,0
DA:302,0
DA:303,0
DA:304,0
DA:305,0
DA:311,0
DA:312,0
DA:320,0
DA:321,0
DA:322,0
DA:324,0
DA:330,0
DA:331,0
DA:336,0
DA:342,0
DA:343,0
DA:344,0
DA:350,0
DA:351,0
DA:357,0
DA:358,0
DA:359,0
DA:365,0
DA:366,0
DA:386,0
DA:387,0
DA:393,0
DA:394,0
DA:400,0
DA:401,0
DA:402,0
DA:403,0
DA:413,0
DA:422,0
DA:442,0
DA:443,0
DA:444,0
DA:452,0
DA:453,0
DA:454,0
DA:456,0
DA:464,0
LF:62
LH:0
BRDA:270,0,0,0
BRDA:270,0,1,0
BRDA:272,1,0,0
BRDA:272,1,1,0
BRDA:278,2,0,0
BRDA:278,2,1,0
BRDA:280,3,0,0
BRDA:280,3,1,0
BRDA:452,4,0,0
BRF:9
BRH:0
end_of_record
TN:
SF:models\message.model.js
FN:143,(anonymous_0)
FN:148,(anonymous_1)
FN:153,(anonymous_2)
FN:154,(anonymous_3)
FN:162,(anonymous_4)
FN:163,(anonymous_5)
FN:171,(anonymous_6)
FN:180,(anonymous_7)
FN:197,(anonymous_8)
FN:207,(anonymous_9)
FN:215,(anonymous_10)
FN:221,(anonymous_11)
FN:232,(anonymous_12)
FNF:13
FNH:0
FNDA:0,(anonymous_0)
FNDA:0,(anonymous_1)
FNDA:0,(anonymous_2)
FNDA:0,(anonymous_3)
FNDA:0,(anonymous_4)
FNDA:0,(anonymous_5)
FNDA:0,(anonymous_6)
FNDA:0,(anonymous_7)
FNDA:0,(anonymous_8)
FNDA:0,(anonymous_9)
FNDA:0,(anonymous_10)
FNDA:0,(anonymous_11)
FNDA:0,(anonymous_12)
DA:13,0
DA:15,0
DA:138,0
DA:139,0
DA:140,0
DA:143,0
DA:144,0
DA:148,0
DA:149,0
DA:153,0
DA:154,0
DA:155,0
DA:156,0
DA:158,0
DA:162,0
DA:163,0
DA:164,0
DA:165,0
DA:167,0
DA:171,0
DA:172,0
DA:173,0
DA:174,0
DA:176,0
DA:180,0
DA:181,0
DA:183,0
DA:188,0
DA:197,0
DA:198,0
DA:207,0
DA:208,0
DA:215,0
DA:217,0
DA:221,0
DA:223,0
DA:224,0
DA:225,0
DA:228,0
DA:232,0
DA:237,0
DA:239,0
LF:42
LH:0
BRDA:144,0,0,0
BRDA:144,0,1,0
BRDA:149,1,0,0
BRDA:149,1,1,0
BRDA:154,2,0,0
BRDA:154,2,1,0
BRDA:163,3,0,0
BRDA:163,3,1,0
BRDA:172,4,0,0
BRDA:172,4,1,0
BRDA:180,5,0,0
BRDA:181,6,0,0
BRDA:181,7,0,0
BRDA:223,8,0,0
BRDA:223,8,1,0
BRF:15
BRH:0
end_of_record
TN:
SF:models\payroll.model.js
FN:114,(anonymous_0)
FN:118,(anonymous_1)
FN:124,(anonymous_2)
FN:136,(anonymous_3)
FN:140,(anonymous_4)
FN:146,(anonymous_5)
FN:164,(anonymous_6)
FN:174,(anonymous_7)
FN:184,(anonymous_8)
FN:196,(anonymous_9)
FN:203,(anonymous_10)
FNF:11
FNH:0
FNDA:0,(anonymous_0)
FNDA:0,(anonymous_1)
FNDA:0,(anonymous_2)
FNDA:0,(anonymous_3)
FNDA:0,(anonymous_4)
FNDA:0,(anonymous_5)
FNDA:0,(anonymous_6)
FNDA:0,(anonymous_7)
FNDA:0,(anonymous_8)
FNDA:0,(anonymous_9)
FNDA:0,(anonymous_10)
DA:6,0
DA:8,0
DA:106,0
DA:107,0
DA:114,0
DA:115,0
DA:117,0
DA:118,0
DA:119,0
DA:123,0
DA:124,0
DA:125,0
DA:129,0
DA:130,0
DA:136,0
DA:137,0
DA:139,0
DA:140,0
DA:141,0
DA:145,0
DA:146,0
DA:147,0
DA:151,0
DA:152,0
DA:153,0
DA:154,0
DA:157,0
DA:158,0
DA:164,0
DA:165,0
DA:166,0
DA:167,0
DA:168,0
DA:174,0
DA:175,0
DA:176,0
DA:177,0
DA:178,0
DA:184,0
DA:185,0
DA:186,0
DA:187,0
DA:188,0
DA:196,0
DA:197,0
DA:203,0
DA:204,0
DA:216,0
DA:219,0
LF:49
LH:0
BRDA:117,0,0,0
BRDA:117,0,1,0
BRDA:123,1,0,0
BRDA:123,1,1,0
BRDA:139,2,0,0
BRDA:139,2,1,0
BRDA:145,3,0,0
BRDA:145,3,1,0
BRDA:151,4,0,0
BRDA:151,4,1,0
BRDA:152,5,0,0
BRDA:152,5,1,0
BRDA:153,6,0,0
BRDA:153,6,1,0
BRDA:154,7,0,0
BRDA:154,7,1,0
BRDA:184,8,0,0
BRDA:216,9,0,0
BRDA:216,9,1,0
BRF:19
BRH:0
end_of_record
TN:
SF:models\performance.model.js
FN:117,(anonymous_0)
FN:121,(anonymous_1)
FN:124,(anonymous_2)
FN:132,(anonymous_3)
FN:134,(anonymous_4)
FN:141,(anonymous_5)
FN:153,(anonymous_6)
FN:164,(anonymous_7)
FNF:8
FNH:0
FNDA:0,(anonymous_0)
FNDA:0,(anonymous_1)
FNDA:0,(anonymous_2)
FNDA:0,(anonymous_3)
FNDA:0,(anonymous_4)
FNDA:0,(anonymous_5)
FNDA:0,(anonymous_6)
FNDA:0,(anonymous_7)
DA:6,0
DA:8,0
DA:112,0
DA:117,0
DA:118,0
DA:119,0
DA:121,0
DA:122,0
DA:124,0
DA:125,0
DA:126,0
DA:132,0
DA:133,0
DA:134,0
DA:135,0
DA:141,0
DA:142,0
DA:146,0
DA:147,0
DA:153,0
DA:154,0
DA:158,0
DA:164,0
DA:165,0
DA:169,0
DA:170,0
DA:173,0
LF:27
LH:0
BRDA:119,0,0,0
BRDA:119,0,1,0
BRDA:121,1,0,0
BRDA:121,1,1,0
BRDA:122,2,0,0
BRDA:122,2,1,0
BRDA:133,3,0,0
BRDA:133,3,1,0
BRDA:133,4,0,0
BRDA:133,4,1,0
BRF:10
BRH:0
end_of_record
TN:
SF:models\prediction.model.js
FN:63,(anonymous_0)
FN:70,(anonymous_1)
FN:72,(anonymous_2)
FN:81,(anonymous_3)
FN:87,(anonymous_4)
FN:88,(anonymous_5)
FN:89,(anonymous_6)
FN:94,(anonymous_7)
FN:95,(anonymous_8)
FN:97,(anonymous_9)
FN:104,(anonymous_10)
FN:107,(anonymous_11)
FN:110,(anonymous_12)
FN:118,(anonymous_13)
FN:122,(anonymous_14)
FN:126,(anonymous_15)
FNF:16
FNH:0
FNDA:0,(anonymous_0)
FNDA:0,(anonymous_1)
FNDA:0,(anonymous_2)
FNDA:0,(anonymous_3)
FNDA:0,(anonymous_4)
FNDA:0,(anonymous_5)
FNDA:0,(anonymous_6)
FNDA:0,(anonymous_7)
FNDA:0,(anonymous_8)
FNDA:0,(anonymous_9)
FNDA:0,(anonymous_10)
FNDA:0,(anonymous_11)
FNDA:0,(anonymous_12)
FNDA:0,(anonymous_13)
FNDA:0,(anonymous_14)
FNDA:0,(anonymous_15)
DA:1,0
DA:2,0
DA:4,0
DA:6,0
DA:7,0
DA:58,0
DA:60,0
DA:64,0
DA:65,0
DA:66,0
DA:67,0
DA:71,0
DA:72,0
DA:73,0
DA:74,0
DA:76,0
DA:78,0
DA:82,0
DA:83,0
DA:84,0
DA:88,0
DA:89,0
DA:90,0
DA:94,0
DA:96,0
DA:97,0
DA:98,0
DA:99,0
DA:100,0
DA:102,0
DA:105,0
DA:108,0
DA:111,0
DA:115,0
DA:119,0
DA:123,0
DA:127,0
DA:131,0
DA:132,0
DA:133,0
LF:40
LH:0
BRDA:4,0,0,0
BRDA:4,0,1,0
BRDA:4,0,2,0
BRDA:6,1,0,0
BRDA:6,1,1,0
BRDA:63,2,0,0
BRDA:65,3,0,0
BRDA:65,3,1,0
BRDA:66,4,0,0
BRDA:66,4,1,0
BRDA:67,5,0,0
BRDA:67,5,1,0
BRDA:73,6,0,0
BRDA:73,6,1,0
BRDA:81,7,0,0
BRDA:87,8,0,0
BRDA:90,9,0,0
BRDA:90,9,1,0
BRDA:95,10,0,0
BRDA:96,11,0,0
BRDA:96,11,1,0
BRDA:98,12,0,0
BRDA:98,12,1,0
BRDA:99,13,0,0
BRDA:99,13,1,0
BRDA:100,14,0,0
BRDA:100,14,1,0
BRF:27
BRH:0
end_of_record
TN:
SF:models\rehabilitation-program.model.js
FN:402,(anonymous_0)
FN:404,(anonymous_1)
FN:408,(anonymous_2)
FN:410,(anonymous_3)
FN:411,(anonymous_4)
FN:413,(anonymous_5)
FN:415,(anonymous_6)
FN:423,(anonymous_7)
FN:428,(anonymous_8)
FN:430,(anonymous_9)
FN:434,(anonymous_10)
FN:453,(anonymous_11)
FN:465,(anonymous_12)
FN:472,(anonymous_13)
FN:476,(anonymous_14)
FN:478,(anonymous_15)
FN:484,(anonymous_16)
FN:497,(anonymous_17)
FNF:18
FNH:0
FNDA:0,(anonymous_0)
FNDA:0,(anonymous_1)
FNDA:0,(anonymous_2)
FNDA:0,(anonymous_3)
FNDA:0,(anonymous_4)
FNDA:0,(anonymous_5)
FNDA:0,(anonymous_6)
FNDA:0,(anonymous_7)
FNDA:0,(anonymous_8)
FNDA:0,(anonymous_9)
FNDA:0,(anonymous_10)
FNDA:0,(anonymous_11)
FNDA:0,(anonymous_12)
FNDA:0,(anonymous_13)
FNDA:0,(anonymous_14)
FNDA:0,(anonymous_15)
FNDA:0,(anonymous_16)
FNDA:0,(anonymous_17)
DA:14,0
DA:15,0
DA:18,0
DA:80,0
DA:126,0
DA:168,0
DA:188,0
DA:394,0
DA:395,0
DA:396,0
DA:397,0
DA:398,0
DA:399,0
DA:402,0
DA:403,0
DA:404,0
DA:405,0
DA:408,0
DA:409,0
DA:410,0
DA:411,0
DA:413,0
DA:414,0
DA:415,0
DA:416,0
DA:419,0
DA:423,0
DA:428,0
DA:429,0
DA:430,0
DA:431,0
DA:434,0
DA:435,0
DA:453,0
DA:454,0
DA:455,0
DA:456,0
DA:457,0
DA:458,0
DA:459,0
DA:462,0
DA:465,0
DA:466,0
DA:467,0
DA:468,0
DA:472,0
DA:473,0
DA:476,0
DA:477,0
DA:478,0
DA:479,0
DA:480,0
DA:484,0
DA:485,0
DA:497,0
DA:498,0
DA:499,0
DA:501,0
DA:511,0
LF:59
LH:0
BRDA:409,0,0,0
BRDA:409,0,1,0
BRDA:414,1,0,0
BRDA:414,1,1,0
BRDA:415,2,0,0
BRDA:415,2,1,0
BRDA:429,3,0,0
BRDA:429,3,1,0
BRDA:455,4,0,0
BRDA:455,4,1,0
BRDA:457,5,0,0
BRDA:457,5,1,0
BRDA:466,6,0,0
BRDA:466,6,1,0
BRDA:467,7,0,0
BRDA:467,7,1,0
BRDA:480,8,0,0
BRDA:480,8,1,0
BRDA:499,9,0,0
BRDA:499,9,1,0
BRF:20
BRH:0
end_of_record
TN:
SF:models\training.model.js
FN:87,(anonymous_0)
FN:88,(anonymous_1)
FN:100,(anonymous_2)
FN:101,(anonymous_3)
FN:115,(anonymous_4)
FN:117,(anonymous_5)
FNF:6
FNH:0
FNDA:0,(anonymous_0)
FNDA:0,(anonymous_1)
FNDA:0,(anonymous_2)
FNDA:0,(anonymous_3)
FNDA:0,(anonymous_4)
FNDA:0,(anonymous_5)
DA:6,0
DA:8,0
DA:82,0
DA:87,0
DA:88,0
DA:89,0
DA:94,0
DA:100,0
DA:101,0
DA:102,0
DA:103,0
DA:104,0
DA:105,0
DA:106,0
DA:109,0
DA:115,0
DA:116,0
DA:117,0
DA:118,0
DA:121,0
LF:20
LH:0
BRDA:88,0,0,0
BRDA:88,0,1,0
BRDA:102,1,0,0
BRDA:102,1,1,0
BRDA:104,2,0,0
BRDA:104,2,1,0
BRDA:116,3,0,0
BRDA:116,3,1,0
BRF:8
BRH:0
end_of_record
TN:
SF:models\transport.models.js
FNF:0
FNH:0
DA:6,0
DA:10,0
DA:82,0
DA:210,0
DA:265,0
DA:375,0
DA:471,0
DA:509,0
DA:556,0
DA:617,0
DA:692,0
DA:738,0
DA:739,0
DA:740,0
DA:741,0
DA:742,0
DA:743,0
DA:744,0
DA:745,0
DA:746,0
DA:747,0
DA:749,0
LF:22
LH:0
BRF:0
BRH:0
end_of_record
TN:
SF:routes\ai.routes.js
FN:25,(anonymous_0)
FN:41,(anonymous_1)
FN:59,(anonymous_2)
FN:80,(anonymous_3)
FN:105,(anonymous_4)
FN:115,(anonymous_5)
FN:116,(anonymous_6)
FN:147,(anonymous_7)
FN:154,(anonymous_8)
FN:155,(anonymous_9)
FN:156,(anonymous_10)
FN:166,(anonymous_11)
FN:186,(anonymous_12)
FN:213,(anonymous_13)
FN:232,(anonymous_14)
FN:261,(anonymous_15)
FNF:16
FNH:0
FNDA:0,(anonymous_0)
FNDA:0,(anonymous_1)
FNDA:0,(anonymous_2)
FNDA:0,(anonymous_3)
FNDA:0,(anonymous_4)
FNDA:0,(anonymous_5)
FNDA:0,(anonymous_6)
FNDA:0,(anonymous_7)
FNDA:0,(anonymous_8)
FNDA:0,(anonymous_9)
FNDA:0,(anonymous_10)
FNDA:0,(anonymous_11)
FNDA:0,(anonymous_12)
FNDA:0,(anonymous_13)
FNDA:0,(anonymous_14)
FNDA:0,(anonymous_15)
DA:1,0
DA:2,0
DA:10,0
DA:11,0
DA:12,0
DA:13,0
DA:14,0
DA:15,0
DA:17,0
DA:25,0
DA:26,0
DA:27,0
DA:29,0
DA:31,0
DA:32,0
DA:33,0
DA:40,0
DA:41,0
DA:43,0
DA:48,0
DA:59,0
DA:60,0
DA:61,0
DA:62,0
DA:64,0
DA:69,0
DA:80,0
DA:81,0
DA:82,0
DA:83,0
DA:85,0
DA:87,0
DA:92,0
DA:105,0
DA:106,0
DA:107,0
DA:108,0
DA:109,0
DA:115,0
DA:116,0
DA:118,0
DA:119,0
DA:121,0
DA:136,0
DA:147,0
DA:148,0
DA:149,0
DA:150,0
DA:151,0
DA:153,0
DA:155,0
DA:156,0
DA:157,0
DA:159,0
DA:166,0
DA:168,0
DA:173,0
DA:186,0
DA:187,0
DA:188,0
DA:189,0
DA:190,0
DA:191,0
DA:193,0
DA:195,0
DA:200,0
DA:213,0
DA:214,0
DA:215,0
DA:216,0
DA:221,0
DA:232,0
DA:233,0
DA:234,0
DA:236,0
DA:237,0
DA:243,0
DA:245,0
DA:250,0
DA:261,0
DA:262,0
DA:263,0
DA:265,0
DA:266,0
DA:272,0
DA:277,0
DA:284,0
LF:87
LH:0
BRDA:31,0,0,0
BRDA:31,0,1,0
BRDA:108,1,0,0
BRDA:108,1,1,0
BRDA:236,2,0,0
BRDA:236,2,1,0
BRDA:236,3,0,0
BRDA:236,3,1,0
BRDA:236,3,2,0
BRDA:265,4,0,0
BRDA:265,4,1,0
BRF:11
BRH:0
end_of_record
TN:
SF:routes\archivingRoutes.js
FN:17,(anonymous_0)
FN:43,(anonymous_1)
FN:73,(anonymous_2)
FN:95,(anonymous_3)
FN:125,(anonymous_4)
FN:152,(anonymous_5)
FN:180,(anonymous_6)
FN:223,(anonymous_7)
FN:246,(anonymous_8)
FN:263,(anonymous_9)
FN:283,(anonymous_10)
FN:285,(anonymous_11)
FN:311,(anonymous_12)
FN:318,(anonymous_13)
FN:342,(anonymous_14)
FN:344,(anonymous_15)
FN:370,(anonymous_16)
FNF:17
FNH:0
FNDA:0,(anonymous_0)
FNDA:0,(anonymous_1)
FNDA:0,(anonymous_2)
FNDA:0,(anonymous_3)
FNDA:0,(anonymous_4)
FNDA:0,(anonymous_5)
FNDA:0,(anonymous_6)
FNDA:0,(anonymous_7)
FNDA:0,(anonymous_8)
FNDA:0,(anonymous_9)
FNDA:0,(anonymous_10)
FNDA:0,(anonymous_11)
FNDA:0,(anonymous_12)
FNDA:0,(anonymous_13)
FNDA:0,(anonymous_14)
FNDA:0,(anonymous_15)
FNDA:0,(anonymous_16)
DA:6,0
DA:7,0
DA:8,0
DA:11,0
DA:17,0
DA:18,0
DA:19,0
DA:21,0
DA:22,0
DA:28,0
DA:30,0
DA:32,0
DA:43,0
DA:44,0
DA:45,0
DA:47,0
DA:48,0
DA:54,0
DA:56,0
DA:62,0
DA:73,0
DA:74,0
DA:75,0
DA:77,0
DA:78,0
DA:84,0
DA:92,0
DA:95,0
DA:106,0
DA:114,0
DA:125,0
DA:126,0
DA:127,0
DA:128,0
DA:130,0
DA:135,0
DA:136,0
DA:139,0
DA:141,0
DA:152,0
DA:153,0
DA:154,0
DA:155,0
DA:157,0
DA:158,0
DA:164,0
DA:169,0
DA:180,0
DA:181,0
DA:182,0
DA:184,0
DA:185,0
DA:186,0
DA:192,0
DA:193,0
DA:195,0
DA:202,0
DA:212,0
DA:223,0
DA:224,0
DA:225,0
DA:227,0
DA:233,0
DA:235,0
DA:246,0
DA:247,0
DA:248,0
DA:250,0
DA:252,0
DA:263,0
DA:264,0
DA:265,0
DA:267,0
DA:272,0
DA:283,0
DA:284,0
DA:285,0
DA:294,0
DA:300,0
DA:311,0
DA:312,0
DA:313,0
DA:315,0
DA:317,0
DA:318,0
DA:321,0
DA:323,0
DA:331,0
DA:342,0
DA:343,0
DA:344,0
DA:353,0
DA:359,0
DA:370,0
DA:371,0
DA:372,0
DA:373,0
DA:375,0
DA:376,0
DA:382,0
DA:383,0
DA:385,0
DA:387,0
DA:395,0
DA:408,0
DA:415,0
LF:106
LH:0
BRDA:21,0,0,0
BRDA:21,0,1,0
BRDA:30,1,0,0
BRDA:30,1,1,0
BRDA:47,2,0,0
BRDA:47,2,1,0
BRDA:77,3,0,0
BRDA:77,3,1,0
BRDA:88,4,0,0
BRDA:88,4,1,0
BRDA:89,5,0,0
BRDA:89,5,1,0
BRDA:131,6,0,0
BRDA:131,6,1,0
BRDA:135,7,0,0
BRDA:135,7,1,0
BRDA:157,8,0,0
BRDA:157,8,1,0
BRDA:185,9,0,0
BRDA:185,9,1,0
BRDA:225,10,0,0
BRDA:225,11,0,0
BRDA:225,12,0,0
BRDA:313,13,0,0
BRDA:313,14,0,0
BRDA:317,15,0,0
BRDA:317,15,1,0
BRDA:321,16,0,0
BRDA:321,16,1,0
BRDA:375,17,0,0
BRDA:375,17,1,0
BRDA:405,18,0,0
BRDA:405,18,1,0
BRF:33
BRH:0
end_of_record
TN:
SF:routes\complianceRoutes.js
FN:25,(anonymous_0)
FN:58,(anonymous_1)
FN:82,(anonymous_2)
FN:118,(anonymous_3)
FN:154,(anonymous_4)
FN:191,(anonymous_5)
FN:247,(anonymous_6)
FN:268,(anonymous_7)
FN:298,(anonymous_8)
FN:345,(anonymous_9)
[...]
DA:370,0
DA:371,0
DA:381,0
DA:385,0
DA:386,0
DA:396,0
DA:400,0
DA:401,0
DA:411,0
DA:415,0
DA:416,0
DA:417,0
DA:418,0
DA:420,0
DA:427,0
DA:439,0
LF:102
LH:0
BRDA:37,0,0,0
BRDA:37,1,0,0
BRDA:41,2,0,0
BRDA:41,2,1,0
BRDA:42,3,0,0
BRDA:42,3,1,0
BRDA:354,4,0,0
BRF:7
BRH:0
end_of_record
TN:
SF:routes\hr.routes.js
FN:14,(anonymous_0)
FN:44,(anonymous_1)
FN:60,(anonymous_2)
FN:66,(anonymous_3)
FN:76,(anonymous_4)
FN:89,(anonymous_5)
FN:113,(anonymous_6)
FN:143,(anonymous_7)
FN:163,(anonymous_8)
FNF:9
FNH:0
FNDA:0,(anonymous_0)
FNDA:0,(anonymous_1)
FNDA:0,(anonymous_2)
FNDA:0,(anonymous_3)
FNDA:0,(anonymous_4)
FNDA:0,(anonymous_5)
FNDA:0,(anonymous_6)
FNDA:0,(anonymous_7)
FNDA:0,(anonymous_8)
DA:1,0
DA:2,0
DA:3,0
DA:4,0
DA:5,0
DA:6,0
DA:9,0
DA:14,0
DA:15,0
DA:16,0
DA:18,0
DA:19,0
DA:20,0
DA:21,0
DA:23,0
DA:24,0
DA:26,0
DA:28,0
DA:38,0
DA:39,0
DA:44,0
DA:45,0
DA:46,0
DA:48,0
DA:49,0
DA:52,0
DA:54,0
DA:55,0
DA:60,0
DA:61,0
DA:62,0
DA:63,0
DA:64,0
DA:66,0
DA:67,0
DA:68,0
DA:72,0
DA:76,0
DA:81,0
DA:82,0
DA:89,0
DA:90,0
DA:91,0
DA:94,0
DA:95,0
DA:96,0
DA:99,0
DA:101,0
DA:103,0
DA:105,0
DA:106,0
DA:113,0
DA:114,0
DA:115,0
DA:117,0
DA:118,0
DA:122,0
DA:123,0
DA:124,0
DA:125,0
DA:129,0
DA:131,0
DA:133,0
DA:135,0
DA:136,0
DA:143,0
DA:144,0
DA:145,0
DA:147,0
DA:148,0
DA:151,0
DA:153,0
DA:155,0
DA:157,0
DA:158,0
DA:163,0
DA:164,0
DA:165,0
DA:167,0
DA:168,0
DA:171,0
DA:173,0
DA:174,0
DA:177,0
DA:179,0
DA:181,0
DA:183,0
DA:184,0
DA:188,0
LF:89
LH:0
BRDA:16,0,0,0
BRDA:16,1,0,0
BRDA:19,2,0,0
BRDA:19,2,1,0
BRDA:20,3,0,0
BRDA:20,3,1,0
BRDA:21,4,0,0
BRDA:21,4,1,0
BRDA:48,5,0,0
BRDA:48,5,1,0
BRDA:67,6,0,0
BRDA:67,6,1,0
BRDA:68,7,0,0
BRDA:68,7,1,0
BRDA:76,8,0,0
BRDA:76,8,1,0
BRDA:95,9,0,0
BRDA:95,9,1,0
BRDA:117,10,0,0
BRDA:117,10,1,0
BRDA:122,11,0,0
BRDA:122,11,1,0
BRDA:122,12,0,0
BRDA:122,12,1,0
BRDA:124,13,0,0
BRDA:124,13,1,0
BRDA:147,14,0,0
BRDA:147,14,1,0
BRDA:167,15,0,0
BRDA:167,15,1,0
BRDA:173,16,0,0
BRDA:173,16,1,0
BRF:32
BRH:0
end_of_record
TN:
SF:routes\hrops.routes.js
FN:15,(anonymous_0)
FN:33,(anonymous_1)
FN:58,(anonymous_2)
FN:76,(anonymous_3)
FN:94,(anonymous_4)
FN:105,(anonymous_5)
FN:129,(anonymous_6)
FNF:7
FNH:0
FNDA:0,(anonymous_0)
FNDA:0,(anonymous_1)
FNDA:0,(anonymous_2)
FNDA:0,(anonymous_3)
FNDA:0,(anonymous_4)
FNDA:0,(anonymous_5)
FNDA:0,(anonymous_6)
DA:1,0
DA:2,0
DA:3,0
DA:4,0
DA:5,0
DA:6,0
DA:7,0
DA:10,0
DA:15,0
DA:16,0
DA:17,0
DA:18,0
DA:19,0
DA:22,0
DA:23,0
DA:25,0
DA:27,0
DA:28,0
DA:33,0
DA:34,0
DA:35,0
DA:37,0
DA:38,0
DA:41,0
DA:43,0
DA:45,0
DA:47,0
DA:48,0
DA:54,0
DA:55,0
DA:58,0
DA:59,0
DA:60,0
DA:61,0
DA:62,0
DA:65,0
DA:66,0
DA:68,0
DA:70,0
DA:71,0
DA:76,0
DA:77,0
DA:78,0
DA:79,0
DA:81,0
DA:82,0
DA:84,0
DA:86,0
DA:88,0
DA:89,0
DA:94,0
DA:95,0
DA:96,0
DA:97,0
DA:99,0
DA:100,0
DA:105,0
DA:106,0
DA:107,0
DA:109,0
DA:110,0
DA:113,0
DA:115,0
DA:116,0
DA:119,0
DA:121,0
DA:123,0
DA:124,0
DA:129,0
DA:130,0
DA:131,0
DA:133,0
DA:134,0
DA:137,0
DA:138,0
DA:141,0
DA:142,0
DA:144,0
DA:146,0
DA:147,0
DA:151,0
LF:81
LH:0
BRDA:18,0,0,0
BRDA:18,0,1,0
BRDA:37,1,0,0
BRDA:37,1,1,0
BRDA:37,2,0,0
BRDA:37,2,1,0
BRDA:61,3,0,0
BRDA:61,3,1,0
BRDA:81,4,0,0
BRDA:81,4,1,0
BRDA:82,5,0,0
BRDA:82,5,1,0
BRDA:109,6,0,0
BRDA:109,6,1,0
BRDA:115,7,0,0
BRDA:115,7,1,0
BRDA:133,8,0,0
BRDA:133,8,1,0
BRDA:137,9,0,0
BRDA:137,9,1,0
BRF:20
BRH:0
end_of_record
TN:
SF:routes\messaging.routes.js
FN:35,(anonymous_0)
FN:67,(anonymous_1)
FN:89,(anonymous_2)
FN:110,(anonymous_3)
FN:132,(anonymous_4)
FN:164,(anonymous_5)
FN:186,(anonymous_6)
FN:211,(anonymous_7)
FN:239,(anonymous_8)
FN:271,(anonymous_9)
FN:300,(anonymous_10)
FNF:11
FNH:0
FNDA:0,(anonymous_0)
FNDA:0,(anonymous_1)
FNDA:0,(anonymous_2)
FNDA:0,(anonymous_3)
FNDA:0,(anonymous_4)
FNDA:0,(anonymous_5)
FNDA:0,(anonymous_6)
FNDA:0,(anonymous_7)
FNDA:0,(anonymous_8)
FNDA:0,(anonymous_9)
FNDA:0,(anonymous_10)
DA:21,0
DA:22,0
DA:23,0
DA:24,0
DA:27,0
DA:35,0
DA:36,0
DA:37,0
DA:38,0
DA:40,0
DA:41,0
DA:47,0
DA:53,0
DA:55,0
DA:56,0
DA:67,0
DA:68,0
DA:69,0
DA:70,0
DA:71,0
DA:73,0
DA:75,0
DA:77,0
DA:78,0
DA:89,0
DA:90,0
DA:91,0
DA:92,0
DA:94,0
DA:96,0
DA:98,0
DA:99,0
DA:110,0
DA:111,0
DA:112,0
DA:113,0
DA:114,0
DA:116,0
DA:118,0
DA:120,0
DA:121,0
DA:132,0
DA:133,0
DA:134,0
DA:135,0
DA:137,0
DA:138,0
DA:144,0
DA:150,0
DA:152,0
DA:153,0
DA:164,0
DA:165,0
DA:166,0
DA:168,0
DA:170,0
DA:172,0
DA:173,0
DA:186,0
DA:187,0
DA:188,0
DA:189,0
DA:191,0
DA:197,0
DA:199,0
DA:200,0
DA:211,0
DA:212,0
DA:213,0
DA:214,0
DA:216,0
DA:217,0
DA:223,0
DA:225,0
DA:227,0
DA:228,0
DA:239,0
DA:240,0
DA:241,0
DA:242,0
DA:244,0
DA:245,0
DA:251,0
DA:257,0
DA:259,0
DA:260,0
DA:271,0
DA:272,0
DA:273,0
DA:274,0
DA:275,0
DA:277,0
DA:278,0
DA:284,0
DA:286,0
DA:288,0
DA:289,0
DA:300,0
DA:301,0
DA:302,0
DA:303,0
DA:304,0
DA:306,0
DA:308,0
DA:310,0
DA:311,0
DA:318,0
LF:107
LH:0
BRDA:37,0,0,0
BRDA:37,0,1,0
BRDA:40,1,0,0
BRDA:40,1,1,0
BRDA:40,2,0,0
BRDA:40,2,1,0
BRDA:58,3,0,0
BRDA:58,3,1,0
BRDA:69,4,0,0
BRDA:69,4,1,0
BRDA:71,5,0,0
BRDA:71,6,0,0
BRDA:80,7,0,0
BRDA:80,7,1,0
BRDA:91,8,0,0
BRDA:91,8,1,0
BRDA:101,9,0,0
BRDA:101,9,1,0
BRDA:112,10,0,0
BRDA:112,10,1,0
BRDA:114,11,0,0
BRDA:123,12,0,0
BRDA:123,12,1,0
BRDA:134,13,0,0
BRDA:134,13,1,0
BRDA:135,14,0,0
BRDA:135,15,0,0
BRDA:137,16,0,0
BRDA:137,16,1,0
BRDA:137,17,0,0
BRDA:137,17,1,0
BRDA:155,18,0,0
BRDA:155,18,1,0
BRDA:166,19,0,0
BRDA:166,19,1,0
BRDA:175,20,0,0
BRDA:175,20,1,0
BRDA:188,21,0,0
BRDA:188,21,1,0
BRDA:189,22,0,0
BRDA:189,23,0,0
BRDA:189,24,0,0
BRDA:202,25,0,0
BRDA:202,25,1,0
BRDA:213,26,0,0
BRDA:213,26,1,0
BRDA:216,27,0,0
BRDA:216,27,1,0
BRDA:230,28,0,0
BRDA:230,28,1,0
BRDA:241,29,0,0
BRDA:241,29,1,0
BRDA:244,30,0,0
BRDA:244,30,1,0
BRDA:244,31,0,0
BRDA:244,31,1,0
BRDA:262,32,0,0
BRDA:262,32,1,0
BRDA:273,33,0,0
BRDA:273,33,1,0
BRDA:277,34,0,0
BRDA:277,34,1,0
BRDA:291,35,0,0
BRDA:291,35,1,0
BRDA:302,36,0,0
BRDA:302,36,1,0
BRDA:313,37,0,0
BRDA:313,37,1,0
BRF:68
BRH:0
end_of_record
TN:
SF:routes\notifications.routes.js
FN:26,(anonymous_0)
FN:52,(anonymous_1)
FN:75,(anonymous_2)
FN:103,(anonymous_3)
FN:142,(anonymous_4)
FN:183,(anonymous_5)
FN:216,(anonymous_6)
FN:245,(anonymous_7)
FN:277,(anonymous_8)
FN:300,(anonymous_9)
FN:334,(anonymous_10)
FN:368,(anonymous_11)
FN:391,(anonymous_12)
FN:414,(anonymous_13)
FN:436,(anonymous_14)
FN:470,(anonymous_15)
FN:503,(anonymous_16)
FN:532,(anonymous_17)
FN:557,(anonymous_18)
FN:591,(anonymous_19)
FN:616,(anonymous_20)
FNF:21
FNH:0
FNDA:0,(anonymous_0)
FNDA:0,(anonymous_1)
FNDA:0,(anonymous_2)
FNDA:0,(anonymous_3)
FNDA:0,(anonymous_4)
FNDA:0,(anonymous_5)
FNDA:0,(anonymous_6)
FNDA:0,(anonymous_7)
FNDA:0,(anonymous_8)
FNDA:0,(anonymous_9)
FNDA:0,(anonymous_10)
FNDA:0,(anonymous_11)
FNDA:0,(anonymous_12)
FNDA:0,(anonymous_13)
FNDA:0,(anonymous_14)
FNDA:0,(anonymous_15)
FNDA:0,(anonymous_16)
FNDA:0,(anonymous_17)
FNDA:0,(anonymous_18)
FNDA:0,(anonymous_19)
FNDA:0,(anonymous_20)
DA:1,0
DA:2,0
DA:9,0
DA:10,0
DA:11,0
DA:12,0
DA:15,0
DA:16,0
DA:18,0
DA:26,0
DA:27,0
DA:28,0
DA:29,0
DA:30,0
DA:32,0
DA:41,0
DA:52,0
DA:53,0
DA:54,0
DA:55,0
DA:57,0
DA:64,0
DA:75,0
DA:76,0
DA:77,0
DA:78,0
DA:79,0
DA:85,0
DA:90,0
DA:103,0
DA:104,0
DA:105,0
DA:107,0
DA:108,0
DA:114,0
DA:123,0
DA:129,0
DA:142,0
DA:143,0
DA:144,0
DA:146,0
DA:147,0
DA:153,0
DA:155,0
DA:156,0
DA:166,0
DA:172,0
DA:183,0
DA:184,0
DA:185,0
DA:187,0
DA:188,0
DA:194,0
DA:195,0
DA:197,0
DA:203,0
DA:216,0
DA:217,0
DA:218,0
DA:220,0
DA:221,0
DA:227,0
DA:229,0
DA:234,0
DA:245,0
DA:246,0
DA:247,0
DA:249,0
DA:250,0
DA:256,0
DA:258,0
DA:264,0
DA:277,0
DA:278,0
DA:279,0
DA:280,0
DA:282,0
DA:287,0
DA:300,0
DA:301,0
DA:302,0
DA:304,0
DA:305,0
DA:311,0
DA:312,0
DA:314,0
DA:323,0
DA:334,0
DA:335,0
DA:336,0
DA:337,0
DA:340,0
DA:341,0
DA:343,0
DA:346,0
DA:348,0
DA:357,0
DA:368,0
DA:369,0
DA:370,0
DA:371,0
DA:373,0
DA:375,0
DA:380,0
DA:391,0
DA:392,0
DA:393,0
DA:394,0
DA:396,0
DA:398,0
DA:403,0
DA:414,0
DA:415,0
DA:416,0
DA:417,0
DA:419,0
DA:425,0
DA:436,0
DA:437,0
DA:438,0
DA:440,0
DA:441,0
DA:447,0
DA:449,0
DA:457,0
DA:470,0
DA:471,0
DA:472,0
DA:474,0
DA:475,0
DA:481,0
DA:483,0
DA:492,0
DA:503,0
DA:504,0
DA:505,0
DA:507,0
DA:508,0
DA:514,0
DA:516,0
DA:521,0
DA:532,0
DA:533,0
DA:534,0
DA:535,0
DA:537,0
DA:546,0
DA:557,0
DA:558,0
DA:559,0
DA:561,0
DA:562,0
DA:568,0
DA:569,0
DA:571,0
DA:580,0
DA:591,0
DA:592,0
DA:593,0
DA:594,0
DA:595,0
DA:597,0
DA:605,0
DA:616,0
DA:617,0
DA:618,0
DA:620,0
DA:621,0
DA:623,0
DA:628,0
DA:634,0
DA:641,0
LF:172
LH:0
BRDA:78,0,0,0
BRDA:78,0,1,0
BRDA:107,1,0,0
BRDA:107,1,1,0
BRDA:107,2,0,0
BRDA:107,2,1,0
BRDA:107,2,2,0
BRDA:107,2,3,0
BRDA:146,3,0,0
BRDA:146,3,1,0
BRDA:146,4,0,0
BRDA:146,4,1,0
BRDA:155,5,0,0
BRDA:155,5,1,0
BRDA:187,6,0,0
BRDA:187,6,1,0
BRDA:220,7,0,0
BRDA:220,7,1,0
BRDA:220,8,0,0
BRDA:220,8,1,0
BRDA:220,8,2,0
BRDA:227,9,0,0
BRDA:227,9,1,0
BRDA:249,10,0,0
BRDA:249,10,1,0
BRDA:249,11,0,0
BRDA:249,11,1,0
BRDA:249,11,2,0
BRDA:249,11,3,0
BRDA:256,12,0,0
BRDA:256,12,1,0
BRDA:304,13,0,0
BRDA:304,13,1,0
BRDA:304,14,0,0
BRDA:304,14,1,0
BRDA:304,14,2,0
BRDA:337,15,0,0
BRDA:337,16,0,0
BRDA:340,17,0,0
BRDA:340,17,1,0
BRDA:440,18,0,0
BRDA:440,18,1,0
BRDA:440,19,0,0
BRDA:440,19,1,0
BRDA:440,19,2,0
BRDA:474,20,0,0
BRDA:474,20,1,0
BRDA:474,21,0,0
BRDA:474,21,1,0
BRDA:474,21,2,0
BRDA:481,22,0,0
BRDA:481,22,1,0
BRDA:507,23,0,0
BRDA:507,23,1,0
BRDA:507,24,0,0
BRDA:507,24,1,0
BRDA:507,24,2,0
BRDA:561,25,0,0
BRDA:561,25,1,0
BRDA:620,26,0,0
BRDA:620,26,1,0
BRF:61
BRH:0
end_of_record
TN:
SF:routes\predictions.routes.js
FN:8,(anonymous_0)
FN:37,(anonymous_1)
FN:56,(anonymous_2)
FN:75,(anonymous_3)
FN:95,(anonymous_4)
FN:116,(anonymous_5)
FNF:6
FNH:0
FNDA:0,(anonymous_0)
FNDA:0,(anonymous_1)
FNDA:0,(anonymous_2)
FNDA:0,(anonymous_3)
FNDA:0,(anonymous_4)
FNDA:0,(anonymous_5)
DA:1,0
DA:2,0
DA:3,0
DA:4,0
DA:5,0
DA:8,0
DA:9,0
DA:10,0
DA:11,0
DA:13,0
DA:14,0
DA:20,0
DA:22,0
DA:28,0
DA:29,0
DA:37,0
DA:38,0
DA:39,0
DA:41,0
DA:47,0
DA:48,0
DA:56,0
DA:57,0
DA:58,0
DA:60,0
DA:66,0
DA:67,0
DA:75,0
DA:76,0
DA:77,0
DA:78,0
DA:80,0
DA:86,0
DA:87,0
DA:95,0
DA:96,0
DA:97,0
DA:100,0
DA:102,0
DA:107,0
DA:108,0
DA:116,0
DA:117,0
DA:118,0
DA:121,0
DA:122,0
DA:124,0
DA:129,0
DA:130,0
DA:137,0
LF:50
LH:0
BRDA:11,0,0,0
BRDA:11,0,1,0
BRDA:13,1,0,0
BRDA:13,1,1,0
BRDA:31,2,0,0
BRDA:31,2,1,0
BRDA:50,3,0,0
BRDA:50,3,1,0
BRDA:69,4,0,0
BRDA:69,4,1,0
BRDA:78,5,0,0
BRDA:78,5,1,0
BRDA:89,6,0,0
BRDA:89,6,1,0
BRDA:100,7,0,0
BRDA:100,7,1,0
BRDA:100,8,0,0
BRDA:100,8,1,0
BRDA:110,9,0,0
BRDA:110,9,1,0
BRDA:121,10,0,0
BRDA:121,10,1,0
BRDA:122,11,0,0
BRDA:122,11,1,0
BRDA:122,12,0,0
BRDA:122,12,1,0
BRDA:132,13,0,0
BRDA:132,13,1,0
BRF:28
BRH:0
end_of_record
TN:
SF:routes\rehabilitation.routes.js
FN:21,(anonymous_0)
FN:38,(anonymous_1)
FN:53,(anonymous_2)
FN:65,(anonymous_3)
FN:77,(anonymous_4)
FN:89,(anonymous_5)
FN:101,(anonymous_6)
FN:115,(anonymous_7)
FN:132,(anonymous_8)
FN:147,(anonymous_9)
FN:159,(anonymous_10)
FN:172,(anonymous_11)
FN:184,(anonymous_12)
FN:196,(anonymous_13)
FN:208,(anonymous_14)
FN:220,(anonymous_15)
FN:232,(anonymous_16)
FN:244,(anonymous_17)
FN:258,(anonymous_18)
FN:270,(anonymous_19)
FN:282,(anonymous_20)
FN:294,(anonymous_21)
FN:306,(anonymous_22)
FNF:23
FNH:0
FNDA:0,(anonymous_0)
FNDA:0,(anonymous_1)
FNDA:0,(anonymous_2)
FNDA:0,(anonymous_3)
FNDA:0,(anonymous_4)
FNDA:0,(anonymous_5)
FNDA:0,(anonymous_6)
FNDA:0,(anonymous_7)
FNDA:0,(anonymous_8)
FNDA:0,(anonymous_9)
FNDA:0,(anonymous_10)
FNDA:0,(anonymous_11)
FNDA:0,(anonymous_12)
FNDA:0,(anonymous_13)
FNDA:0,(anonymous_14)
FNDA:0,(anonymous_15)
FNDA:0,(anonymous_16)
FNDA:0,(anonymous_17)
FNDA:0,(anonymous_18)
FNDA:0,(anonymous_19)
FNDA:0,(anonymous_20)
FNDA:0,(anonymous_21)
FNDA:0,(anonymous_22)
DA:8,0
DA:9,0
DA:10,0
DA:11,0
DA:19,0
DA:22,0
DA:23,0
DA:36,0
DA:39,0
DA:40,0
DA:51,0
DA:54,0
DA:55,0
DA:63,0
DA:66,0
DA:67,0
DA:75,0
DA:78,0
DA:79,0
DA:87,0
DA:90,0
DA:91,0
DA:99,0
DA:102,0
DA:103,0
DA:113,0
DA:116,0
DA:117,0
DA:130,0
DA:133,0
DA:134,0
DA:145,0
DA:148,0
DA:149,0
DA:157,0
DA:160,0
DA:161,0
DA:162,0
DA:170,0
DA:173,0
DA:174,0
DA:182,0
DA:185,0
DA:186,0
DA:194,0
DA:197,0
DA:198,0
DA:206,0
DA:209,0
DA:210,0
DA:218,0
DA:221,0
DA:222,0
DA:230,0
DA:233,0
DA:234,0
DA:242,0
DA:245,0
DA:246,0
DA:256,0
DA:259,0
DA:260,0
DA:268,0
DA:271,0
DA:272,0
DA:280,0
DA:283,0
DA:284,0
DA:292,0
DA:295,0
DA:296,0
DA:304,0
DA:307,0
DA:309,0
DA:324,0
LF:75
LH:0
BRF:0
BRH:0
end_of_record
TN:
SF:routes\reports.routes.js
FN:19,(anonymous_0)
FN:36,(anonymous_1)
FN:67,(anonymous_2)
FN:79,(anonymous_3)
FN:86,(anonymous_4)
FN:86,(anonymous_5)
FN:87,(anonymous_6)
FN:96,(anonymous_7)
FN:100,(anonymous_8)
FN:119,(anonymous_9)
FN:132,(anonymous_10)
FN:154,(anonymous_11)
FN:171,(anonymous_12)
FN:185,(anonymous_13)
FN:200,(anonymous_14)
FN:222,(anonymous_15)
FN:250,(anonymous_16)
FN:272,(anonymous_17)
FN:279,(anonymous_18)
FN:280,(anonymous_19)
FN:283,(anonymous_20)
FN:284,(anonymous_21)
FN:285,(anonymous_22)
FN:286,(anonymous_23)
FN:289,(anonymous_24)
FN:290,(anonymous_25)
FN:291,(anonymous_26)
FN:295,(anonymous_27)
FN:296,(anonymous_28)
FNF:29
FNH:0
FNDA:0,(anonymous_0)
FNDA:0,(anonymous_1)
FNDA:0,(anonymous_2)
FNDA:0,(anonymous_3)
FNDA:0,(anonymous_4)
FNDA:0,(anonymous_5)
FNDA:0,(anonymous_6)
FNDA:0,(anonymous_7)
FNDA:0,(anonymous_8)
FNDA:0,(anonymous_9)
FNDA:0,(anonymous_10)
FNDA:0,(anonymous_11)
FNDA:0,(anonymous_12)
FNDA:0,(anonymous_13)
FNDA:0,(anonymous_14)
FNDA:0,(anonymous_15)
FNDA:0,(anonymous_16)
FNDA:0,(anonymous_17)
FNDA:0,(anonymous_18)
FNDA:0,(anonymous_19)
FNDA:0,(anonymous_20)
FNDA:0,(anonymous_21)
FNDA:0,(anonymous_22)
FNDA:0,(anonymous_23)
FNDA:0,(anonymous_24)
FNDA:0,(anonymous_25)
FNDA:0,(anonymous_26)
FNDA:0,(anonymous_27)
FNDA:0,(anonymous_28)
DA:1,0
DA:2,0
DA:3,0
DA:4,0
DA:5,0
DA:6,0
DA:7,0
DA:8,0
DA:9,0
DA:12,0
DA:19,0
DA:20,0
DA:21,0
DA:22,0
DA:24,0
DA:36,0
DA:38,0
DA:41,0
DA:44,0
DA:45,0
DA:46,0
DA:47,0
DA:48,0
DA:51,0
DA:56,0
DA:67,0
DA:68,0
DA:69,0
DA:70,0
DA:71,0
DA:72,0
DA:74,0
DA:76,0
DA:77,0
DA:78,0
DA:79,0
DA:80,0
DA:81,0
DA:85,0
DA:86,0
DA:87,0
DA:90,0
DA:96,0
DA:97,0
DA:100,0
DA:101,0
DA:103,0
DA:108,0
DA:119,0
DA:120,0
DA:121,0
DA:122,0
DA:124,0
DA:132,0
DA:133,0
DA:134,0
DA:137,0
DA:142,0
DA:154,0
DA:155,0
DA:156,0
DA:157,0
DA:158,0
DA:159,0
DA:161,0
DA:162,0
DA:171,0
DA:172,0
DA:176,0
DA:177,0
DA:185,0
DA:186,0
DA:190,0
DA:191,0
DA:200,0
DA:201,0
DA:205,0
DA:206,0
DA:208,0
DA:209,0
DA:211,0
DA:222,0
DA:223,0
DA:224,0
DA:225,0
DA:227,0
DA:232,0
DA:233,0
DA:235,0
DA:238,0
DA:242,0
DA:243,0
DA:244,0
DA:246,0
DA:247,0
DA:248,0
DA:250,0
DA:251,0
DA:252,0
DA:253,0
DA:254,0
DA:255,0
DA:259,0
DA:261,0
DA:272,0
DA:273,0
DA:274,0
DA:276,0
DA:279,0
DA:280,0
DA:283,0
DA:284,0
DA:285,0
DA:286,0
DA:289,0
DA:290,0
DA:291,0
DA:295,0
DA:296,0
DA:300,0
DA:305,0
DA:312,0
LF:122
LH:0
BRDA:22,0,0,0
BRDA:22,0,1,0
BRDA:38,1,0,0
BRDA:38,1,1,0
BRDA:41,2,0,0
BRDA:41,2,1,0
BRDA:44,3,0,0
BRDA:44,3,1,0
BRDA:45,4,0,0
BRDA:45,4,1,0
BRDA:46,5,0,0
BRDA:46,5,1,0
BRDA:47,6,0,0
BRDA:47,6,1,0
BRDA:71,7,0,0
BRDA:71,7,1,0
BRDA:72,8,0,0
BRDA:72,8,1,0
BRDA:76,9,0,0
BRDA:76,9,1,0
BRDA:76,10,0,0
BRDA:76,10,1,0
BRDA:77,11,0,0
BRDA:77,11,1,0
BRDA:78,12,0,0
BRDA:78,12,1,0
BRDA:81,13,0,0
BRDA:81,13,1,0
BRDA:85,14,0,0
BRDA:85,14,1,0
BRDA:97,15,0,0
BRDA:97,15,1,0
BRDA:101,16,0,0
BRDA:101,16,1,0
BRDA:122,17,0,0
BRDA:122,17,1,0
BRDA:133,18,0,0
BRDA:133,18,1,0
BRDA:134,19,0,0
BRDA:134,19,1,0
BRDA:161,20,0,0
BRDA:161,20,1,0
BRDA:176,21,0,0
BRDA:176,21,1,0
BRDA:190,22,0,0
BRDA:190,22,1,0
BRDA:241,23,0,0
BRDA:241,23,1,0
BRDA:241,24,0,0
BRDA:241,24,1,0
BRDA:246,25,0,0
BRDA:246,25,1,0
BRDA:278,26,0,0
BRDA:278,26,1,0
BRDA:279,27,0,0
BRDA:279,27,1,0
BRDA:280,28,0,0
BRDA:280,28,1,0
BRDA:283,29,0,0
BRDA:283,29,1,0
BRDA:284,30,0,0
BRDA:284,30,1,0
BRDA:285,31,0,0
BRDA:285,31,1,0
BRDA:286,32,0,0
BRDA:286,32,1,0
BRDA:289,33,0,0
BRDA:289,33,1,0
BRDA:290,34,0,0
BRDA:290,34,1,0
BRDA:291,35,0,0
BRDA:291,35,1,0
BRDA:294,36,0,0
BRDA:294,36,1,0
BRDA:295,37,0,0
BRDA:295,37,1,0
BRDA:296,38,0,0
BRDA:296,38,1,0
BRF:78
BRH:0
end_of_record
TN:
SF:routes\vehicleRoutes.js
FN:25,(anonymous_0)
FN:48,(anonymous_1)
FN:63,(anonymous_2)
FN:78,(anonymous_3)
FN:93,(anonymous_4)
FN:110,(anonymous_5)
FN:125,(anonymous_6)
FN:140,(anonymous_7)
FN:157,(anonymous_8)
FN:172,(anonymous_9)
FN:189,(anonymous_10)
FN:206,(anonymous_11)
FN:221,(anonymous_12)
FN:236,(anonymous_13)
FN:251,(anonymous_14)
FNF:15
FNH:0
FNDA:0,(anonymous_0)
FNDA:0,(anonymous_1)
FNDA:0,(anonymous_2)
FNDA:0,(anonymous_3)
FNDA:0,(anonymous_4)
FNDA:0,(anonymous_5)
FNDA:0,(anonymous_6)
FNDA:0,(anonymous_7)
FNDA:0,(anonymous_8)
FNDA:0,(anonymous_9)
FNDA:0,(anonymous_10)
FNDA:0,(anonymous_11)
FNDA:0,(anonymous_12)
FNDA:0,(anonymous_13)
FNDA:0,(anonymous_14)
DA:10,0
DA:11,0
DA:12,0
DA:13,0
DA:14,0
DA:15,0
DA:16,0
DA:25,0
DA:26,0
DA:27,0
DA:35,0
DA:36,0
DA:38,0
DA:39,0
DA:48,0
DA:49,0
DA:50,0
DA:51,0
DA:53,0
DA:54,0
DA:63,0
DA:64,0
DA:65,0
DA:66,0
DA:68,0
DA:69,0
DA:78,0
DA:79,0
DA:80,0
DA:81,0
DA:83,0
DA:84,0
DA:93,0
DA:94,0
DA:95,0
DA:96,0
DA:98,0
DA:99,0
DA:110,0
DA:111,0
DA:112,0
DA:113,0
DA:115,0
DA:116,0
DA:125,0
DA:126,0
DA:127,0
DA:128,0
DA:130,0
DA:131,0
DA:140,0
DA:141,0
DA:142,0
DA:143,0
DA:145,0
DA:146,0
DA:157,0
DA:158,0
DA:159,0
DA:160,0
DA:162,0
DA:163,0
DA:172,0
DA:173,0
DA:174,0
DA:175,0
DA:177,0
DA:178,0
DA:189,0
DA:190,0
DA:191,0
DA:192,0
DA:194,0
DA:195,0
DA:206,0
DA:207,0
DA:208,0
DA:209,0
DA:211,0
DA:212,0
DA:221,0
DA:222,0
DA:223,0
DA:224,0
DA:226,0
DA:227,0
DA:236,0
DA:237,0
DA:238,0
DA:239,0
DA:241,0
DA:242,0
DA:251,0
DA:252,0
DA:253,0
DA:254,0
DA:255,0
DA:257,0
DA:258,0
DA:262,0
LF:100
LH:0
BRF:0
BRH:0
end_of_record
TN:
SF:utils\errorHandler.js
FN:4,(anonymous_0)
FN:12,(anonymous_1)
FN:24,(anonymous_2)
FN:87,(anonymous_3)
FN:87,(anonymous_4)
FNF:5
FNH:0
FNDA:0,(anonymous_0)
FNDA:0,(anonymous_1)
FNDA:0,(anonymous_2)
FNDA:0,(anonymous_3)
FNDA:0,(anonymous_4)
DA:5,0
DA:6,0
DA:7,0
DA:8,0
DA:12,0
DA:14,0
DA:23,0
DA:24,0
DA:25,0
DA:35,0
DA:36,0
DA:37,0
DA:46,0
DA:47,0
DA:56,0
DA:57,0
DA:65,0
DA:66,0
DA:75,0
DA:76,0
DA:84,0
DA:87,0
DA:88,0
DA:91,0
LF:24
LH:0
BRDA:4,0,0,0
BRDA:16,1,0,0
BRDA:16,1,1,0
BRDA:17,2,0,0
BRDA:17,2,1,0
BRDA:18,3,0,0
BRDA:18,3,1,0
BRDA:23,4,0,0
BRDA:23,4,1,0
BRDA:35,5,0,0
BRDA:35,5,1,0
BRDA:46,6,0,0
BRDA:46,6,1,0
BRDA:56,7,0,0
BRDA:56,7,1,0
BRDA:65,8,0,0
BRDA:65,8,1,0
BRDA:75,9,0,0
BRDA:75,9,1,0
BRF:19
BRH:0
end_of_record
TN:
SF:utils\logger.js
FN:5,(anonymous_0)
FN:9,(anonymous_1)
FN:13,(anonymous_2)
FN:17,(anonymous_3)
FNF:4
FNH:0
FNDA:0,(anonymous_0)
FNDA:0,(anonymous_1)
FNDA:0,(anonymous_2)
FNDA:0,(anonymous_3)
DA:4,0
DA:6,0
DA:10,0
DA:14,0
DA:18,0
DA:19,0
DA:24,0
LF:7
LH:0
BRDA:18,0,0,0
BRDA:18,0,1,0
BRF:2
BRH:0
end_of_record
TN:
SF:utils\security.js
FN:10,(anonymous_0)
FN:17,(anonymous_1)
FN:24,(anonymous_2)
FN:47,(anonymous_3)
FN:54,(anonymous_4)
FN:62,(anonymous_5)
FN:76,(anonymous_6)
FN:93,(anonymous_7)
FN:123,(anonymous_8)
FNF:9
FNH:0
FNDA:0,(anonymous_0)
FNDA:0,(anonymous_1)
FNDA:0,(anonymous_2)
FNDA:0,(anonymous_3)
FNDA:0,(anonymous_4)
FNDA:0,(anonymous_5)
FNDA:0,(anonymous_6)
FNDA:0,(anonymous_7)
FNDA:0,(anonymous_8)
DA:1,0
DA:10,0
DA:11,0
DA:17,0
DA:18,0
DA:24,0
DA:25,0
DA:26,0
DA:27,0
DA:28,0
DA:29,0
DA:31,0
DA:34,0
DA:35,0
DA:36,0
DA:37,0
DA:40,0
DA:41,0
DA:45,0
DA:47,0
DA:54,0
DA:55,0
DA:56,0
DA:62,0
DA:63,0
DA:76,0
DA:77,0
DA:78,0
DA:83,0
DA:87,0
DA:93,0
DA:94,0
DA:105,0
DA:111,0
DA:112,0
DA:113,0
DA:117,0
DA:123,0
DA:124,0
DA:125,0
DA:132,0
DA:138,0
DA:141,0
LF:43
LH:0
BRDA:10,0,0,0
BRDA:24,1,0,0
BRDA:54,2,0,0
BRDA:55,3,0,0
BRDA:55,3,1,0
BRDA:64,4,0,0
BRDA:64,4,1,0
BRDA:64,4,2,0
BRDA:64,4,3,0
BRDA:64,4,4,0
BRDA:64,4,5,0
BRDA:76,5,0,0
BRDA:112,6,0,0
BRDA:112,6,1,0
BRDA:124,7,0,0
BRDA:124,7,1,0
BRF:16
BRH:0
end_of_record
TN:
SF:utils\seedDatabase.js
FN:5,(anonymous_0)
FNF:1
FNH:0
FNDA:0,(anonymous_0)
DA:2,0
DA:3,0
DA:5,0
DA:6,0
DA:8,0
DA:10,0
DA:11,0
DA:12,0
DA:16,0
DA:18,0
DA:28,0
DA:29,0
DA:31,0
DA:33,0
DA:38,0
LF:15
LH:0
BRDA:10,0,0,0
BRDA:10,0,1,0
BRDA:31,1,0,0
BRDA:31,1,1,0
BRF:4
BRH:0
end_of_record
TN:
SF:utils\validators.js
FN:80,(anonymous_0)
FN:81,(anonymous_1)
FN:88,(anonymous_2)
FNF:3
FNH:0
FNDA:0,(anonymous_0)
FNDA:0,(anonymous_1)
FNDA:0,(anonymous_2)
DA:2,0
DA:5,0
DA:33,0
DA:64,0
DA:80,0
DA:81,0
DA:82,0
DA:87,0
DA:88,0
DA:93,0
DA:101,0
DA:102,0
DA:106,0
LF:13
LH:0
BRDA:87,0,0,0
BRDA:87,0,1,0
BRF:2
BRH:0
end_of_record
