TN:
SF:server.js
FN:105,(anonymous_0)
FN:107,(anonymous_1)
FN:115,(anonymous_2)
FN:121,(anonymous_3)
FN:132,(anonymous_4)
FN:138,(anonymous_5)
FN:146,(anonymous_6)
FN:159,(anonymous_7)
FN:172,(anonymous_8)
FN:176,(anonymous_9)
FN:182,(anonymous_10)
FN:184,(anonymous_11)
FN:190,(anonymous_12)
FN:265,(anonymous_13)
FN:274,(anonymous_14)
FN:283,(anonymous_15)
FN:467,(anonymous_16)
FN:479,getModuleKPIs
FN:489,getSummarySystems
FN:500,getTopKPIs
FN:505,(anonymous_20)
FN:509,(anonymous_21)
FN:525,(anonymous_22)
FN:537,(anonymous_23)
FN:548,(anonymous_24)
FN:573,(anonymous_25)
FNF:26
FNH:7
FNDA:0,(anonymous_0)
FNDA:0,(anonymous_1)
FNDA:0,(anonymous_2)
FNDA:0,(anonymous_3)
FNDA:0,(anonymous_4)
FNDA:0,(anonymous_5)
FNDA:0,(anonymous_6)
FNDA:0,(anonymous_7)
FNDA:0,(anonymous_8)
FNDA:0,(anonymous_9)
FNDA:0,(anonymous_10)
FNDA:0,(anonymous_11)
FNDA:0,(anonymous_12)
FNDA:1,(anonymous_13)
FNDA:2,(anonymous_14)
FNDA:1,(anonymous_15)
FNDA:1,(anonymous_16)
FNDA:0,getModuleKPIs
FNDA:0,getSummarySystems
FNDA:0,getTopKPIs
FNDA:0,(anonymous_20)
FNDA:0,(anonymous_21)
FNDA:1,(anonymous_22)
FNDA:32,(anonymous_23)
FNDA:12,(anonymous_24)
FNDA:0,(anonymous_25)
DA:1,12
DA:2,12
DA:3,12
DA:4,12
DA:5,12
DA:6,12
DA:7,12
DA:8,12
DA:9,12
DA:12,12
DA:13,12
DA:14,12
DA:15,12
DA:19,12
DA:20,12
DA:21,12
DA:24,12
DA:25,12
DA:26,12
DA:27,12
DA:28,12
DA:29,12
DA:30,12
DA:34,12
DA:35,12
DA:36,12
DA:37,12
DA:38,12
DA:39,12
DA:40,12
DA:41,12
DA:42,12
DA:43,12
DA:44,12
DA:45,12
DA:46,12
DA:47,12
DA:48,12
DA:49,12
DA:51,12
DA:52,12
DA:53,12
DA:54,12
DA:55,12
DA:56,12
DA:57,12
DA:58,12
DA:59,12
DA:60,12
DA:61,12
DA:62,12
DA:63,12
DA:65,12
DA:66,12
DA:67,12
DA:68,12
DA:69,12
DA:70,12
DA:71,12
DA:72,12
DA:75,12
DA:77,12
DA:78,12
DA:81,12
DA:84,12
DA:98,12
DA:100,12
DA:102,0
DA:103,0
DA:105,0
DA:107,0
DA:108,0
DA:109,0
DA:110,0
DA:111,0
DA:115,0
DA:116,0
DA:117,0
DA:121,0
DA:122,0
DA:123,0
DA:128,0
DA:132,0
DA:133,0
DA:134,0
DA:138,0
DA:139,0
DA:146,0
DA:147,0
DA:148,0
DA:149,0
DA:151,0
DA:152,0
DA:153,0
DA:154,0
DA:159,0
DA:160,0
DA:161,0
DA:162,0
DA:164,0
DA:169,0
DA:172,0
DA:173,0
DA:176,0
DA:177,0
DA:182,0
DA:183,0
DA:184,0
DA:185,0
DA:190,0
DA:191,0
DA:196,0
DA:201,12
DA:204,12
DA:205,12
DA:206,12
DA:207,12
DA:208,12
DA:213,12
DA:220,12
DA:223,12
DA:224,12
DA:227,12
DA:230,12
DA:231,12
DA:232,12
DA:235,12
DA:236,0
DA:240,12
DA:243,12
DA:246,12
DA:249,12
DA:261,12
DA:262,12
DA:265,12
DA:266,1
DA:274,12
DA:275,2
DA:283,12
DA:284,1
DA:293,12
DA:294,12
DA:295,12
DA:296,12
DA:297,12
DA:298,12
DA:299,12
DA:300,12
DA:302,12
DA:303,12
DA:306,12
DA:307,12
DA:308,12
DA:309,12
DA:310,12
DA:311,12
DA:312,12
DA:313,12
DA:314,12
DA:317,12
DA:318,12
DA:321,12
DA:322,12
DA:323,12
DA:324,12
DA:325,12
DA:326,12
DA:328,12
DA:329,12
DA:330,12
DA:331,12
DA:332,12
DA:333,12
DA:334,12
DA:335,12
DA:338,12
DA:339,12
DA:342,12
DA:343,12
DA:344,12
DA:345,12
DA:346,12
DA:347,12
DA:348,12
DA:349,12
DA:350,12
DA:351,12
DA:352,12
DA:353,12
DA:354,12
DA:355,12
DA:356,12
DA:357,12
DA:358,12
DA:359,12
DA:360,12
DA:361,12
DA:362,12
DA:363,12
DA:364,12
DA:365,12
DA:366,12
DA:367,12
DA:368,12
DA:369,12
DA:370,12
DA:371,12
DA:372,12
DA:373,12
DA:374,12
DA:375,12
DA:376,12
DA:377,12
DA:378,12
DA:379,12
DA:380,12
DA:381,12
DA:384,12
DA:385,12
DA:388,12
DA:391,12
DA:395,12
DA:396,12
DA:397,12
DA:398,12
DA:399,12
DA:400,12
DA:401,12
DA:402,12
DA:403,12
DA:404,12
DA:405,12
DA:406,12
DA:407,12
DA:408,12
DA:409,12
DA:410,12
DA:411,12
DA:412,12
DA:413,12
DA:414,12
DA:415,12
DA:416,12
DA:417,12
DA:418,12
DA:419,12
DA:420,12
DA:421,12
DA:422,12
DA:423,12
DA:424,12
DA:425,12
DA:426,12
DA:427,12
DA:428,12
DA:429,12
DA:430,12
DA:431,12
DA:432,12
DA:433,12
DA:434,12
DA:435,12
DA:436,12
DA:437,12
DA:438,12
DA:439,12
DA:441,12
DA:443,12
DA:444,12
DA:445,12
DA:446,12
DA:447,12
DA:449,12
DA:450,12
DA:452,12
DA:454,12
DA:456,12
DA:458,12
DA:460,12
DA:461,12
DA:462,12
DA:463,12
DA:464,12
DA:467,12
DA:468,1
DA:480,0
DA:481,0
DA:482,0
DA:484,0
DA:485,0
DA:490,0
DA:501,0
DA:502,0
DA:503,0
DA:505,0
DA:506,0
DA:507,0
DA:508,0
DA:509,0
DA:517,0
DA:519,0
DA:520,0
DA:525,12
DA:526,1
DA:527,1
DA:537,12
DA:538,32
DA:548,12
DA:549,12
DA:550,12
DA:551,12
DA:552,12
DA:554,0
DA:555,0
DA:557,0
DA:561,0
DA:566,12
DA:567,12
DA:568,12
DA:569,12
DA:572,12
DA:573,0
DA:574,0
DA:575,0
DA:576,0
LF:325
LH:254
BRDA:12,0,0,12
BRDA:12,0,1,0
BRDA:13,1,0,12
BRDA:13,1,1,0
BRDA:78,2,0,12
BRDA:78,2,1,0
BRDA:84,3,0,12
BRDA:84,3,1,0
BRDA:88,4,0,0
BRDA:88,4,1,0
BRDA:100,5,0,0
BRDA:100,5,1,12
BRDA:100,6,0,12
BRDA:100,6,1,0
BRDA:147,7,0,0
BRDA:147,7,1,0
BRDA:151,8,0,0
BRDA:151,8,1,0
BRDA:151,9,0,0
BRDA:151,9,1,0
BRDA:160,10,0,0
BRDA:160,10,1,0
BRDA:214,11,0,12
BRDA:214,11,1,0
BRDA:235,12,0,0
BRDA:235,12,1,12
BRDA:270,13,0,1
BRDA:270,13,1,0
BRDA:279,14,0,2
BRDA:279,14,1,0
BRDA:288,15,0,1
BRDA:288,15,1,0
BRDA:302,16,0,12
BRDA:302,16,1,0
BRDA:482,17,0,0
BRDA:482,17,1,0
BRDA:482,18,0,0
BRDA:482,18,1,0
BRDA:500,19,0,0
BRDA:507,20,0,0
BRDA:507,20,1,0
BRDA:527,21,0,1
BRDA:527,21,1,0
BRDA:529,22,0,1
BRDA:529,22,1,0
BRDA:530,23,0,1
BRDA:530,23,1,0
BRDA:531,24,0,1
BRDA:531,24,1,1
BRDA:551,25,0,12
BRDA:551,25,1,0
BRDA:572,26,0,0
BRDA:572,26,1,12
BRF:53
BRH:19
end_of_record
TN:
SF:start.js
FNF:0
FNH:0
DA:3,1
DA:4,1
LF:2
LH:2
BRF:0
BRH:0
end_of_record
TN:
SF:api\middleware\auth.middleware.js
FNF:0
FNH:0
DA:1,1
DA:3,1
LF:2
LH:2
BRF:0
BRH:0
end_of_record
TN:
SF:api\routes\ai.routes.js
FN:16,(anonymous_0)
FN:35,(anonymous_1)
FN:54,(anonymous_2)
FN:73,(anonymous_3)
FN:92,(anonymous_4)
FN:111,(anonymous_5)
FN:113,(anonymous_6)
FN:134,(anonymous_7)
FNF:8
FNH:8
FNDA:1,(anonymous_0)
FNDA:1,(anonymous_1)
FNDA:1,(anonymous_2)
FNDA:1,(anonymous_3)
FNDA:1,(anonymous_4)
FNDA:1,(anonymous_5)
FNDA:4,(anonymous_6)
FNDA:1,(anonymous_7)
DA:6,1
DA:7,1
DA:8,1
DA:10,1
DA:16,1
DA:17,1
DA:18,1
DA:20,1
DA:21,0
DA:24,1
DA:25,1
DA:27,0
DA:35,1
DA:36,1
DA:37,1
DA:39,1
DA:40,0
DA:43,1
DA:44,1
DA:46,0
DA:54,1
DA:55,1
DA:56,1
DA:58,1
DA:59,0
DA:62,1
DA:63,1
DA:65,0
DA:73,1
DA:74,1
DA:75,1
DA:77,1
DA:78,0
DA:81,1
DA:82,1
DA:84,0
DA:92,1
DA:93,1
DA:94,1
DA:96,1
DA:97,0
DA:100,1
DA:101,1
DA:103,0
DA:111,1
DA:112,1
DA:113,4
DA:120,1
DA:126,0
DA:134,1
DA:135,1
DA:136,1
DA:138,1
DA:139,1
DA:142,0
DA:147,0
DA:151,1
LF:57
LH:44
BRDA:20,0,0,0
BRDA:20,0,1,1
BRDA:20,1,0,1
BRDA:20,1,1,1
BRDA:39,2,0,0
BRDA:39,2,1,1
BRDA:39,3,0,1
BRDA:39,3,1,1
BRDA:58,4,0,0
BRDA:58,4,1,1
BRDA:62,5,0,1
BRDA:62,5,1,0
BRDA:77,6,0,0
BRDA:77,6,1,1
BRDA:77,7,0,1
BRDA:77,7,1,1
BRDA:96,8,0,0
BRDA:96,8,1,1
BRDA:100,9,0,1
BRDA:100,9,1,0
BRDA:138,10,0,1
BRDA:138,10,1,0
BRF:22
BRH:14
end_of_record
TN:
SF:api\routes\auth.routes.js
FN:31,(anonymous_0)
FN:99,(anonymous_1)
FN:179,(anonymous_2)
FN:236,(anonymous_3)
FN:253,(anonymous_4)
FN:287,(anonymous_5)
FN:331,(anonymous_6)
FNF:7
FNH:5
FNDA:31,(anonymous_0)
FNDA:13,(anonymous_1)
FNDA:2,(anonymous_2)
FNDA:2,(anonymous_3)
FNDA:0,(anonymous_4)
FNDA:0,(anonymous_5)
FNDA:2,(anonymous_6)
DA:1,12
DA:2,12
DA:3,12
DA:4,12
DA:8,12
DA:9,12
DA:10,12
DA:12,0
DA:13,0
DA:15,12
DA:16,12
DA:17,12
DA:18,12
DA:21,12
DA:22,12
DA:23,12
DA:24,12
DA:31,12
DA:32,31
DA:33,31
DA:36,31
DA:37,31
DA:38,2
DA:42,2
DA:49,29
DA:50,29
DA:53,29
DA:60,29
DA:67,29
DA:71,29
DA:86,0
DA:87,0
DA:99,12
DA:100,13
DA:101,13
DA:103,13
DA:104,2
DA:111,11
DA:112,11
DA:113,5
DA:114,5
DA:120,6
DA:121,6
DA:122,6
DA:125,6
DA:126,6
DA:128,6
DA:129,2
DA:130,2
DA:134,2
DA:141,4
DA:145,4
DA:150,4
DA:165,0
DA:166,0
DA:167,0
DA:179,12
DA:180,2
DA:181,2
DA:183,2
DA:184,2
DA:191,0
DA:194,0
DA:195,0
DA:196,0
DA:203,0
DA:207,0
DA:215,0
DA:216,0
DA:222,0
DA:223,0
DA:236,12
DA:237,2
DA:242,2
DA:253,12
DA:254,0
DA:255,0
DA:257,0
DA:258,0
DA:264,0
DA:274,0
DA:275,0
DA:287,12
DA:288,0
DA:289,0
DA:291,0
DA:292,0
DA:293,0
DA:299,0
DA:300,0
DA:302,0
DA:307,0
DA:318,0
DA:319,0
DA:331,12
DA:332,2
DA:333,2
DA:335,2
DA:336,2
DA:337,2
DA:344,0
DA:345,0
DA:346,0
DA:350,0
DA:357,0
DA:358,0
DA:359,0
DA:361,0
DA:366,0
DA:372,0
DA:373,0
DA:380,12
LF:112
LH:66
BRDA:8,0,0,12
BRDA:8,0,1,0
BRDA:21,1,0,12
BRDA:21,1,1,0
BRDA:22,2,0,12
BRDA:22,2,1,10
BRDA:37,3,0,2
BRDA:37,3,1,29
BRDA:57,4,0,29
BRDA:57,4,1,28
BRDA:68,5,0,29
BRDA:68,5,1,0
BRDA:103,6,0,2
BRDA:103,6,1,11
BRDA:103,7,0,13
BRDA:103,7,1,12
BRDA:112,8,0,5
BRDA:112,8,1,6
BRDA:122,9,0,6
BRDA:122,9,1,0
BRDA:128,10,0,2
BRDA:128,10,1,4
BRDA:142,11,0,4
BRDA:142,11,1,0
BRDA:183,12,0,2
BRDA:183,12,1,0
BRDA:195,13,0,0
BRDA:195,13,1,0
BRDA:215,14,0,0
BRDA:215,14,1,0
BRDA:215,15,0,0
BRDA:215,15,1,0
BRDA:226,16,0,0
BRDA:226,16,1,0
BRDA:257,17,0,0
BRDA:257,17,1,0
BRDA:292,18,0,0
BRDA:292,18,1,0
BRDA:299,19,0,0
BRDA:299,19,1,0
BRDA:336,20,0,2
BRDA:336,20,1,0
BRDA:345,21,0,0
BRDA:345,21,1,0
BRF:44
BRH:21
end_of_record
TN:
SF:api\routes\crm.routes.legacy.js
FN:239,calculateKPIs
FN:242,(anonymous_1)
FN:243,(anonymous_2)
FN:253,(anonymous_3)
FN:298,(anonymous_4)
FN:302,(anonymous_5)
FN:312,(anonymous_6)
FN:313,(anonymous_7)
FN:332,(anonymous_8)
FN:339,(anonymous_9)
FN:342,(anonymous_10)
FN:345,(anonymous_11)
FN:377,(anonymous_12)
FN:380,(anonymous_13)
FN:389,(anonymous_14)
FN:390,(anonymous_15)
FN:400,(anonymous_16)
FN:401,(anonymous_17)
FN:419,(anonymous_18)
FN:426,(anonymous_19)
FN:429,(anonymous_20)
FN:432,(anonymous_21)
FN:451,(anonymous_22)
FN:452,(anonymous_23)
FN:470,(anonymous_24)
FN:473,(anonymous_25)
FN:482,(anonymous_26)
FN:483,(anonymous_27)
FN:507,(anonymous_28)
FN:509,(anonymous_29)
FN:510,(anonymous_30)
FN:511,(anonymous_31)
FN:545,(anonymous_32)
FN:551,(anonymous_33)
FN:552,(anonymous_34)
FN:553,(anonymous_35)
FN:556,(anonymous_36)
FN:587,(anonymous_37)
FN:593,(anonymous_38)
FN:595,(anonymous_39)
FN:595,(anonymous_40)
FN:600,(anonymous_41)
FN:604,(anonymous_42)
FN:605,(anonymous_43)
FN:611,(anonymous_44)
FN:622,(anonymous_45)
FN:626,(anonymous_46)
FN:651,calculateDealTimeline
FNF:48
FNH:0
FNDA:0,calculateKPIs
FNDA:0,(anonymous_1)
FNDA:0,(anonymous_2)
FNDA:0,(anonymous_3)
FNDA:0,(anonymous_4)
FNDA:0,(anonymous_5)
FNDA:0,(anonymous_6)
FNDA:0,(anonymous_7)
FNDA:0,(anonymous_8)
FNDA:0,(anonymous_9)
FNDA:0,(anonymous_10)
FNDA:0,(anonymous_11)
FNDA:0,(anonymous_12)
FNDA:0,(anonymous_13)
FNDA:0,(anonymous_14)
FNDA:0,(anonymous_15)
FNDA:0,(anonymous_16)
FNDA:0,(anonymous_17)
FNDA:0,(anonymous_18)
FNDA:0,(anonymous_19)
FNDA:0,(anonymous_20)
FNDA:0,(anonymous_21)
FNDA:0,(anonymous_22)
FNDA:0,(anonymous_23)
FNDA:0,(anonymous_24)
FNDA:0,(anonymous_25)
FNDA:0,(anonymous_26)
FNDA:0,(anonymous_27)
FNDA:0,(anonymous_28)
FNDA:0,(anonymous_29)
FNDA:0,(anonymous_30)
FNDA:0,(anonymous_31)
FNDA:0,(anonymous_32)
FNDA:0,(anonymous_33)
FNDA:0,(anonymous_34)
FNDA:0,(anonymous_35)
FNDA:0,(anonymous_36)
FNDA:0,(anonymous_37)
FNDA:0,(anonymous_38)
FNDA:0,(anonymous_39)
FNDA:0,(anonymous_40)
FNDA:0,(anonymous_41)
FNDA:0,(anonymous_42)
FNDA:0,(anonymous_43)
FNDA:0,(anonymous_44)
FNDA:0,(anonymous_45)
FNDA:0,(anonymous_46)
FNDA:0,calculateDealTimeline
DA:15,12
DA:16,12
DA:17,12
DA:23,12
DA:240,0
DA:241,0
DA:242,0
DA:243,0
DA:244,0
DA:246,0
DA:253,0
DA:298,12
DA:299,0
DA:300,0
DA:301,0
DA:302,0
DA:304,0
DA:312,0
DA:313,0
DA:320,0
DA:332,12
DA:333,0
DA:334,0
DA:335,0
DA:338,0
DA:339,0
DA:341,0
DA:342,0
DA:344,0
DA:345,0
DA:349,0
DA:350,0
DA:352,0
DA:365,0
DA:377,12
DA:378,0
DA:379,0
DA:380,0
DA:382,0
DA:383,0
DA:389,0
DA:390,0
DA:392,0
DA:400,0
DA:401,0
DA:407,0
DA:419,12
DA:420,0
DA:421,0
DA:422,0
DA:425,0
DA:426,0
DA:428,0
DA:429,0
DA:431,0
DA:432,0
DA:436,0
DA:437,0
DA:439,0
DA:451,0
DA:452,0
DA:458,0
DA:470,12
DA:471,0
DA:472,0
DA:473,0
DA:475,0
DA:476,0
DA:482,0
DA:483,0
DA:485,0
DA:495,0
DA:507,12
DA:508,0
DA:509,0
DA:510,0
DA:511,0
DA:512,0
DA:520,0
DA:533,0
DA:545,12
DA:546,0
DA:547,0
DA:548,0
DA:551,0
DA:552,0
DA:553,0
DA:556,0
DA:559,0
DA:560,0
DA:562,0
DA:575,0
DA:587,12
DA:588,0
DA:589,0
DA:590,0
DA:593,0
DA:595,0
DA:599,0
DA:600,0
DA:601,0
DA:602,0
DA:604,0
DA:605,0
DA:606,0
DA:610,0
DA:611,0
DA:612,0
DA:613,0
DA:615,0
DA:618,0
DA:622,0
DA:626,0
DA:639,0
DA:652,0
DA:653,0
DA:654,0
DA:656,0
DA:664,12
LF:119
LH:13
BRDA:244,0,0,0
BRDA:244,0,1,0
BRDA:334,1,0,0
BRDA:334,2,0,0
BRDA:338,3,0,0
BRDA:338,3,1,0
BRDA:341,4,0,0
BRDA:341,4,1,0
BRDA:344,5,0,0
BRDA:344,5,1,0
BRDA:345,6,0,0
BRDA:345,6,1,0
BRDA:345,6,2,0
BRDA:382,7,0,0
BRDA:382,7,1,0
BRDA:421,8,0,0
BRDA:421,9,0,0
BRDA:425,10,0,0
BRDA:425,10,1,0
BRDA:428,11,0,0
BRDA:428,11,1,0
BRDA:431,12,0,0
BRDA:431,12,1,0
BRDA:452,13,0,0
BRDA:452,13,1,0
BRDA:475,14,0,0
BRDA:475,14,1,0
BRDA:547,15,0,0
BRDA:547,16,0,0
BRDA:551,17,0,0
BRDA:551,17,1,0
BRDA:552,18,0,0
BRDA:552,18,1,0
BRDA:553,19,0,0
BRDA:553,19,1,0
BRDA:601,20,0,0
BRDA:601,20,1,0
BRDA:612,21,0,0
BRDA:612,21,1,0
BRF:39
BRH:0
end_of_record
TN:
SF:api\routes\documents.routes.js
FN:214,(anonymous_0)
FN:218,(anonymous_1)
FN:224,(anonymous_2)
FN:225,(anonymous_3)
FN:226,(anonymous_4)
FN:231,(anonymous_5)
FN:264,(anonymous_6)
FN:272,(anonymous_7)
FN:277,(anonymous_8)
FN:284,(anonymous_9)
FN:287,(anonymous_10)
FN:293,(anonymous_11)
FN:295,(anonymous_12)
FN:297,(anonymous_13)
FN:331,(anonymous_14)
FN:333,(anonymous_15)
FN:343,(anonymous_16)
FN:347,(anonymous_17)
FN:351,(anonymous_18)
FN:376,(anonymous_19)
FN:396,(anonymous_20)
FN:416,(anonymous_21)
FN:470,(anonymous_22)
FN:472,(anonymous_23)
FN:510,(anonymous_24)
FN:512,(anonymous_25)
FN:541,(anonymous_26)
FN:551,(anonymous_27)
FN:554,(anonymous_28)
FN:560,(anonymous_29)
FN:565,(anonymous_30)
FN:570,(anonymous_31)
FN:573,(anonymous_32)
FN:578,(anonymous_33)
FN:602,(anonymous_34)
FN:605,(anonymous_35)
FN:606,(anonymous_36)
FN:607,(anonymous_37)
FN:610,(anonymous_38)
FN:618,(anonymous_39)
FN:619,(anonymous_40)
FN:620,(anonymous_41)
FN:625,(anonymous_42)
FN:627,(anonymous_43)
FN:637,(anonymous_44)
FN:638,(anonymous_45)
FN:639,(anonymous_46)
FNF:47
FNH:5
FNDA:0,(anonymous_0)
FNDA:0,(anonymous_1)
FNDA:0,(anonymous_2)
FNDA:0,(anonymous_3)
FNDA:0,(anonymous_4)
FNDA:0,(anonymous_5)
FNDA:1,(anonymous_6)
FNDA:0,(anonymous_7)
FNDA:0,(anonymous_8)
FNDA:0,(anonymous_9)
FNDA:0,(anonymous_10)
FNDA:0,(anonymous_11)
FNDA:0,(anonymous_12)
FNDA:0,(anonymous_13)
FNDA:0,(anonymous_14)
FNDA:0,(anonymous_15)
FNDA:0,(anonymous_16)
FNDA:0,(anonymous_17)
FNDA:0,(anonymous_18)
FNDA:0,(anonymous_19)
FNDA:0,(anonymous_20)
FNDA:0,(anonymous_21)
FNDA:1,(anonymous_22)
FNDA:4,(anonymous_23)
FNDA:1,(anonymous_24)
FNDA:4,(anonymous_25)
FNDA:0,(anonymous_26)
FNDA:0,(anonymous_27)
FNDA:0,(anonymous_28)
FNDA:0,(anonymous_29)
FNDA:0,(anonymous_30)
FNDA:0,(anonymous_31)
FNDA:0,(anonymous_32)
FNDA:0,(anonymous_33)
FNDA:0,(anonymous_34)
FNDA:0,(anonymous_35)
FNDA:0,(anonymous_36)
FNDA:0,(anonymous_37)
FNDA:0,(anonymous_38)
FNDA:0,(anonymous_39)
FNDA:0,(anonymous_40)
FNDA:0,(anonymous_41)
FNDA:0,(anonymous_42)
FNDA:0,(anonymous_43)
FNDA:0,(anonymous_44)
FNDA:0,(anonymous_45)
FNDA:0,(anonymous_46)
DA:16,12
DA:17,12
DA:18,12
DA:19,12
DA:20,12
DA:26,12
DA:214,12
DA:215,0
DA:216,0
DA:217,0
DA:218,0
DA:219,0
DA:222,0
DA:224,0
DA:225,0
DA:226,0
DA:231,0
DA:238,0
DA:240,0
DA:251,0
DA:264,12
DA:265,1
DA:266,1
DA:268,1
DA:271,1
DA:272,0
DA:276,1
DA:277,0
DA:281,1
DA:282,0
DA:283,0
DA:285,0
DA:287,0
DA:292,1
DA:293,0
DA:294,1
DA:295,0
DA:296,1
DA:297,0
DA:301,1
DA:302,1
DA:303,1
DA:305,1
DA:318,0
DA:331,12
DA:332,0
DA:333,0
DA:335,0
DA:336,0
DA:343,0
DA:346,0
DA:347,0
DA:351,0
DA:353,0
DA:363,0
DA:376,12
DA:377,0
DA:378,0
DA:383,0
DA:396,12
DA:397,0
DA:398,0
DA:403,0
DA:416,12
DA:417,0
DA:418,0
DA:421,0
DA:447,0
DA:449,0
DA:457,0
DA:470,12
DA:471,1
DA:472,4
DA:474,1
DA:475,1
DA:481,0
DA:487,0
DA:489,0
DA:497,0
DA:510,12
DA:511,1
DA:512,4
DA:514,1
DA:515,1
DA:521,0
DA:523,0
DA:528,0
DA:541,12
DA:542,0
DA:543,0
DA:545,0
DA:548,0
DA:549,0
DA:550,0
DA:552,0
DA:554,0
DA:559,0
DA:560,0
DA:564,0
DA:565,0
DA:569,0
DA:570,0
DA:572,0
DA:573,0
DA:577,0
DA:578,0
DA:581,0
DA:589,0
DA:602,12
DA:603,0
DA:604,0
DA:605,0
DA:606,0
DA:607,0
DA:610,0
DA:617,0
DA:618,0
DA:619,0
DA:620,0
DA:624,0
DA:625,0
DA:627,0
DA:634,0
DA:637,0
DA:638,0
DA:639,0
DA:643,0
DA:659,0
DA:667,12
LF:129
LH:38
BRDA:266,0,0,1
BRDA:266,1,0,1
BRDA:271,2,0,0
BRDA:271,2,1,1
BRDA:276,3,0,0
BRDA:276,3,1,1
BRDA:281,4,0,0
BRDA:281,4,1,1
BRDA:285,5,0,0
BRDA:285,5,1,0
BRDA:285,5,2,0
BRDA:292,6,0,0
BRDA:292,6,1,1
BRDA:294,7,0,0
BRDA:294,7,1,1
BRDA:296,8,0,0
BRDA:296,8,1,1
BRDA:335,9,0,0
BRDA:335,9,1,0
BRDA:347,10,0,0
BRDA:347,10,1,0
BRDA:432,11,0,0
BRDA:432,11,1,0
BRDA:442,12,0,0
BRDA:442,12,1,0
BRDA:474,13,0,1
BRDA:474,13,1,0
BRDA:514,14,0,1
BRDA:514,14,1,0
BRDA:548,15,0,0
BRDA:548,15,1,0
BRDA:552,16,0,0
BRDA:552,16,1,0
BRDA:552,16,2,0
BRDA:559,17,0,0
BRDA:559,17,1,0
BRDA:564,18,0,0
BRDA:564,18,1,0
BRDA:569,19,0,0
BRDA:569,19,1,0
BRDA:572,20,0,0
BRDA:572,20,1,0
BRDA:577,21,0,0
BRDA:577,21,1,0
BRF:44
BRH:10
end_of_record
TN:
SF:api\routes\integration.routes.js
FN:14,(anonymous_0)
FN:24,(anonymous_1)
FN:36,(anonymous_2)
FN:46,(anonymous_3)
FN:56,(anonymous_4)
FN:68,(anonymous_5)
FN:78,(anonymous_6)
FN:94,(anonymous_7)
FN:105,(anonymous_8)
FN:114,(anonymous_9)
FNF:10
FNH:4
FNDA:1,(anonymous_0)
FNDA:0,(anonymous_1)
FNDA:0,(anonymous_2)
FNDA:0,(anonymous_3)
FNDA:0,(anonymous_4)
FNDA:1,(anonymous_5)
FNDA:1,(anonymous_6)
FNDA:0,(anonymous_7)
FNDA:1,(anonymous_8)
FNDA:0,(anonymous_9)
DA:6,1
DA:7,1
DA:8,1
DA:10,1
DA:14,1
DA:15,1
DA:16,1
DA:17,1
DA:18,1
DA:20,0
DA:24,1
DA:25,0
DA:26,0
DA:27,0
DA:28,0
DA:30,0
DA:36,1
DA:37,0
DA:38,0
DA:39,0
DA:40,0
DA:42,0
DA:46,1
DA:47,0
DA:48,0
DA:49,0
DA:50,0
DA:52,0
DA:56,1
DA:57,0
DA:58,0
DA:59,0
DA:60,0
DA:62,0
DA:68,1
DA:69,1
DA:70,1
DA:71,1
DA:72,1
DA:74,0
DA:78,1
DA:79,1
DA:80,1
DA:81,1
DA:83,1
DA:84,1
DA:87,0
DA:88,0
DA:90,0
DA:94,1
DA:95,0
DA:96,0
DA:97,0
DA:99,0
DA:105,1
DA:106,1
DA:107,1
DA:108,1
DA:110,0
DA:114,1
DA:115,0
DA:116,0
DA:117,0
DA:118,0
DA:120,0
DA:124,1
LF:66
LH:31
BRDA:83,0,0,1
BRDA:83,0,1,0
BRDA:117,1,0,0
BRDA:117,1,1,0
BRF:4
BRH:1
end_of_record
TN:
SF:api\routes\modules.routes.js
FN:229,(anonymous_0)
FN:264,(anonymous_1)
FN:291,(anonymous_2)
FNF:3
FNH:0
FNDA:0,(anonymous_0)
FNDA:0,(anonymous_1)
FNDA:0,(anonymous_2)
DA:1,12
DA:2,12
DA:3,12
DA:6,12
DA:229,12
DA:230,0
DA:231,0
DA:234,0
DA:235,0
DA:243,0
DA:250,0
DA:251,0
DA:264,12
DA:265,0
DA:266,0
DA:268,0
DA:277,0
DA:278,0
DA:291,12
DA:292,0
DA:293,0
DA:295,0
DA:305,0
DA:306,0
DA:314,12
LF:25
LH:8
BRDA:234,0,0,0
BRDA:234,0,1,0
BRDA:293,1,0,0
BRDA:293,1,1,0
BRF:4
BRH:0
end_of_record
TN:
SF:api\routes\project.routes.js
FN:14,(anonymous_0)
FN:24,(anonymous_1)
FN:34,(anonymous_2)
FN:48,(anonymous_3)
FN:60,(anonymous_4)
FN:70,(anonymous_5)
FN:82,(anonymous_6)
FN:94,(anonymous_7)
FN:106,(anonymous_8)
FN:116,(anonymous_9)
FN:128,(anonymous_10)
FN:137,(anonymous_11)
FN:146,(anonymous_12)
FN:157,(anonymous_13)
FNF:14
FNH:7
FNDA:1,(anonymous_0)
FNDA:0,(anonymous_1)
FNDA:0,(anonymous_2)
FNDA:1,(anonymous_3)
FNDA:1,(anonymous_4)
FNDA:0,(anonymous_5)
FNDA:1,(anonymous_6)
FNDA:0,(anonymous_7)
FNDA:0,(anonymous_8)
FNDA:0,(anonymous_9)
FNDA:1,(anonymous_10)
FNDA:0,(anonymous_11)
FNDA:1,(anonymous_12)
FNDA:1,(anonymous_13)
DA:6,1
DA:7,1
DA:8,1
DA:10,1
DA:14,1
DA:15,1
DA:16,1
DA:17,1
DA:18,1
DA:20,0
DA:24,1
DA:25,0
DA:26,0
DA:27,0
DA:28,0
DA:30,0
DA:34,1
DA:35,0
DA:36,0
DA:37,0
DA:38,0
DA:40,0
DA:42,0
DA:48,1
DA:49,1
DA:50,1
DA:51,1
DA:52,1
DA:54,0
DA:60,1
DA:61,1
DA:62,1
DA:63,1
DA:64,1
DA:66,0
DA:70,1
DA:71,0
DA:72,0
DA:73,0
DA:74,0
DA:76,0
DA:82,1
DA:83,1
DA:84,1
DA:85,1
DA:86,1
DA:88,0
DA:94,1
DA:95,0
DA:96,0
DA:97,0
DA:98,0
DA:100,0
DA:106,1
DA:107,0
DA:108,0
DA:109,0
DA:110,0
DA:112,0
DA:116,1
DA:117,0
DA:118,0
DA:119,0
DA:120,0
DA:122,0
DA:128,1
DA:129,1
DA:130,1
DA:131,1
DA:133,0
DA:137,1
DA:138,0
DA:139,0
DA:140,0
DA:142,0
DA:146,1
DA:147,1
DA:148,1
DA:149,1
DA:151,0
DA:157,1
DA:158,1
DA:159,1
DA:160,1
DA:161,1
DA:163,0
DA:167,1
LF:87
LH:45
BRDA:37,0,0,0
BRDA:37,0,1,0
BRF:2
BRH:0
end_of_record
TN:
SF:api\routes\reporting.routes.js
FN:16,(anonymous_0)
FN:40,(anonymous_1)
FN:63,(anonymous_2)
FN:81,(anonymous_3)
FN:105,(anonymous_4)
FNF:5
FNH:2
FNDA:1,(anonymous_0)
FNDA:0,(anonymous_1)
FNDA:1,(anonymous_2)
FNDA:0,(anonymous_3)
FNDA:0,(anonymous_4)
DA:6,1
DA:7,1
DA:8,1
DA:10,1
DA:16,1
DA:17,1
DA:18,1
DA:20,1
DA:21,0
DA:24,1
DA:26,1
DA:32,0
DA:40,1
DA:41,0
DA:42,0
DA:44,0
DA:45,0
DA:48,0
DA:50,0
DA:55,0
DA:63,1
DA:64,1
DA:65,1
DA:67,1
DA:68,0
DA:71,1
DA:73,0
DA:81,1
DA:82,0
DA:83,0
DA:84,0
DA:86,0
DA:87,0
DA:90,0
DA:91,0
DA:92,0
DA:94,0
DA:97,0
DA:105,1
DA:106,0
DA:107,0
DA:109,0
DA:110,0
DA:113,0
DA:115,0
DA:119,1
LF:46
LH:19
BRDA:20,0,0,0
BRDA:20,0,1,1
BRDA:20,1,0,1
BRDA:20,1,1,1
BRDA:44,2,0,0
BRDA:44,2,1,0
BRDA:44,3,0,0
BRDA:44,3,1,0
BRDA:67,4,0,0
BRDA:67,4,1,1
BRDA:84,5,0,0
BRDA:84,5,1,0
BRDA:86,6,0,0
BRDA:86,6,1,0
BRDA:90,7,0,0
BRDA:90,7,1,0
BRDA:90,8,0,0
BRDA:90,8,1,0
BRDA:91,9,0,0
BRDA:91,9,1,0
BRDA:109,10,0,0
BRDA:109,10,1,0
BRF:22
BRH:4
end_of_record
TN:
SF:api\routes\search.routes.js
FN:17,(anonymous_0)
FN:45,(anonymous_1)
FN:72,(anonymous_2)
FN:99,(anonymous_3)
FN:127,(anonymous_4)
FN:144,(anonymous_5)
FN:171,(anonymous_6)
FNF:7
FNH:7
FNDA:1,(anonymous_0)
FNDA:1,(anonymous_1)
FNDA:1,(anonymous_2)
FNDA:1,(anonymous_3)
FNDA:1,(anonymous_4)
FNDA:1,(anonymous_5)
FNDA:1,(anonymous_6)
DA:6,1
DA:7,1
DA:8,1
DA:11,1
DA:17,1
DA:18,1
DA:19,1
DA:21,1
DA:22,0
DA:28,1
DA:30,1
DA:37,0
DA:45,1
DA:46,1
DA:47,1
DA:49,1
DA:50,0
DA:56,1
DA:58,1
DA:64,0
DA:72,1
DA:73,1
DA:74,1
DA:76,1
DA:77,0
DA:83,1
DA:85,1
DA:91,0
DA:99,1
DA:100,1
DA:101,1
DA:103,1
DA:104,0
DA:110,1
DA:112,1
DA:119,0
DA:127,1
DA:128,1
DA:129,1
DA:131,1
DA:136,0
DA:144,1
DA:145,1
DA:146,1
DA:148,1
DA:149,0
DA:155,1
DA:157,1
DA:163,0
DA:171,1
DA:172,1
DA:173,1
DA:175,1
DA:176,0
DA:182,1
DA:184,1
DA:185,0
DA:186,0
DA:187,0
DA:188,1
DA:189,1
DA:196,0
DA:200,1
LF:63
LH:47
BRDA:21,0,0,0
BRDA:21,0,1,1
BRDA:21,1,0,1
BRDA:21,1,1,1
BRDA:49,2,0,0
BRDA:49,2,1,1
BRDA:49,3,0,1
BRDA:49,3,1,1
BRDA:76,4,0,0
BRDA:76,4,1,1
BRDA:103,5,0,0
BRDA:103,5,1,1
BRDA:103,6,0,1
BRDA:103,6,1,1
BRDA:148,7,0,0
BRDA:148,7,1,1
BRDA:148,8,0,1
BRDA:148,8,1,1
BRDA:175,9,0,0
BRDA:175,9,1,1
BRDA:175,10,0,1
BRDA:175,10,1,1
BRDA:184,11,0,0
BRDA:184,11,1,1
BRDA:188,12,0,1
BRDA:188,12,1,0
BRF:26
BRH:18
end_of_record
TN:
SF:api\routes\setupRoutes.js
FN:19,setupNewRoutes
FNF:1
FNH:1
FNDA:1,setupNewRoutes
DA:10,1
DA:11,1
DA:12,1
DA:13,1
DA:14,1
DA:21,1
DA:24,1
DA:27,1
DA:30,1
DA:33,1
DA:35,1
DA:36,1
DA:39,1
DA:94,1
DA:97,1
LF:15
LH:15
BRF:0
BRH:0
end_of_record
TN:
SF:api\routes\transport.routes.js
FN:23,(anonymous_0)
FN:40,(anonymous_1)
FN:60,(anonymous_2)
FN:82,(anonymous_3)
FN:99,(anonymous_4)
FN:115,(anonymous_5)
FN:135,(anonymous_6)
FN:152,(anonymous_7)
FN:172,(anonymous_8)
FN:194,(anonymous_9)
FN:211,(anonymous_10)
FN:227,(anonymous_11)
FN:245,(anonymous_12)
FN:262,(anonymous_13)
FN:279,(anonymous_14)
FN:301,(anonymous_15)
FN:320,(anonymous_16)
FN:337,(anonymous_17)
FN:358,(anonymous_18)
FN:375,(anonymous_19)
FN:394,(anonymous_20)
FN:411,(anonymous_21)
FN:429,(anonymous_22)
FN:448,(anonymous_23)
FN:465,(anonymous_24)
FN:482,(anonymous_25)
FN:499,(anonymous_26)
FN:517,(anonymous_27)
FN:534,(anonymous_28)
FN:555,(anonymous_29)
FN:572,(anonymous_30)
FN:590,(anonymous_31)
FN:607,(anonymous_32)
FN:626,(anonymous_33)
FN:637,(anonymous_34)
FN:639,(anonymous_35)
FN:641,(anonymous_36)
FNF:37
FNH:2
FNDA:1,(anonymous_0)
FNDA:1,(anonymous_1)
FNDA:0,(anonymous_2)
FNDA:0,(anonymous_3)
FNDA:0,(anonymous_4)
FNDA:0,(anonymous_5)
FNDA:0,(anonymous_6)
FNDA:0,(anonymous_7)
FNDA:0,(anonymous_8)
FNDA:0,(anonymous_9)
FNDA:0,(anonymous_10)
FNDA:0,(anonymous_11)
FNDA:0,(anonymous_12)
FNDA:0,(anonymous_13)
FNDA:0,(anonymous_14)
FNDA:0,(anonymous_15)
FNDA:0,(anonymous_16)
FNDA:0,(anonymous_17)
FNDA:0,(anonymous_18)
FNDA:0,(anonymous_19)
FNDA:0,(anonymous_20)
FNDA:0,(anonymous_21)
FNDA:0,(anonymous_22)
FNDA:0,(anonymous_23)
FNDA:0,(anonymous_24)
FNDA:0,(anonymous_25)
FNDA:0,(anonymous_26)
FNDA:0,(anonymous_27)
FNDA:0,(anonymous_28)
FNDA:0,(anonymous_29)
FNDA:0,(anonymous_30)
FNDA:0,(anonymous_31)
FNDA:0,(anonymous_32)
FNDA:0,(anonymous_33)
FNDA:0,(anonymous_34)
FNDA:0,(anonymous_35)
FNDA:0,(anonymous_36)
DA:6,1
DA:7,1
DA:8,1
DA:18,1
DA:23,1
DA:24,1
DA:25,1
DA:26,1
DA:32,0
DA:40,1
DA:41,1
DA:42,1
DA:43,1
DA:45,1
DA:46,1
DA:52,0
DA:60,1
DA:61,0
DA:62,0
DA:63,0
DA:64,0
DA:69,0
DA:74,0
DA:82,1
DA:83,0
DA:84,0
DA:85,0
DA:91,0
DA:99,1
DA:100,0
DA:101,0
DA:102,0
DA:107,0
DA:115,1
DA:116,0
DA:117,0
DA:118,0
DA:119,0
DA:125,0
DA:135,1
DA:136,0
DA:137,0
DA:138,0
DA:144,0
DA:152,1
DA:153,0
DA:154,0
DA:155,0
DA:157,0
DA:158,0
DA:164,0
DA:172,1
DA:173,0
DA:174,0
DA:175,0
DA:176,0
DA:181,0
DA:186,0
DA:194,1
DA:195,0
DA:196,0
DA:197,0
DA:203,0
DA:211,1
DA:212,0
DA:213,0
DA:214,0
DA:219,0
DA:227,1
DA:228,0
DA:229,0
DA:230,0
DA:235,0
DA:245,1
DA:246,0
DA:247,0
DA:248,0
DA:254,0
DA:262,1
DA:263,0
DA:264,0
DA:265,0
DA:271,0
DA:279,1
DA:280,0
DA:281,0
DA:282,0
DA:283,0
DA:288,0
DA:293,0
DA:301,1
DA:302,0
DA:303,0
DA:304,0
DA:310,0
DA:320,1
DA:321,0
DA:322,0
DA:323,0
DA:329,0
DA:337,1
DA:338,0
DA:339,0
DA:340,0
DA:341,0
DA:343,0
DA:344,0
DA:350,0
DA:358,1
DA:359,0
DA:360,0
DA:361,0
DA:367,0
DA:375,1
DA:376,0
DA:377,0
DA:378,0
DA:384,0
DA:394,1
DA:395,0
DA:396,0
DA:397,0
DA:403,0
DA:411,1
DA:412,0
DA:413,0
DA:414,0
DA:415,0
DA:421,0
DA:429,1
DA:430,0
DA:431,0
DA:432,0
DA:433,0
DA:438,0
DA:448,1
DA:449,0
DA:450,0
DA:451,0
DA:457,0
DA:465,1
DA:466,0
DA:467,0
DA:468,0
DA:474,0
DA:482,1
DA:483,0
DA:484,0
DA:485,0
DA:491,0
DA:499,1
DA:500,0
DA:501,0
DA:502,0
DA:507,0
DA:517,1
DA:518,0
DA:519,0
DA:520,0
DA:526,0
DA:534,1
DA:535,0
DA:536,0
DA:537,0
DA:538,0
DA:540,0
DA:541,0
DA:547,0
DA:555,1
DA:556,0
DA:557,0
DA:558,0
DA:564,0
DA:572,1
DA:573,0
DA:574,0
DA:575,0
DA:580,0
DA:590,1
DA:591,0
DA:592,0
DA:593,0
DA:599,0
DA:607,1
DA:608,0
DA:609,0
DA:610,0
DA:616,0
DA:626,1
DA:627,0
DA:628,0
DA:629,0
DA:630,0
DA:631,0
DA:633,0
DA:637,0
DA:639,0
DA:641,0
DA:646,0
DA:653,1
LF:200
LH:47
BRDA:43,0,0,0
BRDA:43,0,1,1
BRDA:63,1,0,0
BRDA:63,1,1,0
BRDA:155,2,0,0
BRDA:155,2,1,0
BRDA:175,3,0,0
BRDA:175,3,1,0
BRDA:282,4,0,0
BRDA:282,4,1,0
BRDA:340,5,0,0
BRDA:340,5,1,0
BRDA:341,6,0,0
BRDA:341,6,1,0
BRDA:537,7,0,0
BRDA:537,7,1,0
BRDA:538,8,0,0
BRDA:538,8,1,0
BRF:18
BRH:1
end_of_record
TN:
SF:api\routes\users.routes.js
FN:20,(anonymous_0)
FN:32,(anonymous_1)
FN:61,(anonymous_2)
FN:102,(anonymous_3)
FN:160,(anonymous_4)
FN:208,(anonymous_5)
FNF:6
FNH:6
FNDA:13,(anonymous_0)
FNDA:15,(anonymous_1)
FNDA:4,(anonymous_2)
FNDA:3,(anonymous_3)
FNDA:4,(anonymous_4)
FNDA:3,(anonymous_5)
DA:1,11
DA:2,11
DA:6,11
DA:7,11
DA:9,0
DA:11,11
DA:12,11
DA:13,11
DA:20,11
DA:21,13
DA:22,13
DA:24,13
DA:25,0
DA:32,15
DA:42,13
DA:47,0
DA:48,0
DA:61,11
DA:62,4
DA:63,4
DA:65,4
DA:66,2
DA:73,2
DA:83,2
DA:88,0
DA:89,0
DA:102,11
DA:103,3
DA:104,3
DA:107,3
DA:108,3
DA:109,1
DA:116,2
DA:117,2
DA:118,2
DA:120,1
DA:127,1
DA:134,1
DA:146,1
DA:147,1
DA:160,11
DA:161,4
DA:162,4
DA:164,4
DA:165,4
DA:166,3
DA:172,1
DA:173,1
DA:175,1
DA:177,1
DA:183,1
DA:194,0
DA:195,0
DA:208,11
DA:209,3
DA:211,3
DA:212,0
DA:218,3
DA:219,3
DA:220,2
DA:226,1
DA:228,1
DA:235,1
DA:240,0
DA:241,0
DA:249,11
LF:66
LH:55
BRDA:6,0,0,11
BRDA:6,0,1,0
BRDA:24,1,0,0
BRDA:24,1,1,13
BRDA:24,2,0,13
BRDA:24,2,1,13
BRDA:51,3,0,0
BRDA:51,3,1,0
BRDA:65,4,0,2
BRDA:65,4,1,2
BRDA:92,5,0,0
BRDA:92,5,1,0
BRDA:108,6,0,1
BRDA:108,6,1,2
BRDA:124,7,0,1
BRDA:124,7,1,0
BRDA:150,8,0,0
BRDA:150,8,1,1
BRDA:165,9,0,3
BRDA:165,9,1,1
BRDA:172,10,0,1
BRDA:172,10,1,0
BRDA:173,11,0,1
BRDA:173,11,1,0
BRDA:198,12,0,0
BRDA:198,12,1,0
BRDA:211,13,0,0
BRDA:211,13,1,3
BRDA:219,14,0,2
BRDA:219,14,1,1
BRDA:244,15,0,0
BRDA:244,15,1,0
BRF:32
BRH:17
end_of_record
TN:
SF:api\routes\workflows.routes.js
FN:11,(anonymous_0)
FN:19,(anonymous_1)
FN:41,(anonymous_2)
FN:48,(anonymous_3)
FN:49,(anonymous_4)
FN:50,(anonymous_5)
FN:51,(anonymous_6)
FN:51,(anonymous_7)
FN:70,(anonymous_8)
FN:90,(anonymous_9)
FN:152,(anonymous_10)
FN:181,(anonymous_11)
FN:190,(anonymous_12)
FN:289,(anonymous_13)
FN:298,(anonymous_14)
FN:351,(anonymous_15)
FN:358,(anonymous_16)
FN:359,(anonymous_17)
FN:360,(anonymous_18)
FN:361,(anonymous_19)
FN:391,(anonymous_20)
FN:411,(anonymous_21)
FN:418,(anonymous_22)
FN:419,(anonymous_23)
FN:420,(anonymous_24)
FN:421,(anonymous_25)
FN:422,(anonymous_26)
FN:441,calculateExpectedCompletion
FN:442,(anonymous_28)
FN:450,canAccessWorkflow
FN:452,(anonymous_30)
FN:455,groupBy
FN:456,(anonymous_32)
FN:463,calculateAverageCompletionTime
FN:464,(anonymous_34)
FN:467,(anonymous_35)
FN:474,calculateSLACompliance
FN:475,(anonymous_37)
FN:478,(anonymous_38)
FN:482,calculateApprovalRates
FN:483,(anonymous_40)
FN:490,(anonymous_41)
FN:491,(anonymous_42)
FN:496,calculateAverageRevisions
FN:497,(anonymous_44)
FN:498,(anonymous_45)
FN:504,addAuditLog
FN:515,sendNotification
FN:522,initializeDefaultTemplates
FN:546,(anonymous_49)
FNF:50
FNH:41
FNDA:34,(anonymous_0)
FNDA:33,(anonymous_1)
FNDA:3,(anonymous_2)
FNDA:2,(anonymous_3)
FNDA:2,(anonymous_4)
FNDA:0,(anonymous_5)
FNDA:0,(anonymous_6)
FNDA:0,(anonymous_7)
FNDA:14,(anonymous_8)
FNDA:39,(anonymous_9)
FNDA:3,(anonymous_10)
FNDA:6,(anonymous_11)
FNDA:7,(anonymous_12)
FNDA:1,(anonymous_13)
FNDA:1,(anonymous_14)
FNDA:1,(anonymous_15)
FNDA:11,(anonymous_16)
FNDA:11,(anonymous_17)
FNDA:11,(anonymous_18)
FNDA:11,(anonymous_19)
FNDA:1,(anonymous_20)
FNDA:4,(anonymous_21)
FNDA:33,(anonymous_22)
FNDA:0,(anonymous_23)
FNDA:15,(anonymous_24)
FNDA:0,(anonymous_25)
FNDA:0,(anonymous_26)
FNDA:13,calculateExpectedCompletion
FNDA:39,(anonymous_28)
FNDA:2,canAccessWorkflow
FNDA:0,(anonymous_30)
FNDA:3,groupBy
FNDA:33,(anonymous_32)
FNDA:1,calculateAverageCompletionTime
FNDA:11,(anonymous_34)
FNDA:0,(anonymous_35)
FNDA:1,calculateSLACompliance
FNDA:11,(anonymous_37)
FNDA:0,(anonymous_38)
FNDA:1,calculateApprovalRates
FNDA:11,(anonymous_40)
FNDA:11,(anonymous_41)
FNDA:11,(anonymous_42)
FNDA:1,calculateAverageRevisions
FNDA:11,(anonymous_44)
FNDA:15,(anonymous_45)
FNDA:18,addAuditLog
FNDA:19,sendNotification
FNDA:13,initializeDefaultTemplates
FNDA:26,(anonymous_49)
DA:6,13
DA:7,13
DA:8,13
DA:11,13
DA:12,34
DA:13,34
DA:15,34
DA:16,1
DA:19,33
DA:20,33
DA:21,33
DA:22,33
DA:27,13
DA:28,13
DA:29,13
DA:30,13
DA:31,13
DA:41,13
DA:42,3
DA:43,3
DA:45,3
DA:48,3
DA:49,3
DA:50,3
DA:51,3
DA:53,3
DA:59,0
DA:70,13
DA:71,14
DA:72,14
DA:74,14
DA:75,14
DA:76,1
DA:79,13
DA:90,39
DA:128,13
DA:131,13
DA:134,13
DA:136,13
DA:141,0
DA:152,13
DA:153,3
DA:154,3
DA:156,3
DA:157,1
DA:161,2
DA:162,0
DA:165,2
DA:170,0
DA:181,13
DA:182,6
DA:183,6
DA:185,6
DA:186,6
DA:187,0
DA:190,7
DA:191,6
DA:192,0
DA:196,6
DA:197,0
DA:200,6
DA:212,6
DA:215,6
DA:217,3
DA:218,3
DA:221,3
DA:222,3
DA:223,3
DA:224,3
DA:225,3
DA:227,3
DA:228,2
DA:231,0
DA:232,0
DA:234,3
DA:238,1
DA:239,1
DA:240,1
DA:241,1
DA:244,1
DA:245,1
DA:246,1
DA:249,1
DA:253,5
DA:263,5
DA:264,5
DA:267,5
DA:270,5
DA:272,5
DA:278,0
DA:289,13
DA:290,1
DA:291,1
DA:293,1
DA:294,1
DA:295,0
DA:298,1
DA:299,1
DA:300,0
DA:303,1
DA:314,1
DA:317,1
DA:318,1
DA:320,1
DA:328,1
DA:329,1
DA:332,1
DA:334,1
DA:340,0
DA:351,13
DA:352,1
DA:353,1
DA:355,1
DA:358,11
DA:359,11
DA:360,11
DA:361,11
DA:375,1
DA:380,0
DA:391,13
DA:392,1
DA:393,1
DA:395,1
DA:400,0
DA:411,13
DA:412,4
DA:413,4
DA:415,4
DA:418,33
DA:419,4
DA:420,15
DA:421,4
DA:422,4
DA:424,4
DA:430,0
DA:442,13
DA:443,39
DA:444,39
DA:447,13
DA:452,2
DA:456,3
DA:457,33
DA:458,33
DA:459,33
DA:464,11
DA:465,1
DA:467,0
DA:468,0
DA:471,0
DA:475,11
DA:476,1
DA:478,0
DA:479,0
DA:483,11
DA:485,1
DA:486,0
DA:489,1
DA:490,11
DA:491,11
DA:497,1
DA:498,15
DA:501,1
DA:505,18
DA:517,19
DA:518,19
DA:523,13
DA:546,13
DA:547,26
DA:552,13
DA:554,13
LF:170
LH:148
BRDA:13,0,0,34
BRDA:13,0,1,33
BRDA:15,1,0,1
BRDA:15,1,1,33
BRDA:19,2,0,33
BRDA:19,2,1,33
BRDA:20,3,0,0
BRDA:20,3,1,33
BRDA:48,4,0,1
BRDA:48,4,1,2
BRDA:49,5,0,1
BRDA:49,5,1,2
BRDA:50,6,0,0
BRDA:50,6,1,3
BRDA:51,7,0,0
BRDA:51,7,1,3
BRDA:51,8,0,0
BRDA:51,8,1,0
BRDA:75,9,0,1
BRDA:75,9,1,13
BRDA:84,10,0,13
BRDA:84,10,1,12
BRDA:85,11,0,13
BRDA:85,11,1,0
BRDA:86,12,0,13
BRDA:86,12,1,7
BRDA:156,13,0,1
BRDA:156,13,1,2
BRDA:161,14,0,0
BRDA:161,14,1,2
BRDA:186,15,0,0
BRDA:186,15,1,6
BRDA:191,16,0,0
BRDA:191,16,1,6
BRDA:196,17,0,0
BRDA:196,17,1,6
BRDA:206,18,0,6
BRDA:206,18,1,6
BRDA:215,19,0,3
BRDA:215,19,1,1
BRDA:215,19,2,1
BRDA:215,19,3,1
BRDA:222,20,0,3
BRDA:222,20,1,0
BRDA:227,21,0,2
BRDA:227,21,1,1
BRDA:275,22,0,3
BRDA:275,22,1,2
BRDA:275,23,0,1
BRDA:275,23,1,1
BRDA:275,24,0,1
BRDA:275,24,1,0
BRDA:294,25,0,0
BRDA:294,25,1,1
BRDA:299,26,0,0
BRDA:299,26,1,1
BRDA:418,27,0,2
BRDA:418,27,1,2
BRDA:419,28,0,0
BRDA:419,28,1,4
BRDA:420,29,0,1
BRDA:420,29,1,3
BRDA:421,30,0,0
BRDA:421,30,1,4
BRDA:422,31,0,0
BRDA:422,31,1,4
BRDA:443,32,0,39
BRDA:443,32,1,0
BRDA:444,33,0,39
BRDA:444,33,1,0
BRDA:444,33,2,0
BRDA:452,34,0,2
BRDA:452,34,1,0
BRDA:458,35,0,33
BRDA:458,35,1,9
BRDA:465,36,0,1
BRDA:465,36,1,0
BRDA:476,37,0,1
BRDA:476,37,1,0
BRDA:483,38,0,11
BRDA:483,38,1,11
BRDA:485,39,0,0
BRDA:485,39,1,1
BRDA:501,40,0,1
BRDA:501,40,1,0
BRDA:515,41,0,13
BRF:86
BRH:61
end_of_record
TN:
SF:config\cameraSystemConfig.js
FNF:0
FNH:0
DA:6,0
LF:1
LH:0
BRDA:59,0,0,0
BRDA:59,0,1,0
BRDA:60,1,0,0
BRDA:60,1,1,0
BRDA:70,2,0,0
BRDA:70,2,1,0
BRDA:79,3,0,0
BRDA:79,3,1,0
BRDA:139,4,0,0
BRDA:139,4,1,0
BRDA:256,5,0,0
BRDA:256,5,1,0
BRDA:325,6,0,0
BRDA:325,6,1,0
BRDA:326,7,0,0
BRDA:326,7,1,0
BRF:16
BRH:0
end_of_record
TN:
SF:config\database.js
FN:6,(anonymous_0)
FN:42,(anonymous_1)
FN:46,(anonymous_2)
FN:51,(anonymous_3)
FN:71,(anonymous_4)
FN:86,(anonymous_5)
FNF:6
FNH:1
FNDA:14,(anonymous_0)
FNDA:0,(anonymous_1)
FNDA:0,(anonymous_2)
FNDA:0,(anonymous_3)
FNDA:0,(anonymous_4)
FNDA:0,(anonymous_5)
DA:2,13
DA:4,13
DA:6,13
DA:8,14
DA:9,14
DA:10,1
DA:11,1
DA:14,13
DA:15,13
DA:16,13
DA:17,13
DA:18,13
DA:21,0
DA:22,0
DA:23,0
DA:26,0
DA:27,0
DA:29,0
DA:31,0
DA:38,0
DA:40,0
DA:42,0
DA:43,0
DA:46,0
DA:47,0
DA:48,0
DA:51,0
DA:52,0
DA:53,0
DA:56,0
DA:58,0
DA:60,0
DA:61,0
DA:62,0
DA:63,0
DA:66,0
DA:67,0
DA:71,13
DA:72,0
DA:73,0
DA:74,0
DA:75,0
DA:76,0
DA:79,0
DA:83,13
DA:86,0
LF:46
LH:14
BRDA:8,0,0,14
BRDA:8,0,1,0
BRDA:8,1,0,14
BRDA:8,1,1,1
BRDA:9,2,0,1
BRDA:9,2,1,13
BRDA:21,3,0,0
BRDA:21,3,1,0
BRDA:27,4,0,0
BRDA:27,4,1,0
BRDA:60,5,0,0
BRDA:60,5,1,0
BRDA:73,6,0,0
BRDA:73,6,1,0
BRF:14
BRH:5
end_of_record
TN:
SF:config\in-memory-db.js
FN:27,(anonymous_0)
FN:38,(anonymous_1)
FN:39,(anonymous_2)
FN:42,(anonymous_3)
FN:43,(anonymous_4)
FN:46,(anonymous_5)
FN:50,(anonymous_6)
FN:51,(anonymous_7)
FN:58,(anonymous_8)
FN:59,(anonymous_9)
FN:67,(anonymous_10)
FN:79,(anonymous_11)
FN:81,(anonymous_12)
FN:82,(anonymous_13)
FN:86,(anonymous_14)
FN:88,(anonymous_15)
FN:91,(anonymous_16)
FN:92,(anonymous_17)
FN:99,(anonymous_18)
FN:101,(anonymous_19)
FN:109,(anonymous_20)
FN:114,(anonymous_21)
FNF:22
FNH:3
FNDA:0,(anonymous_0)
FNDA:0,(anonymous_1)
FNDA:0,(anonymous_2)
FNDA:0,(anonymous_3)
FNDA:0,(anonymous_4)
FNDA:0,(anonymous_5)
FNDA:0,(anonymous_6)
FNDA:0,(anonymous_7)
FNDA:0,(anonymous_8)
FNDA:0,(anonymous_9)
FNDA:1,(anonymous_10)
FNDA:0,(anonymous_11)
FNDA:0,(anonymous_12)
FNDA:0,(anonymous_13)
FNDA:1,(anonymous_14)
FNDA:1,(anonymous_15)
FNDA:0,(anonymous_16)
FNDA:0,(anonymous_17)
FNDA:0,(anonymous_18)
FNDA:0,(anonymous_19)
FNDA:0,(anonymous_20)
FNDA:0,(anonymous_21)
DA:4,1
DA:25,1
DA:28,0
DA:34,0
DA:35,0
DA:39,0
DA:43,0
DA:47,0
DA:51,0
DA:52,0
DA:53,0
DA:55,0
DA:59,0
DA:60,0
DA:61,0
DA:63,0
DA:68,1
DA:74,1
DA:75,1
DA:76,1
DA:80,0
DA:81,0
DA:82,0
DA:87,1
DA:88,1
DA:92,0
DA:93,0
DA:94,0
DA:96,0
DA:100,0
DA:101,0
DA:102,0
DA:103,0
DA:105,0
DA:110,0
DA:115,0
DA:116,0
DA:122,1
LF:38
LH:9
BRDA:39,0,0,0
BRDA:39,0,1,0
BRDA:43,1,0,0
BRDA:43,1,1,0
BRDA:52,2,0,0
BRDA:52,2,1,0
BRDA:60,3,0,0
BRDA:60,3,1,0
BRDA:74,4,0,1
BRDA:74,4,1,0
BRDA:79,5,0,0
BRDA:80,6,0,0
BRDA:80,6,1,0
BRDA:87,7,0,0
BRDA:87,7,1,1
BRDA:88,8,0,1
BRDA:88,8,1,0
BRDA:93,9,0,0
BRDA:93,9,1,0
BRDA:100,10,0,0
BRDA:100,10,1,0
BRDA:102,11,0,0
BRDA:102,11,1,0
BRF:23
BRH:3
end_of_record
TN:
SF:config\inMemoryDB.js
FN:17,readFromDisk
FN:29,read
FN:44,write
FNF:3
FNH:2
FNDA:0,readFromDisk
FNDA:403,read
FNDA:328,write
DA:1,17
DA:2,17
DA:4,17
DA:5,17
DA:6,17
DA:15,17
DA:18,0
DA:19,0
DA:20,0
DA:22,0
DA:23,0
DA:30,403
DA:31,403
DA:32,403
DA:34,0
DA:36,0
DA:37,0
DA:45,328
DA:46,328
DA:48,328
DA:49,328
DA:50,328
DA:53,0
DA:54,0
DA:56,0
DA:57,0
DA:61,17
LF:27
LH:15
BRDA:5,0,0,17
BRDA:5,0,1,0
BRDA:18,1,0,0
BRDA:18,1,1,0
BRDA:31,2,0,403
BRDA:31,2,1,0
BRDA:48,3,0,328
BRDA:48,3,1,0
BRF:8
BRH:3
end_of_record
TN:
SF:config\performance.js
FN:17,(anonymous_0)
FN:29,(anonymous_1)
FN:38,(anonymous_2)
FN:42,(anonymous_3)
FN:59,(anonymous_4)
FN:60,(anonymous_5)
FN:82,(anonymous_6)
FN:84,(anonymous_7)
FN:105,(anonymous_8)
FN:124,(anonymous_9)
FN:160,(anonymous_10)
FN:165,(anonymous_11)
FN:174,(anonymous_12)
FN:229,(anonymous_13)
FN:244,(anonymous_14)
FN:265,(anonymous_15)
FNF:16
FNH:6
FNDA:1,(anonymous_0)
FNDA:0,(anonymous_1)
FNDA:0,(anonymous_2)
FNDA:0,(anonymous_3)
FNDA:12,(anonymous_4)
FNDA:182,(anonymous_5)
FNDA:0,(anonymous_6)
FNDA:0,(anonymous_7)
FNDA:0,(anonymous_8)
FNDA:0,(anonymous_9)
FNDA:182,(anonymous_10)
FNDA:182,(anonymous_11)
FNDA:182,(anonymous_12)
FNDA:0,(anonymous_13)
FNDA:0,(anonymous_14)
FNDA:0,(anonymous_15)
DA:11,13
DA:12,13
DA:15,13
DA:17,13
DA:19,1
DA:20,0
DA:21,0
DA:24,1
DA:25,1
DA:30,0
DA:31,0
DA:38,1
DA:39,0
DA:42,1
DA:43,0
DA:44,0
DA:47,1
DA:49,0
DA:50,0
DA:59,13
DA:60,12
DA:61,182
DA:62,182
DA:65,0
DA:67,0
DA:68,0
DA:70,0
DA:71,0
DA:72,0
DA:73,0
DA:75,0
DA:79,0
DA:82,0
DA:83,0
DA:84,0
DA:85,0
DA:88,0
DA:89,0
DA:91,0
DA:94,0
DA:96,0
DA:97,0
DA:105,13
DA:106,0
DA:108,0
DA:109,0
DA:110,0
DA:112,0
DA:113,0
DA:114,0
DA:116,0
DA:117,0
DA:124,13
DA:125,0
DA:126,0
DA:132,0
DA:133,0
DA:134,0
DA:136,0
DA:142,0
DA:152,13
DA:160,13
DA:161,182
DA:164,182
DA:165,182
DA:166,182
DA:167,182
DA:168,182
DA:170,182
DA:174,182
DA:175,182
DA:176,182
DA:179,182
DA:180,0
DA:184,182
DA:190,13
DA:220,13
DA:230,0
DA:231,0
DA:233,0
DA:234,0
DA:237,0
DA:238,0
DA:239,0
DA:240,0
DA:246,0
DA:251,0
DA:255,0
DA:266,0
DA:276,13
LF:90
LH:33
BRDA:19,0,0,0
BRDA:19,0,1,1
BRDA:19,1,0,1
BRDA:19,1,1,1
BRDA:26,2,0,1
BRDA:26,2,1,1
BRDA:27,3,0,1
BRDA:27,3,1,1
BRDA:28,4,0,1
BRDA:28,4,1,1
BRDA:59,5,0,0
BRDA:59,6,0,0
BRDA:61,7,0,182
BRDA:61,7,1,0
BRDA:61,8,0,182
BRDA:61,8,1,0
BRDA:65,9,0,0
BRDA:65,9,1,0
BRDA:70,10,0,0
BRDA:70,10,1,0
BRDA:72,11,0,0
BRDA:72,11,1,0
BRDA:83,12,0,0
BRDA:83,12,1,0
BRDA:88,13,0,0
BRDA:88,13,1,0
BRDA:105,14,0,0
BRDA:106,15,0,0
BRDA:106,15,1,0
BRDA:110,16,0,0
BRDA:110,16,1,0
BRDA:125,17,0,0
BRDA:125,17,1,0
BRDA:167,18,0,182
BRDA:167,18,1,0
BRDA:176,19,0,182
BRDA:176,19,1,38
BRDA:179,20,0,0
BRDA:179,20,1,182
BRDA:229,21,0,0
BRDA:229,22,0,0
BRDA:233,23,0,0
BRDA:233,23,1,0
BRDA:237,24,0,0
BRDA:237,24,1,0
BRDA:239,25,0,0
BRDA:239,25,1,0
BRDA:246,26,0,0
BRDA:246,26,1,0
BRDA:251,27,0,0
BRDA:251,27,1,0
BRF:51
BRH:15
end_of_record
TN:
SF:config\roles.js
FNF:0
FNH:0
DA:3,12
DA:14,12
DA:49,12
DA:96,12
LF:4
LH:4
BRF:0
BRH:0
end_of_record
TN:
SF:middleware\apiKey.middleware.js
FN:7,(anonymous_0)
FNF:1
FNH:1
FNDA:184,(anonymous_0)
DA:1,12
DA:7,12
DA:8,184
DA:10,184
DA:11,184
DA:14,0
DA:15,0
DA:17,0
DA:18,0
DA:21,0
DA:22,0
DA:26,0
DA:27,0
DA:30,0
DA:33,0
DA:39,0
DA:41,0
DA:45,12
LF:18
LH:6
BRDA:10,0,0,184
BRDA:10,0,1,0
BRDA:17,1,0,0
BRDA:17,1,1,0
BRDA:21,2,0,0
BRDA:21,2,1,0
BRDA:21,3,0,0
BRDA:21,3,1,0
BRF:8
BRH:1
end_of_record
TN:
SF:middleware\audit.middleware.js
FN:7,(anonymous_0)
FN:8,(anonymous_1)
FN:12,(anonymous_2)
FNF:3
FNH:0
FNDA:0,(anonymous_0)
FNDA:0,(anonymous_1)
FNDA:0,(anonymous_2)
DA:1,0
DA:7,0
DA:8,0
DA:10,0
DA:12,0
DA:13,0
DA:14,0
DA:17,0
DA:18,0
DA:20,0
DA:30,0
DA:33,0
DA:37,0
LF:13
LH:0
BRDA:14,0,0,0
BRDA:14,0,1,0
BRDA:18,1,0,0
BRDA:18,1,1,0
BRDA:22,2,0,0
BRDA:22,2,1,0
BRDA:23,3,0,0
BRDA:23,3,1,0
BRF:8
BRH:0
end_of_record
TN:
SF:middleware\auth.js
FN:8,(anonymous_0)
FN:22,(anonymous_1)
FN:52,(anonymous_2)
FN:66,(anonymous_3)
FN:75,(anonymous_4)
FN:92,(anonymous_5)
FN:92,(anonymous_6)
FN:107,(anonymous_7)
FN:107,(anonymous_8)
FNF:9
FNH:6
FNDA:102,(anonymous_0)
FNDA:88,(anonymous_1)
FNDA:36,(anonymous_2)
FNDA:0,(anonymous_3)
FNDA:0,(anonymous_4)
FNDA:165,(anonymous_5)
FNDA:7,(anonymous_6)
FNDA:44,(anonymous_7)
FNDA:0,(anonymous_8)
DA:1,12
DA:3,12
DA:8,12
DA:9,102
DA:11,102
DA:12,102
DA:14,102
DA:15,14
DA:22,88
DA:23,88
DA:24,13
DA:25,3
DA:31,10
DA:37,75
DA:38,75
DA:41,0
DA:42,0
DA:52,12
DA:53,36
DA:54,36
DA:55,8
DA:60,28
DA:66,12
DA:67,0
DA:68,0
DA:69,0
DA:71,0
DA:72,0
DA:75,0
DA:76,0
DA:77,0
DA:79,0
DA:82,0
DA:86,12
DA:92,165
DA:93,7
DA:94,0
DA:99,7
DA:100,0
DA:105,7
DA:107,44
DA:108,0
DA:109,0
DA:110,0
DA:111,0
LF:45
LH:27
BRDA:3,0,0,12
BRDA:3,0,1,1
BRDA:12,1,0,102
BRDA:12,1,1,93
BRDA:14,2,0,14
BRDA:14,2,1,88
BRDA:23,3,0,13
BRDA:23,3,1,75
BRDA:24,4,0,3
BRDA:24,4,1,10
BRDA:53,5,0,36
BRDA:53,5,1,36
BRDA:53,5,2,35
BRDA:54,6,0,8
BRDA:54,6,1,28
BRDA:69,7,0,0
BRDA:69,7,1,0
BRDA:71,8,0,0
BRDA:71,8,1,0
BRDA:76,9,0,0
BRDA:76,9,1,0
BRDA:93,10,0,0
BRDA:93,10,1,7
BRDA:99,11,0,0
BRDA:99,11,1,7
BRDA:99,12,0,7
BRDA:99,12,1,7
BRDA:99,12,2,7
BRDA:108,13,0,0
BRDA:108,13,1,0
BRDA:109,14,0,0
BRDA:109,14,1,0
BRDA:109,15,0,0
BRDA:109,15,1,0
BRDA:109,15,2,0
BRF:35
BRH:20
end_of_record
TN:
SF:middleware\auth.middleware.js
FN:18,(anonymous_0)
FN:40,(anonymous_1)
FN:87,(anonymous_2)
FN:110,(anonymous_3)
FN:112,(anonymous_4)
FN:141,(anonymous_5)
FN:142,(anonymous_6)
FN:170,(anonymous_7)
FN:180,(anonymous_8)
FN:195,(anonymous_9)
FN:209,(anonymous_10)
FN:222,(anonymous_11)
FN:239,(anonymous_12)
FNF:13
FNH:3
FNDA:11,(anonymous_0)
FNDA:4,(anonymous_1)
FNDA:0,(anonymous_2)
FNDA:1386,(anonymous_3)
FNDA:0,(anonymous_4)
FNDA:0,(anonymous_5)
FNDA:0,(anonymous_6)
FNDA:0,(anonymous_7)
FNDA:0,(anonymous_8)
FNDA:0,(anonymous_9)
FNDA:0,(anonymous_10)
FNDA:0,(anonymous_11)
FNDA:0,(anonymous_12)
DA:11,11
DA:12,11
DA:18,11
DA:20,11
DA:21,0
DA:22,0
DA:25,11
DA:27,11
DA:28,11
DA:31,11
DA:32,7
DA:40,4
DA:41,4
DA:43,0
DA:44,0
DA:52,0
DA:53,0
DA:60,0
DA:68,4
DA:69,4
DA:70,4
DA:72,4
DA:75,0
DA:87,11
DA:88,0
DA:89,0
DA:95,0
DA:96,0
DA:103,0
DA:110,11
DA:111,1386
DA:112,1386
DA:114,0
DA:116,0
DA:117,0
DA:123,0
DA:124,0
DA:133,0
DA:141,11
DA:142,0
DA:143,0
DA:144,0
DA:151,0
DA:153,0
DA:154,0
DA:162,0
DA:170,11
DA:171,0
DA:172,0
DA:174,0
DA:176,0
DA:177,0
DA:180,0
DA:181,0
DA:182,0
DA:183,0
DA:184,0
DA:187,0
DA:195,11
DA:196,0
DA:197,0
DA:199,0
DA:200,0
DA:202,0
DA:209,11
DA:210,0
DA:211,0
DA:212,0
DA:214,0
DA:222,11
DA:223,0
DA:239,11
DA:240,0
DA:241,0
DA:242,0
DA:243,0
DA:250,0
DA:251,0
DA:252,0
DA:259,0
DA:266,0
DA:272,0
DA:280,11
LF:83
LH:26
BRDA:20,0,0,0
BRDA:20,0,1,11
BRDA:28,1,0,11
BRDA:28,1,1,4
BRDA:31,2,0,7
BRDA:31,2,1,4
BRDA:40,3,0,4
BRDA:40,3,1,0
BRDA:41,4,0,0
BRDA:41,4,1,4
BRDA:43,5,0,0
BRDA:43,5,1,0
BRDA:52,6,0,0
BRDA:52,6,1,0
BRDA:69,7,0,4
BRDA:69,7,1,4
BRDA:70,8,0,4
BRDA:70,8,1,0
BRDA:88,9,0,0
BRDA:88,9,1,0
BRDA:95,10,0,0
BRDA:95,10,1,0
BRDA:114,11,0,0
BRDA:114,11,1,0
BRDA:116,12,0,0
BRDA:116,12,1,0
BRDA:123,13,0,0
BRDA:123,13,1,0
BRDA:143,14,0,0
BRDA:143,14,1,0
BRDA:151,15,0,0
BRDA:151,15,1,0
BRDA:153,16,0,0
BRDA:153,16,1,0
BRDA:172,17,0,0
BRDA:172,17,1,0
BRDA:174,18,0,0
BRDA:174,18,1,0
BRDA:180,19,0,0
BRDA:180,19,1,0
BRDA:181,20,0,0
BRDA:181,20,1,0
BRDA:183,21,0,0
BRDA:183,21,1,0
BRDA:184,22,0,0
BRDA:184,22,1,0
BRDA:197,23,0,0
BRDA:197,23,1,0
BRDA:200,24,0,0
BRDA:200,24,1,0
BRDA:200,25,0,0
BRDA:200,25,1,0
BRDA:211,26,0,0
BRDA:211,26,1,0
BRDA:222,27,0,0
BRDA:228,28,0,0
BRDA:228,28,1,0
BRDA:230,29,0,0
BRDA:230,29,1,0
BRDA:242,30,0,0
BRDA:242,30,1,0
BRDA:251,31,0,0
BRDA:251,31,1,0
BRF:63
BRH:10
end_of_record
TN:
SF:middleware\authMiddleware.js
FN:6,authMiddleware
FNF:1
FNH:0
FNDA:0,authMiddleware
DA:3,13
DA:6,13
DA:7,0
DA:11,13
DA:12,13
DA:13,13
DA:14,13
DA:15,13
DA:16,13
LF:9
LH:8
BRF:0
BRH:0
end_of_record
TN:
SF:middleware\checkPermission.js
FN:7,(anonymous_0)
FN:8,(anonymous_1)
FN:42,(anonymous_2)
FN:43,(anonymous_3)
FN:56,(anonymous_4)
FNF:5
FNH:0
FNDA:0,(anonymous_0)
FNDA:0,(anonymous_1)
FNDA:0,(anonymous_2)
FNDA:0,(anonymous_3)
FNDA:0,(anonymous_4)
DA:1,12
DA:7,12
DA:8,0
DA:9,0
DA:10,0
DA:11,0
DA:17,0
DA:18,0
DA:20,0
DA:21,0
DA:23,0
DA:29,0
DA:30,0
DA:42,12
DA:43,0
DA:44,0
DA:45,0
DA:46,0
DA:52,0
DA:53,0
DA:56,0
DA:58,0
DA:59,0
DA:61,0
DA:67,0
DA:68,0
DA:76,12
LF:27
LH:4
BRDA:10,0,0,0
BRDA:10,0,1,0
BRDA:18,1,0,0
BRDA:18,1,1,0
BRDA:20,2,0,0
BRDA:20,2,1,0
BRDA:45,3,0,0
BRDA:45,3,1,0
BRDA:53,4,0,0
BRDA:53,4,1,0
BRDA:58,5,0,0
BRDA:58,5,1,0
BRF:12
BRH:0
end_of_record
TN:
SF:middleware\maintenance.middleware.js
FN:9,(anonymous_0)
FN:13,(anonymous_1)
FN:29,(anonymous_2)
FNF:3
FNH:2
FNDA:114,(anonymous_0)
FNDA:0,(anonymous_1)
FNDA:184,(anonymous_2)
DA:1,12
DA:2,12
DA:3,12
DA:7,12
DA:9,12
DA:10,114
DA:13,12
DA:14,0
DA:15,0
DA:16,0
DA:19,0
DA:20,0
DA:29,12
DA:31,184
DA:32,70
DA:36,114
DA:38,0
DA:39,0
DA:40,0
DA:44,0
DA:45,0
DA:46,0
DA:47,0
DA:48,0
DA:49,0
DA:51,0
DA:53,0
DA:54,0
DA:62,0
DA:70,114
DA:73,12
LF:31
LH:13
BRDA:14,0,0,0
BRDA:14,0,1,0
BRDA:15,1,0,0
BRDA:15,1,1,0
BRDA:19,2,0,0
BRDA:19,2,1,0
BRDA:31,3,0,70
BRDA:31,3,1,114
BRDA:36,4,0,0
BRDA:36,4,1,114
BRDA:38,5,0,0
BRDA:38,5,1,0
BRDA:38,6,0,0
BRDA:38,6,1,0
BRDA:38,6,2,0
BRDA:45,7,0,0
BRDA:45,7,1,0
BRDA:45,8,0,0
BRDA:45,8,1,0
BRDA:49,9,0,0
BRDA:49,9,1,0
BRDA:49,10,0,0
BRDA:49,10,1,0
BRDA:49,10,2,0
BRF:24
BRH:3
end_of_record
TN:
SF:middleware\rateLimiter.js
FN:4,(anonymous_0)
FN:78,(anonymous_1)
FN:79,(anonymous_2)
FN:80,(anonymous_3)
FNF:4
FNH:4
FNDA:48,(anonymous_0)
FNDA:13,(anonymous_1)
FNDA:2,(anonymous_2)
FNDA:51,(anonymous_3)
DA:1,12
DA:4,12
DA:5,48
DA:13,12
DA:16,12
DA:30,12
DA:45,12
DA:59,12
DA:73,12
DA:74,12
DA:75,12
DA:77,12
DA:78,13
DA:79,12
DA:80,51
DA:83,12
LF:16
LH:16
BRDA:13,0,0,12
BRDA:13,0,1,0
BRDA:16,1,0,12
BRDA:16,1,1,0
BRDA:30,2,0,12
BRDA:30,2,1,0
BRDA:45,3,0,12
BRDA:45,3,1,0
BRDA:59,4,0,12
BRDA:59,4,1,0
BRDA:77,5,0,12
BRDA:77,5,1,0
BRF:12
BRH:6
end_of_record
TN:
SF:middleware\responseHandler.js
FN:4,(anonymous_0)
FN:6,(anonymous_1)
FN:15,(anonymous_2)
FN:24,(anonymous_3)
FNF:4
FNH:4
FNDA:213,(anonymous_0)
FNDA:12,(anonymous_1)
FNDA:13,(anonymous_2)
FNDA:9,(anonymous_3)
DA:4,13
DA:6,213
DA:7,12
DA:15,213
DA:16,13
DA:24,213
DA:25,9
DA:38,213
DA:41,13
LF:9
LH:9
BRDA:6,0,0,1
BRDA:6,1,0,10
BRDA:15,2,0,1
BRDA:15,3,0,4
BRDA:15,4,0,11
BRDA:24,5,0,8
BRF:6
BRH:6
end_of_record
TN:
SF:middleware\sanitize.js
FN:13,(anonymous_0)
FNF:1
FNH:0
FNDA:0,(anonymous_0)
DA:1,13
DA:2,13
DA:3,13
DA:9,13
DA:14,0
DA:27,13
LF:6
LH:5
BRF:0
BRH:0
end_of_record
TN:
SF:middleware\securityHeaders.js
FNF:0
FNH:0
DA:1,13
DA:7,13
DA:69,13
LF:3
LH:3
BRF:0
BRH:0
end_of_record
TN:
SF:middleware\uploadMiddleware.js
FN:18,(anonymous_0)
FN:21,(anonymous_1)
FN:30,(anonymous_2)
FN:66,(anonymous_3)
FNF:4
FNH:0
FNDA:0,(anonymous_0)
FNDA:0,(anonymous_1)
FNDA:0,(anonymous_2)
FNDA:0,(anonymous_3)
DA:6,12
DA:7,12
DA:8,12
DA:11,12
DA:12,12
DA:13,0
DA:17,12
DA:19,0
DA:22,0
DA:23,0
DA:24,0
DA:25,0
DA:30,12
DA:31,0
DA:46,0
DA:47,0
DA:49,0
DA:50,0
DA:52,0
DA:57,12
DA:66,12
DA:67,0
DA:68,0
DA:69,0
DA:71,0
DA:72,0
DA:73,0
DA:75,0
DA:78,12
LF:29
LH:10
BRDA:12,0,0,0
BRDA:12,0,1,12
BRDA:49,1,0,0
BRDA:49,1,1,0
BRDA:49,2,0,0
BRDA:49,2,1,0
BRDA:67,3,0,0
BRDA:67,3,1,0
BRDA:68,4,0,0
BRDA:68,4,1,0
BRDA:72,5,0,0
BRDA:72,5,1,0
BRF:12
BRH:1
end_of_record
TN:
SF:middleware\validation.js
FN:19,(anonymous_0)
FN:62,(anonymous_1)
FN:81,(anonymous_2)
FN:107,(anonymous_3)
FN:124,(anonymous_4)
FN:165,(anonymous_5)
FN:185,(anonymous_6)
FNF:7
FNH:7
FNDA:70,(anonymous_0)
FNDA:63,(anonymous_1)
FNDA:41,(anonymous_2)
FNDA:68,(anonymous_3)
FNDA:52,(anonymous_4)
FNDA:5,(anonymous_5)
FNDA:3,(anonymous_6)
DA:1,13
DA:6,13
DA:19,13
DA:20,70
DA:22,70
DA:23,5
DA:26,65
DA:27,4
DA:30,65
DA:31,2
DA:34,65
DA:35,4
DA:38,65
DA:39,2
DA:42,65
DA:43,4
DA:46,65
DA:47,65
DA:48,65
DA:49,4
DA:53,65
DA:62,13
DA:63,63
DA:64,11
DA:67,52
DA:68,6
DA:71,46
DA:72,0
DA:75,46
DA:81,13
DA:82,41
DA:83,1
DA:86,40
DA:88,40
DA:89,0
DA:92,40
DA:93,1
DA:97,39
DA:98,3
DA:101,36
DA:107,13
DA:108,68
DA:111,68
DA:114,68
DA:115,0
DA:118,68
DA:124,13
DA:125,52
DA:128,52
DA:129,52
DA:130,12
DA:137,40
DA:138,40
DA:139,3
DA:147,37
DA:148,37
DA:149,5
DA:156,32
DA:157,32
DA:159,32
DA:165,13
DA:166,5
DA:168,5
DA:169,4
DA:170,4
DA:171,0
DA:176,4
DA:179,5
DA:185,13
DA:186,3
DA:188,3
DA:189,3
DA:190,0
DA:197,3
DA:200,13
LF:75
LH:70
BRDA:22,0,0,5
BRDA:22,0,1,65
BRDA:22,1,0,70
BRDA:22,1,1,66
BRDA:26,2,0,4
BRDA:26,2,1,61
BRDA:30,3,0,2
BRDA:30,3,1,63
BRDA:34,4,0,4
BRDA:34,4,1,61
BRDA:34,5,0,65
BRDA:34,5,1,65
BRDA:38,6,0,2
BRDA:38,6,1,63
BRDA:38,7,0,65
BRDA:38,7,1,65
BRDA:42,8,0,4
BRDA:42,8,1,61
BRDA:42,9,0,65
BRDA:42,9,1,65
BRDA:46,10,0,65
BRDA:46,10,1,0
BRDA:48,11,0,4
BRDA:48,11,1,61
BRDA:63,12,0,11
BRDA:63,12,1,52
BRDA:63,13,0,63
BRDA:63,13,1,52
BRDA:67,14,0,6
BRDA:67,14,1,46
BRDA:71,15,0,0
BRDA:71,15,1,46
BRDA:82,16,0,1
BRDA:82,16,1,40
BRDA:82,17,0,41
BRDA:82,17,1,40
BRDA:88,18,0,0
BRDA:88,18,1,40
BRDA:92,19,0,1
BRDA:92,19,1,39
BRDA:97,20,0,3
BRDA:97,20,1,36
BRDA:107,21,0,0
BRDA:108,22,0,0
BRDA:108,22,1,68
BRDA:108,23,0,68
BRDA:108,23,1,68
BRDA:114,24,0,0
BRDA:114,24,1,68
BRDA:129,25,0,12
BRDA:129,25,1,40
BRDA:138,26,0,3
BRDA:138,26,1,37
BRDA:148,27,0,5
BRDA:148,27,1,32
BRDA:168,28,0,4
BRDA:168,28,1,1
BRDA:170,29,0,0
BRDA:170,29,1,4
BRDA:189,30,0,0
BRDA:189,30,1,3
BRF:61
BRH:53
end_of_record
TN:
SF:middleware\validator.middleware.js
FN:4,(anonymous_0)
FN:37,(anonymous_1)
FN:66,(anonymous_2)
FNF:3
FNH:1
FNDA:2,(anonymous_0)
FNDA:0,(anonymous_1)
FNDA:0,(anonymous_2)
DA:1,11
DA:4,11
DA:5,2
DA:6,2
DA:9,2
DA:10,2
DA:14,0
DA:15,0
DA:16,0
DA:20,0
DA:21,0
DA:25,0
DA:26,0
DA:29,0
DA:31,0
DA:32,0
DA:37,11
DA:38,0
DA:39,0
DA:41,0
DA:42,0
DA:45,0
DA:46,0
DA:50,0
DA:51,0
DA:54,0
DA:55,0
DA:58,0
DA:60,0
DA:61,0
DA:66,11
DA:67,0
DA:68,0
DA:70,0
DA:71,0
DA:74,0
DA:75,0
DA:76,0
DA:79,0
DA:80,0
DA:82,0
DA:83,0
DA:86,0
DA:87,0
DA:90,0
DA:92,0
DA:93,0
DA:97,11
LF:48
LH:9
BRDA:9,0,0,2
BRDA:9,0,1,0
BRDA:9,1,0,2
BRDA:9,1,1,0
BRDA:9,1,2,0
BRDA:9,1,3,0
BRDA:15,2,0,0
BRDA:15,2,1,0
BRDA:20,3,0,0
BRDA:20,3,1,0
BRDA:20,4,0,0
BRDA:20,4,1,0
BRDA:20,4,2,0
BRDA:25,5,0,0
BRDA:25,5,1,0
BRDA:25,6,0,0
BRDA:25,6,1,0
BRDA:41,7,0,0
BRDA:41,7,1,0
BRDA:41,8,0,0
BRDA:41,8,1,0
BRDA:41,8,2,0
BRDA:45,9,0,0
BRDA:45,9,1,0
BRDA:50,10,0,0
BRDA:50,10,1,0
BRDA:50,11,0,0
BRDA:50,11,1,0
BRDA:54,12,0,0
BRDA:54,12,1,0
BRDA:54,13,0,0
BRDA:54,13,1,0
BRDA:70,14,0,0
BRDA:70,14,1,0
BRDA:70,15,0,0
BRDA:70,15,1,0
BRDA:70,15,2,0
BRDA:70,15,3,0
BRDA:75,16,0,0
BRDA:75,16,1,0
BRDA:82,17,0,0
BRDA:82,17,1,0
BRDA:82,18,0,0
BRDA:82,18,1,0
BRDA:86,19,0,0
BRDA:86,19,1,0
BRF:46
BRH:2
end_of_record
TN:
SF:models\AI.memory.js
FN:6,readAI
FN:23,writeAI
FN:36,(anonymous_2)
FN:38,(anonymous_3)
FN:42,(anonymous_4)
FN:43,(anonymous_5)
FN:44,(anonymous_6)
FN:60,(anonymous_7)
FN:74,(anonymous_8)
FN:88,(anonymous_9)
FN:90,(anonymous_10)
FN:101,(anonymous_11)
FN:103,(anonymous_12)
FN:111,(anonymous_13)
FN:122,(anonymous_14)
FN:129,(anonymous_15)
FN:140,(anonymous_16)
FN:143,(anonymous_17)
FN:148,(anonymous_18)
FN:153,(anonymous_19)
FN:154,(anonymous_20)
FN:169,(anonymous_21)
FN:173,(anonymous_22)
FN:188,(anonymous_23)
FN:192,(anonymous_24)
FN:194,(anonymous_25)
FN:206,(anonymous_26)
FN:210,(anonymous_27)
FN:214,(anonymous_28)
FN:222,(anonymous_29)
FN:229,(anonymous_30)
FN:241,(anonymous_31)
FN:245,(anonymous_32)
FN:246,(anonymous_33)
FN:261,(anonymous_34)
FNF:35
FNH:0
FNDA:0,readAI
FNDA:0,writeAI
FNDA:0,(anonymous_2)
FNDA:0,(anonymous_3)
FNDA:0,(anonymous_4)
FNDA:0,(anonymous_5)
FNDA:0,(anonymous_6)
FNDA:0,(anonymous_7)
FNDA:0,(anonymous_8)
FNDA:0,(anonymous_9)
FNDA:0,(anonymous_10)
FNDA:0,(anonymous_11)
FNDA:0,(anonymous_12)
FNDA:0,(anonymous_13)
FNDA:0,(anonymous_14)
FNDA:0,(anonymous_15)
FNDA:0,(anonymous_16)
FNDA:0,(anonymous_17)
FNDA:0,(anonymous_18)
FNDA:0,(anonymous_19)
FNDA:0,(anonymous_20)
FNDA:0,(anonymous_21)
FNDA:0,(anonymous_22)
FNDA:0,(anonymous_23)
FNDA:0,(anonymous_24)
FNDA:0,(anonymous_25)
FNDA:0,(anonymous_26)
FNDA:0,(anonymous_27)
FNDA:0,(anonymous_28)
FNDA:0,(anonymous_29)
FNDA:0,(anonymous_30)
FNDA:0,(anonymous_31)
FNDA:0,(anonymous_32)
FNDA:0,(anonymous_33)
FNDA:0,(anonymous_34)
DA:1,12
DA:2,12
DA:4,12
DA:7,0
DA:8,0
DA:9,0
DA:14,0
DA:15,0
DA:17,0
DA:19,0
DA:24,0
DA:25,0
DA:26,0
DA:28,0
DA:29,0
DA:38,0
DA:40,0
DA:42,0
DA:43,0
DA:44,0
DA:49,0
DA:52,0
DA:53,0
DA:54,0
DA:55,0
DA:57,0
DA:62,0
DA:64,0
DA:71,0
DA:75,0
DA:81,0
DA:90,0
DA:92,0
DA:102,0
DA:103,0
DA:104,0
DA:105,0
DA:107,0
DA:108,0
DA:111,0
DA:112,0
DA:115,0
DA:123,0
DA:129,0
DA:131,0
DA:134,0
DA:135,0
DA:139,0
DA:140,0
DA:142,0
DA:143,0
DA:145,0
DA:149,0
DA:152,0
DA:153,0
DA:154,0
DA:155,0
DA:158,0
DA:170,0
DA:174,0
DA:175,0
DA:183,0
DA:184,0
DA:185,0
DA:189,0
DA:193,0
DA:194,0
DA:195,0
DA:196,0
DA:197,0
DA:199,0
DA:207,0
DA:210,0
DA:211,0
DA:214,0
DA:215,0
DA:216,0
DA:222,0
DA:223,0
DA:224,0
DA:226,0
DA:230,0
DA:231,0
DA:232,0
DA:233,0
DA:234,0
DA:242,0
DA:245,0
DA:246,0
DA:247,0
DA:248,0
DA:251,0
DA:252,0
DA:261,0
DA:262,0
DA:263,0
DA:272,0
DA:273,0
DA:280,0
DA:284,12
LF:100
LH:4
BRDA:8,0,0,0
BRDA:8,0,1,0
BRDA:49,1,0,0
BRDA:49,1,1,0
BRDA:52,2,0,0
BRDA:52,2,1,0
BRDA:53,3,0,0
BRDA:53,3,1,0
BRDA:54,4,0,0
BRDA:54,4,1,0
BRDA:66,5,0,0
BRDA:66,5,1,0
BRDA:81,6,0,0
BRDA:81,6,1,0
BRDA:90,7,0,0
BRDA:90,7,1,0
BRDA:96,8,0,0
BRDA:96,8,1,0
BRDA:104,9,0,0
BRDA:104,9,1,0
BRDA:108,10,0,0
BRDA:108,10,1,0
BRDA:131,11,0,0
BRDA:131,11,1,0
BRDA:135,12,0,0
BRDA:135,12,1,0
BRDA:140,13,0,0
BRDA:140,13,1,0
BRDA:140,14,0,0
BRDA:140,14,1,0
BRDA:143,15,0,0
BRDA:143,15,1,0
BRDA:143,16,0,0
BRDA:143,16,1,0
BRDA:195,17,0,0
BRDA:195,17,1,0
BRDA:210,18,0,0
BRDA:210,18,1,0
BRDA:215,19,0,0
BRDA:215,19,1,0
BRDA:216,20,0,0
BRDA:216,20,1,0
BRDA:223,21,0,0
BRDA:223,21,1,0
BRDA:224,22,0,0
BRDA:224,22,1,0
BRDA:230,23,0,0
BRDA:230,23,1,0
BRDA:231,24,0,0
BRDA:231,24,1,0
BRDA:232,25,0,0
BRDA:232,25,1,0
BRDA:233,26,0,0
BRDA:233,26,1,0
BRDA:251,27,0,0
BRDA:251,27,1,0
BRDA:261,28,0,0
BRDA:261,28,1,0
BRDA:262,29,0,0
BRDA:262,29,1,0
BRF:60
BRH:0
end_of_record
TN:
SF:models\AnalyticsCache.js
FNF:0
FNH:0
DA:1,14
DA:3,14
DA:28,14
DA:30,14
LF:4
LH:4
BRF:0
BRH:0
end_of_record
TN:
SF:models\ApiKey.js
FN:41,(anonymous_0)
FNF:1
FNH:0
FNDA:0,(anonymous_0)
DA:1,12
DA:2,12
DA:4,12
DA:41,12
DA:42,0
DA:45,12
LF:6
LH:5
BRF:0
BRH:0
end_of_record
TN:
SF:models\Attendance.memory.js
FN:4,(anonymous_0)
FN:24,(anonymous_1)
FN:29,(anonymous_2)
FN:35,(anonymous_3)
FN:44,(anonymous_4)
FN:50,(anonymous_5)
FN:56,(anonymous_6)
FN:65,(anonymous_7)
FN:66,(anonymous_8)
FN:67,(anonymous_9)
FN:68,(anonymous_10)
FNF:11
FNH:2
FNDA:8,(anonymous_0)
FNDA:0,(anonymous_1)
FNDA:0,(anonymous_2)
FNDA:4,(anonymous_3)
FNDA:0,(anonymous_4)
FNDA:0,(anonymous_5)
FNDA:0,(anonymous_6)
FNDA:0,(anonymous_7)
FNDA:0,(anonymous_8)
FNDA:0,(anonymous_9)
FNDA:0,(anonymous_10)
DA:1,14
DA:5,8
DA:6,8
DA:8,8
DA:15,8
DA:16,8
DA:18,8
DA:20,0
DA:25,0
DA:26,0
DA:27,0
DA:29,0
DA:31,0
DA:36,4
DA:37,4
DA:38,4
DA:40,0
DA:45,0
DA:46,0
DA:47,0
DA:48,0
DA:50,0
DA:52,0
DA:57,0
DA:58,0
DA:59,0
DA:60,0
DA:62,0
DA:64,0
DA:65,0
DA:66,0
DA:67,0
DA:68,0
DA:71,0
DA:76,14
LF:35
LH:11
BRDA:6,0,0,8
BRDA:6,0,1,0
BRDA:26,1,0,0
BRDA:26,1,1,0
BRDA:29,2,0,0
BRDA:29,2,1,0
BRDA:29,3,0,0
BRDA:29,3,1,0
BRDA:35,4,0,3
BRDA:37,5,0,4
BRDA:37,5,1,0
BRDA:46,6,0,0
BRDA:46,6,1,0
BRDA:50,7,0,0
BRDA:50,7,1,0
BRDA:50,7,2,0
BRF:16
BRH:3
end_of_record
TN:
SF:models\AuditLog.js
FNF:0
FNH:0
DA:1,14
DA:3,14
DA:50,14
DA:51,14
DA:53,14
DA:55,14
LF:6
LH:6
BRF:0
BRH:0
end_of_record
TN:
SF:models\Beneficiary.js
FNF:0
FNH:0
DA:1,12
DA:3,12
DA:11,12
LF:3
LH:3
BRDA:11,0,0,12
BRDA:11,0,1,12
BRF:2
BRH:2
end_of_record
TN:
SF:models\BeneficiaryFile.js
FNF:0
FNH:0
DA:1,12
DA:3,12
DA:18,12
DA:60,12
LF:4
LH:4
BRF:0
BRH:0
end_of_record
TN:
SF:models\Branch.js
FN:130,(anonymous_0)
FN:138,(anonymous_1)
FN:143,(anonymous_2)
FN:147,(anonymous_3)
FN:152,(anonymous_4)
FN:153,(anonymous_5)
FN:160,(anonymous_6)
FN:161,(anonymous_7)
FN:166,(anonymous_8)
FN:170,(anonymous_9)
FNF:10
FNH:0
FNDA:0,(anonymous_0)
FNDA:0,(anonymous_1)
FNDA:0,(anonymous_2)
FNDA:0,(anonymous_3)
FNDA:0,(anonymous_4)
FNDA:0,(anonymous_5)
FNDA:0,(anonymous_6)
FNDA:0,(anonymous_7)
FNDA:0,(anonymous_8)
FNDA:0,(anonymous_9)
DA:6,0
DA:8,0
DA:124,0
DA:125,0
DA:126,0
DA:127,0
DA:130,0
DA:131,0
DA:132,0
DA:134,0
DA:138,0
DA:139,0
DA:140,0
DA:143,0
DA:144,0
DA:145,0
DA:146,0
DA:147,0
DA:148,0
DA:149,0
DA:152,0
DA:153,0
DA:154,0
DA:155,0
DA:157,0
DA:160,0
DA:161,0
DA:162,0
DA:166,0
DA:167,0
DA:170,0
DA:171,0
DA:174,0
LF:33
LH:0
BRDA:131,0,0,0
BRDA:131,0,1,0
BRDA:131,1,0,0
BRDA:131,1,1,0
BRDA:152,2,0,0
BRDA:154,3,0,0
BRDA:154,3,1,0
BRF:7
BRH:0
end_of_record
TN:
SF:models\Camera.js
FN:274,(anonymous_0)
FN:281,(anonymous_1)
FN:286,(anonymous_2)
FN:297,(anonymous_3)
FN:303,(anonymous_4)
FN:310,(anonymous_5)
FN:311,(anonymous_6)
FN:319,(anonymous_7)
FN:323,(anonymous_8)
FN:327,(anonymous_9)
FNF:10
FNH:0
FNDA:0,(anonymous_0)
FNDA:0,(anonymous_1)
FNDA:0,(anonymous_2)
FNDA:0,(anonymous_3)
FNDA:0,(anonymous_4)
FNDA:0,(anonymous_5)
FNDA:0,(anonymous_6)
FNDA:0,(anonymous_7)
FNDA:0,(anonymous_8)
FNDA:0,(anonymous_9)
DA:6,0
DA:8,0
DA:267,0
DA:268,0
DA:269,0
DA:270,0
DA:271,0
DA:274,0
DA:275,0
DA:276,0
DA:277,0
DA:278,0
DA:281,0
DA:282,0
DA:283,0
DA:286,0
DA:287,0
DA:288,0
DA:289,0
DA:290,0
DA:291,0
DA:292,0
DA:294,0
DA:297,0
DA:298,0
DA:299,0
DA:300,0
DA:303,0
DA:304,0
DA:305,0
DA:306,0
DA:307,0
DA:310,0
DA:311,0
DA:312,0
DA:313,0
DA:315,0
DA:319,0
DA:320,0
DA:323,0
DA:324,0
DA:327,0
DA:328,0
DA:331,0
LF:44
LH:0
BRDA:286,0,0,0
BRDA:288,1,0,0
BRDA:288,1,1,0
BRDA:291,2,0,0
BRDA:291,2,1,0
BRDA:291,3,0,0
BRDA:291,3,1,0
BRDA:310,4,0,0
BRDA:312,5,0,0
BRDA:312,5,1,0
BRF:10
BRH:0
end_of_record
TN:
SF:models\CarePlan.js
FNF:0
FNH:0
DA:1,12
DA:5,12
DA:22,12
DA:32,12
DA:79,12
LF:5
LH:5
BRF:0
BRH:0
end_of_record
TN:
SF:models\ComplianceLog.js
FNF:0
FNH:0
DA:1,13
DA:3,13
DA:25,13
LF:3
LH:3
BRF:0
BRH:0
end_of_record
TN:
SF:models\DailySession.js
FNF:0
FNH:0
DA:1,12
DA:3,12
DA:10,12
DA:32,12
LF:4
LH:4
BRF:0
BRH:0
end_of_record
TN:
SF:models\Document.js
FN:245,(anonymous_0)
FN:253,(anonymous_1)
FN:263,(anonymous_2)
FN:270,(anonymous_3)
FN:285,(anonymous_4)
FNF:5
FNH:0
FNDA:0,(anonymous_0)
FNDA:0,(anonymous_1)
FNDA:0,(anonymous_2)
FNDA:0,(anonymous_3)
FNDA:0,(anonymous_4)
DA:6,16
DA:8,16
DA:237,16
DA:238,16
DA:239,16
DA:240,16
DA:241,16
DA:242,16
DA:245,16
DA:246,0
DA:247,0
DA:249,0
DA:253,16
DA:254,0
DA:255,0
DA:256,0
DA:257,0
DA:258,0
DA:259,0
DA:263,16
DA:265,0
DA:266,0
DA:270,0
DA:271,0
DA:272,0
DA:278,0
DA:281,0
DA:285,16
DA:286,0
DA:294,16
LF:30
LH:13
BRDA:246,0,0,0
BRDA:246,0,1,0
BRDA:246,1,0,0
BRDA:246,1,1,0
BRDA:246,1,2,0
BRDA:247,2,0,0
BRDA:247,2,1,0
BRDA:255,3,0,0
BRDA:255,3,1,0
BRDA:263,4,0,0
BRDA:265,5,0,0
BRDA:265,5,1,0
BRDA:271,6,0,0
BRDA:271,6,1,0
BRDA:281,7,0,0
BRDA:281,7,1,0
BRDA:285,8,0,0
BRF:17
BRH:0
end_of_record
TN:
SF:models\Driver.js
FN:211,(anonymous_0)
FN:230,(anonymous_1)
FN:235,(anonymous_2)
FNF:3
FNH:0
FNDA:0,(anonymous_0)
FNDA:0,(anonymous_1)
FNDA:0,(anonymous_2)
DA:11,2
DA:12,2
DA:14,2
DA:204,2
DA:205,2
DA:206,2
DA:207,2
DA:208,2
DA:211,2
DA:212,0
DA:213,0
DA:214,0
DA:217,0
DA:218,0
DA:219,0
DA:220,0
DA:221,0
DA:222,0
DA:224,0
DA:227,0
DA:230,2
DA:231,0
DA:232,0
DA:235,2
DA:236,0
DA:237,0
DA:238,0
DA:240,0
DA:241,0
DA:243,0
DA:244,0
DA:245,0
DA:247,0
DA:250,2
LF:34
LH:12
BRDA:213,0,0,0
BRDA:213,0,1,0
BRDA:217,1,0,0
BRDA:217,1,1,0
BRDA:219,2,0,0
BRDA:219,2,1,0
BRDA:221,3,0,0
BRDA:221,3,1,0
BRDA:237,4,0,0
BRDA:237,4,1,0
BRDA:240,5,0,0
BRDA:240,5,1,0
BRDA:244,6,0,0
BRDA:244,6,1,0
BRF:14
BRH:0
end_of_record
TN:
SF:models\Employee.js
FN:50,(anonymous_0)
FNF:1
FNH:0
FNDA:0,(anonymous_0)
DA:1,15
DA:3,15
DA:17,15
DA:50,15
DA:51,0
DA:54,15
LF:6
LH:5
BRDA:54,0,0,15
BRDA:54,0,1,4
BRF:2
BRH:2
end_of_record
TN:
SF:models\Employee.memory.js
FN:4,(anonymous_0)
FN:25,(anonymous_1)
FN:28,(anonymous_2)
FN:34,(anonymous_3)
FN:39,(anonymous_4)
FN:42,(anonymous_5)
FN:47,(anonymous_6)
FN:58,(anonymous_7)
FN:62,(anonymous_8)
FN:65,(anonymous_9)
FN:71,(anonymous_10)
FN:74,(anonymous_11)
FN:91,(anonymous_12)
FN:95,(anonymous_13)
FN:108,(anonymous_14)
FN:111,(anonymous_15)
FN:117,(anonymous_16)
FN:122,(anonymous_17)
FN:123,(anonymous_18)
FNF:19
FNH:13
FNDA:44,(anonymous_0)
FNDA:12,(anonymous_1)
FNDA:4,(anonymous_2)
FNDA:10,(anonymous_3)
FNDA:2,(anonymous_4)
FNDA:0,(anonymous_5)
FNDA:0,(anonymous_6)
FNDA:6,(anonymous_7)
FNDA:0,(anonymous_8)
FNDA:0,(anonymous_9)
FNDA:5,(anonymous_10)
FNDA:4,(anonymous_11)
FNDA:5,(anonymous_12)
FNDA:4,(anonymous_13)
FNDA:0,(anonymous_14)
FNDA:0,(anonymous_15)
FNDA:1,(anonymous_16)
FNDA:2,(anonymous_17)
FNDA:2,(anonymous_18)
DA:1,15
DA:5,44
DA:6,44
DA:8,44
DA:16,44
DA:17,44
DA:19,44
DA:21,0
DA:26,12
DA:27,12
DA:28,12
DA:30,0
DA:35,10
DA:36,10
DA:38,10
DA:39,2
DA:41,10
DA:42,0
DA:44,10
DA:45,0
DA:46,0
DA:47,0
DA:51,10
DA:53,0
DA:59,6
DA:63,0
DA:64,0
DA:65,0
DA:67,0
DA:72,5
DA:73,5
DA:74,5
DA:76,5
DA:78,4
DA:84,4
DA:85,4
DA:87,0
DA:92,5
DA:93,5
DA:94,5
DA:95,5
DA:97,5
DA:99,4
DA:100,4
DA:102,4
DA:104,0
DA:109,0
DA:110,0
DA:111,0
DA:113,0
DA:118,1
DA:119,1
DA:120,1
DA:122,2
DA:123,2
DA:126,0
DA:131,15
LF:57
LH:39
BRDA:6,0,0,44
BRDA:6,0,1,0
BRDA:11,1,0,44
BRDA:11,1,1,42
BRDA:27,2,0,12
BRDA:27,2,1,0
BRDA:28,3,0,12
BRDA:28,3,1,8
BRDA:34,4,0,1
BRDA:36,5,0,10
BRDA:36,5,1,0
BRDA:38,6,0,1
BRDA:38,6,1,9
BRDA:41,7,0,0
BRDA:41,7,1,10
BRDA:44,8,0,0
BRDA:44,8,1,10
BRDA:47,9,0,0
BRDA:47,9,1,0
BRDA:47,9,2,0
BRDA:58,10,0,6
BRDA:64,11,0,0
BRDA:64,11,1,0
BRDA:65,12,0,0
BRDA:65,12,1,0
BRDA:73,13,0,5
BRDA:73,13,1,0
BRDA:76,14,0,1
BRDA:76,14,1,4
BRDA:94,15,0,5
BRDA:94,15,1,0
BRDA:97,16,0,1
BRDA:97,16,1,4
BRDA:110,17,0,0
BRDA:110,17,1,0
BRDA:111,18,0,0
BRDA:111,18,1,0
BRDA:119,19,0,1
BRDA:119,19,1,0
BRF:39
BRH:20
end_of_record
TN:
SF:models\Feedback.js
FNF:0
FNH:0
DA:1,12
DA:3,12
DA:32,12
LF:3
LH:3
BRF:0
BRH:0
end_of_record
TN:
SF:models\Finance.memory.js
FN:9,readFinance
FN:29,writeFinance
FN:41,(anonymous_2)
FN:45,(anonymous_3)
FN:64,(anonymous_4)
FN:66,(anonymous_5)
FN:69,(anonymous_6)
FN:73,(anonymous_7)
FN:75,(anonymous_8)
FN:83,(anonymous_9)
FN:85,(anonymous_10)
FN:93,(anonymous_11)
FN:95,(anonymous_12)
FN:95,(anonymous_13)
FN:101,(anonymous_14)
FN:105,(anonymous_15)
FN:123,(anonymous_16)
FN:127,(anonymous_17)
FN:131,(anonymous_18)
FN:133,(anonymous_19)
FN:141,(anonymous_20)
FN:143,(anonymous_21)
FN:146,(anonymous_22)
FN:152,(anonymous_23)
FN:155,(anonymous_24)
FN:159,(anonymous_25)
FN:171,(anonymous_26)
FN:175,(anonymous_27)
FN:192,(anonymous_28)
FN:196,(anonymous_29)
FN:199,(anonymous_30)
FN:203,(anonymous_31)
FN:209,(anonymous_32)
FN:213,(anonymous_33)
FN:229,(anonymous_34)
FN:239,(anonymous_35)
FN:243,(anonymous_36)
FN:244,(anonymous_37)
FNF:38
FNH:4
FNDA:1,readFinance
FNDA:1,writeFinance
FNDA:0,(anonymous_2)
FNDA:0,(anonymous_3)
FNDA:0,(anonymous_4)
FNDA:0,(anonymous_5)
FNDA:0,(anonymous_6)
FNDA:0,(anonymous_7)
FNDA:0,(anonymous_8)
FNDA:0,(anonymous_9)
FNDA:0,(anonymous_10)
FNDA:0,(anonymous_11)
FNDA:0,(anonymous_12)
FNDA:0,(anonymous_13)
FNDA:1,(anonymous_14)
FNDA:1,(anonymous_15)
FNDA:0,(anonymous_16)
FNDA:0,(anonymous_17)
FNDA:0,(anonymous_18)
FNDA:0,(anonymous_19)
FNDA:0,(anonymous_20)
FNDA:0,(anonymous_21)
FNDA:0,(anonymous_22)
FNDA:0,(anonymous_23)
FNDA:0,(anonymous_24)
FNDA:0,(anonymous_25)
FNDA:0,(anonymous_26)
FNDA:0,(anonymous_27)
FNDA:0,(anonymous_28)
FNDA:0,(anonymous_29)
FNDA:0,(anonymous_30)
FNDA:0,(anonymous_31)
FNDA:0,(anonymous_32)
FNDA:0,(anonymous_33)
FNDA:0,(anonymous_34)
FNDA:0,(anonymous_35)
FNDA:0,(anonymous_36)
FNDA:0,(anonymous_37)
DA:2,12
DA:3,12
DA:6,12
DA:10,1
DA:11,1
DA:12,0
DA:18,0
DA:19,0
DA:21,1
DA:23,0
DA:24,0
DA:30,1
DA:31,1
DA:32,1
DA:34,0
DA:35,0
DA:42,0
DA:46,0
DA:47,0
DA:59,0
DA:60,0
DA:61,0
DA:65,0
DA:66,0
DA:70,0
DA:74,0
DA:75,0
DA:76,0
DA:78,0
DA:79,0
DA:80,0
DA:84,0
DA:85,0
DA:86,0
DA:88,0
DA:89,0
DA:90,0
DA:94,0
DA:95,0
DA:102,1
DA:106,1
DA:107,1
DA:118,1
DA:119,1
DA:120,1
DA:124,0
DA:128,0
DA:132,0
DA:133,0
DA:134,0
DA:136,0
DA:137,0
DA:138,0
DA:142,0
DA:143,0
DA:145,0
DA:146,0
DA:147,0
DA:148,0
DA:152,0
DA:156,0
DA:157,0
DA:159,0
DA:160,0
DA:161,0
DA:165,0
DA:172,0
DA:176,0
DA:177,0
DA:187,0
DA:188,0
DA:189,0
DA:193,0
DA:194,0
DA:196,0
DA:200,0
DA:201,0
DA:203,0
DA:210,0
DA:214,0
DA:215,0
DA:225,0
DA:228,0
DA:229,0
DA:230,0
DA:231,0
DA:235,0
DA:236,0
DA:240,0
DA:244,0
DA:248,12
LF:91
LH:16
BRDA:11,0,0,0
BRDA:11,0,1,1
BRDA:53,1,0,0
BRDA:53,1,1,0
BRDA:66,2,0,0
BRDA:66,2,1,0
BRDA:76,3,0,0
BRDA:76,3,1,0
BRDA:86,4,0,0
BRDA:86,4,1,0
BRDA:95,5,0,0
BRDA:95,5,1,0
BRDA:115,6,0,1
BRDA:115,6,1,1
BRDA:134,7,0,0
BRDA:134,7,1,0
BRDA:141,8,0,0
BRDA:145,9,0,0
BRDA:145,9,1,0
BRDA:152,10,0,0
BRDA:152,10,1,0
BRDA:160,11,0,0
BRDA:160,11,1,0
BRDA:161,12,0,0
BRDA:161,12,1,0
BRDA:182,13,0,0
BRDA:182,13,1,0
BRDA:196,14,0,0
BRDA:196,14,1,0
BRDA:196,15,0,0
BRDA:196,15,1,0
BRDA:196,15,2,0
BRDA:201,16,0,0
BRDA:201,16,1,0
BRDA:228,17,0,0
BRDA:228,17,1,0
BRDA:230,18,0,0
BRDA:230,18,1,0
BRF:38
BRH:3
end_of_record
TN:
SF:models\Gamification.js
FNF:0
FNH:0
DA:1,12
DA:4,12
DA:16,12
DA:41,12
LF:4
LH:4
BRF:0
BRH:0
end_of_record
TN:
SF:models\GoalBank.js
FNF:0
FNH:0
DA:1,12
DA:3,12
DA:29,12
DA:31,12
LF:4
LH:4
BRF:0
BRH:0
end_of_record
TN:
SF:models\GoalProgressHistory.js
FNF:0
FNH:0
DA:1,12
DA:4,12
DA:20,12
LF:3
LH:3
BRF:0
BRH:0
end_of_record
TN:
SF:models\GroupProgram.js
FNF:0
FNH:0
DA:1,12
DA:3,12
DA:17,12
DA:42,12
LF:4
LH:4
BRF:0
BRH:0
end_of_record
TN:
SF:models\HomeAssignment.js
FNF:0
FNH:0
DA:1,12
DA:3,12
DA:11,12
DA:32,12
LF:4
LH:4
BRF:0
BRH:0
end_of_record
TN:
SF:models\InsuranceProvider.js
FNF:0
FNH:0
DA:1,12
DA:3,12
DA:15,12
LF:3
LH:3
BRF:0
BRH:0
end_of_record
TN:
SF:models\Integration.js
FNF:0
FNH:0
DA:1,16
DA:3,16
DA:39,16
LF:3
LH:3
BRF:0
BRH:0
end_of_record
TN:
SF:models\Inventory.js
FNF:0
FNH:0
DA:1,12
DA:3,12
DA:10,12
LF:3
LH:3
BRDA:10,0,0,12
BRDA:10,0,1,12
BRF:2
BRH:2
end_of_record
TN:
SF:models\InventoryItem.js
FNF:0
FNH:0
DA:1,12
DA:3,12
DA:12,12
LF:3
LH:3
BRDA:12,0,0,12
BRDA:12,0,1,12
BRF:2
BRH:2
end_of_record
TN:
SF:models\Invoice.js
FN:45,(anonymous_0)
FNF:1
FNH:0
FNDA:0,(anonymous_0)
DA:1,12
DA:3,12
DA:45,12
DA:46,0
DA:47,0
DA:49,0
DA:51,0
DA:54,12
LF:8
LH:4
BRDA:46,0,0,0
BRDA:46,0,1,0
BRDA:46,1,0,0
BRDA:46,1,1,0
BRDA:49,2,0,0
BRDA:49,2,1,0
BRF:6
BRH:0
end_of_record
TN:
SF:models\Lead.js
FNF:0
FNH:0
DA:1,12
DA:3,12
DA:37,12
LF:3
LH:3
BRF:0
BRH:0
end_of_record
TN:
SF:models\Leave.memory.js
FN:4,(anonymous_0)
FN:25,(anonymous_1)
FN:28,(anonymous_2)
FN:34,(anonymous_3)
FN:37,(anonymous_4)
FN:43,(anonymous_5)
FN:48,(anonymous_6)
FN:51,(anonymous_7)
FN:61,(anonymous_8)
FN:65,(anonymous_9)
FN:68,(anonymous_10)
FN:85,(anonymous_11)
FN:89,(anonymous_12)
FN:102,(anonymous_13)
FN:105,(anonymous_14)
FNF:15
FNH:7
FNDA:10,(anonymous_0)
FNDA:0,(anonymous_1)
FNDA:0,(anonymous_2)
FNDA:0,(anonymous_3)
FNDA:0,(anonymous_4)
FNDA:4,(anonymous_5)
FNDA:3,(anonymous_6)
FNDA:2,(anonymous_7)
FNDA:4,(anonymous_8)
FNDA:3,(anonymous_9)
FNDA:3,(anonymous_10)
FNDA:0,(anonymous_11)
FNDA:0,(anonymous_12)
FNDA:0,(anonymous_13)
FNDA:0,(anonymous_14)
DA:1,14
DA:5,10
DA:6,10
DA:8,10
DA:16,10
DA:17,10
DA:19,10
DA:21,0
DA:26,0
DA:27,0
DA:28,0
DA:30,0
DA:35,0
DA:36,0
DA:37,0
DA:39,0
DA:44,4
DA:45,4
DA:47,4
DA:48,3
DA:50,4
DA:51,2
DA:54,4
DA:56,0
DA:62,4
DA:66,3
DA:67,3
DA:68,3
DA:70,3
DA:72,3
DA:78,3
DA:79,3
DA:81,0
DA:86,0
DA:87,0
DA:88,0
DA:89,0
DA:91,0
DA:93,0
DA:94,0
DA:96,0
DA:98,0
DA:103,0
DA:104,0
DA:105,0
DA:107,0
DA:112,14
LF:47
LH:23
BRDA:6,0,0,10
BRDA:6,0,1,0
BRDA:11,1,0,10
BRDA:11,1,1,9
BRDA:27,2,0,0
BRDA:27,2,1,0
BRDA:28,3,0,0
BRDA:28,3,1,0
BRDA:36,4,0,0
BRDA:36,4,1,0
BRDA:43,5,0,0
BRDA:45,6,0,4
BRDA:45,6,1,0
BRDA:47,7,0,2
BRDA:47,7,1,2
BRDA:50,8,0,1
BRDA:50,8,1,3
BRDA:61,9,0,1
BRDA:67,10,0,3
BRDA:67,10,1,0
BRDA:70,11,0,0
BRDA:70,11,1,3
BRDA:88,12,0,0
BRDA:88,12,1,0
BRDA:91,13,0,0
BRDA:91,13,1,0
BRDA:104,14,0,0
BRDA:104,14,1,0
BRDA:105,15,0,0
BRDA:105,15,1,0
BRF:30
BRH:11
end_of_record
TN:
SF:models\Notification.js
FNF:0
FNH:0
DA:1,12
DA:3,12
DA:44,12
DA:46,12
LF:4
LH:4
BRF:0
BRH:0
end_of_record
TN:
SF:models\Notification.memory.js
FN:7,readNotifications
FN:21,writeNotifications
FN:32,(anonymous_2)
FN:36,(anonymous_3)
FN:55,(anonymous_4)
FN:57,(anonymous_5)
FN:60,(anonymous_6)
FN:62,(anonymous_7)
FN:71,(anonymous_8)
FN:73,(anonymous_9)
FN:81,(anonymous_10)
FN:94,(anonymous_11)
FN:106,(anonymous_12)
FN:121,(anonymous_13)
FN:137,(anonymous_14)
FN:147,(anonymous_15)
FN:149,(anonymous_16)
FN:157,(anonymous_17)
FN:167,(anonymous_18)
FN:180,(anonymous_19)
FN:181,(anonymous_20)
FN:189,(anonymous_21)
FN:193,(anonymous_22)
FNF:23
FNH:5
FNDA:3,readNotifications
FNDA:1,writeNotifications
FNDA:0,(anonymous_2)
FNDA:0,(anonymous_3)
FNDA:1,(anonymous_4)
FNDA:0,(anonymous_5)
FNDA:1,(anonymous_6)
FNDA:0,(anonymous_7)
FNDA:1,(anonymous_8)
FNDA:0,(anonymous_9)
FNDA:0,(anonymous_10)
FNDA:0,(anonymous_11)
FNDA:0,(anonymous_12)
FNDA:0,(anonymous_13)
FNDA:0,(anonymous_14)
FNDA:0,(anonymous_15)
FNDA:0,(anonymous_16)
FNDA:0,(anonymous_17)
FNDA:0,(anonymous_18)
FNDA:0,(anonymous_19)
FNDA:0,(anonymous_20)
FNDA:0,(anonymous_21)
FNDA:0,(anonymous_22)
DA:1,11
DA:2,11
DA:5,11
DA:8,3
DA:9,3
DA:10,0
DA:11,0
DA:12,0
DA:14,3
DA:16,0
DA:17,0
DA:22,1
DA:23,1
DA:24,1
DA:26,0
DA:27,0
DA:33,0
DA:37,0
DA:38,0
DA:50,0
DA:51,0
DA:52,0
DA:56,1
DA:57,1
DA:61,1
DA:62,1
DA:63,1
DA:64,0
DA:65,0
DA:67,1
DA:68,1
DA:72,1
DA:73,1
DA:83,0
DA:91,0
DA:95,0
DA:103,0
DA:108,0
DA:110,0
DA:118,0
DA:122,0
DA:130,0
DA:139,0
DA:140,0
DA:149,0
DA:154,0
DA:158,0
DA:159,0
DA:160,0
DA:169,0
DA:177,0
DA:181,0
DA:182,0
DA:190,0
DA:194,0
DA:207,0
DA:211,11
LF:57
LH:19
BRDA:9,0,0,0
BRDA:9,0,1,3
BRDA:45,1,0,0
BRDA:45,1,1,0
BRDA:63,2,0,0
BRDA:63,2,1,1
BRDA:73,3,0,0
BRDA:73,3,1,0
BRDA:108,4,0,0
BRDA:108,4,1,0
BRDA:114,5,0,0
BRDA:114,5,1,0
BRDA:128,6,0,0
BRDA:128,6,1,0
BRDA:167,7,0,0
BRDA:173,8,0,0
BRDA:173,8,1,0
BRDA:180,9,0,0
BRDA:198,10,0,0
BRDA:198,10,1,0
BRDA:204,11,0,0
BRDA:204,11,1,0
BRF:22
BRH:2
end_of_record
TN:
SF:models\Product.js
FN:40,(anonymous_0)
FNF:1
FNH:0
FNDA:0,(anonymous_0)
DA:1,0
DA:3,0
DA:40,0
DA:41,0
DA:42,0
DA:45,0
DA:47,0
LF:7
LH:0
BRF:0
BRH:0
end_of_record
TN:
SF:models\Recording.js
FN:204,(anonymous_0)
FN:209,(anonymous_1)
FN:210,(anonymous_2)
FN:220,(anonymous_3)
FN:226,(anonymous_4)
FN:233,(anonymous_5)
FN:240,(anonymous_6)
FN:247,(anonymous_7)
FN:254,(anonymous_8)
FN:261,(anonymous_9)
FN:268,(anonymous_10)
FN:272,(anonymous_11)
FN:281,(anonymous_12)
FN:288,(anonymous_13)
FN:295,(anonymous_14)
FNF:15
FNH:0
FNDA:0,(anonymous_0)
FNDA:0,(anonymous_1)
FNDA:0,(anonymous_2)
FNDA:0,(anonymous_3)
FNDA:0,(anonymous_4)
FNDA:0,(anonymous_5)
FNDA:0,(anonymous_6)
FNDA:0,(anonymous_7)
FNDA:0,(anonymous_8)
FNDA:0,(anonymous_9)
FNDA:0,(anonymous_10)
FNDA:0,(anonymous_11)
FNDA:0,(anonymous_12)
FNDA:0,(anonymous_13)
FNDA:0,(anonymous_14)
DA:6,0
DA:8,0
DA:195,0
DA:196,0
DA:197,0
DA:198,0
DA:199,0
DA:200,0
DA:201,0
DA:204,0
DA:205,0
DA:206,0
DA:209,0
DA:210,0
DA:211,0
DA:212,0
DA:214,0
DA:216,0
DA:217,0
DA:220,0
DA:221,0
DA:222,0
DA:223,0
DA:226,0
DA:227,0
DA:228,0
DA:229,0
DA:230,0
DA:233,0
DA:234,0
DA:235,0
DA:236,0
DA:237,0
DA:240,0
DA:241,0
DA:242,0
DA:243,0
DA:244,0
DA:247,0
DA:248,0
DA:249,0
DA:250,0
DA:251,0
DA:254,0
DA:255,0
DA:256,0
DA:258,0
DA:261,0
DA:262,0
DA:263,0
DA:264,0
DA:268,0
DA:269,0
DA:272,0
DA:273,0
DA:281,0
DA:282,0
DA:288,0
DA:289,0
DA:295,0
DA:296,0
DA:299,0
LF:62
LH:0
BRDA:211,0,0,0
BRDA:211,0,1,0
BRDA:226,1,0,0
BRDA:240,2,0,0
BRDA:255,3,0,0
BRDA:255,3,1,0
BRDA:255,4,0,0
BRDA:255,4,1,0
BRDA:261,5,0,0
BRDA:263,6,0,0
BRDA:263,6,1,0
BRDA:263,7,0,0
BRDA:263,7,1,0
BRDA:268,8,0,0
BRDA:295,9,0,0
BRF:15
BRH:0
end_of_record
TN:
SF:models\RehabEquipment.js
FNF:0
FNH:0
DA:1,12
DA:3,12
DA:27,12
LF:3
LH:3
BRF:0
BRH:0
end_of_record
TN:
SF:models\Shift.js
FNF:0
FNH:0
DA:1,12
DA:3,12
DA:16,12
LF:3
LH:3
BRF:0
BRH:0
end_of_record
TN:
SF:models\StandardizedAssessment.js
FNF:0
FNH:0
DA:1,12
DA:3,12
DA:10,12
DA:30,12
LF:4
LH:4
BRF:0
BRH:0
end_of_record
TN:
SF:models\TherapeuticPlan.js
FNF:0
FNH:0
DA:1,12
DA:3,12
DA:10,12
DA:36,12
LF:4
LH:4
BRF:0
BRH:0
end_of_record
TN:
SF:models\TherapyProgram.js
FNF:0
FNH:0
DA:1,12
DA:3,12
DA:24,12
LF:3
LH:3
BRF:0
BRH:0
end_of_record
TN:
SF:models\TherapyRoom.js
FNF:0
FNH:0
DA:1,12
DA:3,12
DA:16,12
LF:3
LH:3
BRF:0
BRH:0
end_of_record
TN:
SF:models\TherapySession.js
FNF:0
FNH:0
DA:1,13
DA:3,13
DA:45,13
DA:46,13
DA:48,13
LF:5
LH:5
BRF:0
BRH:0
end_of_record
TN:
SF:models\TransportSchedule.js
FNF:0
FNH:0
DA:1,12
DA:3,12
DA:31,12
DA:33,12
LF:4
LH:4
BRF:0
BRH:0
end_of_record
TN:
SF:models\Trip.js
FN:177,(anonymous_0)
FN:181,(anonymous_1)
FN:185,(anonymous_2)
FN:190,(anonymous_3)
FN:197,(anonymous_4)
FN:202,(anonymous_5)
FN:210,(anonymous_6)
FN:212,(anonymous_7)
FNF:8
FNH:0
FNDA:0,(anonymous_0)
FNDA:0,(anonymous_1)
FNDA:0,(anonymous_2)
FNDA:0,(anonymous_3)
FNDA:0,(anonymous_4)
FNDA:0,(anonymous_5)
FNDA:0,(anonymous_6)
FNDA:0,(anonymous_7)
DA:11,0
DA:12,0
DA:14,0
DA:171,0
DA:172,0
DA:173,0
DA:174,0
DA:177,0
DA:178,0
DA:181,0
DA:182,0
DA:185,0
DA:186,0
DA:190,0
DA:191,0
DA:192,0
DA:194,0
DA:197,0
DA:198,0
DA:199,0
DA:202,0
DA:203,0
DA:207,0
DA:210,0
DA:212,0
DA:213,0
DA:214,0
DA:216,0
DA:223,0
DA:226,0
LF:30
LH:0
BRDA:178,0,0,0
BRDA:178,0,1,0
BRDA:182,1,0,0
BRDA:182,1,1,0
BRDA:191,2,0,0
BRDA:191,2,1,0
BRDA:191,3,0,0
BRDA:191,3,1,0
BRF:8
BRH:0
end_of_record
TN:
SF:models\User.js
FN:57,(anonymous_0)
FN:63,(anonymous_1)
FNF:2
FNH:0
FNDA:0,(anonymous_0)
FNDA:0,(anonymous_1)
DA:1,19
DA:3,19
DA:57,19
DA:58,0
DA:59,0
DA:63,19
DA:64,0
DA:65,0
DA:66,0
DA:67,0
DA:70,19
DA:72,19
LF:12
LH:6
BRF:0
BRH:0
end_of_record
TN:
SF:models\User.memory.js
FN:5,getNextId
FN:10,(anonymous_1)
FN:20,(anonymous_2)
FN:31,(anonymous_3)
FN:44,(anonymous_4)
FN:48,(anonymous_5)
FN:61,(anonymous_6)
FN:69,(anonymous_7)
FN:75,(anonymous_8)
FN:78,(anonymous_9)
FN:86,(anonymous_10)
FN:89,(anonymous_11)
FN:93,(anonymous_12)
FN:99,(anonymous_13)
FN:102,(anonymous_14)
FN:105,(anonymous_15)
FN:108,(anonymous_16)
FN:111,(anonymous_17)
FN:125,(anonymous_18)
FN:135,(anonymous_19)
FNF:20
FNH:15
FNDA:30,getNextId
FNDA:8,(anonymous_1)
FNDA:59,(anonymous_2)
FNDA:31,(anonymous_3)
FNDA:31,(anonymous_4)
FNDA:10,(anonymous_5)
FNDA:0,(anonymous_6)
FNDA:30,(anonymous_7)
FNDA:45,(anonymous_8)
FNDA:25,(anonymous_9)
FNDA:13,(anonymous_10)
FNDA:22,(anonymous_11)
FNDA:13,(anonymous_12)
FNDA:0,(anonymous_13)
FNDA:0,(anonymous_14)
FNDA:15,(anonymous_15)
FNDA:1,(anonymous_16)
FNDA:2,(anonymous_17)
FNDA:0,(anonymous_18)
FNDA:0,(anonymous_19)
DA:1,12
DA:2,12
DA:6,30
DA:7,30
DA:8,30
DA:9,7
DA:11,8
DA:12,8
DA:15,7
DA:21,59
DA:22,59
DA:23,59
DA:24,59
DA:25,59
DA:26,59
DA:27,59
DA:28,59
DA:32,31
DA:45,31
DA:46,31
DA:47,31
DA:48,31
DA:50,31
DA:51,1
DA:53,30
DA:56,31
DA:57,31
DA:58,31
DA:62,0
DA:63,0
DA:64,0
DA:68,12
DA:70,30
DA:71,30
DA:72,30
DA:76,45
DA:77,45
DA:78,45
DA:79,25
DA:80,0
DA:81,0
DA:83,45
DA:87,13
DA:88,13
DA:89,22
DA:90,13
DA:94,13
DA:95,13
DA:98,13
DA:99,0
DA:101,13
DA:102,0
DA:105,15
DA:109,1
DA:110,1
DA:111,2
DA:113,1
DA:114,1
DA:115,1
DA:116,1
DA:117,1
DA:118,1
DA:120,0
DA:125,12
DA:126,0
DA:127,0
DA:129,0
DA:134,12
DA:135,0
DA:136,0
DA:137,0
DA:138,0
DA:139,0
DA:140,0
DA:142,0
DA:149,0
DA:150,0
DA:151,0
DA:156,12
LF:79
LH:58
BRDA:7,0,0,30
BRDA:7,0,1,0
BRDA:8,1,0,23
BRDA:8,1,1,7
BRDA:12,2,0,6
BRDA:12,2,1,2
BRDA:21,3,0,59
BRDA:21,3,1,30
BRDA:25,4,0,59
BRDA:25,4,1,0
BRDA:26,5,0,59
BRDA:26,5,1,59
BRDA:27,6,0,59
BRDA:27,6,1,30
BRDA:28,7,0,59
BRDA:28,7,1,30
BRDA:47,8,0,31
BRDA:47,8,1,0
BRDA:50,9,0,1
BRDA:50,9,1,30
BRDA:77,10,0,45
BRDA:77,10,1,0
BRDA:79,11,0,25
BRDA:79,11,1,0
BRDA:80,12,0,0
BRDA:80,12,1,0
BRDA:83,13,0,9
BRDA:83,13,1,36
BRDA:88,14,0,13
BRDA:88,14,1,0
BRDA:90,15,0,4
BRDA:90,15,1,9
BRDA:93,16,0,0
BRDA:95,17,0,13
BRDA:95,17,1,0
BRDA:98,18,0,0
BRDA:98,18,1,13
BRDA:101,19,0,0
BRDA:101,19,1,13
BRDA:110,20,0,1
BRDA:110,20,1,0
BRDA:113,21,0,1
BRDA:113,21,1,0
BRDA:126,22,0,0
BRDA:126,22,1,0
BRDA:134,23,0,0
BRDA:134,23,1,12
BRDA:137,24,0,0
BRDA:137,24,1,0
BRDA:137,25,0,0
BRDA:137,25,1,0
BRF:51
BRH:30
end_of_record
TN:
SF:models\Vehicle.js
FN:349,(anonymous_0)
FN:353,(anonymous_1)
FN:365,(anonymous_2)
FN:378,(anonymous_3)
FN:392,(anonymous_4)
FN:399,(anonymous_5)
FN:405,(anonymous_6)
FN:418,(anonymous_7)
FN:431,(anonymous_8)
FNF:9
FNH:0
FNDA:0,(anonymous_0)
FNDA:0,(anonymous_1)
FNDA:0,(anonymous_2)
FNDA:0,(anonymous_3)
FNDA:0,(anonymous_4)
FNDA:0,(anonymous_5)
FNDA:0,(anonymous_6)
FNDA:0,(anonymous_7)
FNDA:0,(anonymous_8)
DA:13,2
DA:14,2
DA:16,2
DA:339,2
DA:340,2
DA:341,2
DA:342,2
DA:343,2
DA:344,2
DA:345,2
DA:346,2
DA:349,2
DA:350,0
DA:353,2
DA:354,0
DA:355,0
DA:356,0
DA:358,0
DA:359,0
DA:360,0
DA:362,0
DA:365,2
DA:366,0
DA:367,0
DA:368,0
DA:369,0
DA:371,0
DA:372,0
DA:373,0
DA:375,0
DA:378,2
DA:379,0
DA:380,0
DA:381,0
DA:382,0
DA:384,0
DA:385,0
DA:386,0
DA:388,0
DA:392,2
DA:393,0
DA:394,0
DA:395,0
DA:396,0
DA:399,2
DA:400,0
DA:401,0
DA:402,0
DA:405,2
DA:406,0
DA:414,0
DA:415,0
DA:418,2
DA:419,0
DA:426,0
DA:427,0
DA:428,0
DA:431,2
DA:432,0
DA:438,0
DA:441,0
DA:447,0
DA:448,0
DA:451,0
DA:458,2
DA:459,2
DA:460,2
DA:461,2
DA:462,2
DA:463,2
DA:466,2
DA:467,2
DA:468,2
DA:471,2
DA:472,2
DA:475,2
DA:477,2
LF:77
LH:33
BRDA:355,0,0,0
BRDA:355,0,1,0
BRDA:359,1,0,0
BRDA:359,1,1,0
BRDA:366,2,0,0
BRDA:366,2,1,0
BRDA:368,3,0,0
BRDA:368,3,1,0
BRDA:372,4,0,0
BRDA:372,4,1,0
BRDA:379,5,0,0
BRDA:379,5,1,0
BRDA:381,6,0,0
BRDA:381,6,1,0
BRDA:385,7,0,0
BRDA:385,7,1,0
BRDA:394,8,0,0
BRDA:394,8,1,0
BRDA:396,9,0,0
BRDA:396,9,1,0
BRDA:396,9,2,0
BRDA:431,10,0,0
BRDA:447,11,0,0
BRDA:447,11,1,0
BRDA:477,12,0,2
BRDA:477,12,1,2
BRF:26
BRH:2
end_of_record
TN:
SF:models\Vehicle_SaudiCompliant.js
FN:701,(anonymous_0)
FN:705,(anonymous_1)
FN:709,(anonymous_2)
FN:713,(anonymous_3)
FN:717,(anonymous_4)
FN:723,(anonymous_5)
FN:729,(anonymous_6)
FN:733,(anonymous_7)
FN:749,(anonymous_8)
FN:754,(anonymous_9)
FN:762,(anonymous_10)
FN:767,(anonymous_11)
FN:772,(anonymous_12)
FN:777,(anonymous_13)
FN:804,(anonymous_14)
FN:811,(anonymous_15)
FN:836,(anonymous_16)
FN:837,(anonymous_17)
FNF:18
FNH:0
FNDA:0,(anonymous_0)
FNDA:0,(anonymous_1)
FNDA:0,(anonymous_2)
FNDA:0,(anonymous_3)
FNDA:0,(anonymous_4)
FNDA:0,(anonymous_5)
FNDA:0,(anonymous_6)
FNDA:0,(anonymous_7)
FNDA:0,(anonymous_8)
FNDA:0,(anonymous_9)
FNDA:0,(anonymous_10)
FNDA:0,(anonymous_11)
FNDA:0,(anonymous_12)
FNDA:0,(anonymous_13)
FNDA:0,(anonymous_14)
FNDA:0,(anonymous_15)
FNDA:0,(anonymous_16)
FNDA:0,(anonymous_17)
DA:13,13
DA:14,13
DA:16,13
DA:694,13
DA:695,13
DA:696,13
DA:697,13
DA:698,13
DA:701,13
DA:702,0
DA:705,13
DA:706,0
DA:709,13
DA:710,0
DA:713,13
DA:714,0
DA:717,13
DA:718,0
DA:719,0
DA:720,0
DA:723,13
DA:724,0
DA:725,0
DA:726,0
DA:729,13
DA:730,0
DA:733,13
DA:734,0
DA:736,0
DA:737,0
DA:738,0
DA:739,0
DA:741,0
DA:749,13
DA:750,0
DA:753,0
DA:754,0
DA:755,0
DA:759,0
DA:762,13
DA:763,0
DA:767,13
DA:768,0
DA:769,0
DA:772,13
DA:773,0
DA:774,0
DA:777,13
DA:778,0
DA:782,0
DA:783,0
DA:784,0
DA:787,0
DA:788,0
DA:791,0
DA:801,0
DA:804,13
DA:805,0
DA:806,0
DA:807,0
DA:808,0
DA:811,13
DA:812,0
DA:836,0
DA:837,0
DA:842,13
LF:66
LH:24
BRDA:714,0,0,0
BRDA:714,0,1,0
BRDA:730,1,0,0
BRDA:730,1,1,0
BRDA:730,1,2,0
BRDA:730,1,3,0
BRDA:736,2,0,0
BRDA:736,2,1,0
BRDA:737,3,0,0
BRDA:737,3,1,0
BRDA:738,4,0,0
BRDA:738,4,1,0
BRDA:739,5,0,0
BRDA:739,5,1,0
BRDA:753,6,0,0
BRDA:753,6,1,0
BRDA:753,7,0,0
BRDA:753,7,1,0
BRDA:755,8,0,0
BRDA:755,8,1,0
BRDA:787,9,0,0
BRDA:787,9,1,0
BRDA:837,10,0,0
BRDA:837,10,1,0
BRDA:842,11,0,13
BRDA:842,11,1,13
BRF:26
BRH:2
end_of_record
TN:
SF:models\Waitlist.js
FNF:0
FNH:0
DA:1,12
DA:3,12
DA:26,12
LF:3
LH:3
BRF:0
BRH:0
end_of_record
TN:
SF:models\analytics.model.js
FN:44,(anonymous_0)
FN:51,(anonymous_1)
FN:52,(anonymous_2)
FN:61,(anonymous_3)
FN:67,(anonymous_4)
FN:68,(anonymous_5)
FN:69,(anonymous_6)
FN:74,(anonymous_7)
FN:75,(anonymous_8)
FN:77,(anonymous_9)
FN:84,(anonymous_10)
FN:87,(anonymous_11)
FN:90,(anonymous_12)
FN:98,(anonymous_13)
FN:102,(anonymous_14)
FN:106,(anonymous_15)
FNF:16
FNH:4
FNDA:0,(anonymous_0)
FNDA:0,(anonymous_1)
FNDA:0,(anonymous_2)
FNDA:0,(anonymous_3)
FNDA:2,(anonymous_4)
FNDA:0,(anonymous_5)
FNDA:0,(anonymous_6)
FNDA:2,(anonymous_7)
FNDA:0,(anonymous_8)
FNDA:0,(anonymous_9)
FNDA:0,(anonymous_10)
FNDA:2,(anonymous_11)
FNDA:0,(anonymous_12)
FNDA:19,(anonymous_13)
FNDA:0,(anonymous_14)
FNDA:0,(anonymous_15)
DA:1,13
DA:2,13
DA:4,13
DA:6,13
DA:7,0
DA:39,0
DA:41,13
DA:45,0
DA:46,0
DA:47,0
DA:48,0
DA:52,0
DA:53,0
DA:54,0
DA:56,0
DA:58,0
DA:62,0
DA:63,0
DA:64,0
DA:68,2
DA:69,0
DA:70,0
DA:74,2
DA:76,0
DA:77,0
DA:78,0
DA:79,0
DA:80,0
DA:82,0
DA:85,0
DA:88,2
DA:91,0
DA:95,2
DA:99,19
DA:103,0
DA:107,0
DA:111,13
DA:112,13
DA:113,13
LF:39
LH:13
BRDA:4,0,0,13
BRDA:4,0,1,1
BRDA:6,1,0,0
BRDA:6,1,1,13
BRDA:44,2,0,0
BRDA:46,3,0,0
BRDA:46,3,1,0
BRDA:47,4,0,0
BRDA:47,4,1,0
BRDA:48,5,0,0
BRDA:48,5,1,0
BRDA:53,6,0,0
BRDA:53,6,1,0
BRDA:61,7,0,0
BRDA:67,8,0,0
BRDA:70,9,0,0
BRDA:70,9,1,0
BRDA:75,10,0,0
BRDA:76,11,0,0
BRDA:76,11,1,0
BRDA:78,12,0,0
BRDA:78,12,1,0
BRDA:79,13,0,0
BRDA:79,13,1,0
BRDA:80,14,0,0
BRDA:80,14,1,0
BRF:26
BRH:3
end_of_record
TN:
SF:models\attendance.model.js
FNF:0
FNH:0
DA:1,14
DA:3,14
DA:39,14
DA:41,14
LF:4
LH:4
BRF:0
BRH:0
end_of_record
TN:
SF:models\conversation.model.js
FN:182,(anonymous_0)
FN:183,(anonymous_1)
FN:187,(anonymous_2)
FN:188,(anonymous_3)
[...]
DA:42,0
DA:43,0
DA:45,0
DA:49,0
LF:26
LH:0
BRF:0
BRH:0
end_of_record
TN:
SF:routes\smart_device_gateway.routes.js
FN:6,(anonymous_0)
FN:14,(anonymous_1)
FN:28,(anonymous_2)
FNF:3
FNH:0
FNDA:0,(anonymous_0)
FNDA:0,(anonymous_1)
FNDA:0,(anonymous_2)
DA:1,0
DA:2,0
DA:3,0
DA:6,0
DA:7,0
DA:14,0
DA:15,0
DA:16,0
DA:17,0
DA:18,0
DA:20,0
DA:28,0
DA:29,0
DA:30,0
DA:31,0
DA:32,0
DA:34,0
DA:38,0
LF:18
LH:0
BRF:0
BRH:0
end_of_record
TN:
SF:routes\smart_document.routes.js
FN:6,(anonymous_0)
FN:13,(anonymous_1)
FN:23,(anonymous_2)
FN:35,(anonymous_3)
FN:47,(anonymous_4)
FN:59,(anonymous_5)
FN:71,(anonymous_6)
FN:84,(anonymous_7)
FN:95,(anonymous_8)
FNF:9
FNH:0
FNDA:0,(anonymous_0)
FNDA:0,(anonymous_1)
FNDA:0,(anonymous_2)
FNDA:0,(anonymous_3)
FNDA:0,(anonymous_4)
FNDA:0,(anonymous_5)
FNDA:0,(anonymous_6)
FNDA:0,(anonymous_7)
FNDA:0,(anonymous_8)
DA:1,12
DA:2,12
DA:3,12
DA:6,12
DA:7,0
DA:13,12
DA:14,0
DA:15,0
DA:16,0
DA:18,0
DA:23,12
DA:24,0
DA:25,0
DA:26,0
DA:28,0
DA:35,12
DA:36,0
DA:38,0
DA:39,0
DA:40,0
DA:42,0
DA:47,12
DA:48,0
DA:50,0
DA:51,0
DA:52,0
DA:54,0
DA:59,12
DA:60,0
DA:62,0
DA:63,0
DA:64,0
DA:66,0
DA:71,12
DA:72,0
DA:73,0
DA:74,0
DA:75,0
DA:77,0
DA:79,0
DA:84,12
DA:85,0
DA:86,0
DA:87,0
DA:88,0
DA:90,0
DA:95,12
DA:96,0
DA:97,0
DA:98,0
DA:100,0
DA:113,12
LF:52
LH:13
BRDA:74,0,0,0
BRDA:74,0,1,0
BRDA:87,1,0,0
BRDA:87,1,1,0
BRDA:98,2,0,0
BRDA:98,2,1,0
BRF:6
BRH:0
end_of_record
TN:
SF:routes\smart_family_holo_port.routes.js
FN:6,(anonymous_0)
FN:14,(anonymous_1)
FN:28,(anonymous_2)
FN:42,(anonymous_3)
FNF:4
FNH:0
FNDA:0,(anonymous_0)
FNDA:0,(anonymous_1)
FNDA:0,(anonymous_2)
FNDA:0,(anonymous_3)
DA:1,0
DA:2,0
DA:3,0
DA:6,0
DA:7,0
DA:14,0
DA:15,0
DA:16,0
DA:17,0
DA:18,0
DA:20,0
DA:28,0
DA:29,0
DA:30,0
DA:31,0
DA:32,0
DA:34,0
DA:42,0
DA:43,0
DA:44,0
DA:45,0
DA:46,0
DA:48,0
DA:52,0
LF:24
LH:0
BRF:0
BRH:0
end_of_record
TN:
SF:routes\smart_nutrition.routes.js
FN:6,(anonymous_0)
FN:14,(anonymous_1)
FN:29,(anonymous_2)
FNF:3
FNH:0
FNDA:0,(anonymous_0)
FNDA:0,(anonymous_1)
FNDA:0,(anonymous_2)
DA:1,0
DA:2,0
DA:3,0
DA:6,0
DA:7,0
DA:14,0
DA:15,0
DA:16,0
DA:17,0
DA:18,0
DA:20,0
DA:21,0
DA:29,0
DA:30,0
DA:31,0
DA:32,0
DA:33,0
DA:35,0
DA:39,0
LF:19
LH:0
BRF:0
BRH:0
end_of_record
TN:
SF:routes\smart_patient_integrator.routes.js
FN:6,(anonymous_0)
FNF:1
FNH:0
FNDA:0,(anonymous_0)
DA:1,0
DA:2,0
DA:3,0
DA:6,0
DA:7,0
DA:8,0
DA:9,0
DA:14,0
DA:18,0
LF:9
LH:0
BRF:0
BRH:0
end_of_record
TN:
SF:routes\smart_predictive_ai.routes.js
FN:7,(anonymous_0)
FN:15,(anonymous_1)
FNF:2
FNH:0
FNDA:0,(anonymous_0)
FNDA:0,(anonymous_1)
DA:1,0
DA:2,0
DA:3,0
DA:4,0
DA:7,0
DA:8,0
DA:15,0
DA:16,0
DA:17,0
DA:20,0
DA:23,0
DA:25,0
DA:30,0
DA:31,0
DA:35,0
LF:15
LH:0
BRF:0
BRH:0
end_of_record
TN:
SF:routes\smart_psychotherapy.routes.js
FN:6,(anonymous_0)
FN:14,(anonymous_1)
FN:23,(anonymous_2)
FN:37,(anonymous_3)
FN:51,(anonymous_4)
FNF:5
FNH:0
FNDA:0,(anonymous_0)
FNDA:0,(anonymous_1)
FNDA:0,(anonymous_2)
FNDA:0,(anonymous_3)
FNDA:0,(anonymous_4)
DA:1,0
DA:2,0
DA:3,0
DA:6,0
DA:7,0
DA:14,0
DA:15,0
DA:16,0
DA:23,0
DA:24,0
DA:25,0
DA:26,0
DA:27,0
DA:29,0
DA:37,0
DA:38,0
DA:39,0
DA:40,0
DA:41,0
DA:43,0
DA:51,0
DA:52,0
DA:53,0
DA:54,0
DA:55,0
DA:57,0
DA:61,0
LF:27
LH:0
BRF:0
BRH:0
end_of_record
TN:
SF:routes\smart_transport.routes.js
FN:6,(anonymous_0)
FN:9,(anonymous_1)
FN:19,(anonymous_2)
FN:29,(anonymous_3)
FN:41,(anonymous_4)
FNF:5
FNH:0
FNDA:0,(anonymous_0)
FNDA:0,(anonymous_1)
FNDA:0,(anonymous_2)
FNDA:0,(anonymous_3)
FNDA:0,(anonymous_4)
DA:1,0
DA:2,0
DA:3,0
DA:6,0
DA:9,0
DA:10,0
DA:11,0
DA:12,0
DA:14,0
DA:19,0
DA:20,0
DA:21,0
DA:22,0
DA:24,0
DA:29,0
DA:30,0
DA:32,0
DA:33,0
DA:34,0
DA:36,0
DA:41,0
DA:42,0
DA:43,0
DA:44,0
DA:45,0
DA:47,0
DA:51,0
LF:27
LH:0
BRF:0
BRH:0
end_of_record
TN:
SF:routes\smart_vr.routes.js
FN:6,(anonymous_0)
FN:14,(anonymous_1)
FN:35,(anonymous_2)
FNF:3
FNH:0
FNDA:0,(anonymous_0)
FNDA:0,(anonymous_1)
FNDA:0,(anonymous_2)
DA:1,0
DA:2,0
DA:3,0
DA:6,0
DA:7,0
DA:14,0
DA:15,0
DA:16,0
DA:17,0
DA:19,0
DA:21,0
DA:26,0
DA:27,0
DA:35,0
DA:36,0
DA:37,0
DA:39,0
DA:41,0
DA:47,0
DA:51,0
LF:20
LH:0
BRDA:17,0,0,0
BRDA:17,0,1,0
BRDA:17,1,0,0
BRDA:17,1,1,0
BRF:4
BRH:0
end_of_record
TN:
SF:routes\smsRoutes.js
FN:21,(anonymous_0)
FN:46,(anonymous_1)
FN:71,(anonymous_2)
FN:83,(anonymous_3)
FN:84,(anonymous_4)
FN:103,(anonymous_5)
FN:128,(anonymous_6)
FN:144,(anonymous_7)
FNF:8
FNH:1
FNDA:1,(anonymous_0)
FNDA:0,(anonymous_1)
FNDA:0,(anonymous_2)
FNDA:0,(anonymous_3)
FNDA:0,(anonymous_4)
FNDA:0,(anonymous_5)
FNDA:0,(anonymous_6)
FNDA:0,(anonymous_7)
DA:5,13
DA:6,13
DA:7,13
DA:8,13
DA:10,13
DA:17,13
DA:22,1
DA:24,1
DA:25,0
DA:31,1
DA:33,1
DA:42,13
DA:47,0
DA:49,0
DA:50,0
DA:56,0
DA:58,0
DA:67,13
DA:72,0
DA:74,0
DA:75,0
DA:81,0
DA:83,0
DA:84,0
DA:86,0
DA:101,13
DA:104,0
DA:106,0
DA:107,0
DA:113,0
DA:115,0
DA:124,13
DA:129,0
DA:131,0
DA:140,13
DA:145,0
DA:147,0
DA:160,13
LF:38
LH:16
BRDA:24,0,0,0
BRDA:24,0,1,1
BRDA:24,1,0,1
BRDA:24,1,1,1
BRDA:33,2,0,1
BRDA:33,2,1,0
BRDA:49,3,0,0
BRDA:49,3,1,0
BRDA:49,4,0,0
BRDA:49,4,1,0
BRDA:49,4,2,0
BRDA:58,5,0,0
BRDA:58,5,1,0
BRDA:74,6,0,0
BRDA:74,6,1,0
BRDA:74,7,0,0
BRDA:74,7,1,0
BRDA:74,7,2,0
BRDA:106,8,0,0
BRDA:106,8,1,0
BRDA:106,9,0,0
BRDA:106,9,1,0
BRDA:115,10,0,0
BRDA:115,10,1,0
BRDA:131,11,0,0
BRDA:131,11,1,0
BRF:26
BRH:4
end_of_record
TN:
SF:routes\sports_smart.routes.js
FN:12,(anonymous_0)
FN:25,(anonymous_1)
FNF:2
FNH:0
FNDA:0,(anonymous_0)
FNDA:0,(anonymous_1)
DA:1,12
DA:2,12
DA:3,12
DA:4,12
DA:6,12
DA:12,12
DA:13,0
DA:14,0
DA:15,0
DA:17,0
DA:25,12
DA:26,0
DA:27,0
DA:28,0
DA:30,0
DA:34,12
LF:16
LH:8
BRF:0
BRH:0
end_of_record
TN:
SF:routes\strategy_smart.routes.js
FN:10,(anonymous_0)
FN:19,(anonymous_1)
FN:29,(anonymous_2)
FN:38,(anonymous_3)
FN:47,(anonymous_4)
FNF:5
FNH:0
FNDA:0,(anonymous_0)
FNDA:0,(anonymous_1)
FNDA:0,(anonymous_2)
FNDA:0,(anonymous_3)
FNDA:0,(anonymous_4)
DA:1,12
DA:2,12
DA:3,12
DA:4,12
DA:5,12
DA:7,12
DA:10,12
DA:11,0
DA:12,0
DA:13,0
DA:15,0
DA:19,12
DA:20,0
DA:21,0
DA:22,0
DA:24,0
DA:29,12
DA:30,0
DA:31,0
DA:32,0
DA:34,0
DA:38,12
DA:39,0
DA:40,0
DA:41,0
DA:43,0
DA:47,12
DA:48,0
DA:49,0
DA:50,0
DA:52,0
DA:56,12
LF:32
LH:12
BRF:0
BRH:0
end_of_record
TN:
SF:routes\substitution_smart.routes.js
FN:12,(anonymous_0)
FNF:1
FNH:0
FNDA:0,(anonymous_0)
DA:1,12
DA:2,12
DA:3,12
DA:4,12
DA:6,12
DA:12,12
DA:13,0
DA:14,0
DA:16,0
DA:17,0
DA:20,0
DA:28,0
DA:34,0
DA:38,12
LF:14
LH:7
BRDA:16,0,0,0
BRDA:16,0,1,0
BRDA:16,1,0,0
BRDA:16,1,1,0
BRDA:16,1,2,0
BRDA:24,2,0,0
BRDA:24,2,1,0
BRF:7
BRH:0
end_of_record
TN:
SF:routes\system.routes.js
FN:14,(anonymous_0)
FN:55,(anonymous_1)
FN:90,(anonymous_2)
FNF:3
FNH:0
FNDA:0,(anonymous_0)
FNDA:0,(anonymous_1)
FNDA:0,(anonymous_2)
DA:1,12
DA:2,12
DA:3,12
DA:4,12
DA:5,12
DA:6,12
DA:7,12
DA:8,12
DA:14,12
DA:15,0
DA:37,0
DA:39,0
DA:40,0
DA:41,0
DA:44,0
DA:46,0
DA:47,0
DA:55,12
DA:56,0
DA:57,0
DA:58,0
DA:61,0
DA:71,0
DA:77,0
DA:86,12
DA:91,0
DA:92,0
DA:94,0
DA:102,0
DA:104,0
DA:109,0
DA:114,12
LF:32
LH:12
BRDA:39,0,0,0
BRDA:39,0,1,0
BRDA:73,1,0,0
BRDA:73,1,1,0
BRF:4
BRH:0
end_of_record
TN:
SF:routes\telehealth_smart.routes.js
FN:12,(anonymous_0)
FN:26,(anonymous_1)
FNF:2
FNH:0
FNDA:0,(anonymous_0)
FNDA:0,(anonymous_1)
DA:1,12
DA:2,12
DA:3,12
DA:4,12
DA:6,12
DA:12,12
DA:13,0
DA:14,0
DA:15,0
DA:16,0
DA:18,0
DA:26,12
DA:27,0
DA:29,0
DA:30,0
DA:32,0
DA:36,12
LF:17
LH:8
BRF:0
BRH:0
end_of_record
TN:
SF:routes\training_smart.routes.js
FN:13,(anonymous_0)
FN:26,(anonymous_1)
FN:39,(anonymous_2)
FN:61,(anonymous_3)
FN:70,(anonymous_4)
FNF:5
FNH:0
FNDA:0,(anonymous_0)
FNDA:0,(anonymous_1)
FNDA:0,(anonymous_2)
FNDA:0,(anonymous_3)
FNDA:0,(anonymous_4)
DA:1,12
DA:2,12
DA:3,12
DA:4,12
DA:5,12
DA:7,12
DA:13,12
DA:14,0
DA:15,0
DA:16,0
DA:18,0
DA:26,12
DA:27,0
DA:28,0
DA:29,0
DA:31,0
DA:39,12
DA:40,0
DA:42,0
DA:43,0
DA:45,0
DA:47,0
DA:51,0
DA:53,0
DA:61,12
DA:62,0
DA:63,0
DA:64,0
DA:65,0
DA:67,0
DA:68,0
DA:70,0
DA:71,0
DA:73,0
DA:74,0
DA:75,0
DA:77,0
DA:78,0
DA:80,0
DA:84,12
LF:40
LH:11
BRDA:45,0,0,0
BRDA:45,0,1,0
BRDA:65,1,0,0
BRDA:65,1,1,0
BRDA:68,2,0,0
BRDA:68,2,1,0
BRDA:71,3,0,0
BRDA:71,3,1,0
BRF:8
BRH:0
end_of_record
TN:
SF:routes\transport_logistics_smart.routes.js
FN:12,(anonymous_0)
FN:25,(anonymous_1)
FNF:2
FNH:0
FNDA:0,(anonymous_0)
FNDA:0,(anonymous_1)
DA:1,12
DA:2,12
DA:3,12
DA:4,12
DA:6,12
DA:12,12
DA:13,0
DA:14,0
DA:15,0
DA:17,0
DA:25,12
DA:26,0
DA:27,0
DA:28,0
DA:30,0
DA:34,12
LF:16
LH:8
BRF:0
BRH:0
end_of_record
TN:
SF:routes\transport_smart.routes.js
FN:24,(anonymous_0)
FN:35,(anonymous_1)
FN:65,(anonymous_2)
FN:88,(anonymous_3)
FN:100,(anonymous_4)
FN:118,(anonymous_5)
FN:134,(anonymous_6)
FN:147,(anonymous_7)
FNF:8
FNH:0
FNDA:0,(anonymous_0)
FNDA:0,(anonymous_1)
FNDA:0,(anonymous_2)
FNDA:0,(anonymous_3)
FNDA:0,(anonymous_4)
FNDA:0,(anonymous_5)
FNDA:0,(anonymous_6)
FNDA:0,(anonymous_7)
DA:1,12
DA:2,12
DA:3,12
DA:4,12
DA:5,12
DA:8,12
DA:9,12
DA:13,12
DA:19,12
DA:24,12
DA:25,0
DA:26,0
DA:28,0
DA:35,12
DA:36,0
DA:37,0
DA:38,0
DA:39,0
DA:42,0
DA:45,0
DA:55,0
DA:60,0
DA:65,12
DA:66,0
DA:67,0
DA:68,0
DA:70,0
DA:71,0
DA:74,0
DA:77,0
DA:78,0
DA:81,0
DA:83,0
DA:88,12
DA:89,0
DA:90,0
DA:95,0
DA:100,12
DA:101,0
DA:102,0
DA:111,0
DA:118,12
DA:119,0
DA:120,0
DA:121,0
DA:123,0
DA:127,0
DA:129,0
DA:134,12
DA:135,0
DA:136,0
DA:137,0
DA:138,0
DA:140,0
DA:147,12
DA:148,0
DA:149,0
DA:150,0
DA:152,0
DA:154,0
DA:158,12
LF:61
LH:18
BRDA:8,0,0,12
BRDA:8,0,1,0
BRDA:70,1,0,0
BRDA:70,1,1,0
BRDA:77,2,0,0
BRDA:77,2,1,0
BRDA:137,3,0,0
BRDA:137,3,1,0
BRF:8
BRH:1
end_of_record
TN:
SF:routes\twoFARoutes.js
FN:15,(anonymous_0)
FN:40,(anonymous_1)
FN:65,(anonymous_2)
FN:90,(anonymous_3)
FN:118,(anonymous_4)
FN:144,(anonymous_5)
FN:170,(anonymous_6)
FN:195,(anonymous_7)
FN:220,(anonymous_8)
FN:238,(anonymous_9)
FN:263,(anonymous_10)
FN:301,(anonymous_11)
FN:313,(anonymous_12)
FNF:13
FNH:0
FNDA:0,(anonymous_0)
FNDA:0,(anonymous_1)
FNDA:0,(anonymous_2)
FNDA:0,(anonymous_3)
FNDA:0,(anonymous_4)
FNDA:0,(anonymous_5)
FNDA:0,(anonymous_6)
FNDA:0,(anonymous_7)
FNDA:0,(anonymous_8)
FNDA:0,(anonymous_9)
FNDA:0,(anonymous_10)
FNDA:0,(anonymous_11)
FNDA:0,(anonymous_12)
DA:6,12
DA:7,12
DA:8,12
DA:9,12
DA:15,12
DA:16,0
DA:17,0
DA:19,0
DA:20,0
DA:26,0
DA:27,0
DA:29,0
DA:40,12
DA:41,0
DA:42,0
DA:44,0
DA:45,0
DA:51,0
DA:52,0
DA:54,0
DA:65,12
DA:66,0
DA:67,0
DA:69,0
DA:70,0
DA:76,0
DA:77,0
DA:79,0
DA:90,12
DA:91,0
DA:92,0
DA:93,0
DA:95,0
DA:96,0
DA:102,0
DA:104,0
DA:105,0
DA:107,0
DA:118,12
DA:119,0
DA:120,0
DA:121,0
DA:123,0
DA:124,0
DA:130,0
DA:131,0
DA:133,0
DA:144,12
DA:145,0
DA:146,0
DA:147,0
DA:149,0
DA:150,0
DA:156,0
DA:157,0
DA:159,0
DA:170,12
DA:171,0
DA:172,0
DA:174,0
DA:175,0
DA:181,0
DA:182,0
DA:184,0
DA:195,12
DA:196,0
DA:197,0
DA:199,0
DA:200,0
DA:206,0
DA:207,0
DA:209,0
DA:220,12
DA:221,0
DA:222,0
DA:224,0
DA:225,0
DA:227,0
DA:238,12
DA:239,0
DA:240,0
DA:242,0
DA:244,0
DA:252,0
DA:263,12
DA:264,0
DA:265,0
DA:266,0
DA:268,0
DA:269,0
DA:276,0
DA:278,0
DA:279,0
DA:285,0
DA:290,0
DA:301,12
DA:302,0
DA:303,0
DA:305,0
DA:306,0
DA:313,0
DA:315,0
DA:321,0
DA:328,12
LF:104
LH:17
BRDA:19,0,0,0
BRDA:19,0,1,0
BRDA:44,1,0,0
BRDA:44,1,1,0
BRDA:69,2,0,0
BRDA:69,2,1,0
BRDA:69,3,0,0
BRDA:69,3,1,0
BRDA:95,4,0,0
BRDA:95,4,1,0
BRDA:102,5,0,0
BRDA:102,5,1,0
BRDA:123,6,0,0
BRDA:123,6,1,0
BRDA:149,7,0,0
BRDA:149,7,1,0
BRDA:174,8,0,0
BRDA:174,8,1,0
BRDA:174,9,0,0
BRDA:174,9,1,0
BRDA:199,10,0,0
BRDA:199,10,1,0
BRDA:199,11,0,0
BRDA:199,11,1,0
BRDA:268,12,0,0
BRDA:268,12,1,0
BRDA:276,13,0,0
BRDA:276,13,1,0
BRDA:278,14,0,0
BRDA:278,14,1,0
BRDA:305,15,0,0
BRDA:305,15,1,0
BRDA:305,16,0,0
BRDA:305,16,1,0
BRF:34
BRH:0
end_of_record
TN:
SF:routes\userProfileRoutes.js
FN:15,(anonymous_0)
FN:28,(anonymous_1)
FN:51,(anonymous_2)
FN:76,(anonymous_3)
FN:110,(anonymous_4)
FN:143,(anonymous_5)
FN:167,(anonymous_6)
FN:192,(anonymous_7)
FN:217,(anonymous_8)
FN:242,(anonymous_9)
FN:268,(anonymous_10)
FN:293,(anonymous_11)
FN:325,(anonymous_12)
FN:351,(anonymous_13)
FNF:14
FNH:0
FNDA:0,(anonymous_0)
FNDA:0,(anonymous_1)
FNDA:0,(anonymous_2)
FNDA:0,(anonymous_3)
FNDA:0,(anonymous_4)
FNDA:0,(anonymous_5)
FNDA:0,(anonymous_6)
FNDA:0,(anonymous_7)
FNDA:0,(anonymous_8)
FNDA:0,(anonymous_9)
FNDA:0,(anonymous_10)
FNDA:0,(anonymous_11)
FNDA:0,(anonymous_12)
FNDA:0,(anonymous_13)
DA:6,12
DA:7,12
DA:8,12
DA:9,12
DA:10,12
DA:13,12
DA:16,0
DA:17,0
DA:19,0
DA:28,12
DA:29,0
DA:30,0
DA:40,0
DA:51,12
DA:52,0
DA:53,0
DA:55,0
DA:56,0
DA:62,0
DA:63,0
DA:65,0
DA:76,12
DA:77,0
DA:78,0
DA:80,0
DA:81,0
DA:87,0
DA:97,0
DA:99,0
DA:110,12
DA:111,0
DA:112,0
DA:113,0
DA:115,0
DA:116,0
DA:122,0
DA:123,0
DA:129,0
DA:130,0
DA:132,0
DA:143,12
DA:144,0
DA:145,0
DA:147,0
DA:149,0
DA:150,0
DA:153,0
DA:154,0
DA:156,0
DA:167,12
DA:168,0
DA:169,0
DA:171,0
DA:172,0
DA:178,0
DA:179,0
DA:181,0
DA:192,12
DA:193,0
DA:194,0
DA:196,0
DA:197,0
DA:203,0
DA:204,0
DA:206,0
DA:217,12
DA:218,0
DA:219,0
DA:221,0
DA:222,0
DA:228,0
DA:229,0
DA:231,0
DA:242,12
DA:243,0
DA:244,0
DA:245,0
DA:247,0
DA:248,0
DA:254,0
DA:255,0
DA:257,0
DA:268,12
DA:269,0
DA:270,0
DA:272,0
DA:273,0
DA:279,0
DA:280,0
DA:282,0
DA:293,12
DA:294,0
DA:295,0
DA:297,0
DA:298,0
DA:304,0
DA:306,0
DA:307,0
DA:308,0
DA:309,0
DA:311,0
DA:314,0
DA:325,12
DA:326,0
DA:327,0
DA:328,0
DA:330,0
DA:331,0
DA:337,0
DA:338,0
DA:340,0
DA:351,12
DA:352,0
DA:353,0
DA:354,0
DA:360,0
DA:362,0
DA:363,0
DA:365,0
DA:372,12
LF:120
LH:20
BRDA:16,0,0,0
BRDA:16,0,1,0
BRDA:55,1,0,0
BRDA:55,1,1,0
BRDA:55,2,0,0
BRDA:55,2,1,0
BRDA:80,3,0,0
BRDA:80,3,1,0
BRDA:80,4,0,0
BRDA:80,4,1,0
BRDA:115,5,0,0
BRDA:115,5,1,0
BRDA:122,6,0,0
BRDA:122,6,1,0
BRDA:122,7,0,0
BRDA:122,7,1,0
BRDA:149,8,0,0
BRDA:149,8,1,0
BRDA:171,9,0,0
BRDA:171,9,1,0
BRDA:171,10,0,0
BRDA:171,10,1,0
BRDA:196,11,0,0
BRDA:196,11,1,0
BRDA:196,12,0,0
BRDA:196,12,1,0
BRDA:221,13,0,0
BRDA:221,13,1,0
BRDA:221,14,0,0
BRDA:221,14,1,0
BRDA:245,15,0,0
BRDA:245,16,0,0
BRDA:247,17,0,0
BRDA:247,17,1,0
BRDA:247,18,0,0
BRDA:247,18,1,0
BRDA:270,19,0,0
BRDA:272,20,0,0
BRDA:272,20,1,0
BRDA:297,21,0,0
BRDA:297,21,1,0
BRDA:297,22,0,0
BRDA:297,22,1,0
BRDA:306,23,0,0
BRDA:306,23,1,0
BRDA:330,24,0,0
BRDA:330,24,1,0
BRDA:330,25,0,0
BRDA:330,25,1,0
BRDA:353,26,0,0
BRDA:353,26,1,0
BRDA:360,27,0,0
BRDA:360,28,0,0
BRF:53
BRH:0
end_of_record
TN:
SF:routes\vehicleRoutes.js
FN:26,(anonymous_0)
FN:49,(anonymous_1)
FN:64,(anonymous_2)
FN:79,(anonymous_3)
FN:94,(anonymous_4)
FN:111,(anonymous_5)
FN:126,(anonymous_6)
FN:141,(anonymous_7)
FN:158,(anonymous_8)
FN:173,(anonymous_9)
FN:190,(anonymous_10)
FN:207,(anonymous_11)
FN:222,(anonymous_12)
FN:237,(anonymous_13)
FN:252,(anonymous_14)
FNF:15
FNH:3
FNDA:2,(anonymous_0)
FNDA:2,(anonymous_1)
FNDA:1,(anonymous_2)
FNDA:0,(anonymous_3)
FNDA:0,(anonymous_4)
FNDA:0,(anonymous_5)
FNDA:0,(anonymous_6)
FNDA:0,(anonymous_7)
FNDA:0,(anonymous_8)
FNDA:0,(anonymous_9)
FNDA:0,(anonymous_10)
FNDA:0,(anonymous_11)
FNDA:0,(anonymous_12)
FNDA:0,(anonymous_13)
FNDA:0,(anonymous_14)
DA:10,1
DA:11,1
DA:12,1
DA:13,1
DA:14,1
DA:15,1
DA:16,1
DA:17,1
DA:26,1
DA:27,2
DA:28,2
DA:36,2
DA:37,2
DA:39,0
DA:40,0
DA:49,1
DA:50,2
DA:51,2
DA:52,1
DA:54,1
DA:55,1
DA:64,1
DA:65,1
DA:66,1
DA:67,1
DA:69,0
DA:70,0
DA:79,1
DA:80,0
DA:81,0
DA:82,0
DA:84,0
DA:85,0
DA:94,1
DA:95,0
DA:96,0
DA:97,0
DA:99,0
DA:100,0
DA:111,1
DA:112,0
DA:113,0
DA:114,0
DA:116,0
DA:117,0
DA:126,1
DA:127,0
DA:128,0
DA:129,0
DA:131,0
DA:132,0
DA:141,1
DA:142,0
DA:143,0
DA:144,0
DA:146,0
DA:147,0
DA:158,1
DA:159,0
DA:160,0
DA:161,0
DA:163,0
DA:164,0
DA:173,1
DA:174,0
DA:175,0
DA:176,0
DA:178,0
DA:179,0
DA:190,1
DA:191,0
DA:192,0
DA:193,0
DA:195,0
DA:196,0
DA:207,1
DA:208,0
DA:209,0
DA:210,0
DA:212,0
DA:213,0
DA:222,1
DA:223,0
DA:224,0
DA:225,0
DA:227,0
DA:228,0
DA:237,1
DA:238,0
DA:239,0
DA:240,0
DA:242,0
DA:243,0
DA:252,1
DA:253,0
DA:254,0
DA:255,0
DA:256,0
DA:258,0
DA:259,0
DA:263,1
LF:101
LH:36
BRF:0
BRH:0
end_of_record
TN:
SF:routes\vocational_smart.routes.js
FN:12,(anonymous_0)
FN:25,(anonymous_1)
FNF:2
FNH:0
FNDA:0,(anonymous_0)
FNDA:0,(anonymous_1)
DA:1,12
DA:2,12
DA:3,12
DA:4,12
DA:6,12
DA:12,12
DA:13,0
DA:14,0
DA:15,0
DA:17,0
DA:25,12
DA:26,0
DA:27,0
DA:28,0
DA:30,0
DA:34,12
LF:16
LH:8
BRF:0
BRH:0
end_of_record
TN:
SF:routes\voice_assistant_smart.routes.js
FN:6,(anonymous_0)
FN:26,(anonymous_1)
FNF:2
FNH:0
FNDA:0,(anonymous_0)
FNDA:0,(anonymous_1)
DA:1,12
DA:2,12
DA:3,12
DA:6,12
DA:7,0
DA:8,0
DA:11,0
DA:12,0
DA:13,0
DA:14,0
DA:18,0
DA:19,0
DA:21,0
DA:26,12
DA:27,0
DA:33,12
LF:16
LH:6
BRDA:11,0,0,0
BRDA:11,0,1,0
BRDA:13,1,0,0
BRDA:13,1,1,0
BRF:4
BRH:0
end_of_record
TN:
SF:routes\voice_smart.routes.js
FN:15,(anonymous_0)
FNF:1
FNH:0
FNDA:0,(anonymous_0)
DA:1,12
DA:2,12
DA:3,12
DA:4,12
DA:5,12
DA:7,12
DA:9,12
DA:15,12
DA:16,0
DA:17,0
DA:18,0
DA:22,0
DA:25,0
DA:27,0
DA:33,0
DA:37,12
LF:16
LH:9
BRDA:17,0,0,0
BRDA:17,0,1,0
BRF:2
BRH:0
end_of_record
TN:
SF:routes\wearable_smart.routes.js
FN:6,(anonymous_0)
FN:17,(anonymous_1)
FN:28,(anonymous_2)
FNF:3
FNH:0
FNDA:0,(anonymous_0)
FNDA:0,(anonymous_1)
FNDA:0,(anonymous_2)
DA:1,12
DA:2,12
DA:3,12
DA:6,12
DA:7,0
DA:8,0
DA:9,0
DA:10,0
DA:12,0
DA:17,12
DA:18,0
DA:19,0
DA:20,0
DA:21,0
DA:23,0
DA:28,12
DA:29,0
DA:30,0
DA:31,0
DA:33,0
DA:37,12
LF:21
LH:7
BRF:0
BRH:0
end_of_record
TN:
SF:routes\wellbeing_smart.routes.js
FN:12,(anonymous_0)
FN:26,(anonymous_1)
FNF:2
FNH:0
FNDA:0,(anonymous_0)
FNDA:0,(anonymous_1)
DA:1,12
DA:2,12
DA:3,12
DA:4,12
DA:6,12
DA:12,12
DA:13,0
DA:15,0
DA:16,0
DA:18,0
DA:26,12
DA:27,0
DA:28,0
DA:29,0
DA:30,0
DA:32,0
DA:36,12
LF:17
LH:8
BRF:0
BRH:0
end_of_record
TN:
SF:utils\errorHandler.js
FN:4,(anonymous_0)
FN:12,(anonymous_1)
FN:24,(anonymous_2)
FN:87,(anonymous_3)
FN:87,(anonymous_4)
FNF:5
FNH:5
FNDA:10,(anonymous_0)
FNDA:16,(anonymous_1)
FNDA:7,(anonymous_2)
FNDA:543,(anonymous_3)
FNDA:3,(anonymous_4)
DA:5,10
DA:6,10
DA:7,10
DA:8,10
DA:12,13
DA:14,16
DA:23,16
DA:24,7
DA:25,4
DA:35,16
DA:36,1
DA:37,1
DA:46,16
DA:47,1
DA:56,16
DA:57,0
DA:65,16
DA:66,0
DA:75,16
DA:76,0
DA:84,16
DA:87,543
DA:88,3
DA:91,13
LF:24
LH:21
BRDA:4,0,0,7
BRDA:16,1,0,16
BRDA:16,1,1,11
BRDA:17,2,0,16
BRDA:17,2,1,2
BRDA:18,3,0,16
BRDA:18,3,1,13
BRDA:23,4,0,4
BRDA:23,4,1,12
BRDA:35,5,0,1
BRDA:35,5,1,15
BRDA:46,6,0,1
BRDA:46,6,1,15
BRDA:56,7,0,0
BRDA:56,7,1,16
BRDA:65,8,0,0
BRDA:65,8,1,16
BRDA:75,9,0,0
BRDA:75,9,1,16
BRF:19
BRH:16
end_of_record
TN:
SF:utils\logger.js
FN:5,(anonymous_0)
FN:9,(anonymous_1)
FN:13,(anonymous_2)
FN:17,(anonymous_3)
FNF:4
FNH:4
FNDA:20,(anonymous_0)
FNDA:6,(anonymous_1)
FNDA:1,(anonymous_2)
FNDA:2,(anonymous_3)
DA:4,18
DA:6,20
DA:10,6
DA:14,1
DA:18,2
DA:19,0
DA:24,18
LF:7
LH:6
BRDA:18,0,0,0
BRDA:18,0,1,2
BRF:2
BRH:1
end_of_record
TN:
SF:utils\security.js
FN:10,(anonymous_0)
FN:17,(anonymous_1)
FN:24,(anonymous_2)
FN:47,(anonymous_3)
FN:54,(anonymous_4)
FN:62,(anonymous_5)
FN:76,(anonymous_6)
FN:93,(anonymous_7)
FN:123,(anonymous_8)
FNF:9
FNH:4
FNDA:0,(anonymous_0)
FNDA:0,(anonymous_1)
FNDA:0,(anonymous_2)
FNDA:0,(anonymous_3)
FNDA:0,(anonymous_4)
FNDA:57,(anonymous_5)
FNDA:67,(anonymous_6)
FNDA:184,(anonymous_7)
FNDA:184,(anonymous_8)
DA:1,13
DA:10,13
DA:11,0
DA:17,13
DA:18,0
DA:24,13
DA:25,0
DA:26,0
DA:27,0
DA:28,0
DA:29,0
DA:31,0
DA:34,0
DA:35,0
DA:36,0
DA:37,0
DA:40,0
DA:41,0
DA:45,0
DA:47,0
DA:54,13
DA:55,0
DA:56,0
DA:62,13
DA:63,57
DA:76,13
DA:77,67
DA:78,67
DA:83,67
DA:87,67
DA:93,13
DA:94,184
DA:105,184
DA:111,184
DA:112,736
DA:113,0
DA:117,184
DA:123,13
DA:124,184
DA:125,0
DA:132,0
DA:138,184
DA:141,13
LF:43
LH:22
BRDA:10,0,0,0
BRDA:24,1,0,0
BRDA:54,2,0,0
BRDA:55,3,0,0
BRDA:55,3,1,0
BRDA:64,4,0,57
BRDA:64,4,1,55
BRDA:64,4,2,54
BRDA:64,4,3,2
BRDA:64,4,4,1
BRDA:64,4,5,1
BRDA:76,5,0,1
BRDA:112,6,0,0
BRDA:112,6,1,736
BRDA:124,7,0,0
BRDA:124,7,1,184
BRF:16
BRH:9
end_of_record
TN:
SF:utils\seedDatabase.js
FN:5,(anonymous_0)
FNF:1
FNH:1
FNDA:14,(anonymous_0)
DA:2,1
DA:3,1
DA:5,1
DA:6,14
DA:8,14
DA:10,14
DA:11,1
DA:12,1
DA:16,13
DA:18,13
DA:28,13
DA:29,5
DA:31,8
DA:33,1
DA:38,1
LF:15
LH:15
BRDA:10,0,0,1
BRDA:10,0,1,13
BRDA:31,1,0,1
BRDA:31,1,1,7
BRF:4
BRH:4
end_of_record
TN:
SF:utils\validators.js
FN:80,(anonymous_0)
FN:81,(anonymous_1)
FN:88,(anonymous_2)
FNF:3
FNH:0
FNDA:0,(anonymous_0)
FNDA:0,(anonymous_1)
FNDA:0,(anonymous_2)
DA:2,1
DA:5,1
DA:33,1
DA:64,1
DA:80,1
DA:81,0
DA:82,0
DA:87,0
DA:88,0
DA:93,0
DA:101,0
DA:102,0
DA:106,1
LF:13
LH:6
BRDA:87,0,0,0
BRDA:87,0,1,0
BRF:2
BRH:0
end_of_record
