{"C:\\Users\\x-be\\OneDrive\\المستندات\\04-10-2025\\66666\\backend\\hr-service\\src\\repository.js": {"path":"C:\\Users\\x-be\\OneDrive\\المستندات\\04-10-2025\\66666\\backend\\hr-service\\src\\repository.js","statementMap":{"0":{"start":{"line":4,"column":15},"end":{"line":4,"column":29}},"1":{"start":{"line":8,"column":2},"end":{"line":8,"column":24}},"2":{"start":{"line":8,"column":12},"end":{"line":8,"column":24}},"3":{"start":{"line":9,"column":2},"end":{"line":9,"column":56}},"4":{"start":{"line":9,"column":44},"end":{"line":9,"column":56}},"5":{"start":{"line":10,"column":2},"end":{"line":14,"column":5}},"6":{"start":{"line":15,"column":2},"end":{"line":15,"column":81}},"7":{"start":{"line":15,"column":28},"end":{"line":15,"column":79}},"8":{"start":{"line":16,"column":2},"end":{"line":16,"column":14}},"9":{"start":{"line":20,"column":12},"end":{"line":20,"column":21}},"10":{"start":{"line":21,"column":2},"end":{"line":24,"column":3}},"11":{"start":{"line":22,"column":4},"end":{"line":22,"column":82}},"12":{"start":{"line":23,"column":4},"end":{"line":23,"column":17}},"13":{"start":{"line":25,"column":2},"end":{"line":25,"column":14}},"14":{"start":{"line":29,"column":12},"end":{"line":29,"column":57}},"15":{"start":{"line":33,"column":2},"end":{"line":41,"column":4}},"16":{"start":{"line":45,"column":2},"end":{"line":55,"column":4}},"17":{"start":{"line":59,"column":12},"end":{"line":59,"column":21}},"18":{"start":{"line":60,"column":2},"end":{"line":63,"column":3}},"19":{"start":{"line":61,"column":4},"end":{"line":61,"column":35}},"20":{"start":{"line":62,"column":4},"end":{"line":62,"column":18}},"21":{"start":{"line":64,"column":2},"end":{"line":67,"column":4}},"22":{"start":{"line":68,"column":2},"end":{"line":68,"column":16}},"23":{"start":{"line":72,"column":12},"end":{"line":72,"column":21}},"24":{"start":{"line":73,"column":2},"end":{"line":88,"column":3}},"25":{"start":{"line":74,"column":21},"end":{"line":74,"column":42}},"26":{"start":{"line":75,"column":4},"end":{"line":75,"column":32}},"27":{"start":{"line":75,"column":19},"end":{"line":75,"column":32}},"28":{"start":{"line":77,"column":22},"end":{"line":77,"column":62}},"29":{"start":{"line":78,"column":20},"end":{"line":78,"column":22}},"30":{"start":{"line":79,"column":4},"end":{"line":83,"column":5}},"31":{"start":{"line":80,"column":6},"end":{"line":82,"column":7}},"32":{"start":{"line":81,"column":8},"end":{"line":81,"column":23}},"33":{"start":{"line":85,"column":20},"end":{"line":85,"column":84}},"34":{"start":{"line":86,"column":4},"end":{"line":86,"column":35}},"35":{"start":{"line":87,"column":4},"end":{"line":87,"column":16}},"36":{"start":{"line":89,"column":17},"end":{"line":89,"column":19}},"37":{"start":{"line":90,"column":17},"end":{"line":90,"column":19}},"38":{"start":{"line":91,"column":12},"end":{"line":91,"column":13}},"39":{"start":{"line":92,"column":2},"end":{"line":97,"column":3}},"40":{"start":{"line":93,"column":4},"end":{"line":96,"column":5}},"41":{"start":{"line":94,"column":6},"end":{"line":94,"column":36}},"42":{"start":{"line":95,"column":6},"end":{"line":95,"column":21}},"43":{"start":{"line":98,"column":2},"end":{"line":98,"column":34}},"44":{"start":{"line":98,"column":22},"end":{"line":98,"column":34}},"45":{"start":{"line":99,"column":2},"end":{"line":99,"column":18}},"46":{"start":{"line":100,"column":2},"end":{"line":103,"column":4}},"47":{"start":{"line":104,"column":2},"end":{"line":104,"column":14}},"48":{"start":{"line":108,"column":12},"end":{"line":108,"column":21}},"49":{"start":{"line":109,"column":2},"end":{"line":111,"column":3}},"50":{"start":{"line":110,"column":4},"end":{"line":110,"column":41}},"51":{"start":{"line":112,"column":19},"end":{"line":112,"column":77}},"52":{"start":{"line":113,"column":2},"end":{"line":113,"column":49}},"53":{"start":{"line":117,"column":12},"end":{"line":117,"column":21}},"54":{"start":{"line":118,"column":2},"end":{"line":123,"column":3}},"55":{"start":{"line":119,"column":14},"end":{"line":119,"column":48}},"56":{"start":{"line":120,"column":4},"end":{"line":120,"column":73}},"57":{"start":{"line":120,"column":20},"end":{"line":120,"column":73}},"58":{"start":{"line":120,"column":44},"end":{"line":120,"column":71}},"59":{"start":{"line":121,"column":4},"end":{"line":121,"column":61}},"60":{"start":{"line":121,"column":16},"end":{"line":121,"column":61}},"61":{"start":{"line":121,"column":40},"end":{"line":121,"column":59}},"62":{"start":{"line":122,"column":4},"end":{"line":122,"column":15}},"63":{"start":{"line":124,"column":15},"end":{"line":124,"column":17}},"64":{"start":{"line":125,"column":17},"end":{"line":125,"column":19}},"65":{"start":{"line":126,"column":12},"end":{"line":126,"column":13}},"66":{"start":{"line":127,"column":2},"end":{"line":130,"column":3}},"67":{"start":{"line":128,"column":4},"end":{"line":128,"column":38}},"68":{"start":{"line":129,"column":4},"end":{"line":129,"column":28}},"69":{"start":{"line":131,"column":2},"end":{"line":134,"column":3}},"70":{"start":{"line":132,"column":4},"end":{"line":132,"column":34}},"71":{"start":{"line":133,"column":4},"end":{"line":133,"column":24}},"72":{"start":{"line":135,"column":16},"end":{"line":135,"column":64}},"73":{"start":{"line":136,"column":19},"end":{"line":139,"column":3}},"74":{"start":{"line":140,"column":2},"end":{"line":140,"column":33}},"75":{"start":{"line":144,"column":12},"end":{"line":144,"column":21}},"76":{"start":{"line":145,"column":2},"end":{"line":148,"column":3}},"77":{"start":{"line":146,"column":4},"end":{"line":146,"column":34}},"78":{"start":{"line":147,"column":4},"end":{"line":147,"column":18}},"79":{"start":{"line":149,"column":2},"end":{"line":160,"column":4}},"80":{"start":{"line":161,"column":2},"end":{"line":161,"column":16}},"81":{"start":{"line":165,"column":12},"end":{"line":165,"column":21}},"82":{"start":{"line":166,"column":2},"end":{"line":171,"column":3}},"83":{"start":{"line":167,"column":14},"end":{"line":167,"column":47}},"84":{"start":{"line":168,"column":4},"end":{"line":168,"column":73}},"85":{"start":{"line":168,"column":20},"end":{"line":168,"column":73}},"86":{"start":{"line":168,"column":44},"end":{"line":168,"column":71}},"87":{"start":{"line":169,"column":4},"end":{"line":169,"column":61}},"88":{"start":{"line":169,"column":16},"end":{"line":169,"column":61}},"89":{"start":{"line":169,"column":40},"end":{"line":169,"column":59}},"90":{"start":{"line":170,"column":4},"end":{"line":170,"column":15}},"91":{"start":{"line":172,"column":15},"end":{"line":172,"column":17}},"92":{"start":{"line":173,"column":17},"end":{"line":173,"column":19}},"93":{"start":{"line":174,"column":12},"end":{"line":174,"column":13}},"94":{"start":{"line":175,"column":2},"end":{"line":178,"column":3}},"95":{"start":{"line":176,"column":4},"end":{"line":176,"column":39}},"96":{"start":{"line":177,"column":4},"end":{"line":177,"column":28}},"97":{"start":{"line":179,"column":2},"end":{"line":182,"column":3}},"98":{"start":{"line":180,"column":4},"end":{"line":180,"column":34}},"99":{"start":{"line":181,"column":4},"end":{"line":181,"column":24}},"100":{"start":{"line":183,"column":16},"end":{"line":183,"column":64}},"101":{"start":{"line":184,"column":19},"end":{"line":184,"column":99}},"102":{"start":{"line":185,"column":2},"end":{"line":185,"column":32}},"103":{"start":{"line":189,"column":12},"end":{"line":189,"column":21}},"104":{"start":{"line":190,"column":17},"end":{"line":190,"column":68}},"105":{"start":{"line":191,"column":2},"end":{"line":195,"column":3}},"106":{"start":{"line":192,"column":4},"end":{"line":194,"column":6}},"107":{"start":{"line":193,"column":13},"end":{"line":193,"column":64}},"108":{"start":{"line":196,"column":19},"end":{"line":199,"column":3}},"109":{"start":{"line":200,"column":2},"end":{"line":200,"column":32}}},"fnMap":{"0":{"name":"getPool","decl":{"start":{"line":7,"column":9},"end":{"line":7,"column":16}},"loc":{"start":{"line":7,"column":19},"end":{"line":17,"column":1}},"line":7},"1":{"name":"(anonymous_1)","decl":{"start":{"line":15,"column":19},"end":{"line":15,"column":20}},"loc":{"start":{"line":15,"column":28},"end":{"line":15,"column":79}},"line":15},"2":{"name":"initDb","decl":{"start":{"line":19,"column":22},"end":{"line":19,"column":28}},"loc":{"start":{"line":19,"column":31},"end":{"line":26,"column":1}},"line":19},"3":{"name":"rowToEmployee","decl":{"start":{"line":32,"column":9},"end":{"line":32,"column":22}},"loc":{"start":{"line":32,"column":26},"end":{"line":42,"column":1}},"line":32},"4":{"name":"rowToLicense","decl":{"start":{"line":44,"column":9},"end":{"line":44,"column":21}},"loc":{"start":{"line":44,"column":25},"end":{"line":56,"column":1}},"line":44},"5":{"name":"createEmployee","decl":{"start":{"line":58,"column":22},"end":{"line":58,"column":36}},"loc":{"start":{"line":58,"column":42},"end":{"line":69,"column":1}},"line":58},"6":{"name":"updateEmployee","decl":{"start":{"line":71,"column":22},"end":{"line":71,"column":36}},"loc":{"start":{"line":71,"column":50},"end":{"line":105,"column":1}},"line":71},"7":{"name":"getEmployee","decl":{"start":{"line":107,"column":22},"end":{"line":107,"column":33}},"loc":{"start":{"line":107,"column":38},"end":{"line":114,"column":1}},"line":107},"8":{"name":"listEmployees","decl":{"start":{"line":116,"column":22},"end":{"line":116,"column":35}},"loc":{"start":{"line":116,"column":65},"end":{"line":141,"column":1}},"line":116},"9":{"name":"(anonymous_9)","decl":{"start":{"line":120,"column":37},"end":{"line":120,"column":38}},"loc":{"start":{"line":120,"column":44},"end":{"line":120,"column":71}},"line":120},"10":{"name":"(anonymous_10)","decl":{"start":{"line":121,"column":33},"end":{"line":121,"column":34}},"loc":{"start":{"line":121,"column":40},"end":{"line":121,"column":59}},"line":121},"11":{"name":"createLicense","decl":{"start":{"line":143,"column":22},"end":{"line":143,"column":35}},"loc":{"start":{"line":143,"column":41},"end":{"line":162,"column":1}},"line":143},"12":{"name":"listLicenses","decl":{"start":{"line":164,"column":22},"end":{"line":164,"column":34}},"loc":{"start":{"line":164,"column":64},"end":{"line":186,"column":1}},"line":164},"13":{"name":"(anonymous_13)","decl":{"start":{"line":168,"column":37},"end":{"line":168,"column":38}},"loc":{"start":{"line":168,"column":44},"end":{"line":168,"column":71}},"line":168},"14":{"name":"(anonymous_14)","decl":{"start":{"line":169,"column":33},"end":{"line":169,"column":34}},"loc":{"start":{"line":169,"column":40},"end":{"line":169,"column":59}},"line":169},"15":{"name":"listLicensesDue","decl":{"start":{"line":188,"column":22},"end":{"line":188,"column":37}},"loc":{"start":{"line":188,"column":49},"end":{"line":201,"column":1}},"line":188},"16":{"name":"(anonymous_16)","decl":{"start":{"line":193,"column":6},"end":{"line":193,"column":7}},"loc":{"start":{"line":193,"column":13},"end":{"line":193,"column":64}},"line":193}},"branchMap":{"0":{"loc":{"start":{"line":8,"column":2},"end":{"line":8,"column":24}},"type":"if","locations":[{"start":{"line":8,"column":2},"end":{"line":8,"column":24}},{"start":{},"end":{}}],"line":8},"1":{"loc":{"start":{"line":9,"column":2},"end":{"line":9,"column":56}},"type":"if","locations":[{"start":{"line":9,"column":2},"end":{"line":9,"column":56}},{"start":{},"end":{}}],"line":9},"2":{"loc":{"start":{"line":12,"column":16},"end":{"line":12,"column":47}},"type":"binary-expr","locations":[{"start":{"line":12,"column":16},"end":{"line":12,"column":42}},{"start":{"line":12,"column":46},"end":{"line":12,"column":47}}],"line":12},"3":{"loc":{"start":{"line":21,"column":2},"end":{"line":24,"column":3}},"type":"if","locations":[{"start":{"line":21,"column":2},"end":{"line":24,"column":3}},{"start":{},"end":{}}],"line":21},"4":{"loc":{"start":{"line":60,"column":2},"end":{"line":63,"column":3}},"type":"if","locations":[{"start":{"line":60,"column":2},"end":{"line":63,"column":3}},{"start":{},"end":{}}],"line":60},"5":{"loc":{"start":{"line":73,"column":2},"end":{"line":88,"column":3}},"type":"if","locations":[{"start":{"line":73,"column":2},"end":{"line":88,"column":3}},{"start":{},"end":{}}],"line":73},"6":{"loc":{"start":{"line":75,"column":4},"end":{"line":75,"column":32}},"type":"if","locations":[{"start":{"line":75,"column":4},"end":{"line":75,"column":32}},{"start":{},"end":{}}],"line":75},"7":{"loc":{"start":{"line":80,"column":6},"end":{"line":82,"column":7}},"type":"if","locations":[{"start":{"line":80,"column":6},"end":{"line":82,"column":7}},{"start":{},"end":{}}],"line":80},"8":{"loc":{"start":{"line":93,"column":4},"end":{"line":96,"column":5}},"type":"if","locations":[{"start":{"line":93,"column":4},"end":{"line":96,"column":5}},{"start":{},"end":{}}],"line":93},"9":{"loc":{"start":{"line":98,"column":2},"end":{"line":98,"column":34}},"type":"if","locations":[{"start":{"line":98,"column":2},"end":{"line":98,"column":34}},{"start":{},"end":{}}],"line":98},"10":{"loc":{"start":{"line":109,"column":2},"end":{"line":111,"column":3}},"type":"if","locations":[{"start":{"line":109,"column":2},"end":{"line":111,"column":3}},{"start":{},"end":{}}],"line":109},"11":{"loc":{"start":{"line":110,"column":11},"end":{"line":110,"column":40}},"type":"binary-expr","locations":[{"start":{"line":110,"column":11},"end":{"line":110,"column":32}},{"start":{"line":110,"column":36},"end":{"line":110,"column":40}}],"line":110},"12":{"loc":{"start":{"line":113,"column":9},"end":{"line":113,"column":48}},"type":"cond-expr","locations":[{"start":{"line":113,"column":19},"end":{"line":113,"column":41}},{"start":{"line":113,"column":44},"end":{"line":113,"column":48}}],"line":113},"13":{"loc":{"start":{"line":116,"column":36},"end":{"line":116,"column":63}},"type":"default-arg","locations":[{"start":{"line":116,"column":61},"end":{"line":116,"column":63}}],"line":116},"14":{"loc":{"start":{"line":118,"column":2},"end":{"line":123,"column":3}},"type":"if","locations":[{"start":{"line":118,"column":2},"end":{"line":123,"column":3}},{"start":{},"end":{}}],"line":118},"15":{"loc":{"start":{"line":120,"column":4},"end":{"line":120,"column":73}},"type":"if","locations":[{"start":{"line":120,"column":4},"end":{"line":120,"column":73}},{"start":{},"end":{}}],"line":120},"16":{"loc":{"start":{"line":121,"column":4},"end":{"line":121,"column":61}},"type":"if","locations":[{"start":{"line":121,"column":4},"end":{"line":121,"column":61}},{"start":{},"end":{}}],"line":121},"17":{"loc":{"start":{"line":127,"column":2},"end":{"line":130,"column":3}},"type":"if","locations":[{"start":{"line":127,"column":2},"end":{"line":130,"column":3}},{"start":{},"end":{}}],"line":127},"18":{"loc":{"start":{"line":131,"column":2},"end":{"line":134,"column":3}},"type":"if","locations":[{"start":{"line":131,"column":2},"end":{"line":134,"column":3}},{"start":{},"end":{}}],"line":131},"19":{"loc":{"start":{"line":135,"column":16},"end":{"line":135,"column":64}},"type":"cond-expr","locations":[{"start":{"line":135,"column":30},"end":{"line":135,"column":59}},{"start":{"line":135,"column":62},"end":{"line":135,"column":64}}],"line":135},"20":{"loc":{"start":{"line":145,"column":2},"end":{"line":148,"column":3}},"type":"if","locations":[{"start":{"line":145,"column":2},"end":{"line":148,"column":3}},{"start":{},"end":{}}],"line":145},"21":{"loc":{"start":{"line":164,"column":35},"end":{"line":164,"column":62}},"type":"default-arg","locations":[{"start":{"line":164,"column":60},"end":{"line":164,"column":62}}],"line":164},"22":{"loc":{"start":{"line":166,"column":2},"end":{"line":171,"column":3}},"type":"if","locations":[{"start":{"line":166,"column":2},"end":{"line":171,"column":3}},{"start":{},"end":{}}],"line":166},"23":{"loc":{"start":{"line":168,"column":4},"end":{"line":168,"column":73}},"type":"if","locations":[{"start":{"line":168,"column":4},"end":{"line":168,"column":73}},{"start":{},"end":{}}],"line":168},"24":{"loc":{"start":{"line":169,"column":4},"end":{"line":169,"column":61}},"type":"if","locations":[{"start":{"line":169,"column":4},"end":{"line":169,"column":61}},{"start":{},"end":{}}],"line":169},"25":{"loc":{"start":{"line":175,"column":2},"end":{"line":178,"column":3}},"type":"if","locations":[{"start":{"line":175,"column":2},"end":{"line":178,"column":3}},{"start":{},"end":{}}],"line":175},"26":{"loc":{"start":{"line":179,"column":2},"end":{"line":182,"column":3}},"type":"if","locations":[{"start":{"line":179,"column":2},"end":{"line":182,"column":3}},{"start":{},"end":{}}],"line":179},"27":{"loc":{"start":{"line":183,"column":16},"end":{"line":183,"column":64}},"type":"cond-expr","locations":[{"start":{"line":183,"column":30},"end":{"line":183,"column":59}},{"start":{"line":183,"column":62},"end":{"line":183,"column":64}}],"line":183},"28":{"loc":{"start":{"line":188,"column":38},"end":{"line":188,"column":47}},"type":"default-arg","locations":[{"start":{"line":188,"column":45},"end":{"line":188,"column":47}}],"line":188},"29":{"loc":{"start":{"line":191,"column":2},"end":{"line":195,"column":3}},"type":"if","locations":[{"start":{"line":191,"column":2},"end":{"line":195,"column":3}},{"start":{},"end":{}}],"line":191}},"s":{"0":15,"1":40,"2":0,"3":40,"4":40,"5":0,"6":0,"7":0,"8":0,"9":18,"10":18,"11":18,"12":18,"13":0,"14":15,"15":0,"16":0,"17":3,"18":3,"19":3,"20":3,"21":0,"22":0,"23":3,"24":3,"25":3,"26":3,"27":1,"28":2,"29":2,"30":2,"31":2,"32":1,"33":2,"34":2,"35":2,"36":0,"37":0,"38":0,"39":0,"40":0,"41":0,"42":0,"43":0,"44":0,"45":0,"46":0,"47":0,"48":4,"49":4,"50":4,"51":0,"52":0,"53":1,"54":1,"55":1,"56":1,"57":1,"58":2,"59":1,"60":1,"61":2,"62":1,"63":0,"64":0,"65":0,"66":0,"67":0,"68":0,"69":0,"70":0,"71":0,"72":0,"73":0,"74":0,"75":6,"76":6,"77":6,"78":6,"79":0,"80":0,"81":2,"82":2,"83":2,"84":2,"85":1,"86":2,"87":2,"88":1,"89":2,"90":2,"91":0,"92":0,"93":0,"94":0,"95":0,"96":0,"97":0,"98":0,"99":0,"100":0,"101":0,"102":0,"103":3,"104":3,"105":3,"106":3,"107":6,"108":0,"109":0},"f":{"0":40,"1":0,"2":18,"3":0,"4":0,"5":3,"6":3,"7":4,"8":1,"9":2,"10":2,"11":6,"12":2,"13":2,"14":2,"15":3,"16":6},"b":{"0":[0,40],"1":[40,0],"2":[0,0],"3":[18,0],"4":[3,0],"5":[3,0],"6":[1,2],"7":[1,1],"8":[0,0],"9":[0,0],"10":[4,0],"11":[4,1],"12":[0,0],"13":[0],"14":[1,0],"15":[1,0],"16":[1,0],"17":[0,0],"18":[0,0],"19":[0,0],"20":[6,0],"21":[0],"22":[2,0],"23":[1,1],"24":[1,1],"25":[0,0],"26":[0,0],"27":[0,0],"28":[0],"29":[3,0]},"inputSourceMap":null,"_coverageSchema":"1a1c01bbd47fc00a2c39e90264f33305004495a9","hash":"c3f5f97f6c1d6dca6b5589f8500df88a230ba88c"}
,"C:\\Users\\x-be\\OneDrive\\المستندات\\04-10-2025\\66666\\backend\\hr-service\\src\\server.js": {"path":"C:\\Users\\x-be\\OneDrive\\المستندات\\04-10-2025\\66666\\backend\\hr-service\\src\\server.js","statementMap":{"0":{"start":{"line":27,"column":15},"end":{"line":27,"column":29}},"1":{"start":{"line":29,"column":0},"end":{"line":29,"column":43}},"2":{"start":{"line":32,"column":2},"end":{"line":36,"column":5}},"3":{"start":{"line":33,"column":14},"end":{"line":33,"column":38}},"4":{"start":{"line":34,"column":14},"end":{"line":34,"column":45}},"5":{"start":{"line":35,"column":4},"end":{"line":35,"column":26}},"6":{"start":{"line":43,"column":18},"end":{"line":43,"column":43}},"7":{"start":{"line":45,"column":2},"end":{"line":45,"column":90}},"8":{"start":{"line":45,"column":28},"end":{"line":45,"column":88}},"9":{"start":{"line":48,"column":2},"end":{"line":51,"column":5}},"10":{"start":{"line":49,"column":4},"end":{"line":49,"column":68}},"11":{"start":{"line":50,"column":4},"end":{"line":50,"column":57}},"12":{"start":{"line":54,"column":14},"end":{"line":54,"column":38}},"13":{"start":{"line":55,"column":17},"end":{"line":55,"column":21}},"14":{"start":{"line":56,"column":23},"end":{"line":58,"column":3}},"15":{"start":{"line":60,"column":4},"end":{"line":62,"column":5}},"16":{"start":{"line":61,"column":6},"end":{"line":61,"column":22}},"17":{"start":{"line":63,"column":20},"end":{"line":63,"column":68}},"18":{"start":{"line":64,"column":4},"end":{"line":66,"column":5}},"19":{"start":{"line":65,"column":6},"end":{"line":65,"column":18}},"20":{"start":{"line":67,"column":4},"end":{"line":81,"column":5}},"21":{"start":{"line":68,"column":39},"end":{"line":68,"column":59}},"22":{"start":{"line":69,"column":6},"end":{"line":75,"column":9}},"23":{"start":{"line":72,"column":22},"end":{"line":72,"column":30}},"24":{"start":{"line":76,"column":6},"end":{"line":76,"column":60}},"25":{"start":{"line":77,"column":6},"end":{"line":77,"column":36}},"26":{"start":{"line":79,"column":6},"end":{"line":79,"column":75}},"27":{"start":{"line":80,"column":6},"end":{"line":80,"column":22}},"28":{"start":{"line":82,"column":4},"end":{"line":82,"column":20}},"29":{"start":{"line":85,"column":4},"end":{"line":95,"column":5}},"30":{"start":{"line":86,"column":17},"end":{"line":86,"column":35}},"31":{"start":{"line":87,"column":6},"end":{"line":89,"column":7}},"32":{"start":{"line":88,"column":8},"end":{"line":88,"column":21}},"33":{"start":{"line":90,"column":6},"end":{"line":90,"column":65}},"34":{"start":{"line":91,"column":6},"end":{"line":91,"column":18}},"35":{"start":{"line":93,"column":6},"end":{"line":93,"column":84}},"36":{"start":{"line":94,"column":6},"end":{"line":94,"column":19}},"37":{"start":{"line":99,"column":4},"end":{"line":101,"column":14}},"38":{"start":{"line":100,"column":6},"end":{"line":100,"column":59}},"39":{"start":{"line":102,"column":4},"end":{"line":102,"column":40}},"40":{"start":{"line":106,"column":2},"end":{"line":144,"column":3}},"41":{"start":{"line":107,"column":4},"end":{"line":143,"column":5}},"42":{"start":{"line":108,"column":25},"end":{"line":108,"column":55}},"43":{"start":{"line":110,"column":20},"end":{"line":110,"column":73}},"44":{"start":{"line":111,"column":6},"end":{"line":113,"column":7}},"45":{"start":{"line":112,"column":8},"end":{"line":112,"column":81}},"46":{"start":{"line":115,"column":8},"end":{"line":120,"column":10}},"47":{"start":{"line":121,"column":6},"end":{"line":132,"column":9}},"48":{"start":{"line":122,"column":8},"end":{"line":130,"column":18}},"49":{"start":{"line":123,"column":24},"end":{"line":123,"column":90}},"50":{"start":{"line":124,"column":10},"end":{"line":129,"column":13}},"51":{"start":{"line":131,"column":8},"end":{"line":131,"column":15}},"52":{"start":{"line":133,"column":6},"end":{"line":140,"column":9}},"53":{"start":{"line":134,"column":8},"end":{"line":139,"column":9}},"54":{"start":{"line":135,"column":10},"end":{"line":135,"column":66}},"55":{"start":{"line":136,"column":10},"end":{"line":136,"column":52}},"56":{"start":{"line":138,"column":10},"end":{"line":138,"column":81}},"57":{"start":{"line":142,"column":6},"end":{"line":142,"column":76}},"58":{"start":{"line":147,"column":2},"end":{"line":147,"column":76}},"59":{"start":{"line":149,"column":2},"end":{"line":187,"column":4}},"60":{"start":{"line":154,"column":45},"end":{"line":154,"column":67}},"61":{"start":{"line":155,"column":52},"end":{"line":155,"column":90}},"62":{"start":{"line":160,"column":12},"end":{"line":165,"column":13}},"63":{"start":{"line":161,"column":25},"end":{"line":161,"column":43}},"64":{"start":{"line":162,"column":14},"end":{"line":162,"column":80}},"65":{"start":{"line":164,"column":14},"end":{"line":164,"column":69}},"66":{"start":{"line":172,"column":30},"end":{"line":172,"column":65}},"67":{"start":{"line":173,"column":27},"end":{"line":173,"column":60}},"68":{"start":{"line":175,"column":30},"end":{"line":175,"column":72}},"69":{"start":{"line":176,"column":12},"end":{"line":178,"column":13}},"70":{"start":{"line":177,"column":14},"end":{"line":177,"column":59}},"71":{"start":{"line":179,"column":12},"end":{"line":181,"column":13}},"72":{"start":{"line":180,"column":14},"end":{"line":180,"column":68}},"73":{"start":{"line":182,"column":12},"end":{"line":182,"column":62}},"74":{"start":{"line":190,"column":2},"end":{"line":190,"column":32}},"75":{"start":{"line":191,"column":20},"end":{"line":191,"column":70}},"76":{"start":{"line":192,"column":2},"end":{"line":192,"column":30}},"77":{"start":{"line":195,"column":2},"end":{"line":199,"column":5}},"78":{"start":{"line":196,"column":35},"end":{"line":196,"column":54}},"79":{"start":{"line":197,"column":18},"end":{"line":197,"column":65}},"80":{"start":{"line":198,"column":4},"end":{"line":198,"column":27}},"81":{"start":{"line":201,"column":2},"end":{"line":224,"column":4}},"82":{"start":{"line":202,"column":4},"end":{"line":223,"column":6}},"83":{"start":{"line":203,"column":16},"end":{"line":203,"column":34}},"84":{"start":{"line":204,"column":17},"end":{"line":204,"column":33}},"85":{"start":{"line":205,"column":18},"end":{"line":212,"column":7}},"86":{"start":{"line":213,"column":6},"end":{"line":213,"column":36}},"87":{"start":{"line":214,"column":6},"end":{"line":220,"column":8}},"88":{"start":{"line":221,"column":6},"end":{"line":221,"column":22}},"89":{"start":{"line":222,"column":6},"end":{"line":222,"column":20}},"90":{"start":{"line":226,"column":2},"end":{"line":233,"column":5}},"91":{"start":{"line":227,"column":19},"end":{"line":227,"column":33}},"92":{"start":{"line":228,"column":16},"end":{"line":228,"column":41}},"93":{"start":{"line":229,"column":4},"end":{"line":231,"column":5}},"94":{"start":{"line":230,"column":6},"end":{"line":230,"column":58}},"95":{"start":{"line":232,"column":4},"end":{"line":232,"column":15}},"96":{"start":{"line":235,"column":2},"end":{"line":254,"column":4}},"97":{"start":{"line":236,"column":4},"end":{"line":253,"column":6}},"98":{"start":{"line":237,"column":21},"end":{"line":237,"column":35}},"99":{"start":{"line":238,"column":17},"end":{"line":238,"column":65}},"100":{"start":{"line":239,"column":6},"end":{"line":241,"column":7}},"101":{"start":{"line":240,"column":8},"end":{"line":240,"column":60}},"102":{"start":{"line":242,"column":6},"end":{"line":251,"column":8}},"103":{"start":{"line":252,"column":6},"end":{"line":252,"column":31}},"104":{"start":{"line":257,"column":2},"end":{"line":261,"column":5}},"105":{"start":{"line":258,"column":35},"end":{"line":258,"column":54}},"106":{"start":{"line":259,"column":18},"end":{"line":259,"column":64}},"107":{"start":{"line":260,"column":4},"end":{"line":260,"column":27}},"108":{"start":{"line":263,"column":2},"end":{"line":291,"column":4}},"109":{"start":{"line":264,"column":4},"end":{"line":290,"column":6}},"110":{"start":{"line":265,"column":16},"end":{"line":265,"column":34}},"111":{"start":{"line":266,"column":17},"end":{"line":266,"column":33}},"112":{"start":{"line":267,"column":6},"end":{"line":270,"column":7}},"113":{"start":{"line":268,"column":8},"end":{"line":268,"column":24}},"114":{"start":{"line":269,"column":8},"end":{"line":269,"column":48}},"115":{"start":{"line":271,"column":18},"end":{"line":279,"column":7}},"116":{"start":{"line":280,"column":6},"end":{"line":280,"column":35}},"117":{"start":{"line":281,"column":6},"end":{"line":287,"column":8}},"118":{"start":{"line":288,"column":6},"end":{"line":288,"column":22}},"119":{"start":{"line":289,"column":6},"end":{"line":289,"column":20}},"120":{"start":{"line":293,"column":2},"end":{"line":297,"column":5}},"121":{"start":{"line":294,"column":17},"end":{"line":294,"column":65}},"122":{"start":{"line":295,"column":16},"end":{"line":295,"column":47}},"123":{"start":{"line":296,"column":4},"end":{"line":296,"column":25}},"124":{"start":{"line":300,"column":2},"end":{"line":315,"column":5}},"125":{"start":{"line":301,"column":23},"end":{"line":301,"column":63}},"126":{"start":{"line":302,"column":16},"end":{"line":312,"column":6}},"127":{"start":{"line":313,"column":4},"end":{"line":313,"column":26}},"128":{"start":{"line":314,"column":4},"end":{"line":314,"column":43}},"129":{"start":{"line":317,"column":2},"end":{"line":317,"column":17}},"130":{"start":{"line":320,"column":15},"end":{"line":320,"column":65}},"131":{"start":{"line":321,"column":0},"end":{"line":331,"column":1}},"132":{"start":{"line":322,"column":18},"end":{"line":322,"column":32}},"133":{"start":{"line":323,"column":15},"end":{"line":323,"column":47}},"134":{"start":{"line":324,"column":2},"end":{"line":330,"column":7}},"135":{"start":{"line":326,"column":16},"end":{"line":326,"column":62}},"136":{"start":{"line":328,"column":6},"end":{"line":328,"column":50}},"137":{"start":{"line":329,"column":6},"end":{"line":329,"column":22}}},"fnMap":{"0":{"name":"cryptoRandomId","decl":{"start":{"line":31,"column":9},"end":{"line":31,"column":23}},"loc":{"start":{"line":31,"column":26},"end":{"line":37,"column":1}},"line":31},"1":{"name":"(anonymous_1)","decl":{"start":{"line":32,"column":65},"end":{"line":32,"column":66}},"loc":{"start":{"line":32,"column":72},"end":{"line":36,"column":3}},"line":32},"2":{"name":"createServer","decl":{"start":{"line":41,"column":16},"end":{"line":41,"column":28}},"loc":{"start":{"line":41,"column":31},"end":{"line":318,"column":1}},"line":41},"3":{"name":"(anonymous_3)","decl":{"start":{"line":45,"column":19},"end":{"line":45,"column":20}},"loc":{"start":{"line":45,"column":28},"end":{"line":45,"column":88}},"line":45},"4":{"name":"(anonymous_4)","decl":{"start":{"line":48,"column":31},"end":{"line":48,"column":32}},"loc":{"start":{"line":48,"column":46},"end":{"line":51,"column":3}},"line":48},"5":{"name":"ensureNats","decl":{"start":{"line":59,"column":17},"end":{"line":59,"column":27}},"loc":{"start":{"line":59,"column":30},"end":{"line":83,"column":3}},"line":59},"6":{"name":"(anonymous_6)","decl":{"start":{"line":72,"column":15},"end":{"line":72,"column":16}},"loc":{"start":{"line":72,"column":22},"end":{"line":72,"column":30}},"line":72},"7":{"name":"publishNats","decl":{"start":{"line":84,"column":17},"end":{"line":84,"column":28}},"loc":{"start":{"line":84,"column":45},"end":{"line":96,"column":3}},"line":84},"8":{"name":"stageEvent","decl":{"start":{"line":97,"column":17},"end":{"line":97,"column":27}},"loc":{"start":{"line":97,"column":35},"end":{"line":103,"column":3}},"line":97},"9":{"name":"(anonymous_9)","decl":{"start":{"line":121,"column":36},"end":{"line":121,"column":37}},"loc":{"start":{"line":121,"column":58},"end":{"line":132,"column":7}},"line":121},"10":{"name":"(anonymous_10)","decl":{"start":{"line":133,"column":30},"end":{"line":133,"column":31}},"loc":{"start":{"line":133,"column":53},"end":{"line":140,"column":7}},"line":133},"11":{"name":"(anonymous_11)","decl":{"start":{"line":154,"column":39},"end":{"line":154,"column":40}},"loc":{"start":{"line":154,"column":45},"end":{"line":154,"column":67}},"line":154},"12":{"name":"(anonymous_12)","decl":{"start":{"line":155,"column":46},"end":{"line":155,"column":47}},"loc":{"start":{"line":155,"column":52},"end":{"line":155,"column":90}},"line":155},"13":{"name":"(anonymous_13)","decl":{"start":{"line":158,"column":17},"end":{"line":158,"column":18}},"loc":{"start":{"line":158,"column":29},"end":{"line":166,"column":11}},"line":158},"14":{"name":"(anonymous_14)","decl":{"start":{"line":170,"column":17},"end":{"line":170,"column":18}},"loc":{"start":{"line":170,"column":29},"end":{"line":183,"column":11}},"line":170},"15":{"name":"(anonymous_15)","decl":{"start":{"line":195,"column":28},"end":{"line":195,"column":29}},"loc":{"start":{"line":195,"column":47},"end":{"line":199,"column":3}},"line":195},"16":{"name":"(anonymous_16)","decl":{"start":{"line":201,"column":56},"end":{"line":201,"column":57}},"loc":{"start":{"line":202,"column":4},"end":{"line":223,"column":6}},"line":202},"17":{"name":"(anonymous_17)","decl":{"start":{"line":202,"column":33},"end":{"line":202,"column":34}},"loc":{"start":{"line":202,"column":45},"end":{"line":223,"column":5}},"line":202},"18":{"name":"(anonymous_18)","decl":{"start":{"line":226,"column":32},"end":{"line":226,"column":33}},"loc":{"start":{"line":226,"column":58},"end":{"line":233,"column":3}},"line":226},"19":{"name":"(anonymous_19)","decl":{"start":{"line":235,"column":61},"end":{"line":235,"column":62}},"loc":{"start":{"line":236,"column":4},"end":{"line":253,"column":6}},"line":236},"20":{"name":"(anonymous_20)","decl":{"start":{"line":236,"column":33},"end":{"line":236,"column":34}},"loc":{"start":{"line":236,"column":45},"end":{"line":253,"column":5}},"line":236},"21":{"name":"(anonymous_21)","decl":{"start":{"line":257,"column":27},"end":{"line":257,"column":28}},"loc":{"start":{"line":257,"column":46},"end":{"line":261,"column":3}},"line":257},"22":{"name":"(anonymous_22)","decl":{"start":{"line":263,"column":55},"end":{"line":263,"column":56}},"loc":{"start":{"line":264,"column":4},"end":{"line":290,"column":6}},"line":264},"23":{"name":"(anonymous_23)","decl":{"start":{"line":264,"column":32},"end":{"line":264,"column":33}},"loc":{"start":{"line":264,"column":44},"end":{"line":290,"column":5}},"line":264},"24":{"name":"(anonymous_24)","decl":{"start":{"line":293,"column":31},"end":{"line":293,"column":32}},"loc":{"start":{"line":293,"column":50},"end":{"line":297,"column":3}},"line":293},"25":{"name":"(anonymous_25)","decl":{"start":{"line":300,"column":37},"end":{"line":300,"column":38}},"loc":{"start":{"line":300,"column":56},"end":{"line":315,"column":3}},"line":300},"26":{"name":"(anonymous_26)","decl":{"start":{"line":326,"column":10},"end":{"line":326,"column":11}},"loc":{"start":{"line":326,"column":16},"end":{"line":326,"column":62}},"line":326},"27":{"name":"(anonymous_27)","decl":{"start":{"line":327,"column":11},"end":{"line":327,"column":12}},"loc":{"start":{"line":327,"column":20},"end":{"line":330,"column":5}},"line":327}},"branchMap":{"0":{"loc":{"start":{"line":34,"column":14},"end":{"line":34,"column":45}},"type":"cond-expr","locations":[{"start":{"line":34,"column":26},"end":{"line":34,"column":27}},{"start":{"line":34,"column":30},"end":{"line":34,"column":45}}],"line":34},"1":{"loc":{"start":{"line":49,"column":20},"end":{"line":49,"column":67}},"type":"binary-expr","locations":[{"start":{"line":49,"column":20},"end":{"line":49,"column":47}},{"start":{"line":49,"column":51},"end":{"line":49,"column":67}}],"line":49},"2":{"loc":{"start":{"line":50,"column":17},"end":{"line":50,"column":56}},"type":"binary-expr","locations":[{"start":{"line":50,"column":17},"end":{"line":50,"column":41}},{"start":{"line":50,"column":45},"end":{"line":50,"column":56}}],"line":50},"3":{"loc":{"start":{"line":60,"column":4},"end":{"line":62,"column":5}},"type":"if","locations":[{"start":{"line":60,"column":4},"end":{"line":62,"column":5}},{"start":{},"end":{}}],"line":60},"4":{"loc":{"start":{"line":63,"column":20},"end":{"line":63,"column":68}},"type":"binary-expr","locations":[{"start":{"line":63,"column":20},"end":{"line":63,"column":44}},{"start":{"line":63,"column":48},"end":{"line":63,"column":68}}],"line":63},"5":{"loc":{"start":{"line":64,"column":4},"end":{"line":66,"column":5}},"type":"if","locations":[{"start":{"line":64,"column":4},"end":{"line":66,"column":5}},{"start":{},"end":{}}],"line":64},"6":{"loc":{"start":{"line":87,"column":6},"end":{"line":89,"column":7}},"type":"if","locations":[{"start":{"line":87,"column":6},"end":{"line":89,"column":7}},{"start":{},"end":{}}],"line":87},"7":{"loc":{"start":{"line":106,"column":2},"end":{"line":144,"column":3}},"type":"if","locations":[{"start":{"line":106,"column":2},"end":{"line":144,"column":3}},{"start":{},"end":{}}],"line":106},"8":{"loc":{"start":{"line":111,"column":6},"end":{"line":113,"column":7}},"type":"if","locations":[{"start":{"line":111,"column":6},"end":{"line":113,"column":7}},{"start":{},"end":{}}],"line":111},"9":{"loc":{"start":{"line":112,"column":45},"end":{"line":112,"column":77}},"type":"binary-expr","locations":[{"start":{"line":112,"column":45},"end":{"line":112,"column":71}},{"start":{"line":112,"column":75},"end":{"line":112,"column":77}}],"line":112},"10":{"loc":{"start":{"line":115,"column":8},"end":{"line":120,"column":10}},"type":"binary-expr","locations":[{"start":{"line":115,"column":8},"end":{"line":115,"column":70}},{"start":{"line":116,"column":8},"end":{"line":120,"column":10}}],"line":115},"11":{"loc":{"start":{"line":123,"column":24},"end":{"line":123,"column":90}},"type":"binary-expr","locations":[{"start":{"line":123,"column":25},"end":{"line":123,"column":41}},{"start":{"line":123,"column":45},"end":{"line":123,"column":65}},{"start":{"line":123,"column":70},"end":{"line":123,"column":77}},{"start":{"line":123,"column":81},"end":{"line":123,"column":90}}],"line":123},"12":{"loc":{"start":{"line":162,"column":42},"end":{"line":162,"column":77}},"type":"cond-expr","locations":[{"start":{"line":162,"column":47},"end":{"line":162,"column":58}},{"start":{"line":162,"column":61},"end":{"line":162,"column":77}}],"line":162},"13":{"loc":{"start":{"line":172,"column":30},"end":{"line":172,"column":65}},"type":"binary-expr","locations":[{"start":{"line":172,"column":30},"end":{"line":172,"column":59}},{"start":{"line":172,"column":63},"end":{"line":172,"column":65}}],"line":172},"14":{"loc":{"start":{"line":175,"column":37},"end":{"line":175,"column":71}},"type":"binary-expr","locations":[{"start":{"line":175,"column":37},"end":{"line":175,"column":66}},{"start":{"line":175,"column":70},"end":{"line":175,"column":71}}],"line":175},"15":{"loc":{"start":{"line":176,"column":12},"end":{"line":178,"column":13}},"type":"if","locations":[{"start":{"line":176,"column":12},"end":{"line":178,"column":13}},{"start":{},"end":{}}],"line":176},"16":{"loc":{"start":{"line":179,"column":12},"end":{"line":181,"column":13}},"type":"if","locations":[{"start":{"line":179,"column":12},"end":{"line":181,"column":13}},{"start":{},"end":{}}],"line":179},"17":{"loc":{"start":{"line":196,"column":35},"end":{"line":196,"column":54}},"type":"binary-expr","locations":[{"start":{"line":196,"column":35},"end":{"line":196,"column":48}},{"start":{"line":196,"column":52},"end":{"line":196,"column":54}}],"line":196},"18":{"loc":{"start":{"line":203,"column":16},"end":{"line":203,"column":34}},"type":"binary-expr","locations":[{"start":{"line":203,"column":16},"end":{"line":203,"column":28}},{"start":{"line":203,"column":32},"end":{"line":203,"column":34}}],"line":203},"19":{"loc":{"start":{"line":204,"column":17},"end":{"line":204,"column":33}},"type":"binary-expr","locations":[{"start":{"line":204,"column":17},"end":{"line":204,"column":21}},{"start":{"line":204,"column":25},"end":{"line":204,"column":33}}],"line":204},"20":{"loc":{"start":{"line":207,"column":14},"end":{"line":207,"column":33}},"type":"binary-expr","locations":[{"start":{"line":207,"column":14},"end":{"line":207,"column":20}},{"start":{"line":207,"column":24},"end":{"line":207,"column":33}}],"line":207},"21":{"loc":{"start":{"line":208,"column":14},"end":{"line":208,"column":31}},"type":"binary-expr","locations":[{"start":{"line":208,"column":14},"end":{"line":208,"column":20}},{"start":{"line":208,"column":24},"end":{"line":208,"column":31}}],"line":208},"22":{"loc":{"start":{"line":209,"column":20},"end":{"line":209,"column":45}},"type":"binary-expr","locations":[{"start":{"line":209,"column":20},"end":{"line":209,"column":32}},{"start":{"line":209,"column":36},"end":{"line":209,"column":45}}],"line":209},"23":{"loc":{"start":{"line":210,"column":16},"end":{"line":210,"column":36}},"type":"binary-expr","locations":[{"start":{"line":210,"column":16},"end":{"line":210,"column":24}},{"start":{"line":210,"column":28},"end":{"line":210,"column":36}}],"line":210},"24":{"loc":{"start":{"line":211,"column":18},"end":{"line":211,"column":56}},"type":"binary-expr","locations":[{"start":{"line":211,"column":18},"end":{"line":211,"column":28}},{"start":{"line":211,"column":32},"end":{"line":211,"column":56}}],"line":211},"25":{"loc":{"start":{"line":229,"column":4},"end":{"line":231,"column":5}},"type":"if","locations":[{"start":{"line":229,"column":4},"end":{"line":231,"column":5}},{"start":{},"end":{}}],"line":229},"26":{"loc":{"start":{"line":238,"column":46},"end":{"line":238,"column":64}},"type":"binary-expr","locations":[{"start":{"line":238,"column":46},"end":{"line":238,"column":58}},{"start":{"line":238,"column":62},"end":{"line":238,"column":64}}],"line":238},"27":{"loc":{"start":{"line":239,"column":6},"end":{"line":241,"column":7}},"type":"if","locations":[{"start":{"line":239,"column":6},"end":{"line":241,"column":7}},{"start":{},"end":{}}],"line":239},"28":{"loc":{"start":{"line":247,"column":27},"end":{"line":247,"column":45}},"type":"binary-expr","locations":[{"start":{"line":247,"column":27},"end":{"line":247,"column":39}},{"start":{"line":247,"column":43},"end":{"line":247,"column":45}}],"line":247},"29":{"loc":{"start":{"line":258,"column":35},"end":{"line":258,"column":54}},"type":"binary-expr","locations":[{"start":{"line":258,"column":35},"end":{"line":258,"column":48}},{"start":{"line":258,"column":52},"end":{"line":258,"column":54}}],"line":258},"30":{"loc":{"start":{"line":265,"column":16},"end":{"line":265,"column":34}},"type":"binary-expr","locations":[{"start":{"line":265,"column":16},"end":{"line":265,"column":28}},{"start":{"line":265,"column":32},"end":{"line":265,"column":34}}],"line":265},"31":{"loc":{"start":{"line":266,"column":17},"end":{"line":266,"column":33}},"type":"binary-expr","locations":[{"start":{"line":266,"column":17},"end":{"line":266,"column":21}},{"start":{"line":266,"column":25},"end":{"line":266,"column":33}}],"line":266},"32":{"loc":{"start":{"line":267,"column":6},"end":{"line":270,"column":7}},"type":"if","locations":[{"start":{"line":267,"column":6},"end":{"line":270,"column":7}},{"start":{},"end":{}}],"line":267},"33":{"loc":{"start":{"line":274,"column":23},"end":{"line":274,"column":58}},"type":"binary-expr","locations":[{"start":{"line":274,"column":23},"end":{"line":274,"column":38}},{"start":{"line":274,"column":42},"end":{"line":274,"column":58}}],"line":274},"34":{"loc":{"start":{"line":275,"column":18},"end":{"line":275,"column":56}},"type":"binary-expr","locations":[{"start":{"line":275,"column":18},"end":{"line":275,"column":28}},{"start":{"line":275,"column":32},"end":{"line":275,"column":56}}],"line":275},"35":{"loc":{"start":{"line":276,"column":19},"end":{"line":276,"column":84}},"type":"binary-expr","locations":[{"start":{"line":276,"column":19},"end":{"line":276,"column":30}},{"start":{"line":276,"column":34},"end":{"line":276,"column":84}}],"line":276},"36":{"loc":{"start":{"line":277,"column":19},"end":{"line":277,"column":39}},"type":"binary-expr","locations":[{"start":{"line":277,"column":19},"end":{"line":277,"column":30}},{"start":{"line":277,"column":34},"end":{"line":277,"column":39}}],"line":277},"37":{"loc":{"start":{"line":278,"column":16},"end":{"line":278,"column":36}},"type":"binary-expr","locations":[{"start":{"line":278,"column":16},"end":{"line":278,"column":24}},{"start":{"line":278,"column":28},"end":{"line":278,"column":36}}],"line":278},"38":{"loc":{"start":{"line":294,"column":33},"end":{"line":294,"column":60}},"type":"binary-expr","locations":[{"start":{"line":294,"column":33},"end":{"line":294,"column":52}},{"start":{"line":294,"column":56},"end":{"line":294,"column":60}}],"line":294},"39":{"loc":{"start":{"line":301,"column":23},"end":{"line":301,"column":63}},"type":"binary-expr","locations":[{"start":{"line":301,"column":23},"end":{"line":301,"column":47}},{"start":{"line":301,"column":51},"end":{"line":301,"column":63}}],"line":301},"40":{"loc":{"start":{"line":308,"column":21},"end":{"line":308,"column":50}},"type":"binary-expr","locations":[{"start":{"line":308,"column":21},"end":{"line":308,"column":44}},{"start":{"line":308,"column":48},"end":{"line":308,"column":50}}],"line":308},"41":{"loc":{"start":{"line":321,"column":0},"end":{"line":331,"column":1}},"type":"if","locations":[{"start":{"line":321,"column":0},"end":{"line":331,"column":1}},{"start":{},"end":{}}],"line":321},"42":{"loc":{"start":{"line":323,"column":22},"end":{"line":323,"column":46}},"type":"binary-expr","locations":[{"start":{"line":323,"column":22},"end":{"line":323,"column":38}},{"start":{"line":323,"column":42},"end":{"line":323,"column":46}}],"line":323}},"s":{"0":15,"1":15,"2":34,"3":1054,"4":1054,"5":1054,"6":18,"7":18,"8":0,"9":18,"10":34,"11":34,"12":18,"13":18,"14":18,"15":18,"16":0,"17":18,"18":18,"19":18,"20":0,"21":0,"22":0,"23":0,"24":0,"25":0,"26":0,"27":0,"28":0,"29":12,"30":12,"31":12,"32":12,"33":0,"34":0,"35":0,"36":0,"37":12,"38":12,"39":12,"40":18,"41":1,"42":1,"43":1,"44":1,"45":1,"46":1,"47":1,"48":2,"49":2,"50":2,"51":2,"52":1,"53":1,"54":1,"55":1,"56":0,"57":0,"58":18,"59":18,"60":6,"61":6,"62":6,"63":6,"64":6,"65":0,"66":6,"67":6,"68":6,"69":6,"70":1,"71":5,"72":1,"73":4,"74":18,"75":18,"76":18,"77":18,"78":1,"79":1,"80":1,"81":18,"82":3,"83":3,"84":3,"85":3,"86":3,"87":3,"88":3,"89":3,"90":18,"91":4,"92":4,"93":4,"94":1,"95":3,"96":18,"97":3,"98":3,"99":3,"100":3,"101":1,"102":2,"103":2,"104":18,"105":2,"106":2,"107":2,"108":18,"109":7,"110":7,"111":7,"112":7,"113":1,"114":1,"115":6,"116":6,"117":6,"118":6,"119":6,"120":18,"121":3,"122":3,"123":3,"124":18,"125":1,"126":1,"127":1,"128":1,"129":18,"130":15,"131":15,"132":0,"133":0,"134":0,"135":0,"136":0,"137":0},"f":{"0":34,"1":1054,"2":18,"3":0,"4":34,"5":18,"6":0,"7":12,"8":12,"9":2,"10":1,"11":6,"12":6,"13":6,"14":6,"15":1,"16":3,"17":3,"18":4,"19":3,"20":3,"21":2,"22":7,"23":7,"24":3,"25":1,"26":0,"27":0},"b":{"0":[1020,34],"1":[34,34],"2":[34,34],"3":[0,18],"4":[18,18],"5":[18,0],"6":[12,0],"7":[1,17],"8":[1,0],"9":[1,1],"10":[1,1],"11":[2,2,0,0],"12":[0,6],"13":[6,5],"14":[6,5],"15":[1,5],"16":[1,4],"17":[1,0],"18":[3,0],"19":[3,0],"20":[3,0],"21":[3,0],"22":[3,0],"23":[3,0],"24":[3,3],"25":[1,3],"26":[3,0],"27":[1,2],"28":[2,0],"29":[2,0],"30":[7,0],"31":[7,1],"32":[1,6],"33":[6,0],"34":[6,0],"35":[6,0],"36":[6,0],"37":[6,0],"38":[3,0],"39":[1,0],"40":[1,0],"41":[0,15],"42":[0,0]},"inputSourceMap":null,"_coverageSchema":"1a1c01bbd47fc00a2c39e90264f33305004495a9","hash":"9dcab1ce77df15806e5c4eae2eb5f4fc38f53d38"}
}
