TN:
SF:src\repository.js
FN:7,getPool
FN:15,(anonymous_1)
FN:19,initDb
FN:32,rowToEmployee
FN:44,rowToLicense
FN:58,createEmployee
FN:71,updateEmployee
FN:107,getEmployee
FN:116,listEmployees
FN:120,(anonymous_9)
FN:121,(anonymous_10)
FN:143,createLicense
FN:164,listLicenses
FN:168,(anonymous_13)
FN:169,(anonymous_14)
FN:188,listLicensesDue
FN:193,(anonymous_16)
FNF:17
FNH:14
FNDA:40,getPool
FNDA:0,(anonymous_1)
FNDA:18,initDb
FNDA:0,rowToEmployee
FNDA:0,rowToLicense
FNDA:3,createEmployee
FNDA:3,updateEmployee
FNDA:4,getEmployee
FNDA:1,listEmployees
FNDA:2,(anonymous_9)
FNDA:2,(anonymous_10)
FNDA:6,createLicense
FNDA:2,listLicenses
FNDA:2,(anonymous_13)
FNDA:2,(anonymous_14)
FNDA:3,listLicensesDue
FNDA:6,(anonymous_16)
DA:4,15
DA:8,40
DA:9,40
DA:10,0
DA:15,0
DA:16,0
DA:20,18
DA:21,18
DA:22,18
DA:23,18
DA:25,0
DA:29,15
DA:33,0
DA:45,0
DA:59,3
DA:60,3
DA:61,3
DA:62,3
DA:64,0
DA:68,0
DA:72,3
DA:73,3
DA:74,3
DA:75,3
DA:77,2
DA:78,2
DA:79,2
DA:80,2
DA:81,1
DA:85,2
DA:86,2
DA:87,2
DA:89,0
DA:90,0
DA:91,0
DA:92,0
DA:93,0
DA:94,0
DA:95,0
DA:98,0
DA:99,0
DA:100,0
DA:104,0
DA:108,4
DA:109,4
DA:110,4
DA:112,0
DA:113,0
DA:117,1
DA:118,1
DA:119,1
DA:120,2
DA:121,2
DA:122,1
DA:124,0
DA:125,0
DA:126,0
DA:127,0
DA:128,0
DA:129,0
DA:131,0
DA:132,0
DA:133,0
DA:135,0
DA:136,0
DA:140,0
DA:144,6
DA:145,6
DA:146,6
DA:147,6
DA:149,0
DA:161,0
DA:165,2
DA:166,2
DA:167,2
DA:168,2
DA:169,2
DA:170,2
DA:172,0
DA:173,0
DA:174,0
DA:175,0
DA:176,0
DA:177,0
DA:179,0
DA:180,0
DA:181,0
DA:183,0
DA:184,0
DA:185,0
DA:189,3
DA:190,3
DA:191,3
DA:192,3
DA:193,6
DA:196,0
DA:200,0
LF:97
LH:48
BRDA:8,0,0,0
BRDA:8,0,1,40
BRDA:9,1,0,40
BRDA:9,1,1,0
BRDA:12,2,0,0
BRDA:12,2,1,0
BRDA:21,3,0,18
BRDA:21,3,1,0
BRDA:60,4,0,3
BRDA:60,4,1,0
BRDA:73,5,0,3
BRDA:73,5,1,0
BRDA:75,6,0,1
BRDA:75,6,1,2
BRDA:80,7,0,1
BRDA:80,7,1,1
BRDA:93,8,0,0
BRDA:93,8,1,0
BRDA:98,9,0,0
BRDA:98,9,1,0
BRDA:109,10,0,4
BRDA:109,10,1,0
BRDA:110,11,0,4
BRDA:110,11,1,1
BRDA:113,12,0,0
BRDA:113,12,1,0
BRDA:116,13,0,0
BRDA:118,14,0,1
BRDA:118,14,1,0
BRDA:120,15,0,1
BRDA:120,15,1,0
BRDA:121,16,0,1
BRDA:121,16,1,0
BRDA:127,17,0,0
BRDA:127,17,1,0
BRDA:131,18,0,0
BRDA:131,18,1,0
BRDA:135,19,0,0
BRDA:135,19,1,0
BRDA:145,20,0,6
BRDA:145,20,1,0
BRDA:164,21,0,0
BRDA:166,22,0,2
BRDA:166,22,1,0
BRDA:168,23,0,1
BRDA:168,23,1,1
BRDA:169,24,0,1
BRDA:169,24,1,1
BRDA:175,25,0,0
BRDA:175,25,1,0
BRDA:179,26,0,0
BRDA:179,26,1,0
BRDA:183,27,0,0
BRDA:183,27,1,0
BRDA:188,28,0,0
BRDA:191,29,0,3
BRDA:191,29,1,0
BRF:57
BRH:22
end_of_record
TN:
SF:src\server.js
FN:31,cryptoRandomId
FN:32,(anonymous_1)
FN:41,createServer
FN:45,(anonymous_3)
FN:48,(anonymous_4)
FN:59,ensureNats
FN:72,(anonymous_6)
FN:84,publishNats
FN:97,stageEvent
FN:121,(anonymous_9)
FN:133,(anonymous_10)
FN:154,(anonymous_11)
FN:155,(anonymous_12)
FN:158,(anonymous_13)
FN:170,(anonymous_14)
FN:195,(anonymous_15)
FN:201,(anonymous_16)
FN:202,(anonymous_17)
FN:226,(anonymous_18)
FN:235,(anonymous_19)
FN:236,(anonymous_20)
FN:257,(anonymous_21)
FN:263,(anonymous_22)
FN:264,(anonymous_23)
FN:293,(anonymous_24)
FN:300,(anonymous_25)
FN:326,(anonymous_26)
FN:327,(anonymous_27)
FNF:28
FNH:24
FNDA:34,cryptoRandomId
FNDA:1054,(anonymous_1)
FNDA:18,createServer
FNDA:0,(anonymous_3)
FNDA:34,(anonymous_4)
FNDA:18,ensureNats
FNDA:0,(anonymous_6)
FNDA:12,publishNats
FNDA:12,stageEvent
FNDA:2,(anonymous_9)
FNDA:1,(anonymous_10)
FNDA:6,(anonymous_11)
FNDA:6,(anonymous_12)
FNDA:6,(anonymous_13)
FNDA:6,(anonymous_14)
FNDA:1,(anonymous_15)
FNDA:3,(anonymous_16)
FNDA:3,(anonymous_17)
FNDA:4,(anonymous_18)
FNDA:3,(anonymous_19)
FNDA:3,(anonymous_20)
FNDA:2,(anonymous_21)
FNDA:7,(anonymous_22)
FNDA:7,(anonymous_23)
FNDA:3,(anonymous_24)
FNDA:1,(anonymous_25)
FNDA:0,(anonymous_26)
FNDA:0,(anonymous_27)
DA:27,15
DA:29,15
DA:32,34
DA:33,1054
DA:34,1054
DA:35,1054
DA:43,18
DA:45,18
DA:48,18
DA:49,34
DA:50,34
DA:54,18
DA:55,18
DA:56,18
DA:60,18
DA:61,0
DA:63,18
DA:64,18
DA:65,18
DA:67,0
DA:68,0
DA:69,0
DA:72,0
DA:76,0
DA:77,0
DA:79,0
DA:80,0
DA:82,0
DA:85,12
DA:86,12
DA:87,12
DA:88,12
DA:90,0
DA:91,0
DA:93,0
DA:94,0
DA:99,12
DA:100,12
DA:102,12
DA:106,18
DA:107,1
DA:108,1
DA:110,1
DA:111,1
DA:112,1
DA:115,1
DA:121,1
DA:122,2
DA:123,2
DA:124,2
DA:131,2
DA:133,1
DA:134,1
DA:135,1
DA:136,1
DA:138,0
DA:142,0
DA:147,18
DA:149,18
DA:154,6
DA:155,6
DA:160,6
DA:161,6
DA:162,6
DA:164,0
DA:172,6
DA:173,6
DA:175,6
DA:176,6
DA:177,1
DA:179,5
DA:180,1
DA:182,4
DA:190,18
DA:191,18
DA:192,18
DA:195,18
DA:196,1
DA:197,1
DA:198,1
DA:201,18
DA:202,3
DA:203,3
DA:204,3
DA:205,3
DA:213,3
DA:214,3
DA:221,3
DA:222,3
DA:226,18
DA:227,4
DA:228,4
DA:229,4
DA:230,1
DA:232,3
DA:235,18
DA:236,3
DA:237,3
DA:238,3
DA:239,3
DA:240,1
DA:242,2
DA:252,2
DA:257,18
DA:258,2
DA:259,2
DA:260,2
DA:263,18
DA:264,7
DA:265,7
DA:266,7
DA:267,7
DA:268,1
DA:269,1
DA:271,6
DA:280,6
DA:281,6
DA:288,6
DA:289,6
DA:293,18
DA:294,3
DA:295,3
DA:296,3
DA:300,18
DA:301,1
DA:302,1
DA:313,1
DA:314,1
DA:317,18
DA:320,15
DA:321,15
DA:322,0
DA:323,0
DA:324,0
DA:326,0
DA:328,0
DA:329,0
LF:137
LH:114
BRDA:34,0,0,1020
BRDA:34,0,1,34
BRDA:49,1,0,34
BRDA:49,1,1,34
BRDA:50,2,0,34
BRDA:50,2,1,34
BRDA:60,3,0,0
BRDA:60,3,1,18
BRDA:63,4,0,18
BRDA:63,4,1,18
BRDA:64,5,0,18
BRDA:64,5,1,0
BRDA:87,6,0,12
BRDA:87,6,1,0
BRDA:106,7,0,1
BRDA:106,7,1,17
BRDA:111,8,0,1
BRDA:111,8,1,0
BRDA:112,9,0,1
BRDA:112,9,1,1
BRDA:115,10,0,1
BRDA:115,10,1,1
BRDA:123,11,0,2
BRDA:123,11,1,2
BRDA:123,11,2,0
BRDA:123,11,3,0
BRDA:162,12,0,0
BRDA:162,12,1,6
BRDA:172,13,0,6
BRDA:172,13,1,5
BRDA:175,14,0,6
BRDA:175,14,1,5
BRDA:176,15,0,1
BRDA:176,15,1,5
BRDA:179,16,0,1
BRDA:179,16,1,4
BRDA:196,17,0,1
BRDA:196,17,1,0
BRDA:203,18,0,3
BRDA:203,18,1,0
BRDA:204,19,0,3
BRDA:204,19,1,0
BRDA:207,20,0,3
BRDA:207,20,1,0
BRDA:208,21,0,3
BRDA:208,21,1,0
BRDA:209,22,0,3
BRDA:209,22,1,0
BRDA:210,23,0,3
BRDA:210,23,1,0
BRDA:211,24,0,3
BRDA:211,24,1,3
BRDA:229,25,0,1
BRDA:229,25,1,3
BRDA:238,26,0,3
BRDA:238,26,1,0
BRDA:239,27,0,1
BRDA:239,27,1,2
BRDA:247,28,0,2
BRDA:247,28,1,0
BRDA:258,29,0,2
BRDA:258,29,1,0
BRDA:265,30,0,7
BRDA:265,30,1,0
BRDA:266,31,0,7
BRDA:266,31,1,1
BRDA:267,32,0,1
BRDA:267,32,1,6
BRDA:274,33,0,6
BRDA:274,33,1,0
BRDA:275,34,0,6
BRDA:275,34,1,0
BRDA:276,35,0,6
BRDA:276,35,1,0
BRDA:277,36,0,6
BRDA:277,36,1,0
BRDA:278,37,0,6
BRDA:278,37,1,0
BRDA:294,38,0,3
BRDA:294,38,1,0
BRDA:301,39,0,1
BRDA:301,39,1,0
BRDA:308,40,0,1
BRDA:308,40,1,0
BRDA:321,41,0,0
BRDA:321,41,1,15
BRDA:323,42,0,0
BRDA:323,42,1,0
BRF:88
BRH:59
end_of_record
