{"C:\\Users\\x-be\\OneDrive\\المستندات\\04-10-2025\\66666\\backend\\test-utils\\withMetricsServer.js": {"path":"C:\\Users\\x-be\\OneDrive\\المستندات\\04-10-2025\\66666\\backend\\test-utils\\withMetricsServer.js","statementMap":{"0":{"start":{"line":4,"column":2},"end":{"line":4,"column":70}},"1":{"start":{"line":5,"column":14},"end":{"line":5,"column":28}},"2":{"start":{"line":8,"column":4},"end":{"line":15,"column":7}},"3":{"start":{"line":9,"column":19},"end":{"line":9,"column":34}},"4":{"start":{"line":10,"column":6},"end":{"line":13,"column":7}},"5":{"start":{"line":11,"column":8},"end":{"line":11,"column":31}},"6":{"start":{"line":12,"column":8},"end":{"line":12,"column":62}},"7":{"start":{"line":14,"column":6},"end":{"line":14,"column":73}},"8":{"start":{"line":14,"column":38},"end":{"line":14,"column":70}},"9":{"start":{"line":18,"column":14},"end":{"line":18,"column":41}},"10":{"start":{"line":18,"column":23},"end":{"line":18,"column":41}},"11":{"start":{"line":19,"column":15},"end":{"line":19,"column":61}},"12":{"start":{"line":19,"column":33},"end":{"line":19,"column":61}},"13":{"start":{"line":23,"column":4},"end":{"line":23,"column":96}},"14":{"start":{"line":23,"column":43},"end":{"line":23,"column":94}},"15":{"start":{"line":23,"column":63},"end":{"line":23,"column":92}},"16":{"start":{"line":25,"column":21},"end":{"line":25,"column":43}},"17":{"start":{"line":26,"column":18},"end":{"line":26,"column":19}},"18":{"start":{"line":27,"column":4},"end":{"line":36,"column":5}},"19":{"start":{"line":28,"column":6},"end":{"line":28,"column":19}},"20":{"start":{"line":29,"column":6},"end":{"line":34,"column":16}},"21":{"start":{"line":30,"column":20},"end":{"line":30,"column":41}},"22":{"start":{"line":31,"column":8},"end":{"line":33,"column":9}},"23":{"start":{"line":32,"column":10},"end":{"line":32,"column":21}},"24":{"start":{"line":35,"column":6},"end":{"line":35,"column":51}},"25":{"start":{"line":35,"column":31},"end":{"line":35,"column":49}},"26":{"start":{"line":37,"column":4},"end":{"line":37,"column":61}},"27":{"start":{"line":41,"column":4},"end":{"line":43,"column":14}},"28":{"start":{"line":42,"column":6},"end":{"line":42,"column":24}},"29":{"start":{"line":46,"column":2},"end":{"line":46,"column":51}}},"fnMap":{"0":{"name":"withMetricsServer","decl":{"start":{"line":3,"column":16},"end":{"line":3,"column":33}},"loc":{"start":{"line":3,"column":48},"end":{"line":47,"column":1}},"line":3},"1":{"name":"inject","decl":{"start":{"line":7,"column":11},"end":{"line":7,"column":17}},"loc":{"start":{"line":7,"column":40},"end":{"line":16,"column":3}},"line":7},"2":{"name":"(anonymous_2)","decl":{"start":{"line":8,"column":23},"end":{"line":8,"column":24}},"loc":{"start":{"line":8,"column":44},"end":{"line":15,"column":5}},"line":8},"3":{"name":"(anonymous_3)","decl":{"start":{"line":14,"column":23},"end":{"line":14,"column":24}},"loc":{"start":{"line":14,"column":38},"end":{"line":14,"column":70}},"line":14},"4":{"name":"(anonymous_4)","decl":{"start":{"line":18,"column":14},"end":{"line":18,"column":15}},"loc":{"start":{"line":18,"column":23},"end":{"line":18,"column":41}},"line":18},"5":{"name":"(anonymous_5)","decl":{"start":{"line":19,"column":15},"end":{"line":19,"column":16}},"loc":{"start":{"line":19,"column":33},"end":{"line":19,"column":61}},"line":19},"6":{"name":"waitForMetrics","decl":{"start":{"line":21,"column":17},"end":{"line":21,"column":31}},"loc":{"start":{"line":21,"column":59},"end":{"line":38,"column":3}},"line":21},"7":{"name":"(anonymous_7)","decl":{"start":{"line":23,"column":22},"end":{"line":23,"column":23}},"loc":{"start":{"line":23,"column":43},"end":{"line":23,"column":94}},"line":23},"8":{"name":"(anonymous_8)","decl":{"start":{"line":23,"column":53},"end":{"line":23,"column":54}},"loc":{"start":{"line":23,"column":63},"end":{"line":23,"column":92}},"line":23},"9":{"name":"(anonymous_9)","decl":{"start":{"line":35,"column":24},"end":{"line":35,"column":25}},"loc":{"start":{"line":35,"column":31},"end":{"line":35,"column":49}},"line":35},"10":{"name":"close","decl":{"start":{"line":40,"column":17},"end":{"line":40,"column":22}},"loc":{"start":{"line":40,"column":25},"end":{"line":44,"column":3}},"line":40}},"branchMap":{"0":{"loc":{"start":{"line":4,"column":32},"end":{"line":4,"column":69}},"type":"binary-expr","locations":[{"start":{"line":4,"column":32},"end":{"line":4,"column":59}},{"start":{"line":4,"column":63},"end":{"line":4,"column":69}}],"line":4},"1":{"loc":{"start":{"line":10,"column":6},"end":{"line":13,"column":7}},"type":"if","locations":[{"start":{"line":10,"column":6},"end":{"line":13,"column":7}},{"start":{},"end":{}}],"line":10},"2":{"loc":{"start":{"line":14,"column":38},"end":{"line":14,"column":70}},"type":"cond-expr","locations":[{"start":{"line":14,"column":44},"end":{"line":14,"column":55}},{"start":{"line":14,"column":58},"end":{"line":14,"column":70}}],"line":14},"3":{"loc":{"start":{"line":21,"column":32},"end":{"line":21,"column":57}},"type":"default-arg","locations":[{"start":{"line":21,"column":55},"end":{"line":21,"column":57}}],"line":21},"4":{"loc":{"start":{"line":21,"column":34},"end":{"line":21,"column":50}},"type":"default-arg","locations":[{"start":{"line":21,"column":46},"end":{"line":21,"column":50}}],"line":21},"5":{"loc":{"start":{"line":23,"column":63},"end":{"line":23,"column":92}},"type":"cond-expr","locations":[{"start":{"line":23,"column":69},"end":{"line":23,"column":80}},{"start":{"line":23,"column":83},"end":{"line":23,"column":92}}],"line":23},"6":{"loc":{"start":{"line":31,"column":8},"end":{"line":33,"column":9}},"type":"if","locations":[{"start":{"line":31,"column":8},"end":{"line":33,"column":9}},{"start":{},"end":{}}],"line":31}},"s":{"0":5,"1":5,"2":8,"3":8,"4":8,"5":2,"6":2,"7":8,"8":8,"9":5,"10":6,"11":5,"12":2,"13":3,"14":3,"15":3,"16":2,"17":2,"18":2,"19":4,"20":4,"21":4,"22":4,"23":1,"24":3,"25":3,"26":1,"27":2,"28":2,"29":5},"f":{"0":5,"1":8,"2":8,"3":8,"4":6,"5":2,"6":3,"7":3,"8":3,"9":3,"10":2},"b":{"0":[5,1],"1":[2,6],"2":[2,6],"3":[1],"4":[1],"5":[1,2],"6":[1,3]},"_coverageSchema":"1a1c01bbd47fc00a2c39e90264f33305004495a9","hash":"09a0d97715bfc5dd4ae6b427510ff6dbdfc5ec73"}
}
