TN:
SF:backend\test-utils\withMetricsServer.js
FN:3,withMetricsServer
FN:7,inject
FN:8,(anonymous_2)
FN:14,(anonymous_3)
FN:18,(anonymous_4)
FN:19,(anonymous_5)
FN:21,waitForMetrics
FN:23,(anonymous_7)
FN:23,(anonymous_8)
FN:35,(anonymous_9)
FN:40,close
FNF:11
FNH:11
FNDA:5,withMetricsServer
FNDA:8,inject
FNDA:8,(anonymous_2)
FNDA:8,(anonymous_3)
FNDA:6,(anonymous_4)
FNDA:2,(anonymous_5)
FNDA:3,waitForMetrics
FNDA:3,(anonymous_7)
FNDA:3,(anonymous_8)
FNDA:3,(anonymous_9)
FNDA:2,close
DA:4,5
DA:5,5
DA:8,8
DA:9,8
DA:10,8
DA:11,2
DA:12,2
DA:14,8
DA:18,6
DA:19,5
DA:23,3
DA:25,2
DA:26,2
DA:27,2
DA:28,4
DA:29,4
DA:30,4
DA:31,4
DA:32,1
DA:35,3
DA:37,1
DA:41,2
DA:42,2
DA:46,5
LF:24
LH:24
BRDA:4,0,0,5
BRDA:4,0,1,1
BRDA:10,1,0,2
BRDA:10,1,1,6
BRDA:14,2,0,2
BRDA:14,2,1,6
BRDA:21,3,0,1
BRDA:21,4,0,1
BRDA:23,5,0,1
BRDA:23,5,1,2
BRDA:31,6,0,1
BRDA:31,6,1,3
BRF:12
BRH:12
end_of_record
